/mnt/data0/jon/verified-smart-contracts/erc20/_0x_0x71e4b8de109428f999391eb3424d2cc87192e8ba/solc_out/_0x.bin-runtime
make: Entering directory '/mnt/data0/jon/verified-smart-contracts/erc20/_0x_0x71e4b8de109428f999391eb3424d2cc87192e8ba'
python3 /mnt/data0/jon/verified-smart-contracts/resources/gen-spec.py ../module-tmpl.k ../spec-tmpl.k _0x_0x71e4b8de109428f999391eb3424d2cc87192e8ba-erc20-spec.ini totalSupply totalSupply > /mnt/data0/jon/verified-smart-contracts/specs/java/erc20/buf/_0x_0x71e4b8de109428f999391eb3424d2cc87192e8ba/totalSupply-spec.k
python3 /mnt/data0/jon/verified-smart-contracts/resources/gen-spec.py ../module-tmpl.k ../spec-tmpl.k _0x_0x71e4b8de109428f999391eb3424d2cc87192e8ba-erc20-spec.ini balanceOf balanceOf > /mnt/data0/jon/verified-smart-contracts/specs/java/erc20/buf/_0x_0x71e4b8de109428f999391eb3424d2cc87192e8ba/balanceOf-spec.k
python3 /mnt/data0/jon/verified-smart-contracts/resources/gen-spec.py ../module-tmpl.k ../spec-tmpl.k _0x_0x71e4b8de109428f999391eb3424d2cc87192e8ba-erc20-spec.ini allowance allowance > /mnt/data0/jon/verified-smart-contracts/specs/java/erc20/buf/_0x_0x71e4b8de109428f999391eb3424d2cc87192e8ba/allowance-spec.k
python3 /mnt/data0/jon/verified-smart-contracts/resources/gen-spec.py ../module-tmpl.k ../spec-tmpl.k _0x_0x71e4b8de109428f999391eb3424d2cc87192e8ba-erc20-spec.ini approve approve > /mnt/data0/jon/verified-smart-contracts/specs/java/erc20/buf/_0x_0x71e4b8de109428f999391eb3424d2cc87192e8ba/approve-spec.k
python3 /mnt/data0/jon/verified-smart-contracts/resources/gen-spec.py ../module-tmpl.k ../spec-tmpl.k _0x_0x71e4b8de109428f999391eb3424d2cc87192e8ba-erc20-spec.ini transfer-success-1 transfer-success-1 > /mnt/data0/jon/verified-smart-contracts/specs/java/erc20/buf/_0x_0x71e4b8de109428f999391eb3424d2cc87192e8ba/transfer-success-1-spec.k
python3 /mnt/data0/jon/verified-smart-contracts/resources/gen-spec.py ../module-tmpl.k ../spec-tmpl.k _0x_0x71e4b8de109428f999391eb3424d2cc87192e8ba-erc20-spec.ini transfer-success-2 transfer-success-2 > /mnt/data0/jon/verified-smart-contracts/specs/java/erc20/buf/_0x_0x71e4b8de109428f999391eb3424d2cc87192e8ba/transfer-success-2-spec.k
python3 /mnt/data0/jon/verified-smart-contracts/resources/gen-spec.py ../module-tmpl.k ../spec-tmpl.k _0x_0x71e4b8de109428f999391eb3424d2cc87192e8ba-erc20-spec.ini transfer-failure-1 transfer-failure-1 > /mnt/data0/jon/verified-smart-contracts/specs/java/erc20/buf/_0x_0x71e4b8de109428f999391eb3424d2cc87192e8ba/transfer-failure-1-spec.k
python3 /mnt/data0/jon/verified-smart-contracts/resources/gen-spec.py ../module-tmpl.k ../spec-tmpl.k _0x_0x71e4b8de109428f999391eb3424d2cc87192e8ba-erc20-spec.ini transfer-failure-2 transfer-failure-2 > /mnt/data0/jon/verified-smart-contracts/specs/java/erc20/buf/_0x_0x71e4b8de109428f999391eb3424d2cc87192e8ba/transfer-failure-2-spec.k
python3 /mnt/data0/jon/verified-smart-contracts/resources/gen-spec.py ../module-tmpl.k ../spec-tmpl.k _0x_0x71e4b8de109428f999391eb3424d2cc87192e8ba-erc20-spec.ini transferFrom-success-1 transferFrom-success-1 > /mnt/data0/jon/verified-smart-contracts/specs/java/erc20/buf/_0x_0x71e4b8de109428f999391eb3424d2cc87192e8ba/transferFrom-success-1-spec.k
python3 /mnt/data0/jon/verified-smart-contracts/resources/gen-spec.py ../module-tmpl.k ../spec-tmpl.k _0x_0x71e4b8de109428f999391eb3424d2cc87192e8ba-erc20-spec.ini transferFrom-success-2 transferFrom-success-2 > /mnt/data0/jon/verified-smart-contracts/specs/java/erc20/buf/_0x_0x71e4b8de109428f999391eb3424d2cc87192e8ba/transferFrom-success-2-spec.k
python3 /mnt/data0/jon/verified-smart-contracts/resources/gen-spec.py ../module-tmpl.k ../spec-tmpl.k _0x_0x71e4b8de109428f999391eb3424d2cc87192e8ba-erc20-spec.ini transferFrom-failure-1 transferFrom-failure-1 > /mnt/data0/jon/verified-smart-contracts/specs/java/erc20/buf/_0x_0x71e4b8de109428f999391eb3424d2cc87192e8ba/transferFrom-failure-1-spec.k
python3 /mnt/data0/jon/verified-smart-contracts/resources/gen-spec.py ../module-tmpl.k ../spec-tmpl.k _0x_0x71e4b8de109428f999391eb3424d2cc87192e8ba-erc20-spec.ini transferFrom-failure-2 transferFrom-failure-2 > /mnt/data0/jon/verified-smart-contracts/specs/java/erc20/buf/_0x_0x71e4b8de109428f999391eb3424d2cc87192e8ba/transferFrom-failure-2-spec.k
make: Leaving directory '/mnt/data0/jon/verified-smart-contracts/erc20/_0x_0x71e4b8de109428f999391eb3424d2cc87192e8ba'
Failed: totalSupply -- 571.520
Proved: balanceOf -- 560.789
Proved: allowance -- 581.135
Proved: approve -- 575.281
Proved: transfer-success-1 -- 587.478
Proved: transfer-success-2 -- 589.905
Proved: transfer-failure-1 -- 581.534
Proved: transfer-failure-2 -- 595.953
Proved: transferFrom-success-1 -- 592.054
Proved: transferFrom-success-2 -- 610.241
Proved: transferFrom-failure-1 -- 622.687
Proved: transferFrom-failure-2 -- 591.157
Proved 11 out of 12 specs
/mnt/data0/jon/verified-smart-contracts/erc20/_0x_0x8e9c3d1f30904e91764b7b8bbfda3a429b886874/solc_out/_0x.bin-runtime
make: Entering directory '/mnt/data0/jon/verified-smart-contracts/erc20/_0x_0x8e9c3d1f30904e91764b7b8bbfda3a429b886874'
python3 /mnt/data0/jon/verified-smart-contracts/resources/gen-spec.py ../module-tmpl.k ../spec-tmpl.k _0x_0x8e9c3d1f30904e91764b7b8bbfda3a429b886874-erc20-spec.ini totalSupply totalSupply > /mnt/data0/jon/verified-smart-contracts/specs/java/erc20/buf/_0x_0x8e9c3d1f30904e91764b7b8bbfda3a429b886874/totalSupply-spec.k
python3 /mnt/data0/jon/verified-smart-contracts/resources/gen-spec.py ../module-tmpl.k ../spec-tmpl.k _0x_0x8e9c3d1f30904e91764b7b8bbfda3a429b886874-erc20-spec.ini balanceOf balanceOf > /mnt/data0/jon/verified-smart-contracts/specs/java/erc20/buf/_0x_0x8e9c3d1f30904e91764b7b8bbfda3a429b886874/balanceOf-spec.k
python3 /mnt/data0/jon/verified-smart-contracts/resources/gen-spec.py ../module-tmpl.k ../spec-tmpl.k _0x_0x8e9c3d1f30904e91764b7b8bbfda3a429b886874-erc20-spec.ini allowance allowance > /mnt/data0/jon/verified-smart-contracts/specs/java/erc20/buf/_0x_0x8e9c3d1f30904e91764b7b8bbfda3a429b886874/allowance-spec.k
python3 /mnt/data0/jon/verified-smart-contracts/resources/gen-spec.py ../module-tmpl.k ../spec-tmpl.k _0x_0x8e9c3d1f30904e91764b7b8bbfda3a429b886874-erc20-spec.ini approve approve > /mnt/data0/jon/verified-smart-contracts/specs/java/erc20/buf/_0x_0x8e9c3d1f30904e91764b7b8bbfda3a429b886874/approve-spec.k
python3 /mnt/data0/jon/verified-smart-contracts/resources/gen-spec.py ../module-tmpl.k ../spec-tmpl.k _0x_0x8e9c3d1f30904e91764b7b8bbfda3a429b886874-erc20-spec.ini transfer-success-1 transfer-success-1 > /mnt/data0/jon/verified-smart-contracts/specs/java/erc20/buf/_0x_0x8e9c3d1f30904e91764b7b8bbfda3a429b886874/transfer-success-1-spec.k
python3 /mnt/data0/jon/verified-smart-contracts/resources/gen-spec.py ../module-tmpl.k ../spec-tmpl.k _0x_0x8e9c3d1f30904e91764b7b8bbfda3a429b886874-erc20-spec.ini transfer-success-2 transfer-success-2 > /mnt/data0/jon/verified-smart-contracts/specs/java/erc20/buf/_0x_0x8e9c3d1f30904e91764b7b8bbfda3a429b886874/transfer-success-2-spec.k
python3 /mnt/data0/jon/verified-smart-contracts/resources/gen-spec.py ../module-tmpl.k ../spec-tmpl.k _0x_0x8e9c3d1f30904e91764b7b8bbfda3a429b886874-erc20-spec.ini transfer-failure-1 transfer-failure-1 > /mnt/data0/jon/verified-smart-contracts/specs/java/erc20/buf/_0x_0x8e9c3d1f30904e91764b7b8bbfda3a429b886874/transfer-failure-1-spec.k
python3 /mnt/data0/jon/verified-smart-contracts/resources/gen-spec.py ../module-tmpl.k ../spec-tmpl.k _0x_0x8e9c3d1f30904e91764b7b8bbfda3a429b886874-erc20-spec.ini transfer-failure-2 transfer-failure-2 > /mnt/data0/jon/verified-smart-contracts/specs/java/erc20/buf/_0x_0x8e9c3d1f30904e91764b7b8bbfda3a429b886874/transfer-failure-2-spec.k
python3 /mnt/data0/jon/verified-smart-contracts/resources/gen-spec.py ../module-tmpl.k ../spec-tmpl.k _0x_0x8e9c3d1f30904e91764b7b8bbfda3a429b886874-erc20-spec.ini transferFrom-success-1 transferFrom-success-1 > /mnt/data0/jon/verified-smart-contracts/specs/java/erc20/buf/_0x_0x8e9c3d1f30904e91764b7b8bbfda3a429b886874/transferFrom-success-1-spec.k
python3 /mnt/data0/jon/verified-smart-contracts/resources/gen-spec.py ../module-tmpl.k ../spec-tmpl.k _0x_0x8e9c3d1f30904e91764b7b8bbfda3a429b886874-erc20-spec.ini transferFrom-success-2 transferFrom-success-2 > /mnt/data0/jon/verified-smart-contracts/specs/java/erc20/buf/_0x_0x8e9c3d1f30904e91764b7b8bbfda3a429b886874/transferFrom-success-2-spec.k
python3 /mnt/data0/jon/verified-smart-contracts/resources/gen-spec.py ../module-tmpl.k ../spec-tmpl.k _0x_0x8e9c3d1f30904e91764b7b8bbfda3a429b886874-erc20-spec.ini transferFrom-failure-1 transferFrom-failure-1 > /mnt/data0/jon/verified-smart-contracts/specs/java/erc20/buf/_0x_0x8e9c3d1f30904e91764b7b8bbfda3a429b886874/transferFrom-failure-1-spec.k
python3 /mnt/data0/jon/verified-smart-contracts/resources/gen-spec.py ../module-tmpl.k ../spec-tmpl.k _0x_0x8e9c3d1f30904e91764b7b8bbfda3a429b886874-erc20-spec.ini transferFrom-failure-2 transferFrom-failure-2 > /mnt/data0/jon/verified-smart-contracts/specs/java/erc20/buf/_0x_0x8e9c3d1f30904e91764b7b8bbfda3a429b886874/transferFrom-failure-2-spec.k
make: Leaving directory '/mnt/data0/jon/verified-smart-contracts/erc20/_0x_0x8e9c3d1f30904e91764b7b8bbfda3a429b886874'
Failed: totalSupply -- 592.716
Proved: balanceOf -- 598.332
Proved: allowance -- 591.028
Proved: approve -- 591.020
Proved: transfer-success-1 -- 601.467
Proved: transfer-success-2 -- 585.773
Proved: transfer-failure-1 -- 578.097
Proved: transfer-failure-2 -- 585.033
Proved: transferFrom-success-1 -- 633.915
Proved: transferFrom-success-2 -- 594.945
Proved: transferFrom-failure-1 -- 603.555
Proved: transferFrom-failure-2 -- 582.192
Proved 11 out of 12 specs
/mnt/data0/jon/verified-smart-contracts/erc20/_0x_0x91f5f9c36b093907b0f99d1dbcf41aaf1db28916/solc_out/_0x.bin-runtime
make: Entering directory '/mnt/data0/jon/verified-smart-contracts/erc20/_0x_0x91f5f9c36b093907b0f99d1dbcf41aaf1db28916'
python3 /mnt/data0/jon/verified-smart-contracts/resources/gen-spec.py ../module-tmpl.k ../spec-tmpl.k _0x_0x91f5f9c36b093907b0f99d1dbcf41aaf1db28916-erc20-spec.ini totalSupply totalSupply > /mnt/data0/jon/verified-smart-contracts/specs/java/erc20/buf/_0x_0x91f5f9c36b093907b0f99d1dbcf41aaf1db28916/totalSupply-spec.k
python3 /mnt/data0/jon/verified-smart-contracts/resources/gen-spec.py ../module-tmpl.k ../spec-tmpl.k _0x_0x91f5f9c36b093907b0f99d1dbcf41aaf1db28916-erc20-spec.ini balanceOf balanceOf > /mnt/data0/jon/verified-smart-contracts/specs/java/erc20/buf/_0x_0x91f5f9c36b093907b0f99d1dbcf41aaf1db28916/balanceOf-spec.k
python3 /mnt/data0/jon/verified-smart-contracts/resources/gen-spec.py ../module-tmpl.k ../spec-tmpl.k _0x_0x91f5f9c36b093907b0f99d1dbcf41aaf1db28916-erc20-spec.ini allowance allowance > /mnt/data0/jon/verified-smart-contracts/specs/java/erc20/buf/_0x_0x91f5f9c36b093907b0f99d1dbcf41aaf1db28916/allowance-spec.k
python3 /mnt/data0/jon/verified-smart-contracts/resources/gen-spec.py ../module-tmpl.k ../spec-tmpl.k _0x_0x91f5f9c36b093907b0f99d1dbcf41aaf1db28916-erc20-spec.ini approve approve > /mnt/data0/jon/verified-smart-contracts/specs/java/erc20/buf/_0x_0x91f5f9c36b093907b0f99d1dbcf41aaf1db28916/approve-spec.k
python3 /mnt/data0/jon/verified-smart-contracts/resources/gen-spec.py ../module-tmpl.k ../spec-tmpl.k _0x_0x91f5f9c36b093907b0f99d1dbcf41aaf1db28916-erc20-spec.ini transfer-success-1 transfer-success-1 > /mnt/data0/jon/verified-smart-contracts/specs/java/erc20/buf/_0x_0x91f5f9c36b093907b0f99d1dbcf41aaf1db28916/transfer-success-1-spec.k
python3 /mnt/data0/jon/verified-smart-contracts/resources/gen-spec.py ../module-tmpl.k ../spec-tmpl.k _0x_0x91f5f9c36b093907b0f99d1dbcf41aaf1db28916-erc20-spec.ini transfer-success-2 transfer-success-2 > /mnt/data0/jon/verified-smart-contracts/specs/java/erc20/buf/_0x_0x91f5f9c36b093907b0f99d1dbcf41aaf1db28916/transfer-success-2-spec.k
python3 /mnt/data0/jon/verified-smart-contracts/resources/gen-spec.py ../module-tmpl.k ../spec-tmpl.k _0x_0x91f5f9c36b093907b0f99d1dbcf41aaf1db28916-erc20-spec.ini transfer-failure-1 transfer-failure-1 > /mnt/data0/jon/verified-smart-contracts/specs/java/erc20/buf/_0x_0x91f5f9c36b093907b0f99d1dbcf41aaf1db28916/transfer-failure-1-spec.k
python3 /mnt/data0/jon/verified-smart-contracts/resources/gen-spec.py ../module-tmpl.k ../spec-tmpl.k _0x_0x91f5f9c36b093907b0f99d1dbcf41aaf1db28916-erc20-spec.ini transfer-failure-2 transfer-failure-2 > /mnt/data0/jon/verified-smart-contracts/specs/java/erc20/buf/_0x_0x91f5f9c36b093907b0f99d1dbcf41aaf1db28916/transfer-failure-2-spec.k
python3 /mnt/data0/jon/verified-smart-contracts/resources/gen-spec.py ../module-tmpl.k ../spec-tmpl.k _0x_0x91f5f9c36b093907b0f99d1dbcf41aaf1db28916-erc20-spec.ini transferFrom-success-1 transferFrom-success-1 > /mnt/data0/jon/verified-smart-contracts/specs/java/erc20/buf/_0x_0x91f5f9c36b093907b0f99d1dbcf41aaf1db28916/transferFrom-success-1-spec.k
python3 /mnt/data0/jon/verified-smart-contracts/resources/gen-spec.py ../module-tmpl.k ../spec-tmpl.k _0x_0x91f5f9c36b093907b0f99d1dbcf41aaf1db28916-erc20-spec.ini transferFrom-success-2 transferFrom-success-2 > /mnt/data0/jon/verified-smart-contracts/specs/java/erc20/buf/_0x_0x91f5f9c36b093907b0f99d1dbcf41aaf1db28916/transferFrom-success-2-spec.k
python3 /mnt/data0/jon/verified-smart-contracts/resources/gen-spec.py ../module-tmpl.k ../spec-tmpl.k _0x_0x91f5f9c36b093907b0f99d1dbcf41aaf1db28916-erc20-spec.ini transferFrom-failure-1 transferFrom-failure-1 > /mnt/data0/jon/verified-smart-contracts/specs/java/erc20/buf/_0x_0x91f5f9c36b093907b0f99d1dbcf41aaf1db28916/transferFrom-failure-1-spec.k
python3 /mnt/data0/jon/verified-smart-contracts/resources/gen-spec.py ../module-tmpl.k ../spec-tmpl.k _0x_0x91f5f9c36b093907b0f99d1dbcf41aaf1db28916-erc20-spec.ini transferFrom-failure-2 transferFrom-failure-2 > /mnt/data0/jon/verified-smart-contracts/specs/java/erc20/buf/_0x_0x91f5f9c36b093907b0f99d1dbcf41aaf1db28916/transferFrom-failure-2-spec.k
make: Leaving directory '/mnt/data0/jon/verified-smart-contracts/erc20/_0x_0x91f5f9c36b093907b0f99d1dbcf41aaf1db28916'
Failed: totalSupply -- 570.147
Proved: balanceOf -- 568.608
Proved: allowance -- 591.216
Proved: approve -- 576.838
Proved: transfer-success-1 -- 608.169
Proved: transfer-success-2 -- 588.623
Proved: transfer-failure-1 -- 584.692
Proved: transfer-failure-2 -- 573.780
Proved: transferFrom-success-1 -- 603.047
Proved: transferFrom-success-2 -- 602.134
Proved: transferFrom-failure-1 -- 587.718
Proved: transferFrom-failure-2 -- 592.457
Proved 11 out of 12 specs
/mnt/data0/jon/verified-smart-contracts/erc20/_0x_0xac8491258d2d93228e8b49aac2e332a96f04e56c/solc_out/_0x.bin-runtime
make: Entering directory '/mnt/data0/jon/verified-smart-contracts/erc20/_0x_0xac8491258d2d93228e8b49aac2e332a96f04e56c'
python3 /mnt/data0/jon/verified-smart-contracts/resources/gen-spec.py ../module-tmpl.k ../spec-tmpl.k _0x_0xac8491258d2d93228e8b49aac2e332a96f04e56c-erc20-spec.ini totalSupply totalSupply > /mnt/data0/jon/verified-smart-contracts/specs/java/erc20/buf/_0x_0xac8491258d2d93228e8b49aac2e332a96f04e56c/totalSupply-spec.k
python3 /mnt/data0/jon/verified-smart-contracts/resources/gen-spec.py ../module-tmpl.k ../spec-tmpl.k _0x_0xac8491258d2d93228e8b49aac2e332a96f04e56c-erc20-spec.ini balanceOf balanceOf > /mnt/data0/jon/verified-smart-contracts/specs/java/erc20/buf/_0x_0xac8491258d2d93228e8b49aac2e332a96f04e56c/balanceOf-spec.k
python3 /mnt/data0/jon/verified-smart-contracts/resources/gen-spec.py ../module-tmpl.k ../spec-tmpl.k _0x_0xac8491258d2d93228e8b49aac2e332a96f04e56c-erc20-spec.ini allowance allowance > /mnt/data0/jon/verified-smart-contracts/specs/java/erc20/buf/_0x_0xac8491258d2d93228e8b49aac2e332a96f04e56c/allowance-spec.k
python3 /mnt/data0/jon/verified-smart-contracts/resources/gen-spec.py ../module-tmpl.k ../spec-tmpl.k _0x_0xac8491258d2d93228e8b49aac2e332a96f04e56c-erc20-spec.ini approve approve > /mnt/data0/jon/verified-smart-contracts/specs/java/erc20/buf/_0x_0xac8491258d2d93228e8b49aac2e332a96f04e56c/approve-spec.k
python3 /mnt/data0/jon/verified-smart-contracts/resources/gen-spec.py ../module-tmpl.k ../spec-tmpl.k _0x_0xac8491258d2d93228e8b49aac2e332a96f04e56c-erc20-spec.ini transfer-success-1 transfer-success-1 > /mnt/data0/jon/verified-smart-contracts/specs/java/erc20/buf/_0x_0xac8491258d2d93228e8b49aac2e332a96f04e56c/transfer-success-1-spec.k
python3 /mnt/data0/jon/verified-smart-contracts/resources/gen-spec.py ../module-tmpl.k ../spec-tmpl.k _0x_0xac8491258d2d93228e8b49aac2e332a96f04e56c-erc20-spec.ini transfer-success-2 transfer-success-2 > /mnt/data0/jon/verified-smart-contracts/specs/java/erc20/buf/_0x_0xac8491258d2d93228e8b49aac2e332a96f04e56c/transfer-success-2-spec.k
python3 /mnt/data0/jon/verified-smart-contracts/resources/gen-spec.py ../module-tmpl.k ../spec-tmpl.k _0x_0xac8491258d2d93228e8b49aac2e332a96f04e56c-erc20-spec.ini transfer-failure-1 transfer-failure-1 > /mnt/data0/jon/verified-smart-contracts/specs/java/erc20/buf/_0x_0xac8491258d2d93228e8b49aac2e332a96f04e56c/transfer-failure-1-spec.k
python3 /mnt/data0/jon/verified-smart-contracts/resources/gen-spec.py ../module-tmpl.k ../spec-tmpl.k _0x_0xac8491258d2d93228e8b49aac2e332a96f04e56c-erc20-spec.ini transfer-failure-2 transfer-failure-2 > /mnt/data0/jon/verified-smart-contracts/specs/java/erc20/buf/_0x_0xac8491258d2d93228e8b49aac2e332a96f04e56c/transfer-failure-2-spec.k
python3 /mnt/data0/jon/verified-smart-contracts/resources/gen-spec.py ../module-tmpl.k ../spec-tmpl.k _0x_0xac8491258d2d93228e8b49aac2e332a96f04e56c-erc20-spec.ini transferFrom-success-1 transferFrom-success-1 > /mnt/data0/jon/verified-smart-contracts/specs/java/erc20/buf/_0x_0xac8491258d2d93228e8b49aac2e332a96f04e56c/transferFrom-success-1-spec.k
python3 /mnt/data0/jon/verified-smart-contracts/resources/gen-spec.py ../module-tmpl.k ../spec-tmpl.k _0x_0xac8491258d2d93228e8b49aac2e332a96f04e56c-erc20-spec.ini transferFrom-success-2 transferFrom-success-2 > /mnt/data0/jon/verified-smart-contracts/specs/java/erc20/buf/_0x_0xac8491258d2d93228e8b49aac2e332a96f04e56c/transferFrom-success-2-spec.k
python3 /mnt/data0/jon/verified-smart-contracts/resources/gen-spec.py ../module-tmpl.k ../spec-tmpl.k _0x_0xac8491258d2d93228e8b49aac2e332a96f04e56c-erc20-spec.ini transferFrom-failure-1 transferFrom-failure-1 > /mnt/data0/jon/verified-smart-contracts/specs/java/erc20/buf/_0x_0xac8491258d2d93228e8b49aac2e332a96f04e56c/transferFrom-failure-1-spec.k
python3 /mnt/data0/jon/verified-smart-contracts/resources/gen-spec.py ../module-tmpl.k ../spec-tmpl.k _0x_0xac8491258d2d93228e8b49aac2e332a96f04e56c-erc20-spec.ini transferFrom-failure-2 transferFrom-failure-2 > /mnt/data0/jon/verified-smart-contracts/specs/java/erc20/buf/_0x_0xac8491258d2d93228e8b49aac2e332a96f04e56c/transferFrom-failure-2-spec.k
make: Leaving directory '/mnt/data0/jon/verified-smart-contracts/erc20/_0x_0xac8491258d2d93228e8b49aac2e332a96f04e56c'
Failed: totalSupply -- 620.983
Proved: balanceOf -- 583.407
Proved: allowance -- 583.217
Proved: approve -- 567.535
Proved: transfer-success-1 -- 598.878
Proved: transfer-success-2 -- 590.769
Proved: transfer-failure-1 -- 597.084
Proved: transfer-failure-2 -- 579.277
Proved: transferFrom-success-1 -- 596.556
Proved: transferFrom-success-2 -- 599.998
Proved: transferFrom-failure-1 -- 581.163
Proved: transferFrom-failure-2 -- 580.855
Proved 11 out of 12 specs
/mnt/data0/jon/verified-smart-contracts/erc20/_0xEthereumToken_0x716523231368d43bdfe1f06afe1c62930731ab13/solc_out/_0xEthereumToken.bin-runtime
make: Entering directory '/mnt/data0/jon/verified-smart-contracts/erc20/_0xEthereumToken_0x716523231368d43bdfe1f06afe1c62930731ab13'
python3 /mnt/data0/jon/verified-smart-contracts/resources/gen-spec.py ../module-tmpl.k ../spec-tmpl.k _0xEthereumToken_0x716523231368d43bdfe1f06afe1c62930731ab13-erc20-spec.ini totalSupply totalSupply > /mnt/data0/jon/verified-smart-contracts/specs/java/erc20/buf/_0xEthereumToken_0x716523231368d43bdfe1f06afe1c62930731ab13/totalSupply-spec.k
python3 /mnt/data0/jon/verified-smart-contracts/resources/gen-spec.py ../module-tmpl.k ../spec-tmpl.k _0xEthereumToken_0x716523231368d43bdfe1f06afe1c62930731ab13-erc20-spec.ini balanceOf balanceOf > /mnt/data0/jon/verified-smart-contracts/specs/java/erc20/buf/_0xEthereumToken_0x716523231368d43bdfe1f06afe1c62930731ab13/balanceOf-spec.k
python3 /mnt/data0/jon/verified-smart-contracts/resources/gen-spec.py ../module-tmpl.k ../spec-tmpl.k _0xEthereumToken_0x716523231368d43bdfe1f06afe1c62930731ab13-erc20-spec.ini allowance allowance > /mnt/data0/jon/verified-smart-contracts/specs/java/erc20/buf/_0xEthereumToken_0x716523231368d43bdfe1f06afe1c62930731ab13/allowance-spec.k
python3 /mnt/data0/jon/verified-smart-contracts/resources/gen-spec.py ../module-tmpl.k ../spec-tmpl.k _0xEthereumToken_0x716523231368d43bdfe1f06afe1c62930731ab13-erc20-spec.ini approve approve > /mnt/data0/jon/verified-smart-contracts/specs/java/erc20/buf/_0xEthereumToken_0x716523231368d43bdfe1f06afe1c62930731ab13/approve-spec.k
python3 /mnt/data0/jon/verified-smart-contracts/resources/gen-spec.py ../module-tmpl.k ../spec-tmpl.k _0xEthereumToken_0x716523231368d43bdfe1f06afe1c62930731ab13-erc20-spec.ini transfer-success-1 transfer-success-1 > /mnt/data0/jon/verified-smart-contracts/specs/java/erc20/buf/_0xEthereumToken_0x716523231368d43bdfe1f06afe1c62930731ab13/transfer-success-1-spec.k
python3 /mnt/data0/jon/verified-smart-contracts/resources/gen-spec.py ../module-tmpl.k ../spec-tmpl.k _0xEthereumToken_0x716523231368d43bdfe1f06afe1c62930731ab13-erc20-spec.ini transfer-success-2 transfer-success-2 > /mnt/data0/jon/verified-smart-contracts/specs/java/erc20/buf/_0xEthereumToken_0x716523231368d43bdfe1f06afe1c62930731ab13/transfer-success-2-spec.k
python3 /mnt/data0/jon/verified-smart-contracts/resources/gen-spec.py ../module-tmpl.k ../spec-tmpl.k _0xEthereumToken_0x716523231368d43bdfe1f06afe1c62930731ab13-erc20-spec.ini transfer-failure-1 transfer-failure-1 > /mnt/data0/jon/verified-smart-contracts/specs/java/erc20/buf/_0xEthereumToken_0x716523231368d43bdfe1f06afe1c62930731ab13/transfer-failure-1-spec.k
python3 /mnt/data0/jon/verified-smart-contracts/resources/gen-spec.py ../module-tmpl.k ../spec-tmpl.k _0xEthereumToken_0x716523231368d43bdfe1f06afe1c62930731ab13-erc20-spec.ini transfer-failure-2 transfer-failure-2 > /mnt/data0/jon/verified-smart-contracts/specs/java/erc20/buf/_0xEthereumToken_0x716523231368d43bdfe1f06afe1c62930731ab13/transfer-failure-2-spec.k
python3 /mnt/data0/jon/verified-smart-contracts/resources/gen-spec.py ../module-tmpl.k ../spec-tmpl.k _0xEthereumToken_0x716523231368d43bdfe1f06afe1c62930731ab13-erc20-spec.ini transferFrom-success-1 transferFrom-success-1 > /mnt/data0/jon/verified-smart-contracts/specs/java/erc20/buf/_0xEthereumToken_0x716523231368d43bdfe1f06afe1c62930731ab13/transferFrom-success-1-spec.k
python3 /mnt/data0/jon/verified-smart-contracts/resources/gen-spec.py ../module-tmpl.k ../spec-tmpl.k _0xEthereumToken_0x716523231368d43bdfe1f06afe1c62930731ab13-erc20-spec.ini transferFrom-success-2 transferFrom-success-2 > /mnt/data0/jon/verified-smart-contracts/specs/java/erc20/buf/_0xEthereumToken_0x716523231368d43bdfe1f06afe1c62930731ab13/transferFrom-success-2-spec.k
python3 /mnt/data0/jon/verified-smart-contracts/resources/gen-spec.py ../module-tmpl.k ../spec-tmpl.k _0xEthereumToken_0x716523231368d43bdfe1f06afe1c62930731ab13-erc20-spec.ini transferFrom-failure-1 transferFrom-failure-1 > /mnt/data0/jon/verified-smart-contracts/specs/java/erc20/buf/_0xEthereumToken_0x716523231368d43bdfe1f06afe1c62930731ab13/transferFrom-failure-1-spec.k
python3 /mnt/data0/jon/verified-smart-contracts/resources/gen-spec.py ../module-tmpl.k ../spec-tmpl.k _0xEthereumToken_0x716523231368d43bdfe1f06afe1c62930731ab13-erc20-spec.ini transferFrom-failure-2 transferFrom-failure-2 > /mnt/data0/jon/verified-smart-contracts/specs/java/erc20/buf/_0xEthereumToken_0x716523231368d43bdfe1f06afe1c62930731ab13/transferFrom-failure-2-spec.k
make: Leaving directory '/mnt/data0/jon/verified-smart-contracts/erc20/_0xEthereumToken_0x716523231368d43bdfe1f06afe1c62930731ab13'
Failed: totalSupply -- 594.888
Proved: balanceOf -- 580.722
Proved: allowance -- 602.754
Proved: approve -- 577.500
Proved: transfer-success-1 -- 595.192
Proved: transfer-success-2 -- 597.899
Proved: transfer-failure-1 -- 616.797
Proved: transfer-failure-2 -- 685.734
Proved: transferFrom-success-1 -- 656.394
Proved: transferFrom-success-2 -- 674.334
Proved: transferFrom-failure-1 -- 711.119
Proved: transferFrom-failure-2 -- 707.289
Proved 11 out of 12 specs
/mnt/data0/jon/verified-smart-contracts/erc20/_0xMoneroToken_0x035df12e0f3ac6671126525f1015e47d79dfeddf/_0xMoneroToken_0x035df12e0f3ac6671126525f1015e47d79dfeddf.sol:264:26: Warning: Modifier-style base constructor call without arguments.
    constructor() public onlyOwner{
                         ^-------^
/mnt/data0/jon/verified-smart-contracts/erc20/_0xMoneroToken_0x035df12e0f3ac6671126525f1015e47d79dfeddf/_0xMoneroToken_0x035df12e0f3ac6671126525f1015e47d79dfeddf.sol:371:25: Warning: "block.blockhash()" has been deprecated in favor of "blockhash()"
      challengeNumber = block.blockhash(block.number - 1);
                        ^-------------^
/mnt/data0/jon/verified-smart-contracts/erc20/_0xMoneroToken_0x035df12e0f3ac6671126525f1015e47d79dfeddf/_0xMoneroToken_0x035df12e0f3ac6671126525f1015e47d79dfeddf.sol:461:43: Warning: Unused function parameter. Remove or comment out the variable name to silence this warning.
    function getMintDigest(uint256 nonce, bytes32 challenge_digest, bytes32 challenge_number) public view returns (bytes32 digesttest) {
                                          ^----------------------^
/mnt/data0/jon/verified-smart-contracts/erc20/_0xMoneroToken_0x035df12e0f3ac6671126525f1015e47d79dfeddf/solc_out/_0xMoneroToken.bin-runtime
make: Entering directory '/mnt/data0/jon/verified-smart-contracts/erc20/_0xMoneroToken_0x035df12e0f3ac6671126525f1015e47d79dfeddf'
python3 /mnt/data0/jon/verified-smart-contracts/resources/gen-spec.py ../module-tmpl.k ../spec-tmpl.k _0xMoneroToken_0x035df12e0f3ac6671126525f1015e47d79dfeddf-erc20-spec.ini totalSupply totalSupply > /mnt/data0/jon/verified-smart-contracts/specs/java/erc20/buf/_0xMoneroToken_0x035df12e0f3ac6671126525f1015e47d79dfeddf/totalSupply-spec.k
python3 /mnt/data0/jon/verified-smart-contracts/resources/gen-spec.py ../module-tmpl.k ../spec-tmpl.k _0xMoneroToken_0x035df12e0f3ac6671126525f1015e47d79dfeddf-erc20-spec.ini balanceOf balanceOf > /mnt/data0/jon/verified-smart-contracts/specs/java/erc20/buf/_0xMoneroToken_0x035df12e0f3ac6671126525f1015e47d79dfeddf/balanceOf-spec.k
python3 /mnt/data0/jon/verified-smart-contracts/resources/gen-spec.py ../module-tmpl.k ../spec-tmpl.k _0xMoneroToken_0x035df12e0f3ac6671126525f1015e47d79dfeddf-erc20-spec.ini allowance allowance > /mnt/data0/jon/verified-smart-contracts/specs/java/erc20/buf/_0xMoneroToken_0x035df12e0f3ac6671126525f1015e47d79dfeddf/allowance-spec.k
python3 /mnt/data0/jon/verified-smart-contracts/resources/gen-spec.py ../module-tmpl.k ../spec-tmpl.k _0xMoneroToken_0x035df12e0f3ac6671126525f1015e47d79dfeddf-erc20-spec.ini approve approve > /mnt/data0/jon/verified-smart-contracts/specs/java/erc20/buf/_0xMoneroToken_0x035df12e0f3ac6671126525f1015e47d79dfeddf/approve-spec.k
python3 /mnt/data0/jon/verified-smart-contracts/resources/gen-spec.py ../module-tmpl.k ../spec-tmpl.k _0xMoneroToken_0x035df12e0f3ac6671126525f1015e47d79dfeddf-erc20-spec.ini transfer-success-1 transfer-success-1 > /mnt/data0/jon/verified-smart-contracts/specs/java/erc20/buf/_0xMoneroToken_0x035df12e0f3ac6671126525f1015e47d79dfeddf/transfer-success-1-spec.k
python3 /mnt/data0/jon/verified-smart-contracts/resources/gen-spec.py ../module-tmpl.k ../spec-tmpl.k _0xMoneroToken_0x035df12e0f3ac6671126525f1015e47d79dfeddf-erc20-spec.ini transfer-success-2 transfer-success-2 > /mnt/data0/jon/verified-smart-contracts/specs/java/erc20/buf/_0xMoneroToken_0x035df12e0f3ac6671126525f1015e47d79dfeddf/transfer-success-2-spec.k
python3 /mnt/data0/jon/verified-smart-contracts/resources/gen-spec.py ../module-tmpl.k ../spec-tmpl.k _0xMoneroToken_0x035df12e0f3ac6671126525f1015e47d79dfeddf-erc20-spec.ini transfer-failure-1 transfer-failure-1 > /mnt/data0/jon/verified-smart-contracts/specs/java/erc20/buf/_0xMoneroToken_0x035df12e0f3ac6671126525f1015e47d79dfeddf/transfer-failure-1-spec.k
python3 /mnt/data0/jon/verified-smart-contracts/resources/gen-spec.py ../module-tmpl.k ../spec-tmpl.k _0xMoneroToken_0x035df12e0f3ac6671126525f1015e47d79dfeddf-erc20-spec.ini transfer-failure-2 transfer-failure-2 > /mnt/data0/jon/verified-smart-contracts/specs/java/erc20/buf/_0xMoneroToken_0x035df12e0f3ac6671126525f1015e47d79dfeddf/transfer-failure-2-spec.k
python3 /mnt/data0/jon/verified-smart-contracts/resources/gen-spec.py ../module-tmpl.k ../spec-tmpl.k _0xMoneroToken_0x035df12e0f3ac6671126525f1015e47d79dfeddf-erc20-spec.ini transferFrom-success-1 transferFrom-success-1 > /mnt/data0/jon/verified-smart-contracts/specs/java/erc20/buf/_0xMoneroToken_0x035df12e0f3ac6671126525f1015e47d79dfeddf/transferFrom-success-1-spec.k
python3 /mnt/data0/jon/verified-smart-contracts/resources/gen-spec.py ../module-tmpl.k ../spec-tmpl.k _0xMoneroToken_0x035df12e0f3ac6671126525f1015e47d79dfeddf-erc20-spec.ini transferFrom-success-2 transferFrom-success-2 > /mnt/data0/jon/verified-smart-contracts/specs/java/erc20/buf/_0xMoneroToken_0x035df12e0f3ac6671126525f1015e47d79dfeddf/transferFrom-success-2-spec.k
python3 /mnt/data0/jon/verified-smart-contracts/resources/gen-spec.py ../module-tmpl.k ../spec-tmpl.k _0xMoneroToken_0x035df12e0f3ac6671126525f1015e47d79dfeddf-erc20-spec.ini transferFrom-failure-1 transferFrom-failure-1 > /mnt/data0/jon/verified-smart-contracts/specs/java/erc20/buf/_0xMoneroToken_0x035df12e0f3ac6671126525f1015e47d79dfeddf/transferFrom-failure-1-spec.k
python3 /mnt/data0/jon/verified-smart-contracts/resources/gen-spec.py ../module-tmpl.k ../spec-tmpl.k _0xMoneroToken_0x035df12e0f3ac6671126525f1015e47d79dfeddf-erc20-spec.ini transferFrom-failure-2 transferFrom-failure-2 > /mnt/data0/jon/verified-smart-contracts/specs/java/erc20/buf/_0xMoneroToken_0x035df12e0f3ac6671126525f1015e47d79dfeddf/transferFrom-failure-2-spec.k
make: Leaving directory '/mnt/data0/jon/verified-smart-contracts/erc20/_0xMoneroToken_0x035df12e0f3ac6671126525f1015e47d79dfeddf'
Failed: totalSupply -- 757.742
Proved: balanceOf -- 725.177
Proved: allowance -- 693.021
Proved: approve -- 756.205
Proved: transfer-success-1 -- 770.001
Proved: transfer-success-2 -- 746.909
Proved: transfer-failure-1 -- 750.165
Proved: transfer-failure-2 -- 709.872
Proved: transferFrom-success-1 -- 730.674
Failed: transferFrom-success-2 -- 751.525
Failed: transferFrom-failure-1 -- 759.690
Proved: transferFrom-failure-2 -- 770.014
Proved 9 out of 12 specs
/mnt/data0/jon/verified-smart-contracts/erc20/AirBasicToken_0xd1ccc390f181a38faab2c818d19c5a68ba9251b7/solc_out/AirBasicToken.bin-runtime
make: Entering directory '/mnt/data0/jon/verified-smart-contracts/erc20/AirBasicToken_0xd1ccc390f181a38faab2c818d19c5a68ba9251b7'
python3 /mnt/data0/jon/verified-smart-contracts/resources/gen-spec.py ../module-tmpl.k ../spec-tmpl.k AirBasicToken_0xd1ccc390f181a38faab2c818d19c5a68ba9251b7-erc20-spec.ini totalSupply totalSupply > /mnt/data0/jon/verified-smart-contracts/specs/java/erc20/buf/AirBasicToken_0xd1ccc390f181a38faab2c818d19c5a68ba9251b7/totalSupply-spec.k
python3 /mnt/data0/jon/verified-smart-contracts/resources/gen-spec.py ../module-tmpl.k ../spec-tmpl.k AirBasicToken_0xd1ccc390f181a38faab2c818d19c5a68ba9251b7-erc20-spec.ini balanceOf balanceOf > /mnt/data0/jon/verified-smart-contracts/specs/java/erc20/buf/AirBasicToken_0xd1ccc390f181a38faab2c818d19c5a68ba9251b7/balanceOf-spec.k
python3 /mnt/data0/jon/verified-smart-contracts/resources/gen-spec.py ../module-tmpl.k ../spec-tmpl.k AirBasicToken_0xd1ccc390f181a38faab2c818d19c5a68ba9251b7-erc20-spec.ini allowance allowance > /mnt/data0/jon/verified-smart-contracts/specs/java/erc20/buf/AirBasicToken_0xd1ccc390f181a38faab2c818d19c5a68ba9251b7/allowance-spec.k
python3 /mnt/data0/jon/verified-smart-contracts/resources/gen-spec.py ../module-tmpl.k ../spec-tmpl.k AirBasicToken_0xd1ccc390f181a38faab2c818d19c5a68ba9251b7-erc20-spec.ini approve approve > /mnt/data0/jon/verified-smart-contracts/specs/java/erc20/buf/AirBasicToken_0xd1ccc390f181a38faab2c818d19c5a68ba9251b7/approve-spec.k
python3 /mnt/data0/jon/verified-smart-contracts/resources/gen-spec.py ../module-tmpl.k ../spec-tmpl.k AirBasicToken_0xd1ccc390f181a38faab2c818d19c5a68ba9251b7-erc20-spec.ini transfer-success-1 transfer-success-1 > /mnt/data0/jon/verified-smart-contracts/specs/java/erc20/buf/AirBasicToken_0xd1ccc390f181a38faab2c818d19c5a68ba9251b7/transfer-success-1-spec.k
python3 /mnt/data0/jon/verified-smart-contracts/resources/gen-spec.py ../module-tmpl.k ../spec-tmpl.k AirBasicToken_0xd1ccc390f181a38faab2c818d19c5a68ba9251b7-erc20-spec.ini transfer-success-2 transfer-success-2 > /mnt/data0/jon/verified-smart-contracts/specs/java/erc20/buf/AirBasicToken_0xd1ccc390f181a38faab2c818d19c5a68ba9251b7/transfer-success-2-spec.k
python3 /mnt/data0/jon/verified-smart-contracts/resources/gen-spec.py ../module-tmpl.k ../spec-tmpl.k AirBasicToken_0xd1ccc390f181a38faab2c818d19c5a68ba9251b7-erc20-spec.ini transfer-failure-1 transfer-failure-1 > /mnt/data0/jon/verified-smart-contracts/specs/java/erc20/buf/AirBasicToken_0xd1ccc390f181a38faab2c818d19c5a68ba9251b7/transfer-failure-1-spec.k
python3 /mnt/data0/jon/verified-smart-contracts/resources/gen-spec.py ../module-tmpl.k ../spec-tmpl.k AirBasicToken_0xd1ccc390f181a38faab2c818d19c5a68ba9251b7-erc20-spec.ini transfer-failure-2 transfer-failure-2 > /mnt/data0/jon/verified-smart-contracts/specs/java/erc20/buf/AirBasicToken_0xd1ccc390f181a38faab2c818d19c5a68ba9251b7/transfer-failure-2-spec.k
python3 /mnt/data0/jon/verified-smart-contracts/resources/gen-spec.py ../module-tmpl.k ../spec-tmpl.k AirBasicToken_0xd1ccc390f181a38faab2c818d19c5a68ba9251b7-erc20-spec.ini transferFrom-success-1 transferFrom-success-1 > /mnt/data0/jon/verified-smart-contracts/specs/java/erc20/buf/AirBasicToken_0xd1ccc390f181a38faab2c818d19c5a68ba9251b7/transferFrom-success-1-spec.k
python3 /mnt/data0/jon/verified-smart-contracts/resources/gen-spec.py ../module-tmpl.k ../spec-tmpl.k AirBasicToken_0xd1ccc390f181a38faab2c818d19c5a68ba9251b7-erc20-spec.ini transferFrom-success-2 transferFrom-success-2 > /mnt/data0/jon/verified-smart-contracts/specs/java/erc20/buf/AirBasicToken_0xd1ccc390f181a38faab2c818d19c5a68ba9251b7/transferFrom-success-2-spec.k
python3 /mnt/data0/jon/verified-smart-contracts/resources/gen-spec.py ../module-tmpl.k ../spec-tmpl.k AirBasicToken_0xd1ccc390f181a38faab2c818d19c5a68ba9251b7-erc20-spec.ini transferFrom-failure-1 transferFrom-failure-1 > /mnt/data0/jon/verified-smart-contracts/specs/java/erc20/buf/AirBasicToken_0xd1ccc390f181a38faab2c818d19c5a68ba9251b7/transferFrom-failure-1-spec.k
python3 /mnt/data0/jon/verified-smart-contracts/resources/gen-spec.py ../module-tmpl.k ../spec-tmpl.k AirBasicToken_0xd1ccc390f181a38faab2c818d19c5a68ba9251b7-erc20-spec.ini transferFrom-failure-2 transferFrom-failure-2 > /mnt/data0/jon/verified-smart-contracts/specs/java/erc20/buf/AirBasicToken_0xd1ccc390f181a38faab2c818d19c5a68ba9251b7/transferFrom-failure-2-spec.k
make: Leaving directory '/mnt/data0/jon/verified-smart-contracts/erc20/AirBasicToken_0xd1ccc390f181a38faab2c818d19c5a68ba9251b7'
Proved: totalSupply -- 554.674
Proved: balanceOf -- 565.440
Proved: allowance -- 619.433
Proved: approve -- 535.386
Failed: transfer-success-1 -- 598.125
Failed: transfer-success-2 -- 625.161
Proved: transfer-failure-1 -- 518.217
Proved: transfer-failure-2 -- 549.764
Failed: transferFrom-success-1 -- 581.025
Failed: transferFrom-success-2 -- 536.094
Proved: transferFrom-failure-1 -- 575.404
Proved: transferFrom-failure-2 -- 574.485
Proved 8 out of 12 specs
/mnt/data0/jon/verified-smart-contracts/erc20/ALFA_0xfacd9086c6647c589e6c39dddfecf9cea40d92aa/solc_out/ALFA.bin-runtime
make: Entering directory '/mnt/data0/jon/verified-smart-contracts/erc20/ALFA_0xfacd9086c6647c589e6c39dddfecf9cea40d92aa'
python3 /mnt/data0/jon/verified-smart-contracts/resources/gen-spec.py ../module-tmpl.k ../spec-tmpl.k ALFA_0xfacd9086c6647c589e6c39dddfecf9cea40d92aa-erc20-spec.ini totalSupply totalSupply > /mnt/data0/jon/verified-smart-contracts/specs/java/erc20/buf/ALFA_0xfacd9086c6647c589e6c39dddfecf9cea40d92aa/totalSupply-spec.k
python3 /mnt/data0/jon/verified-smart-contracts/resources/gen-spec.py ../module-tmpl.k ../spec-tmpl.k ALFA_0xfacd9086c6647c589e6c39dddfecf9cea40d92aa-erc20-spec.ini balanceOf balanceOf > /mnt/data0/jon/verified-smart-contracts/specs/java/erc20/buf/ALFA_0xfacd9086c6647c589e6c39dddfecf9cea40d92aa/balanceOf-spec.k
python3 /mnt/data0/jon/verified-smart-contracts/resources/gen-spec.py ../module-tmpl.k ../spec-tmpl.k ALFA_0xfacd9086c6647c589e6c39dddfecf9cea40d92aa-erc20-spec.ini allowance allowance > /mnt/data0/jon/verified-smart-contracts/specs/java/erc20/buf/ALFA_0xfacd9086c6647c589e6c39dddfecf9cea40d92aa/allowance-spec.k
python3 /mnt/data0/jon/verified-smart-contracts/resources/gen-spec.py ../module-tmpl.k ../spec-tmpl.k ALFA_0xfacd9086c6647c589e6c39dddfecf9cea40d92aa-erc20-spec.ini approve approve > /mnt/data0/jon/verified-smart-contracts/specs/java/erc20/buf/ALFA_0xfacd9086c6647c589e6c39dddfecf9cea40d92aa/approve-spec.k
python3 /mnt/data0/jon/verified-smart-contracts/resources/gen-spec.py ../module-tmpl.k ../spec-tmpl.k ALFA_0xfacd9086c6647c589e6c39dddfecf9cea40d92aa-erc20-spec.ini transfer-success-1 transfer-success-1 > /mnt/data0/jon/verified-smart-contracts/specs/java/erc20/buf/ALFA_0xfacd9086c6647c589e6c39dddfecf9cea40d92aa/transfer-success-1-spec.k
python3 /mnt/data0/jon/verified-smart-contracts/resources/gen-spec.py ../module-tmpl.k ../spec-tmpl.k ALFA_0xfacd9086c6647c589e6c39dddfecf9cea40d92aa-erc20-spec.ini transfer-success-2 transfer-success-2 > /mnt/data0/jon/verified-smart-contracts/specs/java/erc20/buf/ALFA_0xfacd9086c6647c589e6c39dddfecf9cea40d92aa/transfer-success-2-spec.k
python3 /mnt/data0/jon/verified-smart-contracts/resources/gen-spec.py ../module-tmpl.k ../spec-tmpl.k ALFA_0xfacd9086c6647c589e6c39dddfecf9cea40d92aa-erc20-spec.ini transfer-failure-1 transfer-failure-1 > /mnt/data0/jon/verified-smart-contracts/specs/java/erc20/buf/ALFA_0xfacd9086c6647c589e6c39dddfecf9cea40d92aa/transfer-failure-1-spec.k
python3 /mnt/data0/jon/verified-smart-contracts/resources/gen-spec.py ../module-tmpl.k ../spec-tmpl.k ALFA_0xfacd9086c6647c589e6c39dddfecf9cea40d92aa-erc20-spec.ini transfer-failure-2 transfer-failure-2 > /mnt/data0/jon/verified-smart-contracts/specs/java/erc20/buf/ALFA_0xfacd9086c6647c589e6c39dddfecf9cea40d92aa/transfer-failure-2-spec.k
python3 /mnt/data0/jon/verified-smart-contracts/resources/gen-spec.py ../module-tmpl.k ../spec-tmpl.k ALFA_0xfacd9086c6647c589e6c39dddfecf9cea40d92aa-erc20-spec.ini transferFrom-success-1 transferFrom-success-1 > /mnt/data0/jon/verified-smart-contracts/specs/java/erc20/buf/ALFA_0xfacd9086c6647c589e6c39dddfecf9cea40d92aa/transferFrom-success-1-spec.k
python3 /mnt/data0/jon/verified-smart-contracts/resources/gen-spec.py ../module-tmpl.k ../spec-tmpl.k ALFA_0xfacd9086c6647c589e6c39dddfecf9cea40d92aa-erc20-spec.ini transferFrom-success-2 transferFrom-success-2 > /mnt/data0/jon/verified-smart-contracts/specs/java/erc20/buf/ALFA_0xfacd9086c6647c589e6c39dddfecf9cea40d92aa/transferFrom-success-2-spec.k
python3 /mnt/data0/jon/verified-smart-contracts/resources/gen-spec.py ../module-tmpl.k ../spec-tmpl.k ALFA_0xfacd9086c6647c589e6c39dddfecf9cea40d92aa-erc20-spec.ini transferFrom-failure-1 transferFrom-failure-1 > /mnt/data0/jon/verified-smart-contracts/specs/java/erc20/buf/ALFA_0xfacd9086c6647c589e6c39dddfecf9cea40d92aa/transferFrom-failure-1-spec.k
python3 /mnt/data0/jon/verified-smart-contracts/resources/gen-spec.py ../module-tmpl.k ../spec-tmpl.k ALFA_0xfacd9086c6647c589e6c39dddfecf9cea40d92aa-erc20-spec.ini transferFrom-failure-2 transferFrom-failure-2 > /mnt/data0/jon/verified-smart-contracts/specs/java/erc20/buf/ALFA_0xfacd9086c6647c589e6c39dddfecf9cea40d92aa/transferFrom-failure-2-spec.k
make: Leaving directory '/mnt/data0/jon/verified-smart-contracts/erc20/ALFA_0xfacd9086c6647c589e6c39dddfecf9cea40d92aa'
Failed: totalSupply -- timed out
Failed: balanceOf -- timed out
Failed: allowance -- timed out
Failed: approve -- timed out
Failed: transfer-success-1 -- timed out
Failed: transfer-success-2 -- timed out
Failed: transfer-failure-1 -- timed out
Failed: transfer-failure-2 -- timed out
Failed: transferFrom-success-1 -- timed out
Failed: transferFrom-success-2 -- timed out
Failed: transferFrom-failure-1 -- timed out
Failed: transferFrom-failure-2 -- timed out
Proved 0 out of 12 specs
/mnt/data0/jon/verified-smart-contracts/erc20/AlitaToken_0x7f509e1a5114073adcab062ef26a199511926071/solc_out/AlitaToken.bin-runtime
make: Entering directory '/mnt/data0/jon/verified-smart-contracts/erc20/AlitaToken_0x7f509e1a5114073adcab062ef26a199511926071'
python3 /mnt/data0/jon/verified-smart-contracts/resources/gen-spec.py ../module-tmpl.k ../spec-tmpl.k AlitaToken_0x7f509e1a5114073adcab062ef26a199511926071-erc20-spec.ini totalSupply totalSupply > /mnt/data0/jon/verified-smart-contracts/specs/java/erc20/buf/AlitaToken_0x7f509e1a5114073adcab062ef26a199511926071/totalSupply-spec.k
python3 /mnt/data0/jon/verified-smart-contracts/resources/gen-spec.py ../module-tmpl.k ../spec-tmpl.k AlitaToken_0x7f509e1a5114073adcab062ef26a199511926071-erc20-spec.ini balanceOf balanceOf > /mnt/data0/jon/verified-smart-contracts/specs/java/erc20/buf/AlitaToken_0x7f509e1a5114073adcab062ef26a199511926071/balanceOf-spec.k
python3 /mnt/data0/jon/verified-smart-contracts/resources/gen-spec.py ../module-tmpl.k ../spec-tmpl.k AlitaToken_0x7f509e1a5114073adcab062ef26a199511926071-erc20-spec.ini allowance allowance > /mnt/data0/jon/verified-smart-contracts/specs/java/erc20/buf/AlitaToken_0x7f509e1a5114073adcab062ef26a199511926071/allowance-spec.k
python3 /mnt/data0/jon/verified-smart-contracts/resources/gen-spec.py ../module-tmpl.k ../spec-tmpl.k AlitaToken_0x7f509e1a5114073adcab062ef26a199511926071-erc20-spec.ini approve approve > /mnt/data0/jon/verified-smart-contracts/specs/java/erc20/buf/AlitaToken_0x7f509e1a5114073adcab062ef26a199511926071/approve-spec.k
python3 /mnt/data0/jon/verified-smart-contracts/resources/gen-spec.py ../module-tmpl.k ../spec-tmpl.k AlitaToken_0x7f509e1a5114073adcab062ef26a199511926071-erc20-spec.ini transfer-success-1 transfer-success-1 > /mnt/data0/jon/verified-smart-contracts/specs/java/erc20/buf/AlitaToken_0x7f509e1a5114073adcab062ef26a199511926071/transfer-success-1-spec.k
python3 /mnt/data0/jon/verified-smart-contracts/resources/gen-spec.py ../module-tmpl.k ../spec-tmpl.k AlitaToken_0x7f509e1a5114073adcab062ef26a199511926071-erc20-spec.ini transfer-success-2 transfer-success-2 > /mnt/data0/jon/verified-smart-contracts/specs/java/erc20/buf/AlitaToken_0x7f509e1a5114073adcab062ef26a199511926071/transfer-success-2-spec.k
python3 /mnt/data0/jon/verified-smart-contracts/resources/gen-spec.py ../module-tmpl.k ../spec-tmpl.k AlitaToken_0x7f509e1a5114073adcab062ef26a199511926071-erc20-spec.ini transfer-failure-1 transfer-failure-1 > /mnt/data0/jon/verified-smart-contracts/specs/java/erc20/buf/AlitaToken_0x7f509e1a5114073adcab062ef26a199511926071/transfer-failure-1-spec.k
python3 /mnt/data0/jon/verified-smart-contracts/resources/gen-spec.py ../module-tmpl.k ../spec-tmpl.k AlitaToken_0x7f509e1a5114073adcab062ef26a199511926071-erc20-spec.ini transfer-failure-2 transfer-failure-2 > /mnt/data0/jon/verified-smart-contracts/specs/java/erc20/buf/AlitaToken_0x7f509e1a5114073adcab062ef26a199511926071/transfer-failure-2-spec.k
python3 /mnt/data0/jon/verified-smart-contracts/resources/gen-spec.py ../module-tmpl.k ../spec-tmpl.k AlitaToken_0x7f509e1a5114073adcab062ef26a199511926071-erc20-spec.ini transferFrom-success-1 transferFrom-success-1 > /mnt/data0/jon/verified-smart-contracts/specs/java/erc20/buf/AlitaToken_0x7f509e1a5114073adcab062ef26a199511926071/transferFrom-success-1-spec.k
python3 /mnt/data0/jon/verified-smart-contracts/resources/gen-spec.py ../module-tmpl.k ../spec-tmpl.k AlitaToken_0x7f509e1a5114073adcab062ef26a199511926071-erc20-spec.ini transferFrom-success-2 transferFrom-success-2 > /mnt/data0/jon/verified-smart-contracts/specs/java/erc20/buf/AlitaToken_0x7f509e1a5114073adcab062ef26a199511926071/transferFrom-success-2-spec.k
python3 /mnt/data0/jon/verified-smart-contracts/resources/gen-spec.py ../module-tmpl.k ../spec-tmpl.k AlitaToken_0x7f509e1a5114073adcab062ef26a199511926071-erc20-spec.ini transferFrom-failure-1 transferFrom-failure-1 > /mnt/data0/jon/verified-smart-contracts/specs/java/erc20/buf/AlitaToken_0x7f509e1a5114073adcab062ef26a199511926071/transferFrom-failure-1-spec.k
python3 /mnt/data0/jon/verified-smart-contracts/resources/gen-spec.py ../module-tmpl.k ../spec-tmpl.k AlitaToken_0x7f509e1a5114073adcab062ef26a199511926071-erc20-spec.ini transferFrom-failure-2 transferFrom-failure-2 > /mnt/data0/jon/verified-smart-contracts/specs/java/erc20/buf/AlitaToken_0x7f509e1a5114073adcab062ef26a199511926071/transferFrom-failure-2-spec.k
make: Leaving directory '/mnt/data0/jon/verified-smart-contracts/erc20/AlitaToken_0x7f509e1a5114073adcab062ef26a199511926071'
Failed: totalSupply -- timed out
Failed: balanceOf -- timed out
Failed: allowance -- timed out
Failed: approve -- timed out
Failed: transfer-success-1 -- timed out
Failed: transfer-success-2 -- timed out
Failed: transfer-failure-1 -- timed out
Failed: transfer-failure-2 -- timed out
Failed: transferFrom-success-1 -- timed out
Failed: transferFrom-success-2 -- timed out
Failed: transferFrom-failure-1 -- timed out
Failed: transferFrom-failure-2 -- timed out
Proved 0 out of 12 specs
/mnt/data0/jon/verified-smart-contracts/erc20/AssembleToken_0x2565ae0385659badcada1031db704442e1b69982/AssembleToken_0x2565ae0385659badcada1031db704442e1b69982.sol:58:9: Warning: Unused local variable.
        address from = owner;
        ^----------^
/mnt/data0/jon/verified-smart-contracts/erc20/AssembleToken_0x2565ae0385659badcada1031db704442e1b69982/solc_out/AssembleToken.bin-runtime
make: Entering directory '/mnt/data0/jon/verified-smart-contracts/erc20/AssembleToken_0x2565ae0385659badcada1031db704442e1b69982'
python3 /mnt/data0/jon/verified-smart-contracts/resources/gen-spec.py ../module-tmpl.k ../spec-tmpl.k AssembleToken_0x2565ae0385659badcada1031db704442e1b69982-erc20-spec.ini totalSupply totalSupply > /mnt/data0/jon/verified-smart-contracts/specs/java/erc20/buf/AssembleToken_0x2565ae0385659badcada1031db704442e1b69982/totalSupply-spec.k
python3 /mnt/data0/jon/verified-smart-contracts/resources/gen-spec.py ../module-tmpl.k ../spec-tmpl.k AssembleToken_0x2565ae0385659badcada1031db704442e1b69982-erc20-spec.ini balanceOf balanceOf > /mnt/data0/jon/verified-smart-contracts/specs/java/erc20/buf/AssembleToken_0x2565ae0385659badcada1031db704442e1b69982/balanceOf-spec.k
python3 /mnt/data0/jon/verified-smart-contracts/resources/gen-spec.py ../module-tmpl.k ../spec-tmpl.k AssembleToken_0x2565ae0385659badcada1031db704442e1b69982-erc20-spec.ini allowance allowance > /mnt/data0/jon/verified-smart-contracts/specs/java/erc20/buf/AssembleToken_0x2565ae0385659badcada1031db704442e1b69982/allowance-spec.k
python3 /mnt/data0/jon/verified-smart-contracts/resources/gen-spec.py ../module-tmpl.k ../spec-tmpl.k AssembleToken_0x2565ae0385659badcada1031db704442e1b69982-erc20-spec.ini approve approve > /mnt/data0/jon/verified-smart-contracts/specs/java/erc20/buf/AssembleToken_0x2565ae0385659badcada1031db704442e1b69982/approve-spec.k
python3 /mnt/data0/jon/verified-smart-contracts/resources/gen-spec.py ../module-tmpl.k ../spec-tmpl.k AssembleToken_0x2565ae0385659badcada1031db704442e1b69982-erc20-spec.ini transfer-success-1 transfer-success-1 > /mnt/data0/jon/verified-smart-contracts/specs/java/erc20/buf/AssembleToken_0x2565ae0385659badcada1031db704442e1b69982/transfer-success-1-spec.k
python3 /mnt/data0/jon/verified-smart-contracts/resources/gen-spec.py ../module-tmpl.k ../spec-tmpl.k AssembleToken_0x2565ae0385659badcada1031db704442e1b69982-erc20-spec.ini transfer-success-2 transfer-success-2 > /mnt/data0/jon/verified-smart-contracts/specs/java/erc20/buf/AssembleToken_0x2565ae0385659badcada1031db704442e1b69982/transfer-success-2-spec.k
python3 /mnt/data0/jon/verified-smart-contracts/resources/gen-spec.py ../module-tmpl.k ../spec-tmpl.k AssembleToken_0x2565ae0385659badcada1031db704442e1b69982-erc20-spec.ini transfer-failure-1 transfer-failure-1 > /mnt/data0/jon/verified-smart-contracts/specs/java/erc20/buf/AssembleToken_0x2565ae0385659badcada1031db704442e1b69982/transfer-failure-1-spec.k
python3 /mnt/data0/jon/verified-smart-contracts/resources/gen-spec.py ../module-tmpl.k ../spec-tmpl.k AssembleToken_0x2565ae0385659badcada1031db704442e1b69982-erc20-spec.ini transfer-failure-2 transfer-failure-2 > /mnt/data0/jon/verified-smart-contracts/specs/java/erc20/buf/AssembleToken_0x2565ae0385659badcada1031db704442e1b69982/transfer-failure-2-spec.k
python3 /mnt/data0/jon/verified-smart-contracts/resources/gen-spec.py ../module-tmpl.k ../spec-tmpl.k AssembleToken_0x2565ae0385659badcada1031db704442e1b69982-erc20-spec.ini transferFrom-success-1 transferFrom-success-1 > /mnt/data0/jon/verified-smart-contracts/specs/java/erc20/buf/AssembleToken_0x2565ae0385659badcada1031db704442e1b69982/transferFrom-success-1-spec.k
python3 /mnt/data0/jon/verified-smart-contracts/resources/gen-spec.py ../module-tmpl.k ../spec-tmpl.k AssembleToken_0x2565ae0385659badcada1031db704442e1b69982-erc20-spec.ini transferFrom-success-2 transferFrom-success-2 > /mnt/data0/jon/verified-smart-contracts/specs/java/erc20/buf/AssembleToken_0x2565ae0385659badcada1031db704442e1b69982/transferFrom-success-2-spec.k
python3 /mnt/data0/jon/verified-smart-contracts/resources/gen-spec.py ../module-tmpl.k ../spec-tmpl.k AssembleToken_0x2565ae0385659badcada1031db704442e1b69982-erc20-spec.ini transferFrom-failure-1 transferFrom-failure-1 > /mnt/data0/jon/verified-smart-contracts/specs/java/erc20/buf/AssembleToken_0x2565ae0385659badcada1031db704442e1b69982/transferFrom-failure-1-spec.k
python3 /mnt/data0/jon/verified-smart-contracts/resources/gen-spec.py ../module-tmpl.k ../spec-tmpl.k AssembleToken_0x2565ae0385659badcada1031db704442e1b69982-erc20-spec.ini transferFrom-failure-2 transferFrom-failure-2 > /mnt/data0/jon/verified-smart-contracts/specs/java/erc20/buf/AssembleToken_0x2565ae0385659badcada1031db704442e1b69982/transferFrom-failure-2-spec.k
make: Leaving directory '/mnt/data0/jon/verified-smart-contracts/erc20/AssembleToken_0x2565ae0385659badcada1031db704442e1b69982'
Failed: totalSupply -- timed out
Failed: balanceOf -- timed out
Failed: allowance -- timed out
Failed: approve -- timed out
Failed: transfer-success-1 -- timed out
Failed: transfer-success-2 -- timed out
Failed: transfer-failure-1 -- timed out
Failed: transfer-failure-2 -- timed out
Failed: transferFrom-success-1 -- timed out
Failed: transferFrom-success-2 -- timed out
Failed: transferFrom-failure-1 -- timed out
Failed: transferFrom-failure-2 -- timed out
Proved 0 out of 12 specs
/mnt/data0/jon/verified-smart-contracts/erc20/BATG_0xff759254e578bc7f725428cecb612a502e604f42/solc_out/BATG.bin-runtime
make: Entering directory '/mnt/data0/jon/verified-smart-contracts/erc20/BATG_0xff759254e578bc7f725428cecb612a502e604f42'
python3 /mnt/data0/jon/verified-smart-contracts/resources/gen-spec.py ../module-tmpl.k ../spec-tmpl.k BATG_0xff759254e578bc7f725428cecb612a502e604f42-erc20-spec.ini totalSupply totalSupply > /mnt/data0/jon/verified-smart-contracts/specs/java/erc20/buf/BATG_0xff759254e578bc7f725428cecb612a502e604f42/totalSupply-spec.k
python3 /mnt/data0/jon/verified-smart-contracts/resources/gen-spec.py ../module-tmpl.k ../spec-tmpl.k BATG_0xff759254e578bc7f725428cecb612a502e604f42-erc20-spec.ini balanceOf balanceOf > /mnt/data0/jon/verified-smart-contracts/specs/java/erc20/buf/BATG_0xff759254e578bc7f725428cecb612a502e604f42/balanceOf-spec.k
python3 /mnt/data0/jon/verified-smart-contracts/resources/gen-spec.py ../module-tmpl.k ../spec-tmpl.k BATG_0xff759254e578bc7f725428cecb612a502e604f42-erc20-spec.ini allowance allowance > /mnt/data0/jon/verified-smart-contracts/specs/java/erc20/buf/BATG_0xff759254e578bc7f725428cecb612a502e604f42/allowance-spec.k
python3 /mnt/data0/jon/verified-smart-contracts/resources/gen-spec.py ../module-tmpl.k ../spec-tmpl.k BATG_0xff759254e578bc7f725428cecb612a502e604f42-erc20-spec.ini approve approve > /mnt/data0/jon/verified-smart-contracts/specs/java/erc20/buf/BATG_0xff759254e578bc7f725428cecb612a502e604f42/approve-spec.k
python3 /mnt/data0/jon/verified-smart-contracts/resources/gen-spec.py ../module-tmpl.k ../spec-tmpl.k BATG_0xff759254e578bc7f725428cecb612a502e604f42-erc20-spec.ini transfer-success-1 transfer-success-1 > /mnt/data0/jon/verified-smart-contracts/specs/java/erc20/buf/BATG_0xff759254e578bc7f725428cecb612a502e604f42/transfer-success-1-spec.k
python3 /mnt/data0/jon/verified-smart-contracts/resources/gen-spec.py ../module-tmpl.k ../spec-tmpl.k BATG_0xff759254e578bc7f725428cecb612a502e604f42-erc20-spec.ini transfer-success-2 transfer-success-2 > /mnt/data0/jon/verified-smart-contracts/specs/java/erc20/buf/BATG_0xff759254e578bc7f725428cecb612a502e604f42/transfer-success-2-spec.k
python3 /mnt/data0/jon/verified-smart-contracts/resources/gen-spec.py ../module-tmpl.k ../spec-tmpl.k BATG_0xff759254e578bc7f725428cecb612a502e604f42-erc20-spec.ini transfer-failure-1 transfer-failure-1 > /mnt/data0/jon/verified-smart-contracts/specs/java/erc20/buf/BATG_0xff759254e578bc7f725428cecb612a502e604f42/transfer-failure-1-spec.k
python3 /mnt/data0/jon/verified-smart-contracts/resources/gen-spec.py ../module-tmpl.k ../spec-tmpl.k BATG_0xff759254e578bc7f725428cecb612a502e604f42-erc20-spec.ini transfer-failure-2 transfer-failure-2 > /mnt/data0/jon/verified-smart-contracts/specs/java/erc20/buf/BATG_0xff759254e578bc7f725428cecb612a502e604f42/transfer-failure-2-spec.k
python3 /mnt/data0/jon/verified-smart-contracts/resources/gen-spec.py ../module-tmpl.k ../spec-tmpl.k BATG_0xff759254e578bc7f725428cecb612a502e604f42-erc20-spec.ini transferFrom-success-1 transferFrom-success-1 > /mnt/data0/jon/verified-smart-contracts/specs/java/erc20/buf/BATG_0xff759254e578bc7f725428cecb612a502e604f42/transferFrom-success-1-spec.k
python3 /mnt/data0/jon/verified-smart-contracts/resources/gen-spec.py ../module-tmpl.k ../spec-tmpl.k BATG_0xff759254e578bc7f725428cecb612a502e604f42-erc20-spec.ini transferFrom-success-2 transferFrom-success-2 > /mnt/data0/jon/verified-smart-contracts/specs/java/erc20/buf/BATG_0xff759254e578bc7f725428cecb612a502e604f42/transferFrom-success-2-spec.k
python3 /mnt/data0/jon/verified-smart-contracts/resources/gen-spec.py ../module-tmpl.k ../spec-tmpl.k BATG_0xff759254e578bc7f725428cecb612a502e604f42-erc20-spec.ini transferFrom-failure-1 transferFrom-failure-1 > /mnt/data0/jon/verified-smart-contracts/specs/java/erc20/buf/BATG_0xff759254e578bc7f725428cecb612a502e604f42/transferFrom-failure-1-spec.k
python3 /mnt/data0/jon/verified-smart-contracts/resources/gen-spec.py ../module-tmpl.k ../spec-tmpl.k BATG_0xff759254e578bc7f725428cecb612a502e604f42-erc20-spec.ini transferFrom-failure-2 transferFrom-failure-2 > /mnt/data0/jon/verified-smart-contracts/specs/java/erc20/buf/BATG_0xff759254e578bc7f725428cecb612a502e604f42/transferFrom-failure-2-spec.k
make: Leaving directory '/mnt/data0/jon/verified-smart-contracts/erc20/BATG_0xff759254e578bc7f725428cecb612a502e604f42'
Failed: totalSupply -- 654.519
Proved: balanceOf -- 682.270
Proved: allowance -- 685.318
Proved: approve -- 678.064
Proved: transfer-success-1 -- 661.503
Proved: transfer-success-2 -- 712.456
Proved: transfer-failure-1 -- 687.789
Proved: transfer-failure-2 -- 717.410
Proved: transferFrom-success-1 -- 665.953
Proved: transferFrom-success-2 -- 664.507
Proved: transferFrom-failure-1 -- 690.987
Proved: transferFrom-failure-2 -- 704.060
Proved 11 out of 12 specs
/mnt/data0/jon/verified-smart-contracts/erc20/BazToken_0xb020ed54651831878e5c967e0953a900786178f9/solc_out/BazToken.bin-runtime
make: Entering directory '/mnt/data0/jon/verified-smart-contracts/erc20/BazToken_0xb020ed54651831878e5c967e0953a900786178f9'
python3 /mnt/data0/jon/verified-smart-contracts/resources/gen-spec.py ../module-tmpl.k ../spec-tmpl.k BazToken_0xb020ed54651831878e5c967e0953a900786178f9-erc20-spec.ini totalSupply totalSupply > /mnt/data0/jon/verified-smart-contracts/specs/java/erc20/buf/BazToken_0xb020ed54651831878e5c967e0953a900786178f9/totalSupply-spec.k
python3 /mnt/data0/jon/verified-smart-contracts/resources/gen-spec.py ../module-tmpl.k ../spec-tmpl.k BazToken_0xb020ed54651831878e5c967e0953a900786178f9-erc20-spec.ini balanceOf balanceOf > /mnt/data0/jon/verified-smart-contracts/specs/java/erc20/buf/BazToken_0xb020ed54651831878e5c967e0953a900786178f9/balanceOf-spec.k
python3 /mnt/data0/jon/verified-smart-contracts/resources/gen-spec.py ../module-tmpl.k ../spec-tmpl.k BazToken_0xb020ed54651831878e5c967e0953a900786178f9-erc20-spec.ini allowance allowance > /mnt/data0/jon/verified-smart-contracts/specs/java/erc20/buf/BazToken_0xb020ed54651831878e5c967e0953a900786178f9/allowance-spec.k
python3 /mnt/data0/jon/verified-smart-contracts/resources/gen-spec.py ../module-tmpl.k ../spec-tmpl.k BazToken_0xb020ed54651831878e5c967e0953a900786178f9-erc20-spec.ini approve approve > /mnt/data0/jon/verified-smart-contracts/specs/java/erc20/buf/BazToken_0xb020ed54651831878e5c967e0953a900786178f9/approve-spec.k
python3 /mnt/data0/jon/verified-smart-contracts/resources/gen-spec.py ../module-tmpl.k ../spec-tmpl.k BazToken_0xb020ed54651831878e5c967e0953a900786178f9-erc20-spec.ini transfer-success-1 transfer-success-1 > /mnt/data0/jon/verified-smart-contracts/specs/java/erc20/buf/BazToken_0xb020ed54651831878e5c967e0953a900786178f9/transfer-success-1-spec.k
python3 /mnt/data0/jon/verified-smart-contracts/resources/gen-spec.py ../module-tmpl.k ../spec-tmpl.k BazToken_0xb020ed54651831878e5c967e0953a900786178f9-erc20-spec.ini transfer-success-2 transfer-success-2 > /mnt/data0/jon/verified-smart-contracts/specs/java/erc20/buf/BazToken_0xb020ed54651831878e5c967e0953a900786178f9/transfer-success-2-spec.k
python3 /mnt/data0/jon/verified-smart-contracts/resources/gen-spec.py ../module-tmpl.k ../spec-tmpl.k BazToken_0xb020ed54651831878e5c967e0953a900786178f9-erc20-spec.ini transfer-failure-1 transfer-failure-1 > /mnt/data0/jon/verified-smart-contracts/specs/java/erc20/buf/BazToken_0xb020ed54651831878e5c967e0953a900786178f9/transfer-failure-1-spec.k
python3 /mnt/data0/jon/verified-smart-contracts/resources/gen-spec.py ../module-tmpl.k ../spec-tmpl.k BazToken_0xb020ed54651831878e5c967e0953a900786178f9-erc20-spec.ini transfer-failure-2 transfer-failure-2 > /mnt/data0/jon/verified-smart-contracts/specs/java/erc20/buf/BazToken_0xb020ed54651831878e5c967e0953a900786178f9/transfer-failure-2-spec.k
python3 /mnt/data0/jon/verified-smart-contracts/resources/gen-spec.py ../module-tmpl.k ../spec-tmpl.k BazToken_0xb020ed54651831878e5c967e0953a900786178f9-erc20-spec.ini transferFrom-success-1 transferFrom-success-1 > /mnt/data0/jon/verified-smart-contracts/specs/java/erc20/buf/BazToken_0xb020ed54651831878e5c967e0953a900786178f9/transferFrom-success-1-spec.k
python3 /mnt/data0/jon/verified-smart-contracts/resources/gen-spec.py ../module-tmpl.k ../spec-tmpl.k BazToken_0xb020ed54651831878e5c967e0953a900786178f9-erc20-spec.ini transferFrom-success-2 transferFrom-success-2 > /mnt/data0/jon/verified-smart-contracts/specs/java/erc20/buf/BazToken_0xb020ed54651831878e5c967e0953a900786178f9/transferFrom-success-2-spec.k
python3 /mnt/data0/jon/verified-smart-contracts/resources/gen-spec.py ../module-tmpl.k ../spec-tmpl.k BazToken_0xb020ed54651831878e5c967e0953a900786178f9-erc20-spec.ini transferFrom-failure-1 transferFrom-failure-1 > /mnt/data0/jon/verified-smart-contracts/specs/java/erc20/buf/BazToken_0xb020ed54651831878e5c967e0953a900786178f9/transferFrom-failure-1-spec.k
python3 /mnt/data0/jon/verified-smart-contracts/resources/gen-spec.py ../module-tmpl.k ../spec-tmpl.k BazToken_0xb020ed54651831878e5c967e0953a900786178f9-erc20-spec.ini transferFrom-failure-2 transferFrom-failure-2 > /mnt/data0/jon/verified-smart-contracts/specs/java/erc20/buf/BazToken_0xb020ed54651831878e5c967e0953a900786178f9/transferFrom-failure-2-spec.k
make: Leaving directory '/mnt/data0/jon/verified-smart-contracts/erc20/BazToken_0xb020ed54651831878e5c967e0953a900786178f9'
Failed: totalSupply -- 280.346
Proved: balanceOf -- 336.234
Proved: allowance -- 334.224
Proved: approve -- 286.720
Proved: transfer-success-1 -- 365.530
Proved: transfer-success-2 -- 307.634
Proved: transfer-failure-1 -- 301.737
Proved: transfer-failure-2 -- 377.497
Proved: transferFrom-success-1 -- 305.407
Proved: transferFrom-success-2 -- 331.639
Proved: transferFrom-failure-1 -- 347.249
Proved: transferFrom-failure-2 -- 292.834
Proved 11 out of 12 specs
/mnt/data0/jon/verified-smart-contracts/erc20/BDCoin_0x37c888dabf0c1bebbe917e890b054ae7739fc8c4/solc_out/BDCoin.bin-runtime
make: Entering directory '/mnt/data0/jon/verified-smart-contracts/erc20/BDCoin_0x37c888dabf0c1bebbe917e890b054ae7739fc8c4'
python3 /mnt/data0/jon/verified-smart-contracts/resources/gen-spec.py ../module-tmpl.k ../spec-tmpl.k BDCoin_0x37c888dabf0c1bebbe917e890b054ae7739fc8c4-erc20-spec.ini totalSupply totalSupply > /mnt/data0/jon/verified-smart-contracts/specs/java/erc20/buf/BDCoin_0x37c888dabf0c1bebbe917e890b054ae7739fc8c4/totalSupply-spec.k
python3 /mnt/data0/jon/verified-smart-contracts/resources/gen-spec.py ../module-tmpl.k ../spec-tmpl.k BDCoin_0x37c888dabf0c1bebbe917e890b054ae7739fc8c4-erc20-spec.ini balanceOf balanceOf > /mnt/data0/jon/verified-smart-contracts/specs/java/erc20/buf/BDCoin_0x37c888dabf0c1bebbe917e890b054ae7739fc8c4/balanceOf-spec.k
python3 /mnt/data0/jon/verified-smart-contracts/resources/gen-spec.py ../module-tmpl.k ../spec-tmpl.k BDCoin_0x37c888dabf0c1bebbe917e890b054ae7739fc8c4-erc20-spec.ini allowance allowance > /mnt/data0/jon/verified-smart-contracts/specs/java/erc20/buf/BDCoin_0x37c888dabf0c1bebbe917e890b054ae7739fc8c4/allowance-spec.k
python3 /mnt/data0/jon/verified-smart-contracts/resources/gen-spec.py ../module-tmpl.k ../spec-tmpl.k BDCoin_0x37c888dabf0c1bebbe917e890b054ae7739fc8c4-erc20-spec.ini approve approve > /mnt/data0/jon/verified-smart-contracts/specs/java/erc20/buf/BDCoin_0x37c888dabf0c1bebbe917e890b054ae7739fc8c4/approve-spec.k
python3 /mnt/data0/jon/verified-smart-contracts/resources/gen-spec.py ../module-tmpl.k ../spec-tmpl.k BDCoin_0x37c888dabf0c1bebbe917e890b054ae7739fc8c4-erc20-spec.ini transfer-success-1 transfer-success-1 > /mnt/data0/jon/verified-smart-contracts/specs/java/erc20/buf/BDCoin_0x37c888dabf0c1bebbe917e890b054ae7739fc8c4/transfer-success-1-spec.k
python3 /mnt/data0/jon/verified-smart-contracts/resources/gen-spec.py ../module-tmpl.k ../spec-tmpl.k BDCoin_0x37c888dabf0c1bebbe917e890b054ae7739fc8c4-erc20-spec.ini transfer-success-2 transfer-success-2 > /mnt/data0/jon/verified-smart-contracts/specs/java/erc20/buf/BDCoin_0x37c888dabf0c1bebbe917e890b054ae7739fc8c4/transfer-success-2-spec.k
python3 /mnt/data0/jon/verified-smart-contracts/resources/gen-spec.py ../module-tmpl.k ../spec-tmpl.k BDCoin_0x37c888dabf0c1bebbe917e890b054ae7739fc8c4-erc20-spec.ini transfer-failure-1 transfer-failure-1 > /mnt/data0/jon/verified-smart-contracts/specs/java/erc20/buf/BDCoin_0x37c888dabf0c1bebbe917e890b054ae7739fc8c4/transfer-failure-1-spec.k
python3 /mnt/data0/jon/verified-smart-contracts/resources/gen-spec.py ../module-tmpl.k ../spec-tmpl.k BDCoin_0x37c888dabf0c1bebbe917e890b054ae7739fc8c4-erc20-spec.ini transfer-failure-2 transfer-failure-2 > /mnt/data0/jon/verified-smart-contracts/specs/java/erc20/buf/BDCoin_0x37c888dabf0c1bebbe917e890b054ae7739fc8c4/transfer-failure-2-spec.k
python3 /mnt/data0/jon/verified-smart-contracts/resources/gen-spec.py ../module-tmpl.k ../spec-tmpl.k BDCoin_0x37c888dabf0c1bebbe917e890b054ae7739fc8c4-erc20-spec.ini transferFrom-success-1 transferFrom-success-1 > /mnt/data0/jon/verified-smart-contracts/specs/java/erc20/buf/BDCoin_0x37c888dabf0c1bebbe917e890b054ae7739fc8c4/transferFrom-success-1-spec.k
python3 /mnt/data0/jon/verified-smart-contracts/resources/gen-spec.py ../module-tmpl.k ../spec-tmpl.k BDCoin_0x37c888dabf0c1bebbe917e890b054ae7739fc8c4-erc20-spec.ini transferFrom-success-2 transferFrom-success-2 > /mnt/data0/jon/verified-smart-contracts/specs/java/erc20/buf/BDCoin_0x37c888dabf0c1bebbe917e890b054ae7739fc8c4/transferFrom-success-2-spec.k
python3 /mnt/data0/jon/verified-smart-contracts/resources/gen-spec.py ../module-tmpl.k ../spec-tmpl.k BDCoin_0x37c888dabf0c1bebbe917e890b054ae7739fc8c4-erc20-spec.ini transferFrom-failure-1 transferFrom-failure-1 > /mnt/data0/jon/verified-smart-contracts/specs/java/erc20/buf/BDCoin_0x37c888dabf0c1bebbe917e890b054ae7739fc8c4/transferFrom-failure-1-spec.k
python3 /mnt/data0/jon/verified-smart-contracts/resources/gen-spec.py ../module-tmpl.k ../spec-tmpl.k BDCoin_0x37c888dabf0c1bebbe917e890b054ae7739fc8c4-erc20-spec.ini transferFrom-failure-2 transferFrom-failure-2 > /mnt/data0/jon/verified-smart-contracts/specs/java/erc20/buf/BDCoin_0x37c888dabf0c1bebbe917e890b054ae7739fc8c4/transferFrom-failure-2-spec.k
make: Leaving directory '/mnt/data0/jon/verified-smart-contracts/erc20/BDCoin_0x37c888dabf0c1bebbe917e890b054ae7739fc8c4'
Proved: totalSupply -- 246.245
Proved: balanceOf -- 256.429
Proved: allowance -- 209.974
Failed: approve -- 216.807
Failed: transfer-success-1 -- 213.439
Proved: transfer-success-2 -- 221.924
Proved: transfer-failure-1 -- 222.963
Proved: transfer-failure-2 -- 214.751
Failed: transferFrom-success-1 -- 235.970
Failed: transferFrom-success-2 -- 226.522
Proved: transferFrom-failure-1 -- 252.437
Proved: transferFrom-failure-2 -- 233.597
Proved 8 out of 12 specs
/mnt/data0/jon/verified-smart-contracts/erc20/BLY_0xf8aD7dFe656188A23e89da09506Adf7ad9290D5d/solc_out/BLY.bin-runtime
make: Entering directory '/mnt/data0/jon/verified-smart-contracts/erc20/BLY_0xf8aD7dFe656188A23e89da09506Adf7ad9290D5d'
python3 /mnt/data0/jon/verified-smart-contracts/resources/gen-spec.py ../module-tmpl.k ../spec-tmpl.k BLY_0xf8aD7dFe656188A23e89da09506Adf7ad9290D5d-erc20-spec.ini totalSupply totalSupply > /mnt/data0/jon/verified-smart-contracts/specs/java/erc20/buf/BLY_0xf8aD7dFe656188A23e89da09506Adf7ad9290D5d/totalSupply-spec.k
python3 /mnt/data0/jon/verified-smart-contracts/resources/gen-spec.py ../module-tmpl.k ../spec-tmpl.k BLY_0xf8aD7dFe656188A23e89da09506Adf7ad9290D5d-erc20-spec.ini balanceOf balanceOf > /mnt/data0/jon/verified-smart-contracts/specs/java/erc20/buf/BLY_0xf8aD7dFe656188A23e89da09506Adf7ad9290D5d/balanceOf-spec.k
python3 /mnt/data0/jon/verified-smart-contracts/resources/gen-spec.py ../module-tmpl.k ../spec-tmpl.k BLY_0xf8aD7dFe656188A23e89da09506Adf7ad9290D5d-erc20-spec.ini allowance allowance > /mnt/data0/jon/verified-smart-contracts/specs/java/erc20/buf/BLY_0xf8aD7dFe656188A23e89da09506Adf7ad9290D5d/allowance-spec.k
python3 /mnt/data0/jon/verified-smart-contracts/resources/gen-spec.py ../module-tmpl.k ../spec-tmpl.k BLY_0xf8aD7dFe656188A23e89da09506Adf7ad9290D5d-erc20-spec.ini approve approve > /mnt/data0/jon/verified-smart-contracts/specs/java/erc20/buf/BLY_0xf8aD7dFe656188A23e89da09506Adf7ad9290D5d/approve-spec.k
python3 /mnt/data0/jon/verified-smart-contracts/resources/gen-spec.py ../module-tmpl.k ../spec-tmpl.k BLY_0xf8aD7dFe656188A23e89da09506Adf7ad9290D5d-erc20-spec.ini transfer-success-1 transfer-success-1 > /mnt/data0/jon/verified-smart-contracts/specs/java/erc20/buf/BLY_0xf8aD7dFe656188A23e89da09506Adf7ad9290D5d/transfer-success-1-spec.k
python3 /mnt/data0/jon/verified-smart-contracts/resources/gen-spec.py ../module-tmpl.k ../spec-tmpl.k BLY_0xf8aD7dFe656188A23e89da09506Adf7ad9290D5d-erc20-spec.ini transfer-success-2 transfer-success-2 > /mnt/data0/jon/verified-smart-contracts/specs/java/erc20/buf/BLY_0xf8aD7dFe656188A23e89da09506Adf7ad9290D5d/transfer-success-2-spec.k
python3 /mnt/data0/jon/verified-smart-contracts/resources/gen-spec.py ../module-tmpl.k ../spec-tmpl.k BLY_0xf8aD7dFe656188A23e89da09506Adf7ad9290D5d-erc20-spec.ini transfer-failure-1 transfer-failure-1 > /mnt/data0/jon/verified-smart-contracts/specs/java/erc20/buf/BLY_0xf8aD7dFe656188A23e89da09506Adf7ad9290D5d/transfer-failure-1-spec.k
python3 /mnt/data0/jon/verified-smart-contracts/resources/gen-spec.py ../module-tmpl.k ../spec-tmpl.k BLY_0xf8aD7dFe656188A23e89da09506Adf7ad9290D5d-erc20-spec.ini transfer-failure-2 transfer-failure-2 > /mnt/data0/jon/verified-smart-contracts/specs/java/erc20/buf/BLY_0xf8aD7dFe656188A23e89da09506Adf7ad9290D5d/transfer-failure-2-spec.k
python3 /mnt/data0/jon/verified-smart-contracts/resources/gen-spec.py ../module-tmpl.k ../spec-tmpl.k BLY_0xf8aD7dFe656188A23e89da09506Adf7ad9290D5d-erc20-spec.ini transferFrom-success-1 transferFrom-success-1 > /mnt/data0/jon/verified-smart-contracts/specs/java/erc20/buf/BLY_0xf8aD7dFe656188A23e89da09506Adf7ad9290D5d/transferFrom-success-1-spec.k
python3 /mnt/data0/jon/verified-smart-contracts/resources/gen-spec.py ../module-tmpl.k ../spec-tmpl.k BLY_0xf8aD7dFe656188A23e89da09506Adf7ad9290D5d-erc20-spec.ini transferFrom-success-2 transferFrom-success-2 > /mnt/data0/jon/verified-smart-contracts/specs/java/erc20/buf/BLY_0xf8aD7dFe656188A23e89da09506Adf7ad9290D5d/transferFrom-success-2-spec.k
python3 /mnt/data0/jon/verified-smart-contracts/resources/gen-spec.py ../module-tmpl.k ../spec-tmpl.k BLY_0xf8aD7dFe656188A23e89da09506Adf7ad9290D5d-erc20-spec.ini transferFrom-failure-1 transferFrom-failure-1 > /mnt/data0/jon/verified-smart-contracts/specs/java/erc20/buf/BLY_0xf8aD7dFe656188A23e89da09506Adf7ad9290D5d/transferFrom-failure-1-spec.k
python3 /mnt/data0/jon/verified-smart-contracts/resources/gen-spec.py ../module-tmpl.k ../spec-tmpl.k BLY_0xf8aD7dFe656188A23e89da09506Adf7ad9290D5d-erc20-spec.ini transferFrom-failure-2 transferFrom-failure-2 > /mnt/data0/jon/verified-smart-contracts/specs/java/erc20/buf/BLY_0xf8aD7dFe656188A23e89da09506Adf7ad9290D5d/transferFrom-failure-2-spec.k
make: Leaving directory '/mnt/data0/jon/verified-smart-contracts/erc20/BLY_0xf8aD7dFe656188A23e89da09506Adf7ad9290D5d'
Failed: totalSupply -- timed out
Failed: balanceOf -- timed out
Failed: allowance -- timed out
Failed: approve -- timed out
Failed: transfer-success-1 -- timed out
Failed: transfer-success-2 -- timed out
Failed: transfer-failure-1 -- timed out
Failed: transfer-failure-2 -- timed out
Failed: transferFrom-success-1 -- timed out
Failed: transferFrom-success-2 -- timed out
Failed: transferFrom-failure-1 -- timed out
Failed: transferFrom-failure-2 -- timed out
Proved 0 out of 12 specs
/mnt/data0/jon/verified-smart-contracts/erc20/BNS_0x695106ad73f506f9d0a9650a78019a93149ae07c/solc_out/BNS.bin-runtime
make: Entering directory '/mnt/data0/jon/verified-smart-contracts/erc20/BNS_0x695106ad73f506f9d0a9650a78019a93149ae07c'
python3 /mnt/data0/jon/verified-smart-contracts/resources/gen-spec.py ../module-tmpl.k ../spec-tmpl.k BNS_0x695106ad73f506f9d0a9650a78019a93149ae07c-erc20-spec.ini totalSupply totalSupply > /mnt/data0/jon/verified-smart-contracts/specs/java/erc20/buf/BNS_0x695106ad73f506f9d0a9650a78019a93149ae07c/totalSupply-spec.k
python3 /mnt/data0/jon/verified-smart-contracts/resources/gen-spec.py ../module-tmpl.k ../spec-tmpl.k BNS_0x695106ad73f506f9d0a9650a78019a93149ae07c-erc20-spec.ini balanceOf balanceOf > /mnt/data0/jon/verified-smart-contracts/specs/java/erc20/buf/BNS_0x695106ad73f506f9d0a9650a78019a93149ae07c/balanceOf-spec.k
python3 /mnt/data0/jon/verified-smart-contracts/resources/gen-spec.py ../module-tmpl.k ../spec-tmpl.k BNS_0x695106ad73f506f9d0a9650a78019a93149ae07c-erc20-spec.ini allowance allowance > /mnt/data0/jon/verified-smart-contracts/specs/java/erc20/buf/BNS_0x695106ad73f506f9d0a9650a78019a93149ae07c/allowance-spec.k
python3 /mnt/data0/jon/verified-smart-contracts/resources/gen-spec.py ../module-tmpl.k ../spec-tmpl.k BNS_0x695106ad73f506f9d0a9650a78019a93149ae07c-erc20-spec.ini approve approve > /mnt/data0/jon/verified-smart-contracts/specs/java/erc20/buf/BNS_0x695106ad73f506f9d0a9650a78019a93149ae07c/approve-spec.k
python3 /mnt/data0/jon/verified-smart-contracts/resources/gen-spec.py ../module-tmpl.k ../spec-tmpl.k BNS_0x695106ad73f506f9d0a9650a78019a93149ae07c-erc20-spec.ini transfer-success-1 transfer-success-1 > /mnt/data0/jon/verified-smart-contracts/specs/java/erc20/buf/BNS_0x695106ad73f506f9d0a9650a78019a93149ae07c/transfer-success-1-spec.k
python3 /mnt/data0/jon/verified-smart-contracts/resources/gen-spec.py ../module-tmpl.k ../spec-tmpl.k BNS_0x695106ad73f506f9d0a9650a78019a93149ae07c-erc20-spec.ini transfer-success-2 transfer-success-2 > /mnt/data0/jon/verified-smart-contracts/specs/java/erc20/buf/BNS_0x695106ad73f506f9d0a9650a78019a93149ae07c/transfer-success-2-spec.k
python3 /mnt/data0/jon/verified-smart-contracts/resources/gen-spec.py ../module-tmpl.k ../spec-tmpl.k BNS_0x695106ad73f506f9d0a9650a78019a93149ae07c-erc20-spec.ini transfer-failure-1 transfer-failure-1 > /mnt/data0/jon/verified-smart-contracts/specs/java/erc20/buf/BNS_0x695106ad73f506f9d0a9650a78019a93149ae07c/transfer-failure-1-spec.k
python3 /mnt/data0/jon/verified-smart-contracts/resources/gen-spec.py ../module-tmpl.k ../spec-tmpl.k BNS_0x695106ad73f506f9d0a9650a78019a93149ae07c-erc20-spec.ini transfer-failure-2 transfer-failure-2 > /mnt/data0/jon/verified-smart-contracts/specs/java/erc20/buf/BNS_0x695106ad73f506f9d0a9650a78019a93149ae07c/transfer-failure-2-spec.k
python3 /mnt/data0/jon/verified-smart-contracts/resources/gen-spec.py ../module-tmpl.k ../spec-tmpl.k BNS_0x695106ad73f506f9d0a9650a78019a93149ae07c-erc20-spec.ini transferFrom-success-1 transferFrom-success-1 > /mnt/data0/jon/verified-smart-contracts/specs/java/erc20/buf/BNS_0x695106ad73f506f9d0a9650a78019a93149ae07c/transferFrom-success-1-spec.k
python3 /mnt/data0/jon/verified-smart-contracts/resources/gen-spec.py ../module-tmpl.k ../spec-tmpl.k BNS_0x695106ad73f506f9d0a9650a78019a93149ae07c-erc20-spec.ini transferFrom-success-2 transferFrom-success-2 > /mnt/data0/jon/verified-smart-contracts/specs/java/erc20/buf/BNS_0x695106ad73f506f9d0a9650a78019a93149ae07c/transferFrom-success-2-spec.k
python3 /mnt/data0/jon/verified-smart-contracts/resources/gen-spec.py ../module-tmpl.k ../spec-tmpl.k BNS_0x695106ad73f506f9d0a9650a78019a93149ae07c-erc20-spec.ini transferFrom-failure-1 transferFrom-failure-1 > /mnt/data0/jon/verified-smart-contracts/specs/java/erc20/buf/BNS_0x695106ad73f506f9d0a9650a78019a93149ae07c/transferFrom-failure-1-spec.k
python3 /mnt/data0/jon/verified-smart-contracts/resources/gen-spec.py ../module-tmpl.k ../spec-tmpl.k BNS_0x695106ad73f506f9d0a9650a78019a93149ae07c-erc20-spec.ini transferFrom-failure-2 transferFrom-failure-2 > /mnt/data0/jon/verified-smart-contracts/specs/java/erc20/buf/BNS_0x695106ad73f506f9d0a9650a78019a93149ae07c/transferFrom-failure-2-spec.k
make: Leaving directory '/mnt/data0/jon/verified-smart-contracts/erc20/BNS_0x695106ad73f506f9d0a9650a78019a93149ae07c'
Proved: totalSupply -- 182.968
Proved: balanceOf -- 181.820
Proved: allowance -- 225.134
Failed: approve -- 206.315
Failed: transfer-success-1 -- 189.877
Proved: transfer-success-2 -- 193.319
Proved: transfer-failure-1 -- 226.153
Proved: transfer-failure-2 -- 220.753
Failed: transferFrom-success-1 -- 192.809
Failed: transferFrom-success-2 -- 191.134
Proved: transferFrom-failure-1 -- 220.594
Proved: transferFrom-failure-2 -- 244.399
Proved 8 out of 12 specs
/mnt/data0/jon/verified-smart-contracts/erc20/BoltToken_0xd5930c307d7395ff807f2921f12c5eb82131a789/solc_out/BoltToken.bin-runtime
make: Entering directory '/mnt/data0/jon/verified-smart-contracts/erc20/BoltToken_0xd5930c307d7395ff807f2921f12c5eb82131a789'
python3 /mnt/data0/jon/verified-smart-contracts/resources/gen-spec.py ../module-tmpl.k ../spec-tmpl.k BoltToken_0xd5930c307d7395ff807f2921f12c5eb82131a789-erc20-spec.ini totalSupply totalSupply > /mnt/data0/jon/verified-smart-contracts/specs/java/erc20/buf/BoltToken_0xd5930c307d7395ff807f2921f12c5eb82131a789/totalSupply-spec.k
python3 /mnt/data0/jon/verified-smart-contracts/resources/gen-spec.py ../module-tmpl.k ../spec-tmpl.k BoltToken_0xd5930c307d7395ff807f2921f12c5eb82131a789-erc20-spec.ini balanceOf balanceOf > /mnt/data0/jon/verified-smart-contracts/specs/java/erc20/buf/BoltToken_0xd5930c307d7395ff807f2921f12c5eb82131a789/balanceOf-spec.k
python3 /mnt/data0/jon/verified-smart-contracts/resources/gen-spec.py ../module-tmpl.k ../spec-tmpl.k BoltToken_0xd5930c307d7395ff807f2921f12c5eb82131a789-erc20-spec.ini allowance allowance > /mnt/data0/jon/verified-smart-contracts/specs/java/erc20/buf/BoltToken_0xd5930c307d7395ff807f2921f12c5eb82131a789/allowance-spec.k
python3 /mnt/data0/jon/verified-smart-contracts/resources/gen-spec.py ../module-tmpl.k ../spec-tmpl.k BoltToken_0xd5930c307d7395ff807f2921f12c5eb82131a789-erc20-spec.ini approve approve > /mnt/data0/jon/verified-smart-contracts/specs/java/erc20/buf/BoltToken_0xd5930c307d7395ff807f2921f12c5eb82131a789/approve-spec.k
python3 /mnt/data0/jon/verified-smart-contracts/resources/gen-spec.py ../module-tmpl.k ../spec-tmpl.k BoltToken_0xd5930c307d7395ff807f2921f12c5eb82131a789-erc20-spec.ini transfer-success-1 transfer-success-1 > /mnt/data0/jon/verified-smart-contracts/specs/java/erc20/buf/BoltToken_0xd5930c307d7395ff807f2921f12c5eb82131a789/transfer-success-1-spec.k
python3 /mnt/data0/jon/verified-smart-contracts/resources/gen-spec.py ../module-tmpl.k ../spec-tmpl.k BoltToken_0xd5930c307d7395ff807f2921f12c5eb82131a789-erc20-spec.ini transfer-success-2 transfer-success-2 > /mnt/data0/jon/verified-smart-contracts/specs/java/erc20/buf/BoltToken_0xd5930c307d7395ff807f2921f12c5eb82131a789/transfer-success-2-spec.k
python3 /mnt/data0/jon/verified-smart-contracts/resources/gen-spec.py ../module-tmpl.k ../spec-tmpl.k BoltToken_0xd5930c307d7395ff807f2921f12c5eb82131a789-erc20-spec.ini transfer-failure-1 transfer-failure-1 > /mnt/data0/jon/verified-smart-contracts/specs/java/erc20/buf/BoltToken_0xd5930c307d7395ff807f2921f12c5eb82131a789/transfer-failure-1-spec.k
python3 /mnt/data0/jon/verified-smart-contracts/resources/gen-spec.py ../module-tmpl.k ../spec-tmpl.k BoltToken_0xd5930c307d7395ff807f2921f12c5eb82131a789-erc20-spec.ini transfer-failure-2 transfer-failure-2 > /mnt/data0/jon/verified-smart-contracts/specs/java/erc20/buf/BoltToken_0xd5930c307d7395ff807f2921f12c5eb82131a789/transfer-failure-2-spec.k
python3 /mnt/data0/jon/verified-smart-contracts/resources/gen-spec.py ../module-tmpl.k ../spec-tmpl.k BoltToken_0xd5930c307d7395ff807f2921f12c5eb82131a789-erc20-spec.ini transferFrom-success-1 transferFrom-success-1 > /mnt/data0/jon/verified-smart-contracts/specs/java/erc20/buf/BoltToken_0xd5930c307d7395ff807f2921f12c5eb82131a789/transferFrom-success-1-spec.k
python3 /mnt/data0/jon/verified-smart-contracts/resources/gen-spec.py ../module-tmpl.k ../spec-tmpl.k BoltToken_0xd5930c307d7395ff807f2921f12c5eb82131a789-erc20-spec.ini transferFrom-success-2 transferFrom-success-2 > /mnt/data0/jon/verified-smart-contracts/specs/java/erc20/buf/BoltToken_0xd5930c307d7395ff807f2921f12c5eb82131a789/transferFrom-success-2-spec.k
python3 /mnt/data0/jon/verified-smart-contracts/resources/gen-spec.py ../module-tmpl.k ../spec-tmpl.k BoltToken_0xd5930c307d7395ff807f2921f12c5eb82131a789-erc20-spec.ini transferFrom-failure-1 transferFrom-failure-1 > /mnt/data0/jon/verified-smart-contracts/specs/java/erc20/buf/BoltToken_0xd5930c307d7395ff807f2921f12c5eb82131a789/transferFrom-failure-1-spec.k
python3 /mnt/data0/jon/verified-smart-contracts/resources/gen-spec.py ../module-tmpl.k ../spec-tmpl.k BoltToken_0xd5930c307d7395ff807f2921f12c5eb82131a789-erc20-spec.ini transferFrom-failure-2 transferFrom-failure-2 > /mnt/data0/jon/verified-smart-contracts/specs/java/erc20/buf/BoltToken_0xd5930c307d7395ff807f2921f12c5eb82131a789/transferFrom-failure-2-spec.k
make: Leaving directory '/mnt/data0/jon/verified-smart-contracts/erc20/BoltToken_0xd5930c307d7395ff807f2921f12c5eb82131a789'
Proved: totalSupply -- 288.978
Proved: balanceOf -- 362.672
Proved: allowance -- 335.608
Failed: approve -- 318.762
Failed: transfer-success-1 -- 393.461
Proved: transfer-success-2 -- 318.065
Proved: transfer-failure-1 -- 352.974
Proved: transfer-failure-2 -- 354.278
Failed: transferFrom-success-1 -- 361.485
Failed: transferFrom-success-2 -- 423.316
Proved: transferFrom-failure-1 -- 360.049
Proved: transferFrom-failure-2 -- 410.381
Proved 8 out of 12 specs
/mnt/data0/jon/verified-smart-contracts/erc20/BT_0xBC52a198619553fc1A0F925bB5B2E6EfaA9e45F1/solc_out/BT.bin-runtime
make: Entering directory '/mnt/data0/jon/verified-smart-contracts/erc20/BT_0xBC52a198619553fc1A0F925bB5B2E6EfaA9e45F1'
python3 /mnt/data0/jon/verified-smart-contracts/resources/gen-spec.py ../module-tmpl.k ../spec-tmpl.k BT_0xBC52a198619553fc1A0F925bB5B2E6EfaA9e45F1-erc20-spec.ini totalSupply totalSupply > /mnt/data0/jon/verified-smart-contracts/specs/java/erc20/buf/BT_0xBC52a198619553fc1A0F925bB5B2E6EfaA9e45F1/totalSupply-spec.k
python3 /mnt/data0/jon/verified-smart-contracts/resources/gen-spec.py ../module-tmpl.k ../spec-tmpl.k BT_0xBC52a198619553fc1A0F925bB5B2E6EfaA9e45F1-erc20-spec.ini balanceOf balanceOf > /mnt/data0/jon/verified-smart-contracts/specs/java/erc20/buf/BT_0xBC52a198619553fc1A0F925bB5B2E6EfaA9e45F1/balanceOf-spec.k
python3 /mnt/data0/jon/verified-smart-contracts/resources/gen-spec.py ../module-tmpl.k ../spec-tmpl.k BT_0xBC52a198619553fc1A0F925bB5B2E6EfaA9e45F1-erc20-spec.ini allowance allowance > /mnt/data0/jon/verified-smart-contracts/specs/java/erc20/buf/BT_0xBC52a198619553fc1A0F925bB5B2E6EfaA9e45F1/allowance-spec.k
python3 /mnt/data0/jon/verified-smart-contracts/resources/gen-spec.py ../module-tmpl.k ../spec-tmpl.k BT_0xBC52a198619553fc1A0F925bB5B2E6EfaA9e45F1-erc20-spec.ini approve approve > /mnt/data0/jon/verified-smart-contracts/specs/java/erc20/buf/BT_0xBC52a198619553fc1A0F925bB5B2E6EfaA9e45F1/approve-spec.k
python3 /mnt/data0/jon/verified-smart-contracts/resources/gen-spec.py ../module-tmpl.k ../spec-tmpl.k BT_0xBC52a198619553fc1A0F925bB5B2E6EfaA9e45F1-erc20-spec.ini transfer-success-1 transfer-success-1 > /mnt/data0/jon/verified-smart-contracts/specs/java/erc20/buf/BT_0xBC52a198619553fc1A0F925bB5B2E6EfaA9e45F1/transfer-success-1-spec.k
python3 /mnt/data0/jon/verified-smart-contracts/resources/gen-spec.py ../module-tmpl.k ../spec-tmpl.k BT_0xBC52a198619553fc1A0F925bB5B2E6EfaA9e45F1-erc20-spec.ini transfer-success-2 transfer-success-2 > /mnt/data0/jon/verified-smart-contracts/specs/java/erc20/buf/BT_0xBC52a198619553fc1A0F925bB5B2E6EfaA9e45F1/transfer-success-2-spec.k
python3 /mnt/data0/jon/verified-smart-contracts/resources/gen-spec.py ../module-tmpl.k ../spec-tmpl.k BT_0xBC52a198619553fc1A0F925bB5B2E6EfaA9e45F1-erc20-spec.ini transfer-failure-1 transfer-failure-1 > /mnt/data0/jon/verified-smart-contracts/specs/java/erc20/buf/BT_0xBC52a198619553fc1A0F925bB5B2E6EfaA9e45F1/transfer-failure-1-spec.k
python3 /mnt/data0/jon/verified-smart-contracts/resources/gen-spec.py ../module-tmpl.k ../spec-tmpl.k BT_0xBC52a198619553fc1A0F925bB5B2E6EfaA9e45F1-erc20-spec.ini transfer-failure-2 transfer-failure-2 > /mnt/data0/jon/verified-smart-contracts/specs/java/erc20/buf/BT_0xBC52a198619553fc1A0F925bB5B2E6EfaA9e45F1/transfer-failure-2-spec.k
python3 /mnt/data0/jon/verified-smart-contracts/resources/gen-spec.py ../module-tmpl.k ../spec-tmpl.k BT_0xBC52a198619553fc1A0F925bB5B2E6EfaA9e45F1-erc20-spec.ini transferFrom-success-1 transferFrom-success-1 > /mnt/data0/jon/verified-smart-contracts/specs/java/erc20/buf/BT_0xBC52a198619553fc1A0F925bB5B2E6EfaA9e45F1/transferFrom-success-1-spec.k
python3 /mnt/data0/jon/verified-smart-contracts/resources/gen-spec.py ../module-tmpl.k ../spec-tmpl.k BT_0xBC52a198619553fc1A0F925bB5B2E6EfaA9e45F1-erc20-spec.ini transferFrom-success-2 transferFrom-success-2 > /mnt/data0/jon/verified-smart-contracts/specs/java/erc20/buf/BT_0xBC52a198619553fc1A0F925bB5B2E6EfaA9e45F1/transferFrom-success-2-spec.k
python3 /mnt/data0/jon/verified-smart-contracts/resources/gen-spec.py ../module-tmpl.k ../spec-tmpl.k BT_0xBC52a198619553fc1A0F925bB5B2E6EfaA9e45F1-erc20-spec.ini transferFrom-failure-1 transferFrom-failure-1 > /mnt/data0/jon/verified-smart-contracts/specs/java/erc20/buf/BT_0xBC52a198619553fc1A0F925bB5B2E6EfaA9e45F1/transferFrom-failure-1-spec.k
python3 /mnt/data0/jon/verified-smart-contracts/resources/gen-spec.py ../module-tmpl.k ../spec-tmpl.k BT_0xBC52a198619553fc1A0F925bB5B2E6EfaA9e45F1-erc20-spec.ini transferFrom-failure-2 transferFrom-failure-2 > /mnt/data0/jon/verified-smart-contracts/specs/java/erc20/buf/BT_0xBC52a198619553fc1A0F925bB5B2E6EfaA9e45F1/transferFrom-failure-2-spec.k
make: Leaving directory '/mnt/data0/jon/verified-smart-contracts/erc20/BT_0xBC52a198619553fc1A0F925bB5B2E6EfaA9e45F1'
Proved: totalSupply -- 268.167
Proved: balanceOf -- 286.238
Proved: allowance -- 337.127
Failed: approve -- 283.357
Failed: transfer-success-1 -- 291.956
Proved: transfer-success-2 -- 331.074
Proved: transfer-failure-1 -- 268.534
Proved: transfer-failure-2 -- 251.794
Failed: transferFrom-success-1 -- 279.050
Failed: transferFrom-success-2 -- 284.642
Proved: transferFrom-failure-1 -- 274.715
Proved: transferFrom-failure-2 -- 262.201
Proved 8 out of 12 specs
/mnt/data0/jon/verified-smart-contracts/erc20/BytecoinBlack_ERC20_0x441e2c4eb49c00f835b9d2de1aa59f27b69f949f/solc_out/BytecoinBlack_ERC20.bin-runtime
make: Entering directory '/mnt/data0/jon/verified-smart-contracts/erc20/BytecoinBlack_ERC20_0x441e2c4eb49c00f835b9d2de1aa59f27b69f949f'
python3 /mnt/data0/jon/verified-smart-contracts/resources/gen-spec.py ../module-tmpl.k ../spec-tmpl.k BytecoinBlack_ERC20_0x441e2c4eb49c00f835b9d2de1aa59f27b69f949f-erc20-spec.ini totalSupply totalSupply > /mnt/data0/jon/verified-smart-contracts/specs/java/erc20/buf/BytecoinBlack_ERC20_0x441e2c4eb49c00f835b9d2de1aa59f27b69f949f/totalSupply-spec.k
python3 /mnt/data0/jon/verified-smart-contracts/resources/gen-spec.py ../module-tmpl.k ../spec-tmpl.k BytecoinBlack_ERC20_0x441e2c4eb49c00f835b9d2de1aa59f27b69f949f-erc20-spec.ini balanceOf balanceOf > /mnt/data0/jon/verified-smart-contracts/specs/java/erc20/buf/BytecoinBlack_ERC20_0x441e2c4eb49c00f835b9d2de1aa59f27b69f949f/balanceOf-spec.k
python3 /mnt/data0/jon/verified-smart-contracts/resources/gen-spec.py ../module-tmpl.k ../spec-tmpl.k BytecoinBlack_ERC20_0x441e2c4eb49c00f835b9d2de1aa59f27b69f949f-erc20-spec.ini allowance allowance > /mnt/data0/jon/verified-smart-contracts/specs/java/erc20/buf/BytecoinBlack_ERC20_0x441e2c4eb49c00f835b9d2de1aa59f27b69f949f/allowance-spec.k
python3 /mnt/data0/jon/verified-smart-contracts/resources/gen-spec.py ../module-tmpl.k ../spec-tmpl.k BytecoinBlack_ERC20_0x441e2c4eb49c00f835b9d2de1aa59f27b69f949f-erc20-spec.ini approve approve > /mnt/data0/jon/verified-smart-contracts/specs/java/erc20/buf/BytecoinBlack_ERC20_0x441e2c4eb49c00f835b9d2de1aa59f27b69f949f/approve-spec.k
python3 /mnt/data0/jon/verified-smart-contracts/resources/gen-spec.py ../module-tmpl.k ../spec-tmpl.k BytecoinBlack_ERC20_0x441e2c4eb49c00f835b9d2de1aa59f27b69f949f-erc20-spec.ini transfer-success-1 transfer-success-1 > /mnt/data0/jon/verified-smart-contracts/specs/java/erc20/buf/BytecoinBlack_ERC20_0x441e2c4eb49c00f835b9d2de1aa59f27b69f949f/transfer-success-1-spec.k
python3 /mnt/data0/jon/verified-smart-contracts/resources/gen-spec.py ../module-tmpl.k ../spec-tmpl.k BytecoinBlack_ERC20_0x441e2c4eb49c00f835b9d2de1aa59f27b69f949f-erc20-spec.ini transfer-success-2 transfer-success-2 > /mnt/data0/jon/verified-smart-contracts/specs/java/erc20/buf/BytecoinBlack_ERC20_0x441e2c4eb49c00f835b9d2de1aa59f27b69f949f/transfer-success-2-spec.k
python3 /mnt/data0/jon/verified-smart-contracts/resources/gen-spec.py ../module-tmpl.k ../spec-tmpl.k BytecoinBlack_ERC20_0x441e2c4eb49c00f835b9d2de1aa59f27b69f949f-erc20-spec.ini transfer-failure-1 transfer-failure-1 > /mnt/data0/jon/verified-smart-contracts/specs/java/erc20/buf/BytecoinBlack_ERC20_0x441e2c4eb49c00f835b9d2de1aa59f27b69f949f/transfer-failure-1-spec.k
python3 /mnt/data0/jon/verified-smart-contracts/resources/gen-spec.py ../module-tmpl.k ../spec-tmpl.k BytecoinBlack_ERC20_0x441e2c4eb49c00f835b9d2de1aa59f27b69f949f-erc20-spec.ini transfer-failure-2 transfer-failure-2 > /mnt/data0/jon/verified-smart-contracts/specs/java/erc20/buf/BytecoinBlack_ERC20_0x441e2c4eb49c00f835b9d2de1aa59f27b69f949f/transfer-failure-2-spec.k
python3 /mnt/data0/jon/verified-smart-contracts/resources/gen-spec.py ../module-tmpl.k ../spec-tmpl.k BytecoinBlack_ERC20_0x441e2c4eb49c00f835b9d2de1aa59f27b69f949f-erc20-spec.ini transferFrom-success-1 transferFrom-success-1 > /mnt/data0/jon/verified-smart-contracts/specs/java/erc20/buf/BytecoinBlack_ERC20_0x441e2c4eb49c00f835b9d2de1aa59f27b69f949f/transferFrom-success-1-spec.k
python3 /mnt/data0/jon/verified-smart-contracts/resources/gen-spec.py ../module-tmpl.k ../spec-tmpl.k BytecoinBlack_ERC20_0x441e2c4eb49c00f835b9d2de1aa59f27b69f949f-erc20-spec.ini transferFrom-success-2 transferFrom-success-2 > /mnt/data0/jon/verified-smart-contracts/specs/java/erc20/buf/BytecoinBlack_ERC20_0x441e2c4eb49c00f835b9d2de1aa59f27b69f949f/transferFrom-success-2-spec.k
python3 /mnt/data0/jon/verified-smart-contracts/resources/gen-spec.py ../module-tmpl.k ../spec-tmpl.k BytecoinBlack_ERC20_0x441e2c4eb49c00f835b9d2de1aa59f27b69f949f-erc20-spec.ini transferFrom-failure-1 transferFrom-failure-1 > /mnt/data0/jon/verified-smart-contracts/specs/java/erc20/buf/BytecoinBlack_ERC20_0x441e2c4eb49c00f835b9d2de1aa59f27b69f949f/transferFrom-failure-1-spec.k
python3 /mnt/data0/jon/verified-smart-contracts/resources/gen-spec.py ../module-tmpl.k ../spec-tmpl.k BytecoinBlack_ERC20_0x441e2c4eb49c00f835b9d2de1aa59f27b69f949f-erc20-spec.ini transferFrom-failure-2 transferFrom-failure-2 > /mnt/data0/jon/verified-smart-contracts/specs/java/erc20/buf/BytecoinBlack_ERC20_0x441e2c4eb49c00f835b9d2de1aa59f27b69f949f/transferFrom-failure-2-spec.k
make: Leaving directory '/mnt/data0/jon/verified-smart-contracts/erc20/BytecoinBlack_ERC20_0x441e2c4eb49c00f835b9d2de1aa59f27b69f949f'
/mnt/data0/jon/verified-smart-contracts/erc20/CabGoldToken_0x8255d6f2c09b64a1358ec465e0314392b500bdab/solc_out/CabGoldToken.bin-runtime
make: Entering directory '/mnt/data0/jon/verified-smart-contracts/erc20/CabGoldToken_0x8255d6f2c09b64a1358ec465e0314392b500bdab'
python3 /mnt/data0/jon/verified-smart-contracts/resources/gen-spec.py ../module-tmpl.k ../spec-tmpl.k CabGoldToken_0x8255d6f2c09b64a1358ec465e0314392b500bdab-erc20-spec.ini totalSupply totalSupply > /mnt/data0/jon/verified-smart-contracts/specs/java/erc20/buf/CabGoldToken_0x8255d6f2c09b64a1358ec465e0314392b500bdab/totalSupply-spec.k
python3 /mnt/data0/jon/verified-smart-contracts/resources/gen-spec.py ../module-tmpl.k ../spec-tmpl.k CabGoldToken_0x8255d6f2c09b64a1358ec465e0314392b500bdab-erc20-spec.ini balanceOf balanceOf > /mnt/data0/jon/verified-smart-contracts/specs/java/erc20/buf/CabGoldToken_0x8255d6f2c09b64a1358ec465e0314392b500bdab/balanceOf-spec.k
python3 /mnt/data0/jon/verified-smart-contracts/resources/gen-spec.py ../module-tmpl.k ../spec-tmpl.k CabGoldToken_0x8255d6f2c09b64a1358ec465e0314392b500bdab-erc20-spec.ini allowance allowance > /mnt/data0/jon/verified-smart-contracts/specs/java/erc20/buf/CabGoldToken_0x8255d6f2c09b64a1358ec465e0314392b500bdab/allowance-spec.k
python3 /mnt/data0/jon/verified-smart-contracts/resources/gen-spec.py ../module-tmpl.k ../spec-tmpl.k CabGoldToken_0x8255d6f2c09b64a1358ec465e0314392b500bdab-erc20-spec.ini approve approve > /mnt/data0/jon/verified-smart-contracts/specs/java/erc20/buf/CabGoldToken_0x8255d6f2c09b64a1358ec465e0314392b500bdab/approve-spec.k
python3 /mnt/data0/jon/verified-smart-contracts/resources/gen-spec.py ../module-tmpl.k ../spec-tmpl.k CabGoldToken_0x8255d6f2c09b64a1358ec465e0314392b500bdab-erc20-spec.ini transfer-success-1 transfer-success-1 > /mnt/data0/jon/verified-smart-contracts/specs/java/erc20/buf/CabGoldToken_0x8255d6f2c09b64a1358ec465e0314392b500bdab/transfer-success-1-spec.k
python3 /mnt/data0/jon/verified-smart-contracts/resources/gen-spec.py ../module-tmpl.k ../spec-tmpl.k CabGoldToken_0x8255d6f2c09b64a1358ec465e0314392b500bdab-erc20-spec.ini transfer-success-2 transfer-success-2 > /mnt/data0/jon/verified-smart-contracts/specs/java/erc20/buf/CabGoldToken_0x8255d6f2c09b64a1358ec465e0314392b500bdab/transfer-success-2-spec.k
python3 /mnt/data0/jon/verified-smart-contracts/resources/gen-spec.py ../module-tmpl.k ../spec-tmpl.k CabGoldToken_0x8255d6f2c09b64a1358ec465e0314392b500bdab-erc20-spec.ini transfer-failure-1 transfer-failure-1 > /mnt/data0/jon/verified-smart-contracts/specs/java/erc20/buf/CabGoldToken_0x8255d6f2c09b64a1358ec465e0314392b500bdab/transfer-failure-1-spec.k
python3 /mnt/data0/jon/verified-smart-contracts/resources/gen-spec.py ../module-tmpl.k ../spec-tmpl.k CabGoldToken_0x8255d6f2c09b64a1358ec465e0314392b500bdab-erc20-spec.ini transfer-failure-2 transfer-failure-2 > /mnt/data0/jon/verified-smart-contracts/specs/java/erc20/buf/CabGoldToken_0x8255d6f2c09b64a1358ec465e0314392b500bdab/transfer-failure-2-spec.k
python3 /mnt/data0/jon/verified-smart-contracts/resources/gen-spec.py ../module-tmpl.k ../spec-tmpl.k CabGoldToken_0x8255d6f2c09b64a1358ec465e0314392b500bdab-erc20-spec.ini transferFrom-success-1 transferFrom-success-1 > /mnt/data0/jon/verified-smart-contracts/specs/java/erc20/buf/CabGoldToken_0x8255d6f2c09b64a1358ec465e0314392b500bdab/transferFrom-success-1-spec.k
python3 /mnt/data0/jon/verified-smart-contracts/resources/gen-spec.py ../module-tmpl.k ../spec-tmpl.k CabGoldToken_0x8255d6f2c09b64a1358ec465e0314392b500bdab-erc20-spec.ini transferFrom-success-2 transferFrom-success-2 > /mnt/data0/jon/verified-smart-contracts/specs/java/erc20/buf/CabGoldToken_0x8255d6f2c09b64a1358ec465e0314392b500bdab/transferFrom-success-2-spec.k
python3 /mnt/data0/jon/verified-smart-contracts/resources/gen-spec.py ../module-tmpl.k ../spec-tmpl.k CabGoldToken_0x8255d6f2c09b64a1358ec465e0314392b500bdab-erc20-spec.ini transferFrom-failure-1 transferFrom-failure-1 > /mnt/data0/jon/verified-smart-contracts/specs/java/erc20/buf/CabGoldToken_0x8255d6f2c09b64a1358ec465e0314392b500bdab/transferFrom-failure-1-spec.k
python3 /mnt/data0/jon/verified-smart-contracts/resources/gen-spec.py ../module-tmpl.k ../spec-tmpl.k CabGoldToken_0x8255d6f2c09b64a1358ec465e0314392b500bdab-erc20-spec.ini transferFrom-failure-2 transferFrom-failure-2 > /mnt/data0/jon/verified-smart-contracts/specs/java/erc20/buf/CabGoldToken_0x8255d6f2c09b64a1358ec465e0314392b500bdab/transferFrom-failure-2-spec.k
make: Leaving directory '/mnt/data0/jon/verified-smart-contracts/erc20/CabGoldToken_0x8255d6f2c09b64a1358ec465e0314392b500bdab'
/mnt/data0/jon/verified-smart-contracts/erc20/CHMC_0xc2165aa929e529b00d6dafb1634e09ee972a1647/solc_out/CHMC.bin-runtime
make: Entering directory '/mnt/data0/jon/verified-smart-contracts/erc20/CHMC_0xc2165aa929e529b00d6dafb1634e09ee972a1647'
python3 /mnt/data0/jon/verified-smart-contracts/resources/gen-spec.py ../module-tmpl.k ../spec-tmpl.k CHMC_0xc2165aa929e529b00d6dafb1634e09ee972a1647-erc20-spec.ini totalSupply totalSupply > /mnt/data0/jon/verified-smart-contracts/specs/java/erc20/buf/CHMC_0xc2165aa929e529b00d6dafb1634e09ee972a1647/totalSupply-spec.k
make: *** [/mnt/data0/jon/verified-smart-contracts/specs/java/erc20/buf/CHMC_0xc2165aa929e529b00d6dafb1634e09ee972a1647/totalSupply-spec.k] Interrupt
