benchmarks/ERC201//_0x_0x71e4b8de109428f999391eb3424d2cc87192e8ba.sol
SpecFilesDir = /mnt/data0/jon/SmartPulseTool/benchmarks/ERC201
... running Solc on /mnt/data0/jon/SmartPulseTool/benchmarks/ERC201//_0x_0x71e4b8de109428f999391eb3424d2cc87192e8ba.sol
/home/jon/.dotnet/tools/solc
... running SolToBoogie to translate Solidity to Boogie
Property totalsupply counterexample -- 4.00 s
Property balanceof verified -- 2.37 s
Property allowance verified -- 2.35 s
Property approve verified -- 2.50 s
Property transfer-normal verified -- 3.41 s
Property transfer-self verified -- 3.32 s
Property transfer-fail verified -- 2.51 s
Property transfer-self-fail verified -- 2.61 s
Property transferfrom-normal verified -- 3.90 s
Property transferfrom-self verified -- 3.81 s
Property transferfrom-fail verified -- 2.75 s
Property transferfrom-self-fail verified -- 2.48 s
Verified 11 out of 12 properties
1 counterexamples
0 exceptions
0 timed out
benchmarks/ERC201//_0x_0x8e9c3d1f30904e91764b7b8bbfda3a429b886874.sol
SpecFilesDir = /mnt/data0/jon/SmartPulseTool/benchmarks/ERC201
... running Solc on /mnt/data0/jon/SmartPulseTool/benchmarks/ERC201//_0x_0x8e9c3d1f30904e91764b7b8bbfda3a429b886874.sol
/home/jon/.dotnet/tools/solc
... running SolToBoogie to translate Solidity to Boogie
Property totalsupply counterexample -- 4.19 s
Property balanceof verified -- 2.27 s
Property allowance verified -- 2.36 s
Property approve verified -- 2.38 s
Property transfer-normal verified -- 3.43 s
Property transfer-self verified -- 3.30 s
Property transfer-fail verified -- 2.60 s
Property transfer-self-fail verified -- 2.49 s
Property transferfrom-normal verified -- 4.02 s
Property transferfrom-self verified -- 3.94 s
Property transferfrom-fail verified -- 2.65 s
Property transferfrom-self-fail verified -- 2.42 s
Verified 11 out of 12 properties
1 counterexamples
0 exceptions
0 timed out
benchmarks/ERC201//_0x_0x91f5f9c36b093907b0f99d1dbcf41aaf1db28916.sol
SpecFilesDir = /mnt/data0/jon/SmartPulseTool/benchmarks/ERC201
... running Solc on /mnt/data0/jon/SmartPulseTool/benchmarks/ERC201//_0x_0x91f5f9c36b093907b0f99d1dbcf41aaf1db28916.sol
/home/jon/.dotnet/tools/solc
... running SolToBoogie to translate Solidity to Boogie
Property totalsupply counterexample -- 4.02 s
Property balanceof verified -- 2.38 s
Property allowance verified -- 2.28 s
Property approve verified -- 2.43 s
Property transfer-normal verified -- 3.34 s
Property transfer-self verified -- 3.50 s
Property transfer-fail verified -- 2.66 s
Property transfer-self-fail verified -- 2.35 s
Property transferfrom-normal verified -- 3.90 s
Property transferfrom-self verified -- 3.72 s
Property transferfrom-fail verified -- 2.81 s
Property transferfrom-self-fail verified -- 2.36 s
Verified 11 out of 12 properties
1 counterexamples
0 exceptions
0 timed out
benchmarks/ERC201//_0x_0xac8491258d2d93228e8b49aac2e332a96f04e56c.sol
SpecFilesDir = /mnt/data0/jon/SmartPulseTool/benchmarks/ERC201
... running Solc on /mnt/data0/jon/SmartPulseTool/benchmarks/ERC201//_0x_0xac8491258d2d93228e8b49aac2e332a96f04e56c.sol
/home/jon/.dotnet/tools/solc
... running SolToBoogie to translate Solidity to Boogie
Property totalsupply counterexample -- 3.90 s
Property balanceof verified -- 2.50 s
Property allowance verified -- 2.38 s
Property approve verified -- 2.56 s
Property transfer-normal verified -- 3.48 s
Property transfer-self verified -- 3.18 s
Property transfer-fail verified -- 2.72 s
Property transfer-self-fail verified -- 2.32 s
Property transferfrom-normal verified -- 4.03 s
Property transferfrom-self verified -- 3.87 s
Property transferfrom-fail verified -- 2.82 s
Property transferfrom-self-fail verified -- 2.55 s
Verified 11 out of 12 properties
1 counterexamples
0 exceptions
0 timed out
benchmarks/ERC201//_0xEthereumToken_0x716523231368d43bdfe1f06afe1c62930731ab13.sol
SpecFilesDir = /mnt/data0/jon/SmartPulseTool/benchmarks/ERC201
... running Solc on /mnt/data0/jon/SmartPulseTool/benchmarks/ERC201//_0xEthereumToken_0x716523231368d43bdfe1f06afe1c62930731ab13.sol
/home/jon/.dotnet/tools/solc
... running SolToBoogie to translate Solidity to Boogie
Property totalsupply counterexample -- 4.24 s
Property balanceof verified -- 2.48 s
Property allowance verified -- 2.44 s
Property approve verified -- 2.54 s
Property transfer-normal verified -- 3.41 s
Property transfer-self verified -- 3.19 s
Property transfer-fail verified -- 2.60 s
Property transfer-self-fail verified -- 2.49 s
Property transferfrom-normal verified -- 4.26 s
Property transferfrom-self verified -- 4.20 s
Property transferfrom-fail verified -- 2.57 s
Property transferfrom-self-fail verified -- 2.60 s
Verified 11 out of 12 properties
1 counterexamples
0 exceptions
0 timed out
benchmarks/ERC201//_0xMoneroToken_0x035df12e0f3ac6671126525f1015e47d79dfeddf.sol
SpecFilesDir = /mnt/data0/jon/SmartPulseTool/benchmarks/ERC201
... running Solc on /mnt/data0/jon/SmartPulseTool/benchmarks/ERC201//_0xMoneroToken_0x035df12e0f3ac6671126525f1015e47d79dfeddf.sol
/home/jon/.dotnet/tools/solc
... running SolToBoogie to translate Solidity to Boogie
Property totalsupply counterexample -- 4.06 s
Property balanceof verified -- 2.27 s
Property allowance verified -- 2.27 s
Property approve verified -- 2.37 s
Property transfer-normal verified -- 3.54 s
Property transfer-self verified -- 3.26 s
Property transfer-fail verified -- 2.64 s
Property transfer-self-fail verified -- 2.27 s
Property transferfrom-normal verified -- 3.89 s
Property transferfrom-self verified -- 4.07 s
Property transferfrom-fail verified -- 2.70 s
Property transferfrom-self-fail verified -- 2.44 s
Verified 11 out of 12 properties
1 counterexamples
0 exceptions
0 timed out
benchmarks/ERC201//AirBasicToken_0xd1ccc390f181a38faab2c818d19c5a68ba9251b7.sol
SpecFilesDir = /mnt/data0/jon/SmartPulseTool/benchmarks/ERC201
... running Solc on /mnt/data0/jon/SmartPulseTool/benchmarks/ERC201//AirBasicToken_0xd1ccc390f181a38faab2c818d19c5a68ba9251b7.sol
/home/jon/.dotnet/tools/solc
... running SolToBoogie to translate Solidity to Boogie
Property totalsupply verified -- 2.77 s
Property balanceof verified -- 2.82 s
Property allowance verified -- 2.90 s
Property approve verified -- 2.88 s
Property transfer-normal counterexample -- 5.28 s
Property transfer-self counterexample -- 4.51 s
Property transfer-fail verified -- 3.06 s
Property transfer-self-fail verified -- 2.85 s
Property transferfrom-normal counterexample -- 12.12 s
Property transferfrom-self counterexample -- 8.09 s
Property transferfrom-fail verified -- 3.23 s
Property transferfrom-self-fail verified -- 3.08 s
Verified 8 out of 12 properties
4 counterexamples
0 exceptions
0 timed out
benchmarks/ERC201//ALFA_0xfacd9086c6647c589e6c39dddfecf9cea40d92aa.sol
SpecFilesDir = /mnt/data0/jon/SmartPulseTool/benchmarks/ERC201
... running Solc on /mnt/data0/jon/SmartPulseTool/benchmarks/ERC201//ALFA_0xfacd9086c6647c589e6c39dddfecf9cea40d92aa.sol
/home/jon/.dotnet/tools/solc
... running SolToBoogie to translate Solidity to Boogie
Property totalsupply verified -- 2.87 s
Property balanceof verified -- 2.61 s
Property allowance verified -- 2.61 s
Property approve counterexample -- 6.21 s
Property transfer-normal counterexample -- 6.32 s
Property transfer-self counterexample -- 9.36 s
Property transfer-fail counterexample -- 11.35 s
Property transfer-self-fail verified -- 4.38 s
Property transferfrom-normal counterexample -- 10.43 s
Property transferfrom-self counterexample -- 10.40 s
Property transferfrom-fail counterexample -- 18.64 s
Property transferfrom-self-fail counterexample -- 11.21 s
Verified 4 out of 12 properties
8 counterexamples
0 exceptions
0 timed out
benchmarks/ERC201//AlitaToken_0x7f509e1a5114073adcab062ef26a199511926071.sol
SpecFilesDir = /mnt/data0/jon/SmartPulseTool/benchmarks/ERC201
... running Solc on /mnt/data0/jon/SmartPulseTool/benchmarks/ERC201//AlitaToken_0x7f509e1a5114073adcab062ef26a199511926071.sol
/home/jon/.dotnet/tools/solc
... running SolToBoogie to translate Solidity to Boogie
Property totalsupply verified -- 3.29 s
Property balanceof verified -- 3.06 s
Property allowance counterexample -- 4.56 s
Property approve counterexample -- 6.24 s
Property transfer-normal counterexample -- 6.15 s
Property transfer-self counterexample -- 4.58 s
Property transfer-fail counterexample -- 7.59 s
Property transfer-self-fail counterexample -- 5.36 s
Property transferfrom-normal counterexample -- 360.83 s
Property transferfrom-self counterexample -- 9.50 s
Property transferfrom-fail counterexample -- 12.15 s
Property transferfrom-self-fail counterexample -- 8.34 s
Verified 2 out of 12 properties
10 counterexamples
0 exceptions
0 timed out
benchmarks/ERC201//AssembleToken_0x2565ae0385659badcada1031db704442e1b69982.sol
SpecFilesDir = /mnt/data0/jon/SmartPulseTool/benchmarks/ERC201
... running Solc on /mnt/data0/jon/SmartPulseTool/benchmarks/ERC201//AssembleToken_0x2565ae0385659badcada1031db704442e1b69982.sol
/home/jon/.dotnet/tools/solc
... running SolToBoogie to translate Solidity to Boogie
Property totalsupply verified -- 2.46 s
Property balanceof verified -- 2.42 s
Property allowance verified -- 2.52 s
Property approve counterexample -- 11.45 s
Property transfer-normal counterexample -- 8.14 s
Property transfer-self counterexample -- 7.37 s
Property transfer-fail verified -- 2.77 s
Property transfer-self-fail verified -- 2.62 s
Property transferfrom-normal counterexample -- 25.03 s
Property transferfrom-self counterexample -- 21.57 s
Property transferfrom-fail verified -- 2.81 s
Property transferfrom-self-fail verified -- 2.38 s
Verified 7 out of 12 properties
5 counterexamples
0 exceptions
0 timed out
benchmarks/ERC201//BATG_0xff759254e578bc7f725428cecb612a502e604f42.sol
SpecFilesDir = /mnt/data0/jon/SmartPulseTool/benchmarks/ERC201
... running Solc on /mnt/data0/jon/SmartPulseTool/benchmarks/ERC201//BATG_0xff759254e578bc7f725428cecb612a502e604f42.sol
/home/jon/.dotnet/tools/solc
... running SolToBoogie to translate Solidity to Boogie
Property totalsupply counterexample -- 3.98 s
Property balanceof verified -- 2.44 s
Property allowance verified -- 2.35 s
Property approve verified -- 2.39 s
Property transfer-normal verified -- 3.61 s
Property transfer-self verified -- 2.98 s
Property transfer-fail verified -- 2.47 s
Property transfer-self-fail verified -- 2.32 s
Property transferfrom-normal verified -- 4.83 s
Property transferfrom-self verified -- 3.91 s
Property transferfrom-fail verified -- 2.76 s
Property transferfrom-self-fail verified -- 2.46 s
Verified 11 out of 12 properties
1 counterexamples
0 exceptions
0 timed out
benchmarks/ERC201//BazToken_0xb020ed54651831878e5c967e0953a900786178f9.sol
SpecFilesDir = /mnt/data0/jon/SmartPulseTool/benchmarks/ERC201
... running Solc on /mnt/data0/jon/SmartPulseTool/benchmarks/ERC201//BazToken_0xb020ed54651831878e5c967e0953a900786178f9.sol
/home/jon/.dotnet/tools/solc
... running SolToBoogie to translate Solidity to Boogie
Property totalsupply counterexample -- 3.23 s
Property balanceof verified -- 2.29 s
Property allowance verified -- 2.41 s
Property approve verified -- 2.47 s
Property transfer-normal verified -- 3.54 s
Property transfer-self verified -- 3.35 s
Property transfer-fail verified -- 2.67 s
Property transfer-self-fail verified -- 2.23 s
Property transferfrom-normal verified -- 3.88 s
Property transferfrom-self verified -- 4.14 s
Property transferfrom-fail verified -- 2.74 s
Property transferfrom-self-fail verified -- 2.47 s
Verified 11 out of 12 properties
1 counterexamples
0 exceptions
0 timed out
benchmarks/ERC201//BDCoin_0x37c888dabf0c1bebbe917e890b054ae7739fc8c4.sol
SpecFilesDir = /mnt/data0/jon/SmartPulseTool/benchmarks/ERC201
... running Solc on /mnt/data0/jon/SmartPulseTool/benchmarks/ERC201//BDCoin_0x37c888dabf0c1bebbe917e890b054ae7739fc8c4.sol
/home/jon/.dotnet/tools/solc
... running SolToBoogie to translate Solidity to Boogie
Property totalsupply verified -- 2.40 s
Property balanceof verified -- 2.29 s
Property allowance verified -- 2.35 s
Property approve counterexample -- 4.87 s
Property transfer-normal counterexample -- 4.22 s
Property transfer-self verified -- 3.57 s
Property transfer-fail verified -- 2.89 s
Property transfer-self-fail verified -- 2.49 s
Property transferfrom-normal counterexample -- 6.14 s
Property transferfrom-self counterexample -- 5.72 s
Property transferfrom-fail verified -- 2.83 s
Property transferfrom-self-fail verified -- 2.65 s
Verified 8 out of 12 properties
4 counterexamples
0 exceptions
0 timed out
benchmarks/ERC201//BLY_0xf8aD7dFe656188A23e89da09506Adf7ad9290D5d.sol
SpecFilesDir = /mnt/data0/jon/SmartPulseTool/benchmarks/ERC201
... running Solc on /mnt/data0/jon/SmartPulseTool/benchmarks/ERC201//BLY_0xf8aD7dFe656188A23e89da09506Adf7ad9290D5d.sol
/home/jon/.dotnet/tools/solc
... running SolToBoogie to translate Solidity to Boogie
Warning!!: Only handle delete for scalars and arrays, found struct BLY.LockInfo storage ref
Property totalsupply verified -- 3.56 s
Property balanceof counterexample -- 5.79 s
Property allowance verified -- 3.51 s
Property approve counterexample -- 7.33 s
Property transfer-normal counterexample -- 6.69 s
Property transfer-self counterexample -- 6.14 s
Property transfer-fail counterexample -- 12.69 s
Property transfer-self-fail counterexample -- 12.08 s
Property transferfrom-normal counterexample -- 14.97 s
Property transferfrom-self counterexample -- 10.85 s
Property transferfrom-fail counterexample -- 15.84 s
Property transferfrom-self-fail counterexample -- 15.00 s
Verified 2 out of 12 properties
10 counterexamples
0 exceptions
0 timed out
benchmarks/ERC201//BNS_0x695106ad73f506f9d0a9650a78019a93149ae07c.sol
SpecFilesDir = /mnt/data0/jon/SmartPulseTool/benchmarks/ERC201
... running Solc on /mnt/data0/jon/SmartPulseTool/benchmarks/ERC201//BNS_0x695106ad73f506f9d0a9650a78019a93149ae07c.sol
/home/jon/.dotnet/tools/solc
... running SolToBoogie to translate Solidity to Boogie
Property totalsupply verified -- 2.53 s
Property balanceof verified -- 2.52 s
Property allowance verified -- 2.33 s
Property approve counterexample -- 4.31 s
Property transfer-normal counterexample -- 4.17 s
Property transfer-self verified -- 3.92 s
Property transfer-fail verified -- 2.68 s
Property transfer-self-fail verified -- 2.61 s
Property transferfrom-normal counterexample -- 6.97 s
Property transferfrom-self counterexample -- 5.79 s
Property transferfrom-fail verified -- 2.78 s
Property transferfrom-self-fail verified -- 2.65 s
Verified 8 out of 12 properties
4 counterexamples
0 exceptions
0 timed out
benchmarks/ERC201//BoltToken_0xd5930c307d7395ff807f2921f12c5eb82131a789.sol
SpecFilesDir = /mnt/data0/jon/SmartPulseTool/benchmarks/ERC201
... running Solc on /mnt/data0/jon/SmartPulseTool/benchmarks/ERC201//BoltToken_0xd5930c307d7395ff807f2921f12c5eb82131a789.sol
/home/jon/.dotnet/tools/solc
... running SolToBoogie to translate Solidity to Boogie
Property totalsupply verified -- 2.52 s
Property balanceof verified -- 2.49 s
Property allowance verified -- 2.61 s
Property approve counterexample -- 5.19 s
Property transfer-normal counterexample -- 4.75 s
Property transfer-self verified -- 4.21 s
Property transfer-fail verified -- 2.47 s
Property transfer-self-fail verified -- 3.06 s
Property transferfrom-normal counterexample -- 6.29 s
Property transferfrom-self counterexample -- 6.08 s
Property transferfrom-fail verified -- 3.42 s
Property transferfrom-self-fail verified -- 2.96 s
Verified 8 out of 12 properties
4 counterexamples
0 exceptions
0 timed out
benchmarks/ERC201//BT_0xBC52a198619553fc1A0F925bB5B2E6EfaA9e45F1.sol
SpecFilesDir = /mnt/data0/jon/SmartPulseTool/benchmarks/ERC201
... running Solc on /mnt/data0/jon/SmartPulseTool/benchmarks/ERC201//BT_0xBC52a198619553fc1A0F925bB5B2E6EfaA9e45F1.sol
/home/jon/.dotnet/tools/solc
... running SolToBoogie to translate Solidity to Boogie
Property totalsupply verified -- 2.22 s
Property balanceof verified -- 2.28 s
Property allowance verified -- 2.02 s
Property approve counterexample -- 4.35 s
Property transfer-normal counterexample -- 4.12 s
Property transfer-self verified -- 3.46 s
Property transfer-fail verified -- 2.43 s
Property transfer-self-fail verified -- 2.25 s
Property transferfrom-normal counterexample -- 8.66 s
Property transferfrom-self counterexample -- 5.50 s
Property transferfrom-fail verified -- 2.67 s
Property transferfrom-self-fail verified -- 2.25 s
Verified 8 out of 12 properties
4 counterexamples
0 exceptions
0 timed out
