benchmarks/ERC20//JUSToken_0x14ca41eecd7d81d5d13098586c0d2314eba285be.sol
SpecFilesDir = /mnt/data0/jon/SmartPulseTool/benchmarks/ERC20
... running Solc on /mnt/data0/jon/SmartPulseTool/benchmarks/ERC20//JUSToken_0x14ca41eecd7d81d5d13098586c0d2314eba285be.sol
/home/jon/.dotnet/tools/solc
... running SolToBoogie to translate Solidity to Boogie
Property totalsupply verified -- 2.09 s
Property balanceof verified -- 1.92 s
Property allowance verified -- 1.98 s
Property approve verified -- 2.14 s
Property transfer-normal exception -- .09 s
Property transfer-self exception -- .11 s
Property transfer-fail verified -- 2.18 s
Property transfer-self-fail verified -- 2.16 s
Property transferfrom-normal counterexample -- 26.12 s
Property transferfrom-self counterexample -- 12.74 s
Property transferfrom-fail verified -- 2.22 s
Property transferfrom-self-fail verified -- 2.17 s
Verified 8 out of 12 properties
2 counterexamples
2 exceptions
0 timed out
benchmarks/ERC20//KardiachainToken_0xbd6467a31899590474ce1e84f70594c53d628e46.sol
SpecFilesDir = /mnt/data0/jon/SmartPulseTool/benchmarks/ERC20
... running Solc on /mnt/data0/jon/SmartPulseTool/benchmarks/ERC20//KardiachainToken_0xbd6467a31899590474ce1e84f70594c53d628e46.sol
/home/jon/.dotnet/tools/solc
... running SolToBoogie to translate Solidity to Boogie
Property totalsupply verified -- 2.66 s
Property balanceof verified -- 2.79 s
Property allowance verified -- 2.72 s
Property approve counterexample -- 5.10 s
Property transfer-normal counterexample -- 4.71 s
Property transfer-self counterexample -- 4.35 s
Property transfer-fail verified -- 2.92 s
Property transfer-self-fail verified -- 2.52 s
Property transferfrom-normal counterexample -- 10.10 s
Property transferfrom-self counterexample -- 8.03 s
Property transferfrom-fail verified -- 3.29 s
Property transferfrom-self-fail verified -- 3.06 s
Verified 7 out of 12 properties
5 counterexamples
0 exceptions
0 timed out
benchmarks/ERC20//KECToken_0x7825adf319ed717f8402b439c41c7f7e4f061d14.sol
SpecFilesDir = /mnt/data0/jon/SmartPulseTool/benchmarks/ERC20
... running Solc on /mnt/data0/jon/SmartPulseTool/benchmarks/ERC20//KECToken_0x7825adf319ed717f8402b439c41c7f7e4f061d14.sol
/home/jon/.dotnet/tools/solc
... running SolToBoogie to translate Solidity to Boogie
Property totalsupply verified -- 2.12 s
Property balanceof verified -- 2.12 s
Property allowance verified -- 2.12 s
Property approve counterexample -- 4.32 s
Property transfer-normal counterexample -- 4.06 s
Property transfer-self counterexample -- 3.98 s
Property transfer-fail verified -- 2.40 s
Property transfer-self-fail verified -- 2.19 s
Property transferfrom-normal counterexample -- 7.81 s
Property transferfrom-self counterexample -- 6.44 s
Property transferfrom-fail verified -- 2.63 s
Property transferfrom-self-fail verified -- 2.23 s
Verified 7 out of 12 properties
5 counterexamples
0 exceptions
0 timed out
benchmarks/ERC20//KeepToken_0x85Eee30c52B0b379b046Fb0F85F4f3Dc3009aFEC.sol
SpecFilesDir = /mnt/data0/jon/SmartPulseTool/benchmarks/ERC20
... running Solc on /mnt/data0/jon/SmartPulseTool/benchmarks/ERC20//KeepToken_0x85Eee30c52B0b379b046Fb0F85F4f3Dc3009aFEC.sol
/home/jon/.dotnet/tools/solc
... running SolToBoogie to translate Solidity to Boogie
Property totalsupply verified -- 2.80 s
Property balanceof verified -- 2.52 s
Property allowance verified -- 2.60 s
Property approve counterexample -- 5.53 s
Property transfer-normal counterexample -- 5.10 s
Property transfer-self verified -- 4.74 s
Property transfer-fail verified -- 3.07 s
Property transfer-self-fail verified -- 2.96 s
Property transferfrom-normal counterexample -- 7.46 s
Property transferfrom-self counterexample -- 7.20 s
Property transferfrom-fail verified -- 3.53 s
Property transferfrom-self-fail verified -- 3.02 s
Verified 8 out of 12 properties
4 counterexamples
0 exceptions
0 timed out
benchmarks/ERC20//KOCToken_0xfae2b2f57ce6dce9a089b746e32ede3941b2208b.sol
SpecFilesDir = /mnt/data0/jon/SmartPulseTool/benchmarks/ERC20
... running Solc on /mnt/data0/jon/SmartPulseTool/benchmarks/ERC20//KOCToken_0xfae2b2f57ce6dce9a089b746e32ede3941b2208b.sol
/home/jon/.dotnet/tools/solc
... running SolToBoogie to translate Solidity to Boogie
Property totalsupply verified -- 3.11 s
Property balanceof verified -- 3.08 s
Property allowance verified -- 2.97 s
Property approve counterexample -- 6.09 s
Property transfer-normal counterexample -- 5.44 s
Property transfer-self verified -- 4.83 s
Property transfer-fail verified -- 3.51 s
Property transfer-self-fail verified -- 3.19 s
Property transferfrom-normal counterexample -- 9.44 s
Property transferfrom-self counterexample -- 8.67 s
Property transferfrom-fail verified -- 3.85 s
Property transferfrom-self-fail verified -- 3.44 s
Verified 8 out of 12 properties
4 counterexamples
0 exceptions
0 timed out
benchmarks/ERC20//KriosToken_0x42566cfefc853c232117eba4413e45782a72715d.sol
SpecFilesDir = /mnt/data0/jon/SmartPulseTool/benchmarks/ERC20
... running Solc on /mnt/data0/jon/SmartPulseTool/benchmarks/ERC20//KriosToken_0x42566cfefc853c232117eba4413e45782a72715d.sol
/home/jon/.dotnet/tools/solc
... running SolToBoogie to translate Solidity to Boogie
Property totalsupply verified -- 2.40 s
Property balanceof verified -- 2.40 s
Property allowance verified -- 2.38 s
Property approve verified -- 2.52 s
Property transfer-normal counterexample -- 7.14 s
Property transfer-self counterexample -- 4.53 s
Property transfer-fail verified -- 2.76 s
Property transfer-self-fail verified -- 2.46 s
Property transferfrom-normal timed-out -- 900s
Property transferfrom-self counterexample -- 31.54 s
Property transferfrom-fail verified -- 2.90 s
Property transferfrom-self-fail verified -- 2.64 s
Verified 8 out of 12 properties
3 counterexamples
0 exceptions
1 timed out
benchmarks/ERC20//Litecoin_SV_0xee059f0ca1507e4e20c689b20cff71b5e924f7bd.sol
SpecFilesDir = /mnt/data0/jon/SmartPulseTool/benchmarks/ERC20
... running Solc on /mnt/data0/jon/SmartPulseTool/benchmarks/ERC20//Litecoin_SV_0xee059f0ca1507e4e20c689b20cff71b5e924f7bd.sol
/home/jon/.dotnet/tools/solc
... running SolToBoogie to translate Solidity to Boogie
Property totalsupply counterexample -- 3.56 s
Property balanceof verified -- 2.10 s
Property allowance verified -- 2.38 s
Property approve verified -- 2.35 s
Property transfer-normal verified -- 3.57 s
Property transfer-self verified -- 3.40 s
Property transfer-fail verified -- 2.59 s
Property transfer-self-fail verified -- 2.42 s
Property transferfrom-normal verified -- 3.89 s
Property transferfrom-self verified -- 3.94 s
Property transferfrom-fail verified -- 2.56 s
Property transferfrom-self-fail verified -- 2.28 s
Verified 11 out of 12 properties
1 counterexamples
0 exceptions
0 timed out
benchmarks/ERC20//LUCKYToken_0xE478d4F4a87D4D641AF97ca0b5Cc3dB61e266357.sol
SpecFilesDir = /mnt/data0/jon/SmartPulseTool/benchmarks/ERC20
... running Solc on /mnt/data0/jon/SmartPulseTool/benchmarks/ERC20//LUCKYToken_0xE478d4F4a87D4D641AF97ca0b5Cc3dB61e266357.sol
/home/jon/.dotnet/tools/solc
... running SolToBoogie to translate Solidity to Boogie
Property totalsupply verified -- 2.73 s
Property balanceof verified -- 2.84 s
Property allowance verified -- 2.62 s
Property approve counterexample -- 5.50 s
Property transfer-normal counterexample -- 4.86 s
Property transfer-self counterexample -- 4.71 s
Property transfer-fail verified -- 3.31 s
Property transfer-self-fail verified -- 3.05 s
Property transferfrom-normal counterexample -- 8.15 s
Property transferfrom-self counterexample -- 7.93 s
Property transferfrom-fail verified -- 3.66 s
Property transferfrom-self-fail verified -- 3.17 s
Verified 7 out of 12 properties
5 counterexamples
0 exceptions
0 timed out
benchmarks/ERC20//MainToken_0x062f90480551379791FBe2ED74C1fe69821b30d3.sol
SpecFilesDir = /mnt/data0/jon/SmartPulseTool/benchmarks/ERC20
... running Solc on /mnt/data0/jon/SmartPulseTool/benchmarks/ERC20//MainToken_0x062f90480551379791FBe2ED74C1fe69821b30d3.sol
/home/jon/.dotnet/tools/solc
... running SolToBoogie to translate Solidity to Boogie
Property totalsupply verified -- 3.89 s
Property balanceof counterexample -- 5.72 s
Property allowance verified -- 3.92 s
Property approve verified -- 3.97 s
Property transfer-normal counterexample -- 6.58 s
Property transfer-self counterexample -- 6.48 s
Property transfer-fail verified -- 4.11 s
Property transfer-self-fail verified -- 4.02 s
Property transferfrom-normal counterexample -- 11.88 s
Property transferfrom-self counterexample -- 11.43 s
Property transferfrom-fail verified -- 4.02 s
Property transferfrom-self-fail verified -- 4.01 s
Verified 7 out of 12 properties
5 counterexamples
0 exceptions
0 timed out
benchmarks/ERC20//MainToken_0x0eF3b2024ae079e6dBC2b37435cE30d2731F0101.sol
SpecFilesDir = /mnt/data0/jon/SmartPulseTool/benchmarks/ERC20
... running Solc on /mnt/data0/jon/SmartPulseTool/benchmarks/ERC20//MainToken_0x0eF3b2024ae079e6dBC2b37435cE30d2731F0101.sol
/home/jon/.dotnet/tools/solc
... running SolToBoogie to translate Solidity to Boogie
Property totalsupply verified -- 3.91 s
Property balanceof counterexample -- 5.62 s
Property allowance verified -- 4.08 s
Property approve verified -- 4.02 s
Property transfer-normal counterexample -- 6.96 s
Property transfer-self counterexample -- 6.64 s
Property transfer-fail verified -- 4.33 s
Property transfer-self-fail verified -- 3.88 s
Property transferfrom-normal counterexample -- 12.09 s
Property transferfrom-self counterexample -- 11.46 s
Property transferfrom-fail verified -- 4.32 s
Property transferfrom-self-fail verified -- 3.95 s
Verified 7 out of 12 properties
5 counterexamples
0 exceptions
0 timed out
benchmarks/ERC20//MainToken_0x1b980e05943de3db3a459c72325338d327b6f5a9.sol
SpecFilesDir = /mnt/data0/jon/SmartPulseTool/benchmarks/ERC20
... running Solc on /mnt/data0/jon/SmartPulseTool/benchmarks/ERC20//MainToken_0x1b980e05943de3db3a459c72325338d327b6f5a9.sol
/home/jon/.dotnet/tools/solc
... running SolToBoogie to translate Solidity to Boogie
Property totalsupply verified -- 4.08 s
Property balanceof counterexample -- 5.52 s
Property allowance verified -- 3.77 s
Property approve verified -- 3.87 s
Property transfer-normal counterexample -- 6.93 s
Property transfer-self counterexample -- 6.29 s
Property transfer-fail verified -- 4.20 s
Property transfer-self-fail verified -- 4.12 s
Property transferfrom-normal counterexample -- 12.16 s
Property transferfrom-self counterexample -- 11.49 s
Property transferfrom-fail verified -- 4.11 s
Property transferfrom-self-fail verified -- 3.84 s
Verified 7 out of 12 properties
5 counterexamples
0 exceptions
0 timed out
benchmarks/ERC20//MainToken_0x1d37986f252d0e349522ea6c3b98cb935495e63e.sol
SpecFilesDir = /mnt/data0/jon/SmartPulseTool/benchmarks/ERC20
... running Solc on /mnt/data0/jon/SmartPulseTool/benchmarks/ERC20//MainToken_0x1d37986f252d0e349522ea6c3b98cb935495e63e.sol
/home/jon/.dotnet/tools/solc
... running SolToBoogie to translate Solidity to Boogie
Property totalsupply verified -- 3.82 s
Property balanceof counterexample -- 5.45 s
Property allowance verified -- 3.83 s
Property approve verified -- 3.91 s
Property transfer-normal counterexample -- 6.55 s
Property transfer-self counterexample -- 6.32 s
Property transfer-fail verified -- 4.25 s
Property transfer-self-fail verified -- 3.96 s
Property transferfrom-normal counterexample -- 14.67 s
Property transferfrom-self counterexample -- 11.50 s
Property transferfrom-fail verified -- 4.09 s
Property transferfrom-self-fail verified -- 3.95 s
Verified 7 out of 12 properties
5 counterexamples
0 exceptions
0 timed out
benchmarks/ERC20//MainToken_0xa2d0e29a9627e20FD886a8106DD0AE429403a57d.sol
SpecFilesDir = /mnt/data0/jon/SmartPulseTool/benchmarks/ERC20
... running Solc on /mnt/data0/jon/SmartPulseTool/benchmarks/ERC20//MainToken_0xa2d0e29a9627e20FD886a8106DD0AE429403a57d.sol
/home/jon/.dotnet/tools/solc
... running SolToBoogie to translate Solidity to Boogie
Property totalsupply verified -- 3.65 s
Property balanceof counterexample -- 5.86 s
Property allowance verified -- 3.81 s
Property approve verified -- 4.01 s
Property transfer-normal counterexample -- 7.05 s
Property transfer-self counterexample -- 6.28 s
Property transfer-fail verified -- 4.32 s
Property transfer-self-fail verified -- 4.08 s
Property transferfrom-normal counterexample -- 11.84 s
Property transferfrom-self counterexample -- 11.65 s
Property transferfrom-fail verified -- 4.32 s
Property transferfrom-self-fail verified -- 4.01 s
Verified 7 out of 12 properties
5 counterexamples
0 exceptions
0 timed out
benchmarks/ERC20//MainToken_0xabe580e7ee158da464b51ee1a83ac0289622e6be.sol
SpecFilesDir = /mnt/data0/jon/SmartPulseTool/benchmarks/ERC20
... running Solc on /mnt/data0/jon/SmartPulseTool/benchmarks/ERC20//MainToken_0xabe580e7ee158da464b51ee1a83ac0289622e6be.sol
/home/jon/.dotnet/tools/solc
... running SolToBoogie to translate Solidity to Boogie
Property totalsupply verified -- 3.86 s
Property balanceof counterexample -- 5.41 s
Property allowance verified -- 3.65 s
Property approve verified -- 3.95 s
Property transfer-normal counterexample -- 6.70 s
Property transfer-self counterexample -- 6.33 s
Property transfer-fail verified -- 4.29 s
Property transfer-self-fail verified -- 4.13 s
Property transferfrom-normal counterexample -- 11.91 s
Property transferfrom-self counterexample -- 11.70 s
Property transferfrom-fail verified -- 4.33 s
Property transferfrom-self-fail verified -- 4.12 s
Verified 7 out of 12 properties
5 counterexamples
0 exceptions
0 timed out
benchmarks/ERC20//MetaToken_0xa3bed4e1c75d00fa6f4e5e6922db7261b5e9acd2.sol
SpecFilesDir = /mnt/data0/jon/SmartPulseTool/benchmarks/ERC20
... running Solc on /mnt/data0/jon/SmartPulseTool/benchmarks/ERC20//MetaToken_0xa3bed4e1c75d00fa6f4e5e6922db7261b5e9acd2.sol
/home/jon/.dotnet/tools/solc
... running SolToBoogie to translate Solidity to Boogie
Property totalsupply verified -- 3.39 s
Property balanceof verified -- 3.35 s
Property allowance verified -- 3.28 s
Property approve counterexample -- 7.07 s
Property transfer-normal counterexample -- 7.29 s
Property transfer-self verified -- 4.72 s
Property transfer-fail verified -- 3.82 s
Property transfer-self-fail verified -- 3.52 s
Property transferfrom-normal counterexample -- 10.11 s
Property transferfrom-self counterexample -- 9.00 s
Property transferfrom-fail verified -- 4.22 s
Property transferfrom-self-fail verified -- 3.63 s
Verified 8 out of 12 properties
4 counterexamples
0 exceptions
0 timed out
benchmarks/ERC20//MintAndBurnToken_0x6b01c3170ae1efebee1a3159172cb3f7a5ecf9e5.sol
SpecFilesDir = /mnt/data0/jon/SmartPulseTool/benchmarks/ERC20
... running Solc on /mnt/data0/jon/SmartPulseTool/benchmarks/ERC20//MintAndBurnToken_0x6b01c3170ae1efebee1a3159172cb3f7a5ecf9e5.sol
/home/jon/.dotnet/tools/solc
... running SolToBoogie to translate Solidity to Boogie
Property totalsupply verified -- 2.43 s
Property balanceof verified -- 2.44 s
Property allowance verified -- 2.36 s
Property approve verified -- 2.52 s
Property transfer-normal verified -- 3.26 s
Property transfer-self verified -- 2.83 s
Property transfer-fail counterexample -- 5.50 s
Property transfer-self-fail verified -- 2.76 s
Property transferfrom-normal verified -- 3.32 s
Property transferfrom-self verified -- 3.02 s
Property transferfrom-fail counterexample -- 6.69 s
Property transferfrom-self-fail verified -- 2.79 s
Verified 10 out of 12 properties
2 counterexamples
0 exceptions
0 timed out
benchmarks/ERC20//MMM_0xf453ac18fa17b9ec9a76fbf219ba9fe4612edd0a.sol
SpecFilesDir = /mnt/data0/jon/SmartPulseTool/benchmarks/ERC20
... running Solc on /mnt/data0/jon/SmartPulseTool/benchmarks/ERC20//MMM_0xf453ac18fa17b9ec9a76fbf219ba9fe4612edd0a.sol
/home/jon/.dotnet/tools/solc
... running SolToBoogie to translate Solidity to Boogie
Property totalsupply verified -- 2.73 s
Property balanceof verified -- 2.97 s
Property allowance verified -- 2.82 s
Property approve counterexample -- 6.42 s
Property transfer-normal counterexample -- 5.39 s
Property transfer-self verified -- 4.40 s
Property transfer-fail verified -- 2.88 s
Property transfer-self-fail verified -- 2.92 s
Property transferfrom-normal counterexample -- 10.71 s
Property transferfrom-self counterexample -- 8.39 s
Property transferfrom-fail verified -- 3.43 s
Property transferfrom-self-fail verified -- 3.04 s
Verified 8 out of 12 properties
4 counterexamples
0 exceptions
0 timed out
