benchmarks/ERC203//BytecoinBlack_ERC20_0x441e2c4eb49c00f835b9d2de1aa59f27b69f949f.sol
SpecFilesDir = /mnt/data0/jon/SmartPulseTool/benchmarks/ERC203
... running Solc on /mnt/data0/jon/SmartPulseTool/benchmarks/ERC203//BytecoinBlack_ERC20_0x441e2c4eb49c00f835b9d2de1aa59f27b69f949f.sol
/home/jon/.dotnet/tools/solc
... running SolToBoogie to translate Solidity to Boogie
Property totalsupply counterexample -- 4.08 s
Property balanceof verified -- 2.23 s
Property allowance verified -- 2.33 s
Property approve verified -- 2.45 s
Property transfer-normal verified -- 3.29 s
Property transfer-self verified -- 3.37 s
Property transfer-fail verified -- 2.64 s
Property transfer-self-fail verified -- 2.55 s
Property transferfrom-normal verified -- 3.98 s
Property transferfrom-self verified -- 3.81 s
Property transferfrom-fail verified -- 2.60 s
Property transferfrom-self-fail verified -- 2.39 s
Verified 11 out of 12 properties
1 counterexamples
0 exceptions
0 timed out
benchmarks/ERC203//CabGoldToken_0x8255d6f2c09b64a1358ec465e0314392b500bdab.sol
SpecFilesDir = /mnt/data0/jon/SmartPulseTool/benchmarks/ERC203
... running Solc on /mnt/data0/jon/SmartPulseTool/benchmarks/ERC203//CabGoldToken_0x8255d6f2c09b64a1358ec465e0314392b500bdab.sol
/home/jon/.dotnet/tools/solc
... running SolToBoogie to translate Solidity to Boogie
Property totalsupply verified -- 2.73 s
Property balanceof verified -- 2.97 s
Property allowance verified -- 2.87 s
Property approve counterexample -- 5.57 s
Property transfer-normal counterexample -- 4.90 s
Property transfer-self verified -- 4.49 s
Property transfer-fail verified -- 3.12 s
Property transfer-self-fail verified -- 2.90 s
Property transferfrom-normal counterexample -- 6.95 s
Property transferfrom-self counterexample -- 8.34 s
Property transferfrom-fail verified -- 3.50 s
Property transferfrom-self-fail verified -- 3.23 s
Verified 8 out of 12 properties
4 counterexamples
0 exceptions
0 timed out
benchmarks/ERC203//CHMC_0xc2165aa929e529b00d6dafb1634e09ee972a1647.sol
SpecFilesDir = /mnt/data0/jon/SmartPulseTool/benchmarks/ERC203
... running Solc on /mnt/data0/jon/SmartPulseTool/benchmarks/ERC203//CHMC_0xc2165aa929e529b00d6dafb1634e09ee972a1647.sol
/home/jon/.dotnet/tools/solc
... running SolToBoogie to translate Solidity to Boogie
Property totalsupply verified -- 2.03 s
Property balanceof verified -- 1.99 s
Property allowance verified -- 2.06 s
Property approve counterexample -- 4.29 s
Property transfer-normal counterexample -- 3.75 s
Property transfer-self verified -- 3.59 s
Property transfer-fail verified -- 2.11 s
Property transfer-self-fail verified -- 2.03 s
Property transferfrom-normal counterexample -- 7.09 s
Property transferfrom-self counterexample -- 5.53 s
Property transferfrom-fail verified -- 2.50 s
Property transferfrom-self-fail verified -- 2.17 s
Verified 8 out of 12 properties
4 counterexamples
0 exceptions
0 timed out
benchmarks/ERC203//CoinHemp_0x8e039acad407806819edb9676d25e554dd0a1160.sol
SpecFilesDir = /mnt/data0/jon/SmartPulseTool/benchmarks/ERC203
... running Solc on /mnt/data0/jon/SmartPulseTool/benchmarks/ERC203//CoinHemp_0x8e039acad407806819edb9676d25e554dd0a1160.sol
/home/jon/.dotnet/tools/solc
... running SolToBoogie to translate Solidity to Boogie
Property totalsupply verified -- 2.07 s
Property balanceof verified -- 1.99 s
Property allowance verified -- 2.14 s
Property approve verified -- 2.23 s
Property transfer-normal counterexample -- 3.75 s
Property transfer-self verified -- 2.91 s
Property transfer-fail verified -- 2.16 s
Property transfer-self-fail verified -- 2.10 s
Property transferfrom-normal counterexample -- 7.21 s
Property transferfrom-self counterexample -- 6.20 s
Property transferfrom-fail verified -- 2.40 s
Property transferfrom-self-fail verified -- 2.18 s
Verified 9 out of 12 properties
3 counterexamples
0 exceptions
0 timed out
benchmarks/ERC203//COINSTO_0x2a469a22101f1f672b745d729d13ab8dbd203c9b.sol
SpecFilesDir = /mnt/data0/jon/SmartPulseTool/benchmarks/ERC203
... running Solc on /mnt/data0/jon/SmartPulseTool/benchmarks/ERC203//COINSTO_0x2a469a22101f1f672b745d729d13ab8dbd203c9b.sol
/home/jon/.dotnet/tools/solc
... running SolToBoogie to translate Solidity to Boogie
Property totalsupply counterexample -- 3.46 s
Property balanceof verified -- 2.40 s
Property allowance verified -- 2.39 s
Property approve verified -- 2.32 s
Property transfer-normal verified -- 3.47 s
Property transfer-self verified -- 3.08 s
Property transfer-fail verified -- 2.44 s
Property transfer-self-fail verified -- 2.42 s
Property transferfrom-normal verified -- 3.89 s
Property transferfrom-self verified -- 3.67 s
Property transferfrom-fail verified -- 2.60 s
Property transferfrom-self-fail verified -- 2.32 s
Verified 11 out of 12 properties
1 counterexamples
0 exceptions
0 timed out
benchmarks/ERC203//COM_0x1b4052d98fb1888c2bf3b8d3b930e0aff8a910df.sol
SpecFilesDir = /mnt/data0/jon/SmartPulseTool/benchmarks/ERC203
... running Solc on /mnt/data0/jon/SmartPulseTool/benchmarks/ERC203//COM_0x1b4052d98fb1888c2bf3b8d3b930e0aff8a910df.sol
/home/jon/.dotnet/tools/solc
... running SolToBoogie to translate Solidity to Boogie
Property totalsupply verified -- 2.44 s
Property balanceof verified -- 2.50 s
Property allowance verified -- 2.56 s
Property approve counterexample -- 4.84 s
Property transfer-normal counterexample -- 4.70 s
Property transfer-self counterexample -- 9.51 s
Property transfer-fail counterexample -- 8.67 s
Property transfer-self-fail verified -- 2.76 s
Property transferfrom-normal counterexample -- 8.93 s
Property transferfrom-self counterexample -- 7.26 s
Property transferfrom-fail counterexample -- 11.46 s
Property transferfrom-self-fail verified -- 2.65 s
Verified 5 out of 12 properties
7 counterexamples
0 exceptions
0 timed out
benchmarks/ERC203//CSB_0xc873f3b4e37390207395b540f345b1d5a25f32cf.sol
SpecFilesDir = /mnt/data0/jon/SmartPulseTool/benchmarks/ERC203
... running Solc on /mnt/data0/jon/SmartPulseTool/benchmarks/ERC203//CSB_0xc873f3b4e37390207395b540f345b1d5a25f32cf.sol
/home/jon/.dotnet/tools/solc
... running SolToBoogie to translate Solidity to Boogie
Property totalsupply verified -- 2.08 s
Property balanceof verified -- 2.03 s
Property allowance verified -- 2.11 s
Property approve verified -- 2.30 s
Property transfer-normal verified -- 2.49 s
Property transfer-self verified -- 2.52 s
Property transfer-fail counterexample -- 4.78 s
Property transfer-self-fail verified -- 2.14 s
Property transferfrom-normal counterexample -- 9.78 s
Property transferfrom-self counterexample -- 19.51 s
Property transferfrom-fail counterexample -- 5.08 s
Property transferfrom-self-fail verified -- 2.19 s
Verified 8 out of 12 properties
4 counterexamples
0 exceptions
0 timed out
benchmarks/ERC203//cUSD_0x5c406d99e04b8494dc253fcc52943ef82bca7d75.sol
SpecFilesDir = /mnt/data0/jon/SmartPulseTool/benchmarks/ERC203
... running Solc on /mnt/data0/jon/SmartPulseTool/benchmarks/ERC203//cUSD_0x5c406d99e04b8494dc253fcc52943ef82bca7d75.sol
/home/jon/.dotnet/tools/solc
... running SolToBoogie to translate Solidity to Boogie
Property totalsupply verified -- 2.19 s
Property balanceof verified -- 2.14 s
Property allowance verified -- 2.21 s
Property approve counterexample -- 4.38 s
Property transfer-normal exception -- .11 s
Property transfer-self exception -- .11 s
Property transfer-fail verified -- 2.37 s
Property transfer-self-fail verified -- 2.06 s
Property transferfrom-normal counterexample -- 8.84 s
Property transferfrom-self counterexample -- 6.99 s
Property transferfrom-fail verified -- 2.67 s
Property transferfrom-self-fail verified -- 2.37 s
Verified 7 out of 12 properties
3 counterexamples
2 exceptions
0 timed out
benchmarks/ERC203//CustomToken_0x38AA24Df69672882Aa8d84d0A6687E16B67cdE38.sol
SpecFilesDir = /mnt/data0/jon/SmartPulseTool/benchmarks/ERC203
... running Solc on /mnt/data0/jon/SmartPulseTool/benchmarks/ERC203//CustomToken_0x38AA24Df69672882Aa8d84d0A6687E16B67cdE38.sol
/home/jon/.dotnet/tools/solc
... running SolToBoogie to translate Solidity to Boogie
Property totalsupply verified -- 2.17 s
Property balanceof verified -- 2.18 s
Property allowance verified -- 2.16 s
Property approve counterexample -- 4.20 s
Property transfer-normal counterexample -- 3.98 s
Property transfer-self verified -- 3.48 s
Property transfer-fail verified -- 2.52 s
Property transfer-self-fail verified -- 2.24 s
Property transferfrom-normal counterexample -- 47.33 s
Property transferfrom-self counterexample -- 13.14 s
Property transferfrom-fail verified -- 2.69 s
Property transferfrom-self-fail verified -- 2.44 s
Verified 8 out of 12 properties
4 counterexamples
0 exceptions
0 timed out
benchmarks/ERC203//CZAI_ERC20_0xd09b4a4cc6f092959478c693f3933cd27da75244.sol
SpecFilesDir = /mnt/data0/jon/SmartPulseTool/benchmarks/ERC203
... running Solc on /mnt/data0/jon/SmartPulseTool/benchmarks/ERC203//CZAI_ERC20_0xd09b4a4cc6f092959478c693f3933cd27da75244.sol
/home/jon/.dotnet/tools/solc
... running SolToBoogie to translate Solidity to Boogie
Property totalsupply counterexample -- 3.99 s
Property balanceof verified -- 2.42 s
Property allowance verified -- 2.41 s
Property approve verified -- 2.16 s
Property transfer-normal verified -- 3.45 s
Property transfer-self verified -- 3.50 s
Property transfer-fail verified -- 2.67 s
Property transfer-self-fail verified -- 2.41 s
Property transferfrom-normal verified -- 4.03 s
Property transferfrom-self verified -- 3.91 s
Property transferfrom-fail verified -- 2.66 s
Property transferfrom-self-fail verified -- 2.64 s
Verified 11 out of 12 properties
1 counterexamples
0 exceptions
0 timed out
benchmarks/ERC203//DATA1TokenERC20_0x62c2e3b4f775b5975f062522fbb8966225535bbb.sol
SpecFilesDir = /mnt/data0/jon/SmartPulseTool/benchmarks/ERC203
... running Solc on /mnt/data0/jon/SmartPulseTool/benchmarks/ERC203//DATA1TokenERC20_0x62c2e3b4f775b5975f062522fbb8966225535bbb.sol
/home/jon/.dotnet/tools/solc
... running SolToBoogie to translate Solidity to Boogie
Property totalsupply verified -- 1.97 s
Property balanceof verified -- 1.96 s
Property allowance verified -- 2.03 s
Property approve verified -- 2.14 s
Property transfer-normal counterexample -- 5.51 s
Property transfer-self counterexample -- 4.47 s
Property transfer-fail verified -- 2.15 s
Property transfer-self-fail verified -- 2.02 s
Property transferfrom-normal counterexample -- 26.86 s
Property transferfrom-self counterexample -- 10.06 s
Property transferfrom-fail verified -- 2.14 s
Property transferfrom-self-fail verified -- 2.03 s
Verified 8 out of 12 properties
4 counterexamples
0 exceptions
0 timed out
benchmarks/ERC203//DEAPCoin_0x1a3496c18d558bd9c6c8f609e1b129f67ab08163.sol
SpecFilesDir = /mnt/data0/jon/SmartPulseTool/benchmarks/ERC203
... running Solc on /mnt/data0/jon/SmartPulseTool/benchmarks/ERC203//DEAPCoin_0x1a3496c18d558bd9c6c8f609e1b129f67ab08163.sol
/home/jon/.dotnet/tools/solc
... running SolToBoogie to translate Solidity to Boogie
Property totalsupply verified -- 3.33 s
Property balanceof verified -- 3.34 s
Property allowance verified -- 3.28 s
Property approve verified -- 3.27 s
Property transfer-normal counterexample -- 6.14 s
Property transfer-self counterexample -- 5.88 s
Property transfer-fail verified -- 3.40 s
Property transfer-self-fail verified -- 3.30 s
Property transferfrom-normal counterexample -- 11.63 s
Property transferfrom-self counterexample -- 9.79 s
Property transferfrom-fail verified -- 3.62 s
Property transferfrom-self-fail verified -- 3.43 s
Verified 8 out of 12 properties
4 counterexamples
0 exceptions
0 timed out
benchmarks/ERC203//DiceToken_0xcf67ced76e8356366291246a9222169f4dbdbe64.sol
SpecFilesDir = /mnt/data0/jon/SmartPulseTool/benchmarks/ERC203
... running Solc on /mnt/data0/jon/SmartPulseTool/benchmarks/ERC203//DiceToken_0xcf67ced76e8356366291246a9222169f4dbdbe64.sol
/home/jon/.dotnet/tools/solc
... running SolToBoogie to translate Solidity to Boogie
Property totalsupply counterexample -- 3.17 s
Property balanceof verified -- 1.94 s
Property allowance verified -- 2.09 s
Property approve verified -- 2.21 s
Property transfer-normal verified -- 3.33 s
Property transfer-self verified -- 3.15 s
Property transfer-fail verified -- 2.24 s
Property transfer-self-fail verified -- 2.21 s
Property transferfrom-normal verified -- 3.81 s
Property transferfrom-self verified -- 3.76 s
Property transferfrom-fail verified -- 2.30 s
Property transferfrom-self-fail verified -- 2.20 s
Verified 11 out of 12 properties
1 counterexamples
0 exceptions
0 timed out
benchmarks/ERC203//DkargoToken_0x5dc60c4d5e75d22588fa17ffeb90a63e535efce0.sol
SpecFilesDir = /mnt/data0/jon/SmartPulseTool/benchmarks/ERC203
... running Solc on /mnt/data0/jon/SmartPulseTool/benchmarks/ERC203//DkargoToken_0x5dc60c4d5e75d22588fa17ffeb90a63e535efce0.sol
/home/jon/.dotnet/tools/solc
... running SolToBoogie to translate Solidity to Boogie
Property totalsupply verified -- 3.35 s
Property balanceof verified -- 3.52 s
Property allowance verified -- 3.43 s
Property approve counterexample -- 8.21 s
Property transfer-normal counterexample -- 6.40 s
Property transfer-self counterexample -- 16.15 s
Property transfer-fail verified -- 4.08 s
Property transfer-self-fail verified -- 3.74 s
Property transferfrom-normal counterexample -- 10.90 s
Property transferfrom-self counterexample -- 9.50 s
Property transferfrom-fail verified -- 4.80 s
Property transferfrom-self-fail verified -- 4.10 s
Verified 7 out of 12 properties
5 counterexamples
0 exceptions
0 timed out
benchmarks/ERC203//DOSToken_0x0A913beaD80F321E7Ac35285Ee10d9d922659cB7.sol
SpecFilesDir = /mnt/data0/jon/SmartPulseTool/benchmarks/ERC203
... running Solc on /mnt/data0/jon/SmartPulseTool/benchmarks/ERC203//DOSToken_0x0A913beaD80F321E7Ac35285Ee10d9d922659cB7.sol
/home/jon/.dotnet/tools/solc
... running SolToBoogie to translate Solidity to Boogie
Property totalsupply verified -- 2.50 s
Property balanceof verified -- 2.53 s
Property allowance verified -- 2.57 s
Property approve counterexample -- 5.21 s
Property transfer-normal counterexample -- 4.22 s
Property transfer-self counterexample -- 3.98 s
Property transfer-fail counterexample -- 4.35 s
Property transfer-self-fail verified -- 2.72 s
Property transferfrom-normal counterexample -- 7.69 s
Property transferfrom-self counterexample -- 7.18 s
Property transferfrom-fail counterexample -- 6.97 s
Property transferfrom-self-fail counterexample -- 4.24 s
Verified 4 out of 12 properties
8 counterexamples
0 exceptions
0 timed out
benchmarks/ERC203//DplatformToken_0x2e4d380052c2db43cbed951e511db84aaa1b3c6e.sol
SpecFilesDir = /mnt/data0/jon/SmartPulseTool/benchmarks/ERC203
... running Solc on /mnt/data0/jon/SmartPulseTool/benchmarks/ERC203//DplatformToken_0x2e4d380052c2db43cbed951e511db84aaa1b3c6e.sol
/home/jon/.dotnet/tools/solc
... running SolToBoogie to translate Solidity to Boogie
Property totalsupply verified -- 2.42 s
Property balanceof verified -- 2.48 s
Property allowance verified -- 2.50 s
Property approve counterexample -- 5.99 s
Property transfer-normal counterexample -- 5.92 s
Property transfer-self verified -- 3.73 s
Property transfer-fail verified -- 2.63 s
Property transfer-self-fail verified -- 2.52 s
Property transferfrom-normal counterexample -- 52.06 s
Property transferfrom-self counterexample -- 17.53 s
Property transferfrom-fail verified -- 2.91 s
Property transferfrom-self-fail verified -- 2.67 s
Verified 8 out of 12 properties
4 counterexamples
0 exceptions
0 timed out
benchmarks/ERC203//DUCATOProtocolToken_0xa117ea1c0c85cef648df2b6f40e50bb5475c228d.sol
SpecFilesDir = /mnt/data0/jon/SmartPulseTool/benchmarks/ERC203
... running Solc on /mnt/data0/jon/SmartPulseTool/benchmarks/ERC203//DUCATOProtocolToken_0xa117ea1c0c85cef648df2b6f40e50bb5475c228d.sol
/home/jon/.dotnet/tools/solc
... running SolToBoogie to translate Solidity to Boogie
Property totalsupply counterexample -- 3.54 s
Property balanceof verified -- 2.19 s
Property allowance counterexample -- 3.21 s
Property approve counterexample -- 4.24 s
Property transfer-normal counterexample -- 3.95 s
Property transfer-self counterexample -- 3.78 s
Property transfer-fail verified -- 2.44 s
Property transfer-self-fail verified -- 2.16 s
Property transferfrom-normal counterexample -- 6.66 s
Property transferfrom-self counterexample -- 6.21 s
Property transferfrom-fail counterexample -- 6.46 s
Property transferfrom-self-fail counterexample -- 6.43 s
Verified 3 out of 12 properties
9 counterexamples
0 exceptions
0 timed out
benchmarks/ERC203//Ducks_0xfbeea1c75e4c4465cb2fccc9c6d6afe984558e20.sol
SpecFilesDir = /mnt/data0/jon/SmartPulseTool/benchmarks/ERC203
... running Solc on /mnt/data0/jon/SmartPulseTool/benchmarks/ERC203//Ducks_0xfbeea1c75e4c4465cb2fccc9c6d6afe984558e20.sol
/home/jon/.dotnet/tools/solc
... running SolToBoogie to translate Solidity to Boogie
Property totalsupply counterexample -- 3.34 s
Property balanceof verified -- 2.14 s
Property allowance verified -- 2.03 s
Property approve verified -- 2.36 s
Property transfer-normal verified -- 3.27 s
Property transfer-self verified -- 2.95 s
Property transfer-fail verified -- 2.12 s
Property transfer-self-fail verified -- 2.27 s
Property transferfrom-normal verified -- 3.96 s
Property transferfrom-self verified -- 3.95 s
Property transferfrom-fail verified -- 2.38 s
Property transferfrom-self-fail verified -- 2.35 s
Verified 11 out of 12 properties
1 counterexamples
0 exceptions
0 timed out
benchmarks/ERC203//ECU_0x8fc9b6354e839ab1c8b31f4afa53607092b8c2e5.sol
SpecFilesDir = /mnt/data0/jon/SmartPulseTool/benchmarks/ERC203
... running Solc on /mnt/data0/jon/SmartPulseTool/benchmarks/ERC203//ECU_0x8fc9b6354e839ab1c8b31f4afa53607092b8c2e5.sol
/home/jon/.dotnet/tools/solc
... running SolToBoogie to translate Solidity to Boogie
Property totalsupply verified -- 2.86 s
Property balanceof verified -- 2.94 s
Property allowance verified -- 2.81 s
Property approve verified -- 2.90 s
Property transfer-normal counterexample -- 4.79 s
Property transfer-self counterexample -- 5.19 s
Property transfer-fail verified -- 3.27 s
Property transfer-self-fail verified -- 2.86 s
Property transferfrom-normal counterexample -- 9.11 s
Property transferfrom-self counterexample -- 6.98 s
Property transferfrom-fail verified -- 3.28 s
Property transferfrom-self-fail verified -- 3.15 s
Verified 8 out of 12 properties
4 counterexamples
0 exceptions
0 timed out
benchmarks/ERC203//EDC_0xa5c43fff568fc2115d54499d4cf202bb490ef152.sol
SpecFilesDir = /mnt/data0/jon/SmartPulseTool/benchmarks/ERC203
... running Solc on /mnt/data0/jon/SmartPulseTool/benchmarks/ERC203//EDC_0xa5c43fff568fc2115d54499d4cf202bb490ef152.sol
/home/jon/.dotnet/tools/solc
... running SolToBoogie to translate Solidity to Boogie
Property totalsupply verified -- 3.22 s
Property balanceof verified -- 3.03 s
Property allowance verified -- 3.20 s
Property approve counterexample -- 5.62 s
Property transfer-normal counterexample -- 4.85 s
Property transfer-self counterexample -- 4.81 s
Property transfer-fail verified -- 3.76 s
Property transfer-self-fail verified -- 2.99 s
Property transferfrom-normal counterexample -- 8.84 s
Property transferfrom-self counterexample -- 8.55 s
Property transferfrom-fail verified -- 3.90 s
Property transferfrom-self-fail verified -- 3.51 s
Verified 7 out of 12 properties
5 counterexamples
0 exceptions
0 timed out
benchmarks/ERC203//ERC20_0xdF3A0a958F5a599Aa8f3071AA6488C22416EFB89.sol
SpecFilesDir = /mnt/data0/jon/SmartPulseTool/benchmarks/ERC203
... running Solc on /mnt/data0/jon/SmartPulseTool/benchmarks/ERC203//ERC20_0xdF3A0a958F5a599Aa8f3071AA6488C22416EFB89.sol
/home/jon/.dotnet/tools/solc
... running SolToBoogie to translate Solidity to Boogie
Property totalsupply verified -- 2.20 s
Property balanceof verified -- 2.24 s
Property allowance verified -- 2.21 s
Property approve counterexample -- 4.87 s
Property transfer-normal counterexample -- 4.29 s
Property transfer-self counterexample -- 3.84 s
Property transfer-fail verified -- 2.44 s
Property transfer-self-fail verified -- 2.39 s
Property transferfrom-normal counterexample -- 9.54 s
Property transferfrom-self counterexample -- 7.13 s
Property transferfrom-fail verified -- 2.66 s
Property transferfrom-self-fail verified -- 2.32 s
Verified 7 out of 12 properties
5 counterexamples
0 exceptions
0 timed out
benchmarks/ERC203//Erc20Base_0x6251e725cd45fb1af99354035a414a2c0890b929.sol
SpecFilesDir = /mnt/data0/jon/SmartPulseTool/benchmarks/ERC203
... running Solc on /mnt/data0/jon/SmartPulseTool/benchmarks/ERC203//Erc20Base_0x6251e725cd45fb1af99354035a414a2c0890b929.sol
/home/jon/.dotnet/tools/solc
... running SolToBoogie to translate Solidity to Boogie
Property totalsupply verified -- 2.40 s
Property balanceof verified -- 2.32 s
Property allowance verified -- 2.42 s
Property approve counterexample -- 5.13 s
Property transfer-normal counterexample -- 4.14 s
Property transfer-self counterexample -- 3.97 s
Property transfer-fail verified -- 2.56 s
Property transfer-self-fail verified -- 2.43 s
Property transferfrom-normal counterexample -- 7.87 s
Property transferfrom-self counterexample -- 6.90 s
Property transferfrom-fail verified -- 2.64 s
Property transferfrom-self-fail verified -- 2.39 s
Verified 7 out of 12 properties
5 counterexamples
0 exceptions
0 timed out
benchmarks/ERC203//ERC20ext_0xceca64909127918c80c7c76b503de7306d63eca7.sol
SpecFilesDir = /mnt/data0/jon/SmartPulseTool/benchmarks/ERC203
... running Solc on /mnt/data0/jon/SmartPulseTool/benchmarks/ERC203//ERC20ext_0xceca64909127918c80c7c76b503de7306d63eca7.sol
/home/jon/.dotnet/tools/solc
... running SolToBoogie to translate Solidity to Boogie
Property totalsupply verified -- 2.38 s
Property balanceof verified -- 2.49 s
Property allowance verified -- 2.24 s
Property approve verified -- 2.48 s
Property transfer-normal counterexample -- 4.95 s
Property transfer-self counterexample -- 4.78 s
Property transfer-fail verified -- 2.69 s
Property transfer-self-fail verified -- 2.61 s
Property transferfrom-normal counterexample -- 604.65 s
Property transferfrom-self counterexample -- 26.44 s
Property transferfrom-fail verified -- 2.82 s
Property transferfrom-self-fail verified -- 2.72 s
Verified 8 out of 12 properties
4 counterexamples
0 exceptions
0 timed out
benchmarks/ERC203//ERC20Token_0x456ae45c0ce901e2e7c99c0718031cec0a7a59ff.sol
SpecFilesDir = /mnt/data0/jon/SmartPulseTool/benchmarks/ERC203
... running Solc on /mnt/data0/jon/SmartPulseTool/benchmarks/ERC203//ERC20Token_0x456ae45c0ce901e2e7c99c0718031cec0a7a59ff.sol
/home/jon/.dotnet/tools/solc
... running SolToBoogie to translate Solidity to Boogie
Property totalsupply verified -- 2.19 s
Property balanceof verified -- 2.18 s
Property allowance verified -- 2.18 s
Property approve verified -- 2.20 s
Property transfer-normal counterexample -- 3.37 s
Property transfer-self counterexample -- 3.03 s
Property transfer-fail counterexample -- 3.62 s
Property transfer-self-fail counterexample -- 3.30 s
Property transferfrom-normal counterexample -- 5.06 s
Property transferfrom-self counterexample -- 4.14 s
Property transferfrom-fail counterexample -- 5.04 s
Property transferfrom-self-fail counterexample -- 4.91 s
Verified 4 out of 12 properties
8 counterexamples
0 exceptions
0 timed out
benchmarks/ERC203//ETE_0x5ef7634582ad5d5b86eab4c719ea8e58d1a3789a.sol
SpecFilesDir = /mnt/data0/jon/SmartPulseTool/benchmarks/ERC203
... running Solc on /mnt/data0/jon/SmartPulseTool/benchmarks/ERC203//ETE_0x5ef7634582ad5d5b86eab4c719ea8e58d1a3789a.sol
/home/jon/.dotnet/tools/solc
... running SolToBoogie to translate Solidity to Boogie
Property totalsupply verified -- 2.41 s
Property balanceof verified -- 2.31 s
Property allowance verified -- 2.62 s
Property approve counterexample -- 4.45 s
Property transfer-normal counterexample -- 4.09 s
Property transfer-self verified -- 3.93 s
Property transfer-fail verified -- 2.77 s
Property transfer-self-fail verified -- 2.33 s
Property transferfrom-normal counterexample -- 5.93 s
Property transferfrom-self counterexample -- 5.40 s
Property transferfrom-fail verified -- 3.19 s
Property transferfrom-self-fail verified -- 2.75 s
Verified 8 out of 12 properties
4 counterexamples
0 exceptions
0 timed out
benchmarks/ERC203//ETH_0x639cff3936ba73fced75f9ace328b7e72d85d933.sol
SpecFilesDir = /mnt/data0/jon/SmartPulseTool/benchmarks/ERC203
... running Solc on /mnt/data0/jon/SmartPulseTool/benchmarks/ERC203//ETH_0x639cff3936ba73fced75f9ace328b7e72d85d933.sol
/home/jon/.dotnet/tools/solc
... running SolToBoogie to translate Solidity to Boogie
Property totalsupply counterexample -- 4.38 s
Property balanceof verified -- 2.46 s
Property allowance verified -- 2.45 s
Property approve verified -- 2.47 s
Property transfer-normal verified -- 3.49 s
Property transfer-self verified -- 3.41 s
Property transfer-fail verified -- 2.59 s
Property transfer-self-fail verified -- 2.35 s
Property transferfrom-normal verified -- 4.00 s
Property transferfrom-self verified -- 3.64 s
Property transferfrom-fail verified -- 2.80 s
Property transferfrom-self-fail verified -- 2.60 s
Verified 11 out of 12 properties
1 counterexamples
0 exceptions
0 timed out
benchmarks/ERC203//ETH_0x6c158864d3b06113bfd9f5f2c219725fd5bc3923.sol
SpecFilesDir = /mnt/data0/jon/SmartPulseTool/benchmarks/ERC203
... running Solc on /mnt/data0/jon/SmartPulseTool/benchmarks/ERC203//ETH_0x6c158864d3b06113bfd9f5f2c219725fd5bc3923.sol
/home/jon/.dotnet/tools/solc
... running SolToBoogie to translate Solidity to Boogie
Property totalsupply counterexample -- 4.14 s
Property balanceof verified -- 2.39 s
Property allowance verified -- 2.38 s
Property approve verified -- 2.60 s
Property transfer-normal verified -- 3.19 s
Property transfer-self verified -- 3.57 s
Property transfer-fail verified -- 2.57 s
Property transfer-self-fail verified -- 2.21 s
Property transferfrom-normal verified -- 4.16 s
Property transferfrom-self verified -- 3.90 s
Property transferfrom-fail verified -- 2.79 s
Property transferfrom-self-fail verified -- 2.52 s
Verified 11 out of 12 properties
1 counterexamples
0 exceptions
0 timed out
benchmarks/ERC203//ETH_0xf4eda77f0b455a12f3eb44f8653835f377e36b76.sol
SpecFilesDir = /mnt/data0/jon/SmartPulseTool/benchmarks/ERC203
... running Solc on /mnt/data0/jon/SmartPulseTool/benchmarks/ERC203//ETH_0xf4eda77f0b455a12f3eb44f8653835f377e36b76.sol
/home/jon/.dotnet/tools/solc
... running SolToBoogie to translate Solidity to Boogie
Property totalsupply counterexample -- 4.19 s
Property balanceof verified -- 2.41 s
Property allowance verified -- 2.43 s
Property approve verified -- 2.33 s
Property transfer-normal verified -- 3.36 s
Property transfer-self verified -- 3.31 s
Property transfer-fail verified -- 2.59 s
Property transfer-self-fail verified -- 2.38 s
Property transferfrom-normal verified -- 3.98 s
Property transferfrom-self verified -- 4.19 s
Property transferfrom-fail verified -- 2.78 s
Property transferfrom-self-fail verified -- 2.56 s
Verified 11 out of 12 properties
1 counterexamples
0 exceptions
0 timed out
benchmarks/ERC203//ETH_0xf8d47138161c8175538ea1300e7bf7afc073445a.sol
SpecFilesDir = /mnt/data0/jon/SmartPulseTool/benchmarks/ERC203
... running Solc on /mnt/data0/jon/SmartPulseTool/benchmarks/ERC203//ETH_0xf8d47138161c8175538ea1300e7bf7afc073445a.sol
/home/jon/.dotnet/tools/solc
... running SolToBoogie to translate Solidity to Boogie
Property totalsupply counterexample -- 4.45 s
Property balanceof verified -- 2.32 s
Property allowance verified -- 2.38 s
Property approve verified -- 2.52 s
Property transfer-normal verified -- 3.30 s
Property transfer-self verified -- 3.31 s
Property transfer-fail verified -- 2.70 s
Property transfer-self-fail verified -- 2.45 s
Property transferfrom-normal verified -- 3.99 s
Property transferfrom-self verified -- 3.95 s
Property transferfrom-fail verified -- 2.72 s
Property transferfrom-self-fail verified -- 2.51 s
Verified 11 out of 12 properties
1 counterexamples
0 exceptions
0 timed out
benchmarks/ERC203//ETH_0xfbc1473e245b8afbba3b46116e0b01f91a026633.sol
SpecFilesDir = /mnt/data0/jon/SmartPulseTool/benchmarks/ERC203
... running Solc on /mnt/data0/jon/SmartPulseTool/benchmarks/ERC203//ETH_0xfbc1473e245b8afbba3b46116e0b01f91a026633.sol
/home/jon/.dotnet/tools/solc
... running SolToBoogie to translate Solidity to Boogie
Property totalsupply counterexample -- 4.28 s
Property balanceof verified -- 2.48 s
Property allowance verified -- 2.48 s
Property approve verified -- 2.33 s
Property transfer-normal verified -- 3.42 s
Property transfer-self verified -- 3.33 s
Property transfer-fail verified -- 2.67 s
Property transfer-self-fail verified -- 2.29 s
Property transferfrom-normal verified -- 4.00 s
Property transferfrom-self verified -- 4.09 s
Property transferfrom-fail verified -- 2.75 s
Property transferfrom-self-fail verified -- 2.33 s
Verified 11 out of 12 properties
1 counterexamples
0 exceptions
0 timed out
benchmarks/ERC203//ETHEREUMCASH_0x35590207477dab4d11cd24f7f27896dff96989a5.sol
SpecFilesDir = /mnt/data0/jon/SmartPulseTool/benchmarks/ERC203
... running Solc on /mnt/data0/jon/SmartPulseTool/benchmarks/ERC203//ETHEREUMCASH_0x35590207477dab4d11cd24f7f27896dff96989a5.sol
/home/jon/.dotnet/tools/solc
... running SolToBoogie to translate Solidity to Boogie
Property totalsupply verified -- 2.07 s
Property balanceof verified -- 1.98 s
Property allowance verified -- 2.04 s
Property approve verified -- 2.11 s
Property transfer-normal counterexample -- 4.18 s
Property transfer-self counterexample -- 4.42 s
Property transfer-fail verified -- 2.16 s
Property transfer-self-fail verified -- 2.23 s
Property transferfrom-normal counterexample -- 34.41 s
Property transferfrom-self counterexample -- 11.79 s
Property transferfrom-fail verified -- 2.15 s
Property transferfrom-self-fail verified -- 2.18 s
Verified 8 out of 12 properties
4 counterexamples
0 exceptions
0 timed out
benchmarks/ERC203//EvoCoinToken_0xf062b9158111fcab3cec219283c6a57472bc0c5a.sol
SpecFilesDir = /mnt/data0/jon/SmartPulseTool/benchmarks/ERC203
... running Solc on /mnt/data0/jon/SmartPulseTool/benchmarks/ERC203//EvoCoinToken_0xf062b9158111fcab3cec219283c6a57472bc0c5a.sol
/home/jon/.dotnet/tools/solc
... running SolToBoogie to translate Solidity to Boogie
Property totalsupply verified -- 2.19 s
Property balanceof verified -- 2.21 s
Property allowance verified -- 2.33 s
Property approve counterexample -- 4.83 s
Property transfer-normal counterexample -- 4.03 s
Property transfer-self verified -- 3.64 s
Property transfer-fail verified -- 2.73 s
Property transfer-self-fail verified -- 2.35 s
Property transferfrom-normal counterexample -- 8.11 s
Property transferfrom-self counterexample -- 5.64 s
Property transferfrom-fail verified -- 2.68 s
Property transferfrom-self-fail verified -- 2.31 s
Verified 8 out of 12 properties
4 counterexamples
0 exceptions
0 timed out
benchmarks/ERC203//EXEToken_0x412d397ddca07d753e3e0c61e367fb1b474b3e7d.sol
SpecFilesDir = /mnt/data0/jon/SmartPulseTool/benchmarks/ERC203
... running Solc on /mnt/data0/jon/SmartPulseTool/benchmarks/ERC203//EXEToken_0x412d397ddca07d753e3e0c61e367fb1b474b3e7d.sol
/home/jon/.dotnet/tools/solc
... running SolToBoogie to translate Solidity to Boogie
Property totalsupply verified -- 2.83 s
Property balanceof verified -- 2.86 s
Property allowance verified -- 2.70 s
Property approve counterexample -- 5.38 s
Property transfer-normal counterexample -- 4.72 s
Property transfer-self counterexample -- 4.24 s
Property transfer-fail verified -- 3.12 s
Property transfer-self-fail verified -- 2.89 s
Property transferfrom-normal counterexample -- 8.78 s
Property transferfrom-self counterexample -- 7.29 s
Property transferfrom-fail verified -- 3.47 s
Property transferfrom-self-fail verified -- 2.99 s
Verified 7 out of 12 properties
5 counterexamples
0 exceptions
0 timed out
benchmarks/ERC203//FASTPAY_0x6302eb80a6bcfa97160b6f931bbaacdfe5a923d1.sol
SpecFilesDir = /mnt/data0/jon/SmartPulseTool/benchmarks/ERC203
... running Solc on /mnt/data0/jon/SmartPulseTool/benchmarks/ERC203//FASTPAY_0x6302eb80a6bcfa97160b6f931bbaacdfe5a923d1.sol
/home/jon/.dotnet/tools/solc
... running SolToBoogie to translate Solidity to Boogie
Property totalsupply counterexample -- 3.40 s
Property balanceof verified -- 2.25 s
Property allowance verified -- 2.17 s
Property approve verified -- 2.35 s
Property transfer-normal verified -- 3.32 s
Property transfer-self verified -- 3.24 s
Property transfer-fail verified -- 2.62 s
Property transfer-self-fail verified -- 2.24 s
Property transferfrom-normal verified -- 3.94 s
Property transferfrom-self verified -- 3.49 s
Property transferfrom-fail verified -- 2.71 s
Property transferfrom-self-fail verified -- 2.44 s
Verified 11 out of 12 properties
1 counterexamples
0 exceptions
0 timed out
benchmarks/ERC203//FASTPAYCOIN_0xcf0abd8d0e2e33ed181368a1911cecbcb2f849b3.sol
SpecFilesDir = /mnt/data0/jon/SmartPulseTool/benchmarks/ERC203
... running Solc on /mnt/data0/jon/SmartPulseTool/benchmarks/ERC203//FASTPAYCOIN_0xcf0abd8d0e2e33ed181368a1911cecbcb2f849b3.sol
/home/jon/.dotnet/tools/solc
... running SolToBoogie to translate Solidity to Boogie
Property totalsupply verified -- 2.21 s
Property balanceof verified -- 2.07 s
Property allowance verified -- 2.28 s
Property approve verified -- 2.31 s
Property transfer-normal counterexample -- 3.41 s
Property transfer-self counterexample -- 3.18 s
Property transfer-fail counterexample -- 3.55 s
Property transfer-self-fail counterexample -- 3.40 s
Property transferfrom-normal counterexample -- 8.17 s
Property transferfrom-self counterexample -- 5.18 s
Property transferfrom-fail counterexample -- 5.28 s
Property transferfrom-self-fail counterexample -- 5.27 s
Verified 4 out of 12 properties
8 counterexamples
0 exceptions
0 timed out
benchmarks/ERC203//FLAMA_0x2afd9ce07d4186e8f3671d52200850760a8e1f70.sol
SpecFilesDir = /mnt/data0/jon/SmartPulseTool/benchmarks/ERC203
... running Solc on /mnt/data0/jon/SmartPulseTool/benchmarks/ERC203//FLAMA_0x2afd9ce07d4186e8f3671d52200850760a8e1f70.sol
/home/jon/.dotnet/tools/solc
... running SolToBoogie to translate Solidity to Boogie
Property totalsupply verified -- 2.05 s
Property balanceof verified -- 2.14 s
Property allowance verified -- 2.13 s
Property approve counterexample -- 4.22 s
Property transfer-normal counterexample -- 3.87 s
Property transfer-self counterexample -- 4.72 s
Property transfer-fail counterexample -- 8.66 s
Property transfer-self-fail verified -- 2.30 s
Property transferfrom-normal counterexample -- 22.13 s
Property transferfrom-self counterexample -- 12.57 s
Property transferfrom-fail counterexample -- 10.20 s
Property transferfrom-self-fail verified -- 2.31 s
Verified 5 out of 12 properties
7 counterexamples
0 exceptions
0 timed out
benchmarks/ERC203//FnxToken_0xef9cd7882c067686691b6ff49e650b43afbbcc6b.sol
SpecFilesDir = /mnt/data0/jon/SmartPulseTool/benchmarks/ERC203
... running Solc on /mnt/data0/jon/SmartPulseTool/benchmarks/ERC203//FnxToken_0xef9cd7882c067686691b6ff49e650b43afbbcc6b.sol
/home/jon/.dotnet/tools/solc
... running SolToBoogie to translate Solidity to Boogie
Property totalsupply verified -- 2.26 s
Property balanceof verified -- 2.37 s
Property allowance verified -- 2.21 s
Property approve counterexample -- 4.66 s
Property transfer-normal counterexample -- 4.03 s
Property transfer-self verified -- 3.91 s
Property transfer-fail verified -- 2.67 s
Property transfer-self-fail verified -- 2.42 s
Property transferfrom-normal counterexample -- 30.64 s
Property transferfrom-self counterexample -- 39.16 s
Property transferfrom-fail verified -- 2.81 s
Property transferfrom-self-fail verified -- 2.40 s
Verified 8 out of 12 properties
4 counterexamples
0 exceptions
0 timed out
benchmarks/ERC203//GatherToken_0xc3771d47E2Ab5A519E2917E61e23078d0C05Ed7f.sol
SpecFilesDir = /mnt/data0/jon/SmartPulseTool/benchmarks/ERC203
... running Solc on /mnt/data0/jon/SmartPulseTool/benchmarks/ERC203//GatherToken_0xc3771d47E2Ab5A519E2917E61e23078d0C05Ed7f.sol
/home/jon/.dotnet/tools/solc
... running SolToBoogie to translate Solidity to Boogie
Property totalsupply verified -- 2.68 s
Property balanceof verified -- 2.61 s
Property allowance verified -- 2.56 s
Property approve verified -- 2.77 s
Property transfer-normal counterexample -- 4.73 s
Property transfer-self counterexample -- 4.53 s
Property transfer-fail verified -- 3.18 s
Property transfer-self-fail verified -- 2.89 s
Property transferfrom-normal counterexample -- 11.07 s
Property transferfrom-self counterexample -- 7.13 s
Property transferfrom-fail verified -- 3.36 s
Property transferfrom-self-fail verified -- 2.93 s
Verified 8 out of 12 properties
4 counterexamples
0 exceptions
0 timed out
benchmarks/ERC203//GEEQToken_0x6b9f031d718dded0d681c20cb754f97b3bb81b78.sol
SpecFilesDir = /mnt/data0/jon/SmartPulseTool/benchmarks/ERC203
... running Solc on /mnt/data0/jon/SmartPulseTool/benchmarks/ERC203//GEEQToken_0x6b9f031d718dded0d681c20cb754f97b3bb81b78.sol
/home/jon/.dotnet/tools/solc
... running SolToBoogie to translate Solidity to Boogie
Property totalsupply verified -- 2.28 s
Property balanceof verified -- 2.23 s
Property allowance verified -- 2.14 s
Property approve verified -- 2.39 s
Property transfer-normal counterexample -- 4.15 s
Property transfer-self counterexample -- 4.04 s
Property transfer-fail verified -- 2.52 s
Property transfer-self-fail verified -- 2.05 s
Property transferfrom-normal counterexample -- 8.65 s
Property transferfrom-self counterexample -- 7.71 s
Property transferfrom-fail verified -- 2.69 s
Property transferfrom-self-fail verified -- 2.32 s
Verified 8 out of 12 properties
4 counterexamples
0 exceptions
0 timed out
benchmarks/ERC203//Gluwacoin_0x4ab30b965a8ef0f512da064b5e574d9ad73c0e79.sol
SpecFilesDir = /mnt/data0/jon/SmartPulseTool/benchmarks/ERC203
... running Solc on /mnt/data0/jon/SmartPulseTool/benchmarks/ERC203//Gluwacoin_0x4ab30b965a8ef0f512da064b5e574d9ad73c0e79.sol
/home/jon/.dotnet/tools/solc
... running SolToBoogie to translate Solidity to Boogie
Property totalsupply verified -- 2.21 s
Property balanceof counterexample -- 4.24 s
Property allowance verified -- 2.16 s
Property approve counterexample -- 5.76 s
Property transfer-normal counterexample -- 5.24 s
Property transfer-self counterexample -- 5.02 s
Property transfer-fail verified -- 2.61 s
Property transfer-self-fail verified -- 2.22 s
Property transferfrom-normal counterexample -- 17.79 s
Property transferfrom-self counterexample -- 10.40 s
Property transferfrom-fail verified -- 2.60 s
Property transferfrom-self-fail verified -- 2.61 s
Verified 6 out of 12 properties
6 counterexamples
0 exceptions
0 timed out
benchmarks/ERC203//GMC_0x8Be12dD9Cd9f104BF996C0166ac1Ed6f54A62523.sol
SpecFilesDir = /mnt/data0/jon/SmartPulseTool/benchmarks/ERC203
... running Solc on /mnt/data0/jon/SmartPulseTool/benchmarks/ERC203//GMC_0x8Be12dD9Cd9f104BF996C0166ac1Ed6f54A62523.sol
/home/jon/.dotnet/tools/solc
... running SolToBoogie to translate Solidity to Boogie
Property totalsupply verified -- 2.44 s
Property balanceof verified -- 2.57 s
Property allowance verified -- 2.57 s
Property approve counterexample -- 4.82 s
Property transfer-normal counterexample -- 4.52 s
Property transfer-self counterexample -- 4.42 s
Property transfer-fail verified -- 2.66 s
Property transfer-self-fail verified -- 2.54 s
Property transferfrom-normal counterexample -- 9.39 s
Property transferfrom-self counterexample -- 6.38 s
Property transferfrom-fail verified -- 2.84 s
Property transferfrom-self-fail verified -- 2.73 s
Verified 7 out of 12 properties
5 counterexamples
0 exceptions
0 timed out
benchmarks/ERC203//GOF_0x488e0369f9bc5c40c002ea7c1fe4fd01a198801c.sol
SpecFilesDir = /mnt/data0/jon/SmartPulseTool/benchmarks/ERC203
... running Solc on /mnt/data0/jon/SmartPulseTool/benchmarks/ERC203//GOF_0x488e0369f9bc5c40c002ea7c1fe4fd01a198801c.sol
/home/jon/.dotnet/tools/solc
... running SolToBoogie to translate Solidity to Boogie
Property totalsupply verified -- 2.51 s
Property balanceof verified -- 2.64 s
Property allowance verified -- 2.62 s
Property approve counterexample -- 5.55 s
Property transfer-normal counterexample -- 4.93 s
Property transfer-self verified -- 4.72 s
Property transfer-fail verified -- 2.83 s
Property transfer-self-fail verified -- 2.84 s
Property transferfrom-normal counterexample -- 7.08 s
Property transferfrom-self counterexample -- 6.93 s
Property transferfrom-fail verified -- 3.14 s
Property transferfrom-self-fail verified -- 2.74 s
Verified 8 out of 12 properties
4 counterexamples
0 exceptions
0 timed out
benchmarks/ERC203//GokuMarketCredit_0xa6272359bc37f61AF398071B65C8934ACA744d53.sol
SpecFilesDir = /mnt/data0/jon/SmartPulseTool/benchmarks/ERC203
... running Solc on /mnt/data0/jon/SmartPulseTool/benchmarks/ERC203//GokuMarketCredit_0xa6272359bc37f61AF398071B65C8934ACA744d53.sol
/home/jon/.dotnet/tools/solc
... running SolToBoogie to translate Solidity to Boogie
Property totalsupply verified -- 2.41 s
Property balanceof verified -- 2.43 s
Property allowance verified -- 2.50 s
Property approve verified -- 2.57 s
Property transfer-normal counterexample -- 4.40 s
Property transfer-self verified -- 3.67 s
Property transfer-fail verified -- 2.70 s
Property transfer-self-fail verified -- 2.49 s
Property transferfrom-normal counterexample -- 9.55 s
Property transferfrom-self counterexample -- 6.52 s
Property transferfrom-fail verified -- 3.01 s
Property transferfrom-self-fail verified -- 2.74 s
Verified 9 out of 12 properties
3 counterexamples
0 exceptions
0 timed out
benchmarks/ERC203//Hakka_0x0e29e5abbb5fd88e28b2d355774e73bd47de3bcd.sol
SpecFilesDir = /mnt/data0/jon/SmartPulseTool/benchmarks/ERC203
... running Solc on /mnt/data0/jon/SmartPulseTool/benchmarks/ERC203//Hakka_0x0e29e5abbb5fd88e28b2d355774e73bd47de3bcd.sol
/home/jon/.dotnet/tools/solc
... running SolToBoogie to translate Solidity to Boogie
Property totalsupply verified -- 2.09 s
Property balanceof verified -- 2.09 s
Property allowance verified -- 2.13 s
Property approve verified -- 2.23 s
Property transfer-normal verified -- 4.00 s
Property transfer-self verified -- 3.59 s
Property transfer-fail verified -- 2.39 s
Property transfer-self-fail verified -- 2.26 s
Property transferfrom-normal timed-out -- 900s
Property transferfrom-self counterexample -- 89.24 s
Property transferfrom-fail counterexample -- 6.03 s
Property transferfrom-self-fail counterexample -- 6.32 s
Verified 8 out of 12 properties
3 counterexamples
0 exceptions
1 timed out
benchmarks/ERC203//HALE_0x43f263e363c0c2e39033fcbd9982b78a42d43031.sol
SpecFilesDir = /mnt/data0/jon/SmartPulseTool/benchmarks/ERC203
... running Solc on /mnt/data0/jon/SmartPulseTool/benchmarks/ERC203//HALE_0x43f263e363c0c2e39033fcbd9982b78a42d43031.sol
/home/jon/.dotnet/tools/solc
... running SolToBoogie to translate Solidity to Boogie
Property totalsupply verified -- 1.94 s
Property balanceof verified -- 2.08 s
Property allowance verified -- 1.96 s
Property approve counterexample -- 4.64 s
Property transfer-normal counterexample -- 3.71 s
Property transfer-self verified -- 3.26 s
Property transfer-fail verified -- 2.35 s
Property transfer-self-fail verified -- 2.22 s
Property transferfrom-normal counterexample -- 7.30 s
Property transferfrom-self counterexample -- 5.57 s
Property transferfrom-fail verified -- 2.26 s
Property transferfrom-self-fail verified -- 2.23 s
Verified 8 out of 12 properties
4 counterexamples
0 exceptions
0 timed out
benchmarks/ERC203//HBC_0xfb9553afa2b5c19c5f8e5b8ee175fc01abd1555f.sol
SpecFilesDir = /mnt/data0/jon/SmartPulseTool/benchmarks/ERC203
... running Solc on /mnt/data0/jon/SmartPulseTool/benchmarks/ERC203//HBC_0xfb9553afa2b5c19c5f8e5b8ee175fc01abd1555f.sol
/home/jon/.dotnet/tools/solc
... running SolToBoogie to translate Solidity to Boogie
Property totalsupply verified -- 2.22 s
Property balanceof verified -- 2.26 s
Property allowance counterexample -- 3.64 s
Property approve counterexample -- 4.26 s
Property transfer-normal counterexample -- 4.57 s
Property transfer-self counterexample -- 3.92 s
Property transfer-fail verified -- 2.54 s
Property transfer-self-fail verified -- 2.35 s
Property transferfrom-normal counterexample -- 10.58 s
Property transferfrom-self counterexample -- 8.29 s
Property transferfrom-fail verified -- 2.60 s
Property transferfrom-self-fail verified -- 2.43 s
Verified 6 out of 12 properties
6 counterexamples
0 exceptions
0 timed out
benchmarks/ERC203//HKExCoin_0x40e36b09ff3eba462be5c86289b16840edde9773.sol
SpecFilesDir = /mnt/data0/jon/SmartPulseTool/benchmarks/ERC203
... running Solc on /mnt/data0/jon/SmartPulseTool/benchmarks/ERC203//HKExCoin_0x40e36b09ff3eba462be5c86289b16840edde9773.sol
/home/jon/.dotnet/tools/solc
... running SolToBoogie to translate Solidity to Boogie
Property totalsupply verified -- 3.50 s
Property balanceof verified -- 3.55 s
Property allowance verified -- 3.33 s
Property approve counterexample -- 6.75 s
Property transfer-normal counterexample -- 6.13 s
Property transfer-self counterexample -- 6.27 s
Property transfer-fail verified -- 4.51 s
Property transfer-self-fail verified -- 3.76 s
Property transferfrom-normal counterexample -- 12.10 s
Property transferfrom-self counterexample -- 11.33 s
Property transferfrom-fail verified -- 4.86 s
Property transferfrom-self-fail verified -- 4.11 s
Verified 7 out of 12 properties
5 counterexamples
0 exceptions
0 timed out
benchmarks/ERC203//HumanStandardToken_0x39112688107de317958d9ecc14730d75642ce782.sol
SpecFilesDir = /mnt/data0/jon/SmartPulseTool/benchmarks/ERC203
... running Solc on /mnt/data0/jon/SmartPulseTool/benchmarks/ERC203//HumanStandardToken_0x39112688107de317958d9ecc14730d75642ce782.sol
/home/jon/.dotnet/tools/solc
... running SolToBoogie to translate Solidity to Boogie
Property totalsupply verified -- 2.20 s
Property balanceof verified -- 2.29 s
Property allowance verified -- 2.19 s
Property approve verified -- 2.33 s
Property transfer-normal verified -- 2.79 s
Property transfer-self verified -- 2.66 s
Property transfer-fail counterexample -- 4.98 s
Property transfer-self-fail verified -- 2.22 s
Property transferfrom-normal verified -- 3.51 s
Property transferfrom-self verified -- 3.00 s
Property transferfrom-fail counterexample -- 6.33 s
Property transferfrom-self-fail verified -- 2.34 s
Verified 10 out of 12 properties
2 counterexamples
0 exceptions
0 timed out
benchmarks/ERC203//HumanStandardToken_0xa6b748b5b782016622ff977c12d102139c7514a7.sol
SpecFilesDir = /mnt/data0/jon/SmartPulseTool/benchmarks/ERC203
... running Solc on /mnt/data0/jon/SmartPulseTool/benchmarks/ERC203//HumanStandardToken_0xa6b748b5b782016622ff977c12d102139c7514a7.sol
/home/jon/.dotnet/tools/solc
... running SolToBoogie to translate Solidity to Boogie
Property totalsupply verified -- 2.22 s
Property balanceof verified -- 2.25 s
Property allowance verified -- 2.18 s
Property approve verified -- 2.30 s
Property transfer-normal verified -- 2.98 s
Property transfer-self verified -- 2.50 s
Property transfer-fail counterexample -- 4.67 s
Property transfer-self-fail verified -- 2.22 s
Property transferfrom-normal verified -- 2.93 s
Property transferfrom-self verified -- 2.94 s
Property transferfrom-fail counterexample -- 6.19 s
Property transferfrom-self-fail verified -- 2.30 s
Verified 10 out of 12 properties
2 counterexamples
0 exceptions
0 timed out
benchmarks/ERC203//HY_0x9b53e429b0badd98ef7f01f03702986c516a5715.sol
SpecFilesDir = /mnt/data0/jon/SmartPulseTool/benchmarks/ERC203
... running Solc on /mnt/data0/jon/SmartPulseTool/benchmarks/ERC203//HY_0x9b53e429b0badd98ef7f01f03702986c516a5715.sol
/home/jon/.dotnet/tools/solc
... running SolToBoogie to translate Solidity to Boogie
Property totalsupply counterexample -- 3.57 s
Property balanceof verified -- 2.19 s
Property allowance verified -- 2.26 s
Property approve verified -- 2.45 s
Property transfer-normal verified -- 3.45 s
Property transfer-self verified -- 3.42 s
Property transfer-fail verified -- 2.64 s
Property transfer-self-fail verified -- 2.28 s
Property transferfrom-normal verified -- 3.71 s
Property transferfrom-self verified -- 3.89 s
Property transferfrom-fail verified -- 2.64 s
Property transferfrom-self-fail verified -- 2.47 s
Verified 11 out of 12 properties
1 counterexamples
0 exceptions
0 timed out
benchmarks/ERC203//IDRC_0xbb2f95f286ec090555dca7c0bb49948c59494fdc.sol
SpecFilesDir = /mnt/data0/jon/SmartPulseTool/benchmarks/ERC203
... running Solc on /mnt/data0/jon/SmartPulseTool/benchmarks/ERC203//IDRC_0xbb2f95f286ec090555dca7c0bb49948c59494fdc.sol
/home/jon/.dotnet/tools/solc
... running SolToBoogie to translate Solidity to Boogie
Property totalsupply counterexample -- 4.14 s
Property balanceof verified -- 2.41 s
Property allowance verified -- 2.49 s
Property approve verified -- 2.40 s
Property transfer-normal verified -- 3.23 s
Property transfer-self verified -- 3.43 s
Property transfer-fail verified -- 2.42 s
Property transfer-self-fail verified -- 2.51 s
Property transferfrom-normal verified -- 3.98 s
Property transferfrom-self verified -- 4.05 s
Property transferfrom-fail verified -- 2.76 s
Property transferfrom-self-fail verified -- 2.64 s
Verified 11 out of 12 properties
1 counterexamples
0 exceptions
0 timed out
benchmarks/ERC203//ISF_0x3f9c0211e9ddfccabd614162ffb768f5a7a8ab38.sol
SpecFilesDir = /mnt/data0/jon/SmartPulseTool/benchmarks/ERC203
... running Solc on /mnt/data0/jon/SmartPulseTool/benchmarks/ERC203//ISF_0x3f9c0211e9ddfccabd614162ffb768f5a7a8ab38.sol
/home/jon/.dotnet/tools/solc
... running SolToBoogie to translate Solidity to Boogie
Property totalsupply verified -- 2.71 s
Property balanceof verified -- 2.87 s
Property allowance verified -- 2.79 s
Property approve counterexample -- 5.13 s
Property transfer-normal counterexample -- 4.78 s
Property transfer-self counterexample -- 4.14 s
Property transfer-fail verified -- 2.99 s
Property transfer-self-fail verified -- 3.02 s
Property transferfrom-normal counterexample -- 8.63 s
Property transferfrom-self counterexample -- 6.54 s
Property transferfrom-fail verified -- 3.42 s
Property transferfrom-self-fail verified -- 2.81 s
Verified 7 out of 12 properties
5 counterexamples
0 exceptions
0 timed out
benchmarks/ERC203//ITAMToken_0x3b4f7cb9e60362a49dd04eb0091a374d340e3efd.sol
SpecFilesDir = /mnt/data0/jon/SmartPulseTool/benchmarks/ERC203
... running Solc on /mnt/data0/jon/SmartPulseTool/benchmarks/ERC203//ITAMToken_0x3b4f7cb9e60362a49dd04eb0091a374d340e3efd.sol
/home/jon/.dotnet/tools/solc
... running SolToBoogie to translate Solidity to Boogie
Property totalsupply verified -- 3.21 s
Property balanceof verified -- 2.83 s
Property allowance verified -- 2.89 s
Property approve counterexample -- 11.49 s
Property transfer-normal timed-out -- 900s
Property transfer-self counterexample -- 8.44 s
Property transfer-fail verified -- 3.34 s
Property transfer-self-fail verified -- 3.24 s
Property transferfrom-normal counterexample -- 18.25 s
Property transferfrom-self counterexample -- 16.41 s
Property transferfrom-fail verified -- 3.67 s
Property transferfrom-self-fail verified -- 3.42 s
Verified 7 out of 12 properties
4 counterexamples
0 exceptions
1 timed out
benchmarks/ERC203//ITEN_0x65b678936c489A2639036755Aa2107Ec09569198.sol
SpecFilesDir = /mnt/data0/jon/SmartPulseTool/benchmarks/ERC203
... running Solc on /mnt/data0/jon/SmartPulseTool/benchmarks/ERC203//ITEN_0x65b678936c489A2639036755Aa2107Ec09569198.sol
/home/jon/.dotnet/tools/solc
... running SolToBoogie to translate Solidity to Boogie
Property totalsupply verified -- 2.32 s
Property balanceof verified -- 2.41 s
Property allowance verified -- 2.59 s
Property approve counterexample -- 4.59 s
Property transfer-normal counterexample -- 4.39 s
Property transfer-self counterexample -- 3.95 s
Property transfer-fail verified -- 2.69 s
Property transfer-self-fail verified -- 2.70 s
Property transferfrom-normal counterexample -- 10.86 s
Property transferfrom-self counterexample -- 7.93 s
Property transferfrom-fail verified -- 2.84 s
Property transferfrom-self-fail verified -- 2.82 s
Verified 7 out of 12 properties
5 counterexamples
0 exceptions
0 timed out
