benchmarks/ERC202//MRDF_0x5f3e90b7ecfbc4f63b60c55ec0e825a927467bcc.sol
SpecFilesDir = /mnt/data0/jon/SmartPulseTool/benchmarks/ERC202
... running Solc on /mnt/data0/jon/SmartPulseTool/benchmarks/ERC202//MRDF_0x5f3e90b7ecfbc4f63b60c55ec0e825a927467bcc.sol
/home/jon/.dotnet/tools/solc
... running SolToBoogie to translate Solidity to Boogie
Property totalsupply verified -- 2.38 s
Property balanceof verified -- 2.18 s
Property allowance verified -- 2.21 s
Property approve counterexample -- 4.26 s
Property transfer-normal counterexample -- 4.01 s
Property transfer-self counterexample -- 4.00 s
Property transfer-fail counterexample -- 5.83 s
Property transfer-self-fail verified -- 2.70 s
Property transferfrom-normal counterexample -- 8.01 s
Property transferfrom-self counterexample -- 5.99 s
Property transferfrom-fail verified -- 2.51 s
Property transferfrom-self-fail verified -- 2.60 s
Verified 6 out of 12 properties
6 counterexamples
0 exceptions
0 timed out
benchmarks/ERC202//MyAdvancedToken_0x86c9f9df4a0bfc9a52eb3d16bcce3bc50d1a34ae.sol
SpecFilesDir = /mnt/data0/jon/SmartPulseTool/benchmarks/ERC202
... running Solc on /mnt/data0/jon/SmartPulseTool/benchmarks/ERC202//MyAdvancedToken_0x86c9f9df4a0bfc9a52eb3d16bcce3bc50d1a34ae.sol
/home/jon/.dotnet/tools/solc
... running SolToBoogie to translate Solidity to Boogie
Property totalsupply verified -- 2.32 s
Property balanceof verified -- 2.37 s
Property allowance verified -- 2.42 s
Property approve verified -- 2.29 s
Property transfer-normal counterexample -- 4.79 s
Property transfer-self counterexample -- 4.92 s
Property transfer-fail verified -- 2.50 s
Property transfer-self-fail verified -- 2.52 s
Property transferfrom-normal counterexample -- 33.37 s
Property transferfrom-self counterexample -- 11.42 s
Property transferfrom-fail verified -- 2.66 s
Property transferfrom-self-fail verified -- 2.43 s
Verified 8 out of 12 properties
4 counterexamples
0 exceptions
0 timed out
benchmarks/ERC202//MyToken_0xc3957cf07d0970deedfced034a092b496f9067da.sol
SpecFilesDir = /mnt/data0/jon/SmartPulseTool/benchmarks/ERC202
... running Solc on /mnt/data0/jon/SmartPulseTool/benchmarks/ERC202//MyToken_0xc3957cf07d0970deedfced034a092b496f9067da.sol
/home/jon/.dotnet/tools/solc
... running SolToBoogie to translate Solidity to Boogie
Property totalsupply counterexample -- 3.65 s
Property balanceof verified -- 2.33 s
Property allowance verified -- 2.40 s
Property approve verified -- 2.41 s
Property transfer-normal verified -- 3.41 s
Property transfer-self verified -- 3.49 s
Property transfer-fail verified -- 2.51 s
Property transfer-self-fail verified -- 2.27 s
Property transferfrom-normal verified -- 4.11 s
Property transferfrom-self verified -- 4.11 s
Property transferfrom-fail verified -- 2.59 s
Property transferfrom-self-fail verified -- 2.40 s
Verified 11 out of 12 properties
1 counterexamples
0 exceptions
0 timed out
benchmarks/ERC202//NOL_0x69ac90dc10c1beb0584735f219854b1a0e72f45b.sol
SpecFilesDir = /mnt/data0/jon/SmartPulseTool/benchmarks/ERC202
... running Solc on /mnt/data0/jon/SmartPulseTool/benchmarks/ERC202//NOL_0x69ac90dc10c1beb0584735f219854b1a0e72f45b.sol
/home/jon/.dotnet/tools/solc
... running SolToBoogie to translate Solidity to Boogie
Property totalsupply verified -- 2.26 s
Property balanceof verified -- 2.35 s
Property allowance verified -- 2.47 s
Property approve verified -- 2.48 s
Property transfer-normal counterexample -- 5.04 s
Property transfer-self counterexample -- 5.38 s
Property transfer-fail verified -- 2.47 s
Property transfer-self-fail verified -- 2.62 s
Property transferfrom-normal counterexample -- 139.58 s
Property transferfrom-self counterexample -- 30.59 s
Property transferfrom-fail verified -- 2.70 s
Property transferfrom-self-fail verified -- 2.62 s
Verified 8 out of 12 properties
4 counterexamples
0 exceptions
0 timed out
benchmarks/ERC202//NuLink_0x493c8d6a973246a7B26Aa8Ef4b1494867A825DE5.sol
SpecFilesDir = /mnt/data0/jon/SmartPulseTool/benchmarks/ERC202
... running Solc on /mnt/data0/jon/SmartPulseTool/benchmarks/ERC202//NuLink_0x493c8d6a973246a7B26Aa8Ef4b1494867A825DE5.sol
/home/jon/.dotnet/tools/solc
... running SolToBoogie to translate Solidity to Boogie
Property totalsupply verified -- 2.07 s
Property balanceof verified -- 2.14 s
Property allowance verified -- 2.16 s
Property approve verified -- 2.17 s
Property transfer-normal verified -- 3.04 s
Property transfer-self verified -- 2.30 s
Property transfer-fail counterexample -- 4.70 s
Property transfer-self-fail verified -- 2.05 s
Property transferfrom-normal counterexample -- 170.72 s
Property transferfrom-self counterexample -- 8.90 s
Property transferfrom-fail counterexample -- 5.48 s
Property transferfrom-self-fail verified -- 2.19 s
Verified 8 out of 12 properties
4 counterexamples
0 exceptions
0 timed out
benchmarks/ERC202//NXTG_ERC20_0x60ec679cf3a48d89efa774fccd3dc59ef1401330.sol
SpecFilesDir = /mnt/data0/jon/SmartPulseTool/benchmarks/ERC202
... running Solc on /mnt/data0/jon/SmartPulseTool/benchmarks/ERC202//NXTG_ERC20_0x60ec679cf3a48d89efa774fccd3dc59ef1401330.sol
/home/jon/.dotnet/tools/solc
... running SolToBoogie to translate Solidity to Boogie
Property totalsupply counterexample -- 4.22 s
Property balanceof verified -- 2.32 s
Property allowance verified -- 2.47 s
Property approve verified -- 2.46 s
Property transfer-normal verified -- 3.77 s
Property transfer-self verified -- 3.43 s
Property transfer-fail verified -- 2.72 s
Property transfer-self-fail verified -- 2.43 s
Property transferfrom-normal verified -- 4.22 s
Property transferfrom-self verified -- 3.76 s
Property transferfrom-fail verified -- 2.77 s
Property transferfrom-self-fail verified -- 2.47 s
Verified 11 out of 12 properties
1 counterexamples
0 exceptions
0 timed out
benchmarks/ERC202//OMAToken_0xade84da51b67cbe9002c85b7422c86d78a52f0d2.sol
SpecFilesDir = /mnt/data0/jon/SmartPulseTool/benchmarks/ERC202
... running Solc on /mnt/data0/jon/SmartPulseTool/benchmarks/ERC202//OMAToken_0xade84da51b67cbe9002c85b7422c86d78a52f0d2.sol
/home/jon/.dotnet/tools/solc
... running SolToBoogie to translate Solidity to Boogie
Property totalsupply verified -- 2.20 s
Property balanceof verified -- 2.25 s
Property allowance verified -- 2.19 s
Property approve counterexample -- 4.95 s
Property transfer-normal counterexample -- 4.51 s
Property transfer-self counterexample -- 4.30 s
Property transfer-fail verified -- 2.46 s
Property transfer-self-fail verified -- 2.23 s
Property transferfrom-normal counterexample -- 29.74 s
Property transferfrom-self counterexample -- 25.91 s
Property transferfrom-fail verified -- 2.58 s
Property transferfrom-self-fail verified -- 2.38 s
Verified 7 out of 12 properties
5 counterexamples
0 exceptions
0 timed out
benchmarks/ERC202//OMToken_0x2baEcDf43734F22FD5c152DB08E3C27233F0c7d2.sol
SpecFilesDir = /mnt/data0/jon/SmartPulseTool/benchmarks/ERC202
... running Solc on /mnt/data0/jon/SmartPulseTool/benchmarks/ERC202//OMToken_0x2baEcDf43734F22FD5c152DB08E3C27233F0c7d2.sol
/home/jon/.dotnet/tools/solc
... running SolToBoogie to translate Solidity to Boogie
Property totalsupply verified -- 3.50 s
Property balanceof verified -- 3.52 s
Property allowance verified -- 3.54 s
Property approve counterexample -- 6.35 s
Property transfer-normal counterexample -- 5.47 s
Property transfer-self counterexample -- 5.72 s
Property transfer-fail verified -- 3.91 s
Property transfer-self-fail verified -- 3.78 s
Property transferfrom-normal counterexample -- 9.61 s
Property transferfrom-self counterexample -- 9.14 s
Property transferfrom-fail verified -- 4.09 s
Property transferfrom-self-fail verified -- 4.13 s
Verified 7 out of 12 properties
5 counterexamples
0 exceptions
0 timed out
benchmarks/ERC202//ONIT_0x410e731c2970dce3add351064acf5ce9e33fdbf0.sol
SpecFilesDir = /mnt/data0/jon/SmartPulseTool/benchmarks/ERC202
... running Solc on /mnt/data0/jon/SmartPulseTool/benchmarks/ERC202//ONIT_0x410e731c2970dce3add351064acf5ce9e33fdbf0.sol
/home/jon/.dotnet/tools/solc
... running SolToBoogie to translate Solidity to Boogie
Warning!!: Only handle delete for scalars and arrays, found struct ONIT.LockInfo storage ref
Property totalsupply verified -- 3.57 s
Property balanceof counterexample -- 5.85 s
Property allowance verified -- 3.82 s
Property approve counterexample -- 7.14 s
Property transfer-normal counterexample -- 6.77 s
Property transfer-self counterexample -- 6.58 s
Property transfer-fail counterexample -- 12.34 s
Property transfer-self-fail counterexample -- 11.57 s
Property transferfrom-normal counterexample -- 11.73 s
Property transferfrom-self counterexample -- 10.67 s
Property transferfrom-fail counterexample -- 15.11 s
Property transferfrom-self-fail counterexample -- 15.37 s
Verified 2 out of 12 properties
10 counterexamples
0 exceptions
0 timed out
benchmarks/ERC202//OrionToken_0x8fb00fdebb4e83f2c58b3bcd6732ac1b6a7b7221.sol
SpecFilesDir = /mnt/data0/jon/SmartPulseTool/benchmarks/ERC202
... running Solc on /mnt/data0/jon/SmartPulseTool/benchmarks/ERC202//OrionToken_0x8fb00fdebb4e83f2c58b3bcd6732ac1b6a7b7221.sol
/home/jon/.dotnet/tools/solc
... running SolToBoogie to translate Solidity to Boogie
Property totalsupply verified -- 3.05 s
Property balanceof verified -- 3.26 s
Property allowance verified -- 3.11 s
Property approve counterexample -- 5.99 s
Property transfer-normal counterexample -- 5.16 s
Property transfer-self verified -- 5.10 s
Property transfer-fail verified -- 3.46 s
Property transfer-self-fail verified -- 2.95 s
Property transferfrom-normal counterexample -- 7.22 s
Property transferfrom-self counterexample -- 7.94 s
Property transferfrom-fail verified -- 4.07 s
Property transferfrom-self-fail verified -- 3.58 s
Verified 8 out of 12 properties
4 counterexamples
0 exceptions
0 timed out
benchmarks/ERC202//RariToken_0xfca59cd816ab1ead66534d82bc21e7515ce441cf.sol
SpecFilesDir = /mnt/data0/jon/SmartPulseTool/benchmarks/ERC202
... running Solc on /mnt/data0/jon/SmartPulseTool/benchmarks/ERC202//RariToken_0xfca59cd816ab1ead66534d82bc21e7515ce441cf.sol
/home/jon/.dotnet/tools/solc
... running SolToBoogie to translate Solidity to Boogie
Property totalsupply verified -- 2.69 s
Property balanceof verified -- 2.74 s
Property allowance verified -- 2.88 s
Property approve counterexample -- 5.09 s
Property transfer-normal counterexample -- 4.69 s
Property transfer-self counterexample -- 4.61 s
Property transfer-fail verified -- 3.09 s
Property transfer-self-fail verified -- 3.02 s
Property transferfrom-normal counterexample -- 11.47 s
Property transferfrom-self counterexample -- 8.06 s
Property transferfrom-fail verified -- 3.86 s
Property transferfrom-self-fail verified -- 3.14 s
Verified 7 out of 12 properties
5 counterexamples
0 exceptions
0 timed out
benchmarks/ERC202//ReputationToken_0x221657776846890989a759BA2973e427DfF5C9bB.sol
SpecFilesDir = /mnt/data0/jon/SmartPulseTool/benchmarks/ERC202
... running Solc on /mnt/data0/jon/SmartPulseTool/benchmarks/ERC202//ReputationToken_0x221657776846890989a759BA2973e427DfF5C9bB.sol
/home/jon/.dotnet/tools/solc
... running SolToBoogie to translate Solidity to Boogie
Property totalsupply verified -- 7.11 s
Property balanceof verified -- 6.87 s
Property allowance verified -- 6.87 s
Property approve counterexample -- 18.35 s
Property transfer-normal counterexample -- 15.16 s
Property transfer-self verified -- 9.71 s
Property transfer-fail verified -- 7.65 s
Property transfer-self-fail verified -- 7.19 s
Property transferfrom-normal counterexample -- 24.68 s
Property transferfrom-self counterexample -- 21.81 s
Property transferfrom-fail verified -- 8.20 s
Property transferfrom-self-fail verified -- 7.32 s
Verified 8 out of 12 properties
4 counterexamples
0 exceptions
0 timed out
benchmarks/ERC202//RewardToken_0xa0246c9032bC3A600820415aE600c6388619A14D.sol
SpecFilesDir = /mnt/data0/jon/SmartPulseTool/benchmarks/ERC202
... running Solc on /mnt/data0/jon/SmartPulseTool/benchmarks/ERC202//RewardToken_0xa0246c9032bC3A600820415aE600c6388619A14D.sol
/home/jon/.dotnet/tools/solc
... running SolToBoogie to translate Solidity to Boogie
Property totalsupply verified -- 3.55 s
Property balanceof verified -- 3.92 s
Property allowance verified -- 3.50 s
Property approve counterexample -- 6.80 s
Property transfer-normal counterexample -- 6.18 s
Property transfer-self verified -- 4.99 s
Property transfer-fail verified -- 4.13 s
Property transfer-self-fail verified -- 3.57 s
Property transferfrom-normal counterexample -- 9.05 s
Property transferfrom-self counterexample -- 8.81 s
Property transferfrom-fail verified -- 4.42 s
Property transferfrom-self-fail verified -- 3.84 s
Verified 8 out of 12 properties
4 counterexamples
0 exceptions
0 timed out
benchmarks/ERC202//RICH_0x025daf950c6e814dee4c96e13c98d3196d22e60c.sol
SpecFilesDir = /mnt/data0/jon/SmartPulseTool/benchmarks/ERC202
... running Solc on /mnt/data0/jon/SmartPulseTool/benchmarks/ERC202//RICH_0x025daf950c6e814dee4c96e13c98d3196d22e60c.sol
/home/jon/.dotnet/tools/solc
... running SolToBoogie to translate Solidity to Boogie
Property totalsupply counterexample -- 4.20 s
Property balanceof verified -- 2.33 s
Property allowance verified -- 2.41 s
Property approve verified -- 2.42 s
Property transfer-normal verified -- 3.37 s
Property transfer-self verified -- 3.43 s
Property transfer-fail verified -- 2.46 s
Property transfer-self-fail verified -- 2.42 s
Property transferfrom-normal verified -- 3.84 s
Property transferfrom-self verified -- 4.02 s
Property transferfrom-fail verified -- 2.75 s
Property transferfrom-self-fail verified -- 2.47 s
Verified 11 out of 12 properties
1 counterexamples
0 exceptions
0 timed out
benchmarks/ERC202//RMPL_0xe17f017475a709de58e976081eb916081ff4c9d5.sol
SpecFilesDir = /mnt/data0/jon/SmartPulseTool/benchmarks/ERC202
... running Solc on /mnt/data0/jon/SmartPulseTool/benchmarks/ERC202//RMPL_0xe17f017475a709de58e976081eb916081ff4c9d5.sol
/home/jon/.dotnet/tools/solc
... running SolToBoogie to translate Solidity to Boogie
Warning: signed integer arithmetic is not handled with /useModularArithmetic option
Warning: signed integer arithmetic is not handled with /useModularArithmetic option
Warning: signed integer arithmetic is not handled with /useModularArithmetic option
Warning: signed integer arithmetic is not handled with /useModularArithmetic option
Warning: signed integer arithmetic is not handled with /useModularArithmetic option
Warning: signed integer arithmetic is not handled with /useModularArithmetic option
Warning: signed integer arithmetic is not handled with /useModularArithmetic option
Warning: signed integer arithmetic is not handled with /useModularArithmetic option
Warning: signed integer arithmetic is not handled with /useModularArithmetic option
Warning: signed integer arithmetic is not handled with /useModularArithmetic option
Warning: signed integer arithmetic is not handled with /useModularArithmetic option
Warning: signed integer arithmetic is not handled with /useModularArithmetic option
Warning: signed integer arithmetic is not handled with /useModularArithmetic option
Property totalsupply verified -- 2.53 s
Property balanceof counterexample -- 4.67 s
Property allowance verified -- 2.42 s
Property approve verified -- 2.63 s
Property transfer-normal counterexample -- 8.52 s
Property transfer-self counterexample -- 7.22 s
Property transfer-fail counterexample -- 18.67 s
Property transfer-self-fail counterexample -- 9.10 s
Property transferfrom-normal counterexample -- 11.85 s
Property transferfrom-self counterexample -- 10.32 s
Property transferfrom-fail counterexample -- 23.80 s
Property transferfrom-self-fail counterexample -- 14.01 s
Verified 3 out of 12 properties
9 counterexamples
0 exceptions
0 timed out
benchmarks/ERC202//SimpleToken_0x9135D92e3A34e2A94e4474B74b9DC2d51118eeD5.sol
SpecFilesDir = /mnt/data0/jon/SmartPulseTool/benchmarks/ERC202
... running Solc on /mnt/data0/jon/SmartPulseTool/benchmarks/ERC202//SimpleToken_0x9135D92e3A34e2A94e4474B74b9DC2d51118eeD5.sol
/home/jon/.dotnet/tools/solc
... running SolToBoogie to translate Solidity to Boogie
Property totalsupply verified -- 2.64 s
Property balanceof verified -- 2.72 s
Property allowance verified -- 2.49 s
Property approve counterexample -- 5.11 s
Property transfer-normal counterexample -- 4.51 s
Property transfer-self verified -- 4.43 s
Property transfer-fail verified -- 3.10 s
Property transfer-self-fail verified -- 2.86 s
Property transferfrom-normal counterexample -- 7.14 s
Property transferfrom-self counterexample -- 7.40 s
Property transferfrom-fail verified -- 3.48 s
Property transferfrom-self-fail verified -- 2.73 s
Verified 8 out of 12 properties
4 counterexamples
0 exceptions
0 timed out
benchmarks/ERC202//SpaghettiToken_0x08a2e41fb99a7599725190b9c970ad3893fa33cf.sol
SpecFilesDir = /mnt/data0/jon/SmartPulseTool/benchmarks/ERC202
... running Solc on /mnt/data0/jon/SmartPulseTool/benchmarks/ERC202//SpaghettiToken_0x08a2e41fb99a7599725190b9c970ad3893fa33cf.sol
/home/jon/.dotnet/tools/solc
... running SolToBoogie to translate Solidity to Boogie
Property totalsupply verified -- 2.26 s
Property balanceof verified -- 1.83 s
Property allowance verified -- 2.33 s
Property approve verified -- 2.18 s
Property transfer-normal counterexample -- 8.91 s
Property transfer-self counterexample -- 7.62 s
Property transfer-fail counterexample -- 9.64 s
Property transfer-self-fail verified -- 2.23 s
Property transferfrom-normal timed-out -- 900s
Property transferfrom-self timed-out -- 900s
Property transferfrom-fail counterexample -- 124.43 s
Property transferfrom-self-fail counterexample -- 8.70 s
Verified 5 out of 12 properties
5 counterexamples
0 exceptions
2 timed out
benchmarks/ERC202//SpaghettiTokenV2_0xe54f9e6ab80ebc28515af8b8233c1aee6506a15e.sol
SpecFilesDir = /mnt/data0/jon/SmartPulseTool/benchmarks/ERC202
... running Solc on /mnt/data0/jon/SmartPulseTool/benchmarks/ERC202//SpaghettiTokenV2_0xe54f9e6ab80ebc28515af8b8233c1aee6506a15e.sol
/home/jon/.dotnet/tools/solc
... running SolToBoogie to translate Solidity to Boogie
Property totalsupply verified -- 2.19 s
Property balanceof verified -- 2.25 s
Property allowance verified -- 2.32 s
Property approve verified -- 2.46 s
Property transfer-normal counterexample -- 8.39 s
Property transfer-self counterexample -- 7.57 s
Property transfer-fail counterexample -- 12.69 s
Property transfer-self-fail verified -- 2.47 s
Property transferfrom-normal timed-out -- 900s
Property transferfrom-self timed-out -- 900s
Property transferfrom-fail timed-out -- 900s
Property transferfrom-self-fail counterexample -- 13.54 s
Verified 5 out of 12 properties
4 counterexamples
0 exceptions
3 timed out
benchmarks/ERC202//StreamProtocol_0x9b5C2BE869a19e84BDBcb1386dAD83a2ec8DAe82.sol
SpecFilesDir = /mnt/data0/jon/SmartPulseTool/benchmarks/ERC202
... running Solc on /mnt/data0/jon/SmartPulseTool/benchmarks/ERC202//StreamProtocol_0x9b5C2BE869a19e84BDBcb1386dAD83a2ec8DAe82.sol
/home/jon/.dotnet/tools/solc
... running SolToBoogie to translate Solidity to Boogie
Property totalsupply counterexample -- 3.70 s
Property balanceof verified -- 2.30 s
Property allowance counterexample -- 3.49 s
Property approve counterexample -- 4.35 s
Property transfer-normal counterexample -- 3.85 s
Property transfer-self counterexample -- 3.65 s
Property transfer-fail verified -- 2.51 s
Property transfer-self-fail verified -- 2.28 s
Property transferfrom-normal counterexample -- 9.43 s
Property transferfrom-self counterexample -- 8.05 s
Property transferfrom-fail counterexample -- 6.32 s
Property transferfrom-self-fail counterexample -- 6.33 s
Verified 3 out of 12 properties
9 counterexamples
0 exceptions
0 timed out
benchmarks/ERC202//StrikeFarm_0x8a309E9fb32055CB8ad3524C6e53A6C3480e66B7.sol
SpecFilesDir = /mnt/data0/jon/SmartPulseTool/benchmarks/ERC202
... running Solc on /mnt/data0/jon/SmartPulseTool/benchmarks/ERC202//StrikeFarm_0x8a309E9fb32055CB8ad3524C6e53A6C3480e66B7.sol
/home/jon/.dotnet/tools/solc
... running SolToBoogie to translate Solidity to Boogie
Property totalsupply verified -- 2.47 s
Property balanceof verified -- 2.28 s
Property allowance verified -- 2.21 s
Property approve counterexample -- 4.76 s
Property transfer-normal counterexample -- 4.29 s
Property transfer-self verified -- 4.17 s
Property transfer-fail verified -- 2.66 s
Property transfer-self-fail verified -- 2.55 s
Property transferfrom-normal counterexample -- 6.26 s
Property transferfrom-self counterexample -- 5.77 s
Property transferfrom-fail verified -- 3.08 s
Property transferfrom-self-fail verified -- 2.63 s
Verified 8 out of 12 properties
4 counterexamples
0 exceptions
0 timed out
benchmarks/ERC202//Team3D_0x3D3D35bb9bEC23b06Ca00fe472b50E7A4c692C30.sol
SpecFilesDir = /mnt/data0/jon/SmartPulseTool/benchmarks/ERC202
... running Solc on /mnt/data0/jon/SmartPulseTool/benchmarks/ERC202//Team3D_0x3D3D35bb9bEC23b06Ca00fe472b50E7A4c692C30.sol
/home/jon/.dotnet/tools/solc
... running SolToBoogie to translate Solidity to Boogie
Property totalsupply verified -- 2.29 s
Property balanceof verified -- 2.36 s
Property allowance verified -- 2.32 s
Property approve counterexample -- 4.94 s
Property transfer-normal counterexample -- 4.93 s
Property transfer-self counterexample -- 4.55 s
Property transfer-fail verified -- 2.62 s
Property transfer-self-fail verified -- 2.36 s
Property transferfrom-normal counterexample -- 10.13 s
Property transferfrom-self counterexample -- 8.14 s
Property transferfrom-fail verified -- 2.58 s
Property transferfrom-self-fail verified -- 2.36 s
Verified 7 out of 12 properties
5 counterexamples
0 exceptions
0 timed out
benchmarks/ERC202//THECASH_0xcd475371e39c0d94e82fccc9dd0ea710d0dc0c0b.sol
SpecFilesDir = /mnt/data0/jon/SmartPulseTool/benchmarks/ERC202
... running Solc on /mnt/data0/jon/SmartPulseTool/benchmarks/ERC202//THECASH_0xcd475371e39c0d94e82fccc9dd0ea710d0dc0c0b.sol
/home/jon/.dotnet/tools/solc
... running SolToBoogie to translate Solidity to Boogie
Property totalsupply verified -- 3.66 s
Property balanceof verified -- 3.62 s
Property allowance verified -- 3.39 s
Property approve counterexample -- 8.75 s
Property transfer-normal counterexample -- 6.99 s
Property transfer-self counterexample -- 6.49 s
Property transfer-fail verified -- 4.38 s
Property transfer-self-fail verified -- 4.02 s
Property transferfrom-normal counterexample -- 13.18 s
Property transferfrom-self counterexample -- 12.37 s
Property transferfrom-fail verified -- 4.45 s
Property transferfrom-self-fail verified -- 3.90 s
Verified 7 out of 12 properties
5 counterexamples
0 exceptions
0 timed out
benchmarks/ERC202//Token_0x66b3037aa8dd64c3ef1aee13a4d1f2509f672d1c.sol
SpecFilesDir = /mnt/data0/jon/SmartPulseTool/benchmarks/ERC202
... running Solc on /mnt/data0/jon/SmartPulseTool/benchmarks/ERC202//Token_0x66b3037aa8dd64c3ef1aee13a4d1f2509f672d1c.sol
/home/jon/.dotnet/tools/solc
... running SolToBoogie to translate Solidity to Boogie
Property totalsupply verified -- 2.57 s
Property balanceof verified -- 2.41 s
Property allowance verified -- 2.33 s
Property approve counterexample -- 5.30 s
Property transfer-normal counterexample -- 4.68 s
Property transfer-self verified -- 4.04 s
Property transfer-fail verified -- 2.90 s
Property transfer-self-fail verified -- 2.56 s
Property transferfrom-normal counterexample -- 6.79 s
Property transferfrom-self counterexample -- 8.47 s
Property transferfrom-fail verified -- 3.16 s
Property transferfrom-self-fail verified -- 2.71 s
Verified 8 out of 12 properties
4 counterexamples
0 exceptions
0 timed out
benchmarks/ERC202//Token_0xef811e8ea1c406cd1df7c953e45acfc4deb72e3d.sol
SpecFilesDir = /mnt/data0/jon/SmartPulseTool/benchmarks/ERC202
... running Solc on /mnt/data0/jon/SmartPulseTool/benchmarks/ERC202//Token_0xef811e8ea1c406cd1df7c953e45acfc4deb72e3d.sol
/home/jon/.dotnet/tools/solc
... running SolToBoogie to translate Solidity to Boogie
Property totalsupply verified -- 2.04 s
Property balanceof verified -- 1.97 s
Property allowance verified -- 2.01 s
Property approve counterexample -- 4.41 s
Property transfer-normal counterexample -- 3.74 s
Property transfer-self verified -- 3.26 s
Property transfer-fail verified -- 2.30 s
Property transfer-self-fail verified -- 2.16 s
Property transferfrom-normal counterexample -- 6.92 s
Property transferfrom-self counterexample -- 5.89 s
Property transferfrom-fail verified -- 2.55 s
Property transferfrom-self-fail verified -- 2.14 s
Verified 8 out of 12 properties
4 counterexamples
0 exceptions
0 timed out
benchmarks/ERC202//TokenERC20_0x97e989FD773745f7E1678c2004057F1378591A71.sol
SpecFilesDir = /mnt/data0/jon/SmartPulseTool/benchmarks/ERC202
... running Solc on /mnt/data0/jon/SmartPulseTool/benchmarks/ERC202//TokenERC20_0x97e989FD773745f7E1678c2004057F1378591A71.sol
/home/jon/.dotnet/tools/solc
... running SolToBoogie to translate Solidity to Boogie
Property totalsupply verified -- 2.07 s
Property balanceof verified -- 2.10 s
Property allowance verified -- 2.11 s
Property approve verified -- 2.22 s
Property transfer-normal exception -- .10 s
Property transfer-self exception -- .12 s
Property transfer-fail verified -- 2.18 s
Property transfer-self-fail verified -- 2.18 s
Property transferfrom-normal counterexample -- 20.02 s
Property transferfrom-self counterexample -- 13.09 s
Property transferfrom-fail verified -- 2.27 s
Property transferfrom-self-fail verified -- 2.23 s
Verified 8 out of 12 properties
2 counterexamples
2 exceptions
0 timed out
benchmarks/ERC202//TokenERC20_0xd08Bd5110B58396d435665de74A43a06B0136B10.sol
SpecFilesDir = /mnt/data0/jon/SmartPulseTool/benchmarks/ERC202
... running Solc on /mnt/data0/jon/SmartPulseTool/benchmarks/ERC202//TokenERC20_0xd08Bd5110B58396d435665de74A43a06B0136B10.sol
/home/jon/.dotnet/tools/solc
... running SolToBoogie to translate Solidity to Boogie
Property totalsupply verified -- 1.96 s
Property balanceof verified -- 2.02 s
Property allowance verified -- 2.07 s
Property approve verified -- 1.98 s
Property transfer-normal counterexample -- 4.21 s
Property transfer-self counterexample -- 4.92 s
Property transfer-fail verified -- 2.22 s
Property transfer-self-fail verified -- 2.17 s
Property transferfrom-normal counterexample -- 19.49 s
Property transferfrom-self counterexample -- 11.85 s
Property transferfrom-fail verified -- 2.27 s
Property transferfrom-self-fail verified -- 2.19 s
Verified 8 out of 12 properties
4 counterexamples
0 exceptions
0 timed out
benchmarks/ERC202//TONToken_0x6a6c2ada3ce053561c2fbc3ee211f23d9b8c520a.sol
SpecFilesDir = /mnt/data0/jon/SmartPulseTool/benchmarks/ERC202
... running Solc on /mnt/data0/jon/SmartPulseTool/benchmarks/ERC202//TONToken_0x6a6c2ada3ce053561c2fbc3ee211f23d9b8c520a.sol
/home/jon/.dotnet/tools/solc
... running SolToBoogie to translate Solidity to Boogie
Property totalsupply verified -- 4.21 s
Property balanceof verified -- 3.90 s
Property allowance verified -- 4.17 s
Property approve counterexample -- 7.16 s
Property transfer-normal counterexample -- 6.57 s
Property transfer-self counterexample -- 6.40 s
Property transfer-fail verified -- 4.87 s
Property transfer-self-fail verified -- 4.36 s
Property transferfrom-normal counterexample -- 16.98 s
Property transferfrom-self counterexample -- 10.86 s
Property transferfrom-fail verified -- 4.89 s
Property transferfrom-self-fail verified -- 4.46 s
Verified 7 out of 12 properties
5 counterexamples
0 exceptions
0 timed out
benchmarks/ERC202//TrifoliumCoin_0xaF3573E1E223c601340AdE1f1D52cd106B264367.sol
SpecFilesDir = /mnt/data0/jon/SmartPulseTool/benchmarks/ERC202
... running Solc on /mnt/data0/jon/SmartPulseTool/benchmarks/ERC202//TrifoliumCoin_0xaF3573E1E223c601340AdE1f1D52cd106B264367.sol
/home/jon/.dotnet/tools/solc
... running SolToBoogie to translate Solidity to Boogie
Property totalsupply counterexample -- 3.38 s
Property balanceof verified -- 2.31 s
Property allowance verified -- 2.18 s
Property approve verified -- 2.36 s
Property transfer-normal verified -- 3.22 s
Property transfer-self verified -- 3.43 s
Property transfer-fail verified -- 2.49 s
Property transfer-self-fail verified -- 2.41 s
Property transferfrom-normal verified -- 4.22 s
Property transferfrom-self verified -- 3.59 s
Property transferfrom-fail verified -- 2.65 s
Property transferfrom-self-fail verified -- 2.36 s
Verified 11 out of 12 properties
1 counterexamples
0 exceptions
0 timed out
benchmarks/ERC202//TristersLightCoin_0x9d5155fbffd5bbb7555f13819a5b435b7befdcbe.sol
SpecFilesDir = /mnt/data0/jon/SmartPulseTool/benchmarks/ERC202
... running Solc on /mnt/data0/jon/SmartPulseTool/benchmarks/ERC202//TristersLightCoin_0x9d5155fbffd5bbb7555f13819a5b435b7befdcbe.sol
/home/jon/.dotnet/tools/solc
... running SolToBoogie to translate Solidity to Boogie
Property totalsupply verified -- 2.22 s
Property balanceof verified -- 2.09 s
Property allowance verified -- 2.22 s
Property approve counterexample -- 4.57 s
Property transfer-normal counterexample -- 4.51 s
Property transfer-self verified -- 3.53 s
Property transfer-fail verified -- 2.38 s
Property transfer-self-fail verified -- 2.21 s
Property transferfrom-normal counterexample -- 7.60 s
Property transferfrom-self counterexample -- 7.47 s
Property transferfrom-fail verified -- 2.44 s
Property transferfrom-self-fail verified -- 2.41 s
Verified 8 out of 12 properties
4 counterexamples
0 exceptions
0 timed out
benchmarks/ERC202//TSTToken_0xf67041758d3b6e56d6fdafa5b32038302c3634da.sol
SpecFilesDir = /mnt/data0/jon/SmartPulseTool/benchmarks/ERC202
... running Solc on /mnt/data0/jon/SmartPulseTool/benchmarks/ERC202//TSTToken_0xf67041758d3b6e56d6fdafa5b32038302c3634da.sol
/home/jon/.dotnet/tools/solc
... running SolToBoogie to translate Solidity to Boogie
Property totalsupply verified -- 2.79 s
Property balanceof verified -- 2.83 s
Property allowance verified -- 2.71 s
Property approve verified -- 2.71 s
Property transfer-normal counterexample -- 4.70 s
Property transfer-self verified -- 3.36 s
Property transfer-fail verified -- 3.10 s
Property transfer-self-fail verified -- 2.77 s
Property transferfrom-normal counterexample -- 9.54 s
Property transferfrom-self counterexample -- 6.69 s
Property transferfrom-fail verified -- 3.21 s
Property transferfrom-self-fail verified -- 2.92 s
Verified 9 out of 12 properties
3 counterexamples
0 exceptions
0 timed out
benchmarks/ERC202//TulipToken_0x3D1BE3fEf769399CcE7e504E85324d622F23Cf85.sol
SpecFilesDir = /mnt/data0/jon/SmartPulseTool/benchmarks/ERC202
... running Solc on /mnt/data0/jon/SmartPulseTool/benchmarks/ERC202//TulipToken_0x3D1BE3fEf769399CcE7e504E85324d622F23Cf85.sol
/home/jon/.dotnet/tools/solc
... running SolToBoogie to translate Solidity to Boogie
Property totalsupply verified -- 2.23 s
Property balanceof verified -- 2.31 s
Property allowance verified -- 2.27 s
Property approve counterexample -- 4.51 s
Property transfer-normal counterexample -- 4.33 s
Property transfer-self verified -- 3.75 s
Property transfer-fail verified -- 2.43 s
Property transfer-self-fail verified -- 2.59 s
Property transferfrom-normal counterexample -- 6.69 s
Property transferfrom-self counterexample -- 7.10 s
Property transferfrom-fail verified -- 2.93 s
Property transferfrom-self-fail verified -- 2.33 s
Verified 8 out of 12 properties
4 counterexamples
0 exceptions
0 timed out
benchmarks/ERC202//ULMC_0x44f946f93272322341eeb42977b0b0ed090c8f9c.sol
SpecFilesDir = /mnt/data0/jon/SmartPulseTool/benchmarks/ERC202
... running Solc on /mnt/data0/jon/SmartPulseTool/benchmarks/ERC202//ULMC_0x44f946f93272322341eeb42977b0b0ed090c8f9c.sol
/home/jon/.dotnet/tools/solc
... running SolToBoogie to translate Solidity to Boogie
Property totalsupply verified -- 2.34 s
Property balanceof verified -- 2.29 s
Property allowance verified -- 2.20 s
Property approve counterexample -- 4.92 s
Property transfer-normal counterexample -- 3.98 s
Property transfer-self verified -- 3.76 s
Property transfer-fail verified -- 2.61 s
Property transfer-self-fail verified -- 2.32 s
Property transferfrom-normal counterexample -- 6.19 s
Property transferfrom-self counterexample -- 5.74 s
Property transferfrom-fail verified -- 2.88 s
Property transferfrom-self-fail verified -- 2.49 s
Verified 8 out of 12 properties
4 counterexamples
0 exceptions
0 timed out
benchmarks/ERC202//ULU_0x035bfe6057e15ea692c0dfdcab3bb41a64dd2ad4.sol
SpecFilesDir = /mnt/data0/jon/SmartPulseTool/benchmarks/ERC202
... running Solc on /mnt/data0/jon/SmartPulseTool/benchmarks/ERC202//ULU_0x035bfe6057e15ea692c0dfdcab3bb41a64dd2ad4.sol
/home/jon/.dotnet/tools/solc
... running SolToBoogie to translate Solidity to Boogie
Property totalsupply verified -- 2.46 s
Property balanceof verified -- 2.46 s
Property allowance verified -- 2.38 s
Property approve counterexample -- 5.37 s
Property transfer-normal counterexample -- 4.69 s
Property transfer-self verified -- 3.95 s
Property transfer-fail verified -- 2.77 s
Property transfer-self-fail verified -- 2.62 s
Property transferfrom-normal counterexample -- 6.98 s
Property transferfrom-self counterexample -- 6.79 s
Property transferfrom-fail verified -- 3.30 s
Property transferfrom-self-fail verified -- 2.80 s
Verified 8 out of 12 properties
4 counterexamples
0 exceptions
0 timed out
benchmarks/ERC202//UPCToken_0x91c4b0cfc5eac8b8c5fd953ae9fbc707b520a7d6.sol
SpecFilesDir = /mnt/data0/jon/SmartPulseTool/benchmarks/ERC202
... running Solc on /mnt/data0/jon/SmartPulseTool/benchmarks/ERC202//UPCToken_0x91c4b0cfc5eac8b8c5fd953ae9fbc707b520a7d6.sol
/home/jon/.dotnet/tools/solc
... running SolToBoogie to translate Solidity to Boogie
Property totalsupply verified -- 2.88 s
Property balanceof verified -- 2.69 s
Property allowance verified -- 2.71 s
Property approve counterexample -- 4.98 s
Property transfer-normal counterexample -- 5.04 s
Property transfer-self counterexample -- 4.70 s
Property transfer-fail verified -- 2.98 s
Property transfer-self-fail verified -- 2.81 s
Property transferfrom-normal counterexample -- 11.73 s
Property transferfrom-self counterexample -- 7.34 s
Property transferfrom-fail verified -- 3.20 s
Property transferfrom-self-fail verified -- 3.07 s
Verified 7 out of 12 properties
5 counterexamples
0 exceptions
0 timed out
benchmarks/ERC202//USD_0x8679f1f00725c3b02918604438a5200b0acf7584.sol
SpecFilesDir = /mnt/data0/jon/SmartPulseTool/benchmarks/ERC202
... running Solc on /mnt/data0/jon/SmartPulseTool/benchmarks/ERC202//USD_0x8679f1f00725c3b02918604438a5200b0acf7584.sol
/home/jon/.dotnet/tools/solc
... running SolToBoogie to translate Solidity to Boogie
Property totalsupply verified -- 2.10 s
Property balanceof verified -- 2.35 s
Property allowance verified -- 2.32 s
Property approve counterexample -- 4.20 s
Property transfer-normal counterexample -- 4.13 s
Property transfer-self counterexample -- 3.52 s
Property transfer-fail counterexample -- 5.32 s
Property transfer-self-fail verified -- 2.33 s
Property transferfrom-normal counterexample -- 6.98 s
Property transferfrom-self counterexample -- 5.62 s
Property transferfrom-fail verified -- 2.64 s
Property transferfrom-self-fail verified -- 2.52 s
Verified 6 out of 12 properties
6 counterexamples
0 exceptions
0 timed out
benchmarks/ERC202//USDollarHKex_0x164f0C960c164F8988a556B4EB86d3a696b8E7f0.sol
SpecFilesDir = /mnt/data0/jon/SmartPulseTool/benchmarks/ERC202
... running Solc on /mnt/data0/jon/SmartPulseTool/benchmarks/ERC202//USDollarHKex_0x164f0C960c164F8988a556B4EB86d3a696b8E7f0.sol
/home/jon/.dotnet/tools/solc
... running SolToBoogie to translate Solidity to Boogie
Property totalsupply verified -- 3.39 s
Property balanceof verified -- 3.38 s
Property allowance verified -- 3.34 s
Property approve counterexample -- 6.73 s
Property transfer-normal counterexample -- 6.19 s
Property transfer-self counterexample -- 6.03 s
Property transfer-fail verified -- 4.12 s
Property transfer-self-fail verified -- 3.58 s
Property transferfrom-normal counterexample -- 14.51 s
Property transferfrom-self counterexample -- 8.97 s
Property transferfrom-fail verified -- 4.32 s
Property transferfrom-self-fail verified -- 4.31 s
Verified 7 out of 12 properties
5 counterexamples
0 exceptions
0 timed out
benchmarks/ERC202//USDX_0xbec4a69d6a5fbcb2303c13d24ea1a51a6f19bd12.sol
SpecFilesDir = /mnt/data0/jon/SmartPulseTool/benchmarks/ERC202
... running Solc on /mnt/data0/jon/SmartPulseTool/benchmarks/ERC202//USDX_0xbec4a69d6a5fbcb2303c13d24ea1a51a6f19bd12.sol
/home/jon/.dotnet/tools/solc
... running SolToBoogie to translate Solidity to Boogie
Property totalsupply counterexample -- 3.95 s
Property balanceof verified -- 2.26 s
Property allowance verified -- 2.45 s
Property approve verified -- 2.50 s
Property transfer-normal verified -- 3.30 s
Property transfer-self verified -- 3.50 s
Property transfer-fail verified -- 2.55 s
Property transfer-self-fail verified -- 2.27 s
Property transferfrom-normal verified -- 4.30 s
Property transferfrom-self verified -- 3.81 s
Property transferfrom-fail verified -- 2.81 s
Property transferfrom-self-fail verified -- 2.44 s
Verified 11 out of 12 properties
1 counterexamples
0 exceptions
0 timed out
benchmarks/ERC202//VIE_0x74639EfB889C1Fb44c8A3F64c681E549Bb077e4d.sol
SpecFilesDir = /mnt/data0/jon/SmartPulseTool/benchmarks/ERC202
... running Solc on /mnt/data0/jon/SmartPulseTool/benchmarks/ERC202//VIE_0x74639EfB889C1Fb44c8A3F64c681E549Bb077e4d.sol
/home/jon/.dotnet/tools/solc
... running SolToBoogie to translate Solidity to Boogie
Property totalsupply verified -- 2.89 s
Property balanceof verified -- 2.75 s
Property allowance verified -- 2.84 s
Property approve counterexample -- 5.99 s
Property transfer-normal counterexample -- 4.91 s
Property transfer-self counterexample -- 5.21 s
Property transfer-fail verified -- 3.07 s
Property transfer-self-fail verified -- 2.95 s
Property transferfrom-normal counterexample -- 8.16 s
Property transferfrom-self counterexample -- 6.90 s
Property transferfrom-fail verified -- 3.12 s
Property transferfrom-self-fail verified -- 3.03 s
Verified 7 out of 12 properties
5 counterexamples
0 exceptions
0 timed out
benchmarks/ERC202//VIToken_0xd321ca7cd7a233483b8cd5a11a89e9337e70df84.sol
SpecFilesDir = /mnt/data0/jon/SmartPulseTool/benchmarks/ERC202
... running Solc on /mnt/data0/jon/SmartPulseTool/benchmarks/ERC202//VIToken_0xd321ca7cd7a233483b8cd5a11a89e9337e70df84.sol
/home/jon/.dotnet/tools/solc
... running SolToBoogie to translate Solidity to Boogie
Property totalsupply verified -- 3.14 s
Property balanceof verified -- 3.13 s
Property allowance verified -- 3.43 s
Property approve counterexample -- 6.13 s
Property transfer-normal counterexample -- 5.48 s
Property transfer-self verified -- 5.18 s
Property transfer-fail verified -- 3.73 s
Property transfer-self-fail verified -- 3.14 s
Property transferfrom-normal counterexample -- 8.23 s
Property transferfrom-self counterexample -- 7.50 s
Property transferfrom-fail verified -- 4.09 s
Property transferfrom-self-fail verified -- 3.53 s
Verified 8 out of 12 properties
4 counterexamples
0 exceptions
0 timed out
benchmarks/ERC202//Wafl_0x3Fee076a0f0218899B89fE7e3F54dd2dC18917E0.sol
SpecFilesDir = /mnt/data0/jon/SmartPulseTool/benchmarks/ERC202
... running Solc on /mnt/data0/jon/SmartPulseTool/benchmarks/ERC202//Wafl_0x3Fee076a0f0218899B89fE7e3F54dd2dC18917E0.sol
/home/jon/.dotnet/tools/solc
... running SolToBoogie to translate Solidity to Boogie
Property totalsupply verified -- 3.73 s
Property balanceof verified -- 3.73 s
Property allowance verified -- 3.66 s
Property approve counterexample -- 6.74 s
Property transfer-normal counterexample -- 6.02 s
Property transfer-self counterexample -- 5.86 s
Property transfer-fail verified -- 4.25 s
Property transfer-self-fail verified -- 4.15 s
Property transferfrom-normal counterexample -- 24.62 s
Property transferfrom-self counterexample -- 8.66 s
Property transferfrom-fail verified -- 4.53 s
Property transferfrom-self-fail verified -- 4.29 s
Verified 7 out of 12 properties
5 counterexamples
0 exceptions
0 timed out
benchmarks/ERC202//WXB_0x549ed593defa6ce92fb8e8ce08bec1a804ca1fbe.sol
SpecFilesDir = /mnt/data0/jon/SmartPulseTool/benchmarks/ERC202
... running Solc on /mnt/data0/jon/SmartPulseTool/benchmarks/ERC202//WXB_0x549ed593defa6ce92fb8e8ce08bec1a804ca1fbe.sol
/home/jon/.dotnet/tools/solc
... running SolToBoogie to translate Solidity to Boogie
Property totalsupply verified -- 1.95 s
Property balanceof verified -- 1.94 s
Property allowance verified -- 2.04 s
Property approve counterexample -- 4.21 s
Property transfer-normal verified -- 2.75 s
Property transfer-self counterexample -- 3.46 s
Property transfer-fail verified -- 2.02 s
Property transfer-self-fail verified -- 2.01 s
Property transferfrom-normal verified -- 3.11 s
Property transferfrom-self verified -- 2.97 s
Property transferfrom-fail verified -- 2.22 s
Property transferfrom-self-fail verified -- 2.11 s
Verified 10 out of 12 properties
2 counterexamples
0 exceptions
0 timed out
benchmarks/ERC202//XMDDexChain_0xa8b0279acc96efebd09955ad8240b2d30b53055e.sol
SpecFilesDir = /mnt/data0/jon/SmartPulseTool/benchmarks/ERC202
... running Solc on /mnt/data0/jon/SmartPulseTool/benchmarks/ERC202//XMDDexChain_0xa8b0279acc96efebd09955ad8240b2d30b53055e.sol
/home/jon/.dotnet/tools/solc
... running SolToBoogie to translate Solidity to Boogie
Property totalsupply counterexample -- 3.66 s
Property balanceof verified -- 2.45 s
Property allowance verified -- 2.45 s
Property approve verified -- 2.47 s
Property transfer-normal verified -- 3.45 s
Property transfer-self verified -- 3.13 s
Property transfer-fail verified -- 2.48 s
Property transfer-self-fail verified -- 2.42 s
Property transferfrom-normal verified -- 4.27 s
Property transferfrom-self verified -- 3.89 s
Property transferfrom-fail verified -- 2.62 s
Property transferfrom-self-fail verified -- 2.38 s
Verified 11 out of 12 properties
1 counterexamples
0 exceptions
0 timed out
benchmarks/ERC202//XNC_0x8Bb6F9463524af5c248d085D37c91b96D8AAfF80.sol
SpecFilesDir = /mnt/data0/jon/SmartPulseTool/benchmarks/ERC202
... running Solc on /mnt/data0/jon/SmartPulseTool/benchmarks/ERC202//XNC_0x8Bb6F9463524af5c248d085D37c91b96D8AAfF80.sol
/home/jon/.dotnet/tools/solc
... running SolToBoogie to translate Solidity to Boogie
Property totalsupply verified -- 2.69 s
Property balanceof verified -- 2.81 s
Property allowance verified -- 2.71 s
Property approve verified -- 2.80 s
Property transfer-normal counterexample -- 4.59 s
Property transfer-self verified -- 3.68 s
Property transfer-fail verified -- 3.05 s
Property transfer-self-fail verified -- 2.82 s
Property transferfrom-normal counterexample -- 8.71 s
Property transferfrom-self counterexample -- 6.58 s
Property transferfrom-fail verified -- 3.25 s
Property transferfrom-self-fail verified -- 2.96 s
Verified 9 out of 12 properties
3 counterexamples
0 exceptions
0 timed out
benchmarks/ERC202//YearnFinanceBitToken_0xf0a0f3a6fa6bed75345171a5ea18abcadf6453ba.sol
SpecFilesDir = /mnt/data0/jon/SmartPulseTool/benchmarks/ERC202
... running Solc on /mnt/data0/jon/SmartPulseTool/benchmarks/ERC202//YearnFinanceBitToken_0xf0a0f3a6fa6bed75345171a5ea18abcadf6453ba.sol
/home/jon/.dotnet/tools/solc
... running SolToBoogie to translate Solidity to Boogie
Property totalsupply counterexample -- 3.35 s
Property balanceof verified -- 2.18 s
Property allowance verified -- 2.11 s
Property approve verified -- 2.39 s
Property transfer-normal verified -- 3.31 s
Property transfer-self verified -- 3.13 s
Property transfer-fail verified -- 2.53 s
Property transfer-self-fail verified -- 2.21 s
Property transferfrom-normal verified -- 3.89 s
Property transferfrom-self verified -- 3.73 s
Property transferfrom-fail verified -- 2.54 s
Property transferfrom-self-fail verified -- 2.37 s
Verified 11 out of 12 properties
1 counterexamples
0 exceptions
0 timed out
benchmarks/ERC202//YFI_0x0bc529c00c6401aef6d220be8c6ea1667f6ad93e.sol
SpecFilesDir = /mnt/data0/jon/SmartPulseTool/benchmarks/ERC202
... running Solc on /mnt/data0/jon/SmartPulseTool/benchmarks/ERC202//YFI_0x0bc529c00c6401aef6d220be8c6ea1667f6ad93e.sol
/home/jon/.dotnet/tools/solc
... running SolToBoogie to translate Solidity to Boogie
Property totalsupply verified -- 2.46 s
Property balanceof verified -- 2.50 s
Property allowance verified -- 2.24 s
Property approve counterexample -- 5.14 s
Property transfer-normal counterexample -- 4.51 s
Property transfer-self verified -- 3.97 s
Property transfer-fail verified -- 2.42 s
Property transfer-self-fail verified -- 2.40 s
Property transferfrom-normal counterexample -- 6.45 s
Property transferfrom-self counterexample -- 6.31 s
Property transferfrom-fail verified -- 2.86 s
Property transferfrom-self-fail verified -- 2.56 s
Verified 8 out of 12 properties
4 counterexamples
0 exceptions
0 timed out
benchmarks/ERC202//YFLink_0x28cb7e841ee97947a86b06fa4090c8451f64c0be.sol
SpecFilesDir = /mnt/data0/jon/SmartPulseTool/benchmarks/ERC202
... running Solc on /mnt/data0/jon/SmartPulseTool/benchmarks/ERC202//YFLink_0x28cb7e841ee97947a86b06fa4090c8451f64c0be.sol
/home/jon/.dotnet/tools/solc
... running SolToBoogie to translate Solidity to Boogie
Property totalsupply verified -- 2.46 s
Property balanceof verified -- 2.26 s
Property allowance verified -- 2.44 s
Property approve counterexample -- 5.12 s
Property transfer-normal counterexample -- 4.75 s
Property transfer-self verified -- 3.79 s
Property transfer-fail verified -- 2.57 s
Property transfer-self-fail verified -- 2.60 s
Property transferfrom-normal counterexample -- 6.38 s
Property transferfrom-self counterexample -- 6.38 s
Property transferfrom-fail verified -- 3.16 s
Property transferfrom-self-fail verified -- 2.80 s
Verified 8 out of 12 properties
4 counterexamples
0 exceptions
0 timed out
benchmarks/ERC202//YFV_0x45f24baeef268bb6d63aee5129015d69702bcdfa.sol
SpecFilesDir = /mnt/data0/jon/SmartPulseTool/benchmarks/ERC202
... running Solc on /mnt/data0/jon/SmartPulseTool/benchmarks/ERC202//YFV_0x45f24baeef268bb6d63aee5129015d69702bcdfa.sol
/home/jon/.dotnet/tools/solc
... running SolToBoogie to translate Solidity to Boogie
Property totalsupply verified -- 2.32 s
Property balanceof verified -- 2.38 s
Property allowance verified -- 2.46 s
Property approve counterexample -- 5.11 s
Property transfer-normal counterexample -- 4.54 s
Property transfer-self verified -- 3.90 s
Property transfer-fail verified -- 2.70 s
Property transfer-self-fail verified -- 2.40 s
Property transferfrom-normal counterexample -- 6.91 s
Property transferfrom-self counterexample -- 6.11 s
Property transferfrom-fail verified -- 3.20 s
Property transferfrom-self-fail verified -- 2.69 s
Verified 8 out of 12 properties
4 counterexamples
0 exceptions
0 timed out
benchmarks/ERC202//YSM_0x9ad2018bdbc21db14457542ee26cbbf0565f8687.sol
SpecFilesDir = /mnt/data0/jon/SmartPulseTool/benchmarks/ERC202
... running Solc on /mnt/data0/jon/SmartPulseTool/benchmarks/ERC202//YSM_0x9ad2018bdbc21db14457542ee26cbbf0565f8687.sol
/home/jon/.dotnet/tools/solc
... running SolToBoogie to translate Solidity to Boogie
Property totalsupply verified -- 1.99 s
Property balanceof verified -- 2.04 s
Property allowance verified -- 2.05 s
Property approve counterexample -- 4.11 s
Property transfer-normal verified -- 2.63 s
Property transfer-self counterexample -- 3.75 s
Property transfer-fail verified -- 2.01 s
Property transfer-self-fail verified -- 1.98 s
Property transferfrom-normal verified -- 3.07 s
Property transferfrom-self verified -- 3.11 s
Property transferfrom-fail verified -- 2.12 s
Property transferfrom-self-fail verified -- 2.21 s
Verified 10 out of 12 properties
2 counterexamples
0 exceptions
0 timed out
benchmarks/ERC202//ZAI_0x6a90445976b4a9ad09de0c1621048483d2f5589f.sol
SpecFilesDir = /mnt/data0/jon/SmartPulseTool/benchmarks/ERC202
... running Solc on /mnt/data0/jon/SmartPulseTool/benchmarks/ERC202//ZAI_0x6a90445976b4a9ad09de0c1621048483d2f5589f.sol
/home/jon/.dotnet/tools/solc
... running SolToBoogie to translate Solidity to Boogie
Property totalsupply counterexample -- 4.50 s
Property balanceof verified -- 2.48 s
Property allowance verified -- 2.44 s
Property approve verified -- 2.31 s
Property transfer-normal verified -- 3.38 s
Property transfer-self verified -- 3.31 s
Property transfer-fail verified -- 2.48 s
Property transfer-self-fail verified -- 2.49 s
Property transferfrom-normal verified -- 4.07 s
Property transferfrom-self verified -- 4.41 s
Property transferfrom-fail verified -- 2.57 s
Property transferfrom-self-fail verified -- 2.62 s
Verified 11 out of 12 properties
1 counterexamples
0 exceptions
0 timed out
benchmarks/ERC202//ZEBELLION_0x98a1208a9287e378d329225836b823481d890409.sol
SpecFilesDir = /mnt/data0/jon/SmartPulseTool/benchmarks/ERC202
... running Solc on /mnt/data0/jon/SmartPulseTool/benchmarks/ERC202//ZEBELLION_0x98a1208a9287e378d329225836b823481d890409.sol
/home/jon/.dotnet/tools/solc
... running SolToBoogie to translate Solidity to Boogie
Property totalsupply counterexample -- 4.17 s
Property balanceof verified -- 2.33 s
Property allowance verified -- 2.35 s
Property approve verified -- 2.40 s
Property transfer-normal verified -- 3.33 s
Property transfer-self verified -- 3.00 s
Property transfer-fail verified -- 2.61 s
Property transfer-self-fail verified -- 2.37 s
Property transferfrom-normal verified -- 4.25 s
Property transferfrom-self verified -- 4.00 s
Property transferfrom-fail verified -- 2.72 s
Property transferfrom-self-fail verified -- 2.36 s
Verified 11 out of 12 properties
1 counterexamples
0 exceptions
0 timed out
benchmarks/ERC202//Zhey_ERC20_0x31126416f0dbc1283dc5295ee6ea04ff83ee3531.sol
SpecFilesDir = /mnt/data0/jon/SmartPulseTool/benchmarks/ERC202
... running Solc on /mnt/data0/jon/SmartPulseTool/benchmarks/ERC202//Zhey_ERC20_0x31126416f0dbc1283dc5295ee6ea04ff83ee3531.sol
/home/jon/.dotnet/tools/solc
... running SolToBoogie to translate Solidity to Boogie
Property totalsupply counterexample -- 4.18 s
Property balanceof verified -- 2.28 s
Property allowance verified -- 2.39 s
Property approve verified -- 2.45 s
Property transfer-normal verified -- 3.48 s
Property transfer-self verified -- 3.19 s
Property transfer-fail verified -- 2.72 s
Property transfer-self-fail verified -- 2.41 s
Property transferfrom-normal verified -- 4.15 s
Property transferfrom-self verified -- 3.82 s
Property transferfrom-fail verified -- 2.68 s
Property transferfrom-self-fail verified -- 2.49 s
Verified 11 out of 12 properties
1 counterexamples
0 exceptions
0 timed out
benchmarks/ERC202//Zhey_ERC20_0x851be0d936cb611d2cab3c3963338288445c1e52.sol
SpecFilesDir = /mnt/data0/jon/SmartPulseTool/benchmarks/ERC202
... running Solc on /mnt/data0/jon/SmartPulseTool/benchmarks/ERC202//Zhey_ERC20_0x851be0d936cb611d2cab3c3963338288445c1e52.sol
/home/jon/.dotnet/tools/solc
... running SolToBoogie to translate Solidity to Boogie
Property totalsupply counterexample -- 4.08 s
Property balanceof verified -- 2.35 s
Property allowance verified -- 2.49 s
Property approve verified -- 2.36 s
Property transfer-normal verified -- 3.33 s
Property transfer-self verified -- 3.28 s
Property transfer-fail verified -- 2.61 s
Property transfer-self-fail verified -- 2.33 s
Property transferfrom-normal verified -- 4.30 s
Property transferfrom-self verified -- 3.98 s
Property transferfrom-fail verified -- 2.81 s
Property transferfrom-self-fail verified -- 2.43 s
Verified 11 out of 12 properties
1 counterexamples
0 exceptions
0 timed out
benchmarks/ERC202//ZildFinanceCoin_0x006699d34AA3013605d468d2755A2Fe59A16B12B.sol
SpecFilesDir = /mnt/data0/jon/SmartPulseTool/benchmarks/ERC202
... running Solc on /mnt/data0/jon/SmartPulseTool/benchmarks/ERC202//ZildFinanceCoin_0x006699d34AA3013605d468d2755A2Fe59A16B12B.sol
/home/jon/.dotnet/tools/solc
... running SolToBoogie to translate Solidity to Boogie
Property totalsupply verified -- 2.35 s
Property balanceof verified -- 2.04 s
Property allowance verified -- 2.34 s
Property approve counterexample -- 5.95 s
Property transfer-normal counterexample -- 4.83 s
Property transfer-self counterexample -- 4.55 s
Property transfer-fail verified -- 2.87 s
Property transfer-self-fail verified -- 2.35 s
Property transferfrom-normal counterexample -- 10.20 s
Property transferfrom-self counterexample -- 9.74 s
Property transferfrom-fail verified -- 2.74 s
Property transferfrom-self-fail verified -- 2.48 s
Verified 7 out of 12 properties
5 counterexamples
0 exceptions
0 timed out
benchmarks/ERC202//ZJYB_0x8084db66552b505cbf18359cb4ead0fb059c65d8.sol
SpecFilesDir = /mnt/data0/jon/SmartPulseTool/benchmarks/ERC202
... running Solc on /mnt/data0/jon/SmartPulseTool/benchmarks/ERC202//ZJYB_0x8084db66552b505cbf18359cb4ead0fb059c65d8.sol
/home/jon/.dotnet/tools/solc
... running SolToBoogie to translate Solidity to Boogie
Property totalsupply verified -- 2.51 s
Property balanceof verified -- 2.20 s
Property allowance verified -- 2.36 s
Property approve counterexample -- 4.35 s
Property transfer-normal counterexample -- 4.25 s
Property transfer-self counterexample -- 4.02 s
Property transfer-fail counterexample -- 5.65 s
Property transfer-self-fail verified -- 2.54 s
Property transferfrom-normal counterexample -- 7.36 s
Property transferfrom-self counterexample -- 6.05 s
Property transferfrom-fail verified -- 2.54 s
Property transferfrom-self-fail verified -- 2.46 s
Verified 6 out of 12 properties
6 counterexamples
0 exceptions
0 timed out
benchmarks/ERC202//ZTokens_ERC20_0x521a2ac7b33b09fa21a1ad7c040f4e1b5912c1d0.sol
SpecFilesDir = /mnt/data0/jon/SmartPulseTool/benchmarks/ERC202
... running Solc on /mnt/data0/jon/SmartPulseTool/benchmarks/ERC202//ZTokens_ERC20_0x521a2ac7b33b09fa21a1ad7c040f4e1b5912c1d0.sol
/home/jon/.dotnet/tools/solc
... running SolToBoogie to translate Solidity to Boogie
Property totalsupply counterexample -- 4.38 s
Property balanceof verified -- 2.43 s
Property allowance verified -- 2.43 s
Property approve verified -- 2.51 s
Property transfer-normal verified -- 3.48 s
Property transfer-self verified -- 3.31 s
Property transfer-fail verified -- 2.60 s
Property transfer-self-fail verified -- 2.37 s
Property transferfrom-normal verified -- 4.66 s
Property transferfrom-self verified -- 3.92 s
Property transferfrom-fail verified -- 2.77 s
Property transferfrom-self-fail verified -- 2.59 s
Verified 11 out of 12 properties
1 counterexamples
0 exceptions
0 timed out
benchmarks/ERC202//ZXL_0xfb3B4D413Fb8dF96C6336E8DD103f8af38B48F87.sol
SpecFilesDir = /mnt/data0/jon/SmartPulseTool/benchmarks/ERC202
... running Solc on /mnt/data0/jon/SmartPulseTool/benchmarks/ERC202//ZXL_0xfb3B4D413Fb8dF96C6336E8DD103f8af38B48F87.sol
/home/jon/.dotnet/tools/solc
... running SolToBoogie to translate Solidity to Boogie
Property totalsupply verified -- 2.05 s
Property balanceof verified -- 2.03 s
Property allowance verified -- 2.09 s
Property approve verified -- 2.12 s
Property transfer-normal exception -- .11 s
Property transfer-self exception -- .11 s
Property transfer-fail verified -- 2.22 s
Property transfer-self-fail verified -- 2.22 s
Property transferfrom-normal counterexample -- 35.97 s
Property transferfrom-self counterexample -- 10.33 s
Property transferfrom-fail verified -- 2.29 s
Property transferfrom-self-fail verified -- 2.16 s
Verified 8 out of 12 properties
2 counterexamples
2 exceptions
0 timed out
benchmarks/ERC202//ZZZ_0xc75F15AdA581219c95485c578E124df3985e4CE0.sol
SpecFilesDir = /mnt/data0/jon/SmartPulseTool/benchmarks/ERC202
... running Solc on /mnt/data0/jon/SmartPulseTool/benchmarks/ERC202//ZZZ_0xc75F15AdA581219c95485c578E124df3985e4CE0.sol
/home/jon/.dotnet/tools/solc
... running SolToBoogie to translate Solidity to Boogie
Property totalsupply verified -- 2.53 s
Property balanceof verified -- 2.44 s
Property allowance verified -- 2.50 s
Property approve counterexample -- 5.72 s
Property transfer-normal counterexample -- 4.80 s
Property transfer-self counterexample -- 4.82 s
Property transfer-fail verified -- 2.79 s
Property transfer-self-fail verified -- 2.40 s
Property transferfrom-normal counterexample -- 7.48 s
Property transferfrom-self counterexample -- 7.34 s
Property transferfrom-fail verified -- 3.08 s
Property transferfrom-self-fail verified -- 2.82 s
Verified 7 out of 12 properties
5 counterexamples
0 exceptions
0 timed out
