make: Entering directory '/mnt/data0/jon/verified-smart-contracts/erc20/AlitaToken_0x7f509e1a5114073adcab062ef26a199511926071'
/mnt/data0/jon/verified-smart-contracts/.build/k/k-distribution/target/release/k/bin/kprove -v --debug -d /mnt/data0/jon/verified-smart-contracts/erc20/.build/evm-semantics/.build/defn/java -m VERIFICATION --z3-impl-timeout 500 --shutdown-wait-time 5s  --concrete-rules EDSL.#ceil32,EDSL.keccakIntList,EVM-TYPES.#signed.positive,EVM-TYPES.#signed.negative,EVM-TYPES.#unsigned.positive,EVM-TYPES.#unsigned.negative,EVM-TYPES.powmod.nonzero,EVM-TYPES.powmod.zero,EVM-TYPES.signextend.invalid,EVM-TYPES.signextend.negative,EVM-TYPES.signextend.positive,SERIALIZATION.keccak,EVM-TYPES.#take.zero-pad,EVM-TYPES.#asWord.recursive,EVM-TYPES.#asByteStack,EVM-TYPES.#asByteStackAux.recursive,EVM-TYPES.#padToWidth,EVM-TYPES.#padRightToWidth,SERIALIZATION.#newAddr,SERIALIZATION.#newAddrCreate2,EVM-TYPES.mapWriteBytes.recursive,EVM-TYPES.#range,EVM-TYPES.#lookup.some,EVM-TYPES.#lookup.none,EVM.#memoryUsageUpdate.some,EVM.Cgascap,EVM.Csstore.new,EVM.Csstore.old,EVM.Rsstore.new,EVM.Rsstore.old,EVM.Cextra,EVM.Cmem, --no-exc-wrap --no-alpha-renaming --deterministic-functions --cache-func-optimized --format-failures --boundary-cells k,pc --log-cells k,output,statusCode,localMem,pc,gas,wordStack,callData,accounts,memoryUsed,#pc,#result --smt-prelude /mnt/data0/jon/verified-smart-contracts/resources/evm.smt2  /mnt/data0/jon/verified-smart-contracts/specs/java/erc20/buf/AlitaToken_0x7f509e1a5114073adcab062ef26a199511926071/totalSupply-spec.k
Picked up _JAVA_OPTIONS: -Xmx16g -Xms1g
Parse command line options                                   =  0.057s
Importing: Source(/mnt/data0/jon/verified-smart-contracts/specs/java/erc20/buf/AlitaToken_0x7f509e1a5114073adcab062ef26a199511926071/totalSupply-spec.k)
Importing: Source(/mnt/data0/jon/verified-smart-contracts/specs/java/erc20/buf/AlitaToken_0x7f509e1a5114073adcab062ef26a199511926071/abstract-semantics-segmented-gas.k)
Importing: Source(/mnt/data0/jon/verified-smart-contracts/specs/java/erc20/buf/AlitaToken_0x7f509e1a5114073adcab062ef26a199511926071/evm-symbolic.k)
Importing: Source(/mnt/data0/jon/verified-smart-contracts/erc20/.build/evm-semantics/.build/defn/java/edsl.k)
Importing: Source(/mnt/data0/jon/verified-smart-contracts/erc20/.build/evm-semantics/.build/defn/java/evm.k)
Importing: Source(/mnt/data0/jon/verified-smart-contracts/erc20/.build/evm-semantics/.build/defn/java/data.k)
Importing: Source(/mnt/data0/jon/verified-smart-contracts/erc20/.build/evm-semantics/.build/defn/java/krypto.k)
Importing: Source(/mnt/data0/jon/verified-smart-contracts/erc20/.build/evm-semantics/.build/defn/java/evm-types.k)
Importing: Source(/mnt/data0/jon/verified-smart-contracts/erc20/.build/evm-semantics/.build/defn/java/json.k)
Importing: Source(/mnt/data0/jon/verified-smart-contracts/erc20/.build/evm-semantics/.build/defn/java/serialization.k)
Importing: Source(/mnt/data0/jon/verified-smart-contracts/erc20/.build/evm-semantics/.build/defn/java/network.k)
Importing: Source(/mnt/data0/jon/verified-smart-contracts/specs/java/erc20/buf/AlitaToken_0x7f509e1a5114073adcab062ef26a199511926071/verification.k)
Importing: Source(/mnt/data0/jon/verified-smart-contracts/specs/java/erc20/buf/AlitaToken_0x7f509e1a5114073adcab062ef26a199511926071/evm-data-map-symbolic.k)
Importing: Source(/mnt/data0/jon/verified-smart-contracts/specs/java/erc20/buf/lemmas-buf.k)
Parse spec modules [0/1256 rules]                            = 40.246s

Parsing finished:   74.306 s
../../resources/kprove.mak:239: recipe for target '/mnt/data0/jon/verified-smart-contracts/specs/java/erc20/buf/AlitaToken_0x7f509e1a5114073adcab062ef26a199511926071/totalSupply-spec.k.test' failed
make: *** [/mnt/data0/jon/verified-smart-contracts/specs/java/erc20/buf/AlitaToken_0x7f509e1a5114073adcab062ef26a199511926071/totalSupply-spec.k.test] Terminated
make: Entering directory '/mnt/data0/jon/verified-smart-contracts/erc20/AlitaToken_0x7f509e1a5114073adcab062ef26a199511926071'
/mnt/data0/jon/verified-smart-contracts/.build/k/k-distribution/target/release/k/bin/kprove -v --debug -d /mnt/data0/jon/verified-smart-contracts/erc20/.build/evm-semantics/.build/defn/java -m VERIFICATION --z3-impl-timeout 500 --shutdown-wait-time 5s  --concrete-rules EDSL.#ceil32,EDSL.keccakIntList,EVM-TYPES.#signed.positive,EVM-TYPES.#signed.negative,EVM-TYPES.#unsigned.positive,EVM-TYPES.#unsigned.negative,EVM-TYPES.powmod.nonzero,EVM-TYPES.powmod.zero,EVM-TYPES.signextend.invalid,EVM-TYPES.signextend.negative,EVM-TYPES.signextend.positive,SERIALIZATION.keccak,EVM-TYPES.#take.zero-pad,EVM-TYPES.#asWord.recursive,EVM-TYPES.#asByteStack,EVM-TYPES.#asByteStackAux.recursive,EVM-TYPES.#padToWidth,EVM-TYPES.#padRightToWidth,SERIALIZATION.#newAddr,SERIALIZATION.#newAddrCreate2,EVM-TYPES.mapWriteBytes.recursive,EVM-TYPES.#range,EVM-TYPES.#lookup.some,EVM-TYPES.#lookup.none,EVM.#memoryUsageUpdate.some,EVM.Cgascap,EVM.Csstore.new,EVM.Csstore.old,EVM.Rsstore.new,EVM.Rsstore.old,EVM.Cextra,EVM.Cmem, --no-exc-wrap --no-alpha-renaming --deterministic-functions --cache-func-optimized --format-failures --boundary-cells k,pc --log-cells k,output,statusCode,localMem,pc,gas,wordStack,callData,accounts,memoryUsed,#pc,#result --smt-prelude /mnt/data0/jon/verified-smart-contracts/resources/evm.smt2  /mnt/data0/jon/verified-smart-contracts/specs/java/erc20/buf/AlitaToken_0x7f509e1a5114073adcab062ef26a199511926071/balanceOf-spec.k
Picked up _JAVA_OPTIONS: -Xmx16g -Xms1g
Parse command line options                                   =  0.063s
Importing: Source(/mnt/data0/jon/verified-smart-contracts/specs/java/erc20/buf/AlitaToken_0x7f509e1a5114073adcab062ef26a199511926071/balanceOf-spec.k)
Importing: Source(/mnt/data0/jon/verified-smart-contracts/specs/java/erc20/buf/AlitaToken_0x7f509e1a5114073adcab062ef26a199511926071/abstract-semantics-segmented-gas.k)
Importing: Source(/mnt/data0/jon/verified-smart-contracts/specs/java/erc20/buf/AlitaToken_0x7f509e1a5114073adcab062ef26a199511926071/evm-symbolic.k)
Importing: Source(/mnt/data0/jon/verified-smart-contracts/erc20/.build/evm-semantics/.build/defn/java/edsl.k)
Importing: Source(/mnt/data0/jon/verified-smart-contracts/erc20/.build/evm-semantics/.build/defn/java/evm.k)
Importing: Source(/mnt/data0/jon/verified-smart-contracts/erc20/.build/evm-semantics/.build/defn/java/data.k)
Importing: Source(/mnt/data0/jon/verified-smart-contracts/erc20/.build/evm-semantics/.build/defn/java/krypto.k)
Importing: Source(/mnt/data0/jon/verified-smart-contracts/erc20/.build/evm-semantics/.build/defn/java/evm-types.k)
Importing: Source(/mnt/data0/jon/verified-smart-contracts/erc20/.build/evm-semantics/.build/defn/java/json.k)
Importing: Source(/mnt/data0/jon/verified-smart-contracts/erc20/.build/evm-semantics/.build/defn/java/serialization.k)
Importing: Source(/mnt/data0/jon/verified-smart-contracts/erc20/.build/evm-semantics/.build/defn/java/network.k)
Importing: Source(/mnt/data0/jon/verified-smart-contracts/specs/java/erc20/buf/AlitaToken_0x7f509e1a5114073adcab062ef26a199511926071/verification.k)
Importing: Source(/mnt/data0/jon/verified-smart-contracts/specs/java/erc20/buf/AlitaToken_0x7f509e1a5114073adcab062ef26a199511926071/evm-data-map-symbolic.k)
Importing: Source(/mnt/data0/jon/verified-smart-contracts/specs/java/erc20/buf/lemmas-buf.k)
Parse spec modules [0/1256 rules]                            = 41.637s

Parsing finished:   78.230 s
../../resources/kprove.mak:239: recipe for target '/mnt/data0/jon/verified-smart-contracts/specs/java/erc20/buf/AlitaToken_0x7f509e1a5114073adcab062ef26a199511926071/balanceOf-spec.k.test' failed
make: *** [/mnt/data0/jon/verified-smart-contracts/specs/java/erc20/buf/AlitaToken_0x7f509e1a5114073adcab062ef26a199511926071/balanceOf-spec.k.test] Terminated
make: Entering directory '/mnt/data0/jon/verified-smart-contracts/erc20/AlitaToken_0x7f509e1a5114073adcab062ef26a199511926071'
/mnt/data0/jon/verified-smart-contracts/.build/k/k-distribution/target/release/k/bin/kprove -v --debug -d /mnt/data0/jon/verified-smart-contracts/erc20/.build/evm-semantics/.build/defn/java -m VERIFICATION --z3-impl-timeout 500 --shutdown-wait-time 5s  --concrete-rules EDSL.#ceil32,EDSL.keccakIntList,EVM-TYPES.#signed.positive,EVM-TYPES.#signed.negative,EVM-TYPES.#unsigned.positive,EVM-TYPES.#unsigned.negative,EVM-TYPES.powmod.nonzero,EVM-TYPES.powmod.zero,EVM-TYPES.signextend.invalid,EVM-TYPES.signextend.negative,EVM-TYPES.signextend.positive,SERIALIZATION.keccak,EVM-TYPES.#take.zero-pad,EVM-TYPES.#asWord.recursive,EVM-TYPES.#asByteStack,EVM-TYPES.#asByteStackAux.recursive,EVM-TYPES.#padToWidth,EVM-TYPES.#padRightToWidth,SERIALIZATION.#newAddr,SERIALIZATION.#newAddrCreate2,EVM-TYPES.mapWriteBytes.recursive,EVM-TYPES.#range,EVM-TYPES.#lookup.some,EVM-TYPES.#lookup.none,EVM.#memoryUsageUpdate.some,EVM.Cgascap,EVM.Csstore.new,EVM.Csstore.old,EVM.Rsstore.new,EVM.Rsstore.old,EVM.Cextra,EVM.Cmem, --no-exc-wrap --no-alpha-renaming --deterministic-functions --cache-func-optimized --format-failures --boundary-cells k,pc --log-cells k,output,statusCode,localMem,pc,gas,wordStack,callData,accounts,memoryUsed,#pc,#result --smt-prelude /mnt/data0/jon/verified-smart-contracts/resources/evm.smt2  /mnt/data0/jon/verified-smart-contracts/specs/java/erc20/buf/AlitaToken_0x7f509e1a5114073adcab062ef26a199511926071/allowance-spec.k
Picked up _JAVA_OPTIONS: -Xmx16g -Xms1g
Parse command line options                                   =  0.060s
Importing: Source(/mnt/data0/jon/verified-smart-contracts/specs/java/erc20/buf/AlitaToken_0x7f509e1a5114073adcab062ef26a199511926071/allowance-spec.k)
Importing: Source(/mnt/data0/jon/verified-smart-contracts/specs/java/erc20/buf/AlitaToken_0x7f509e1a5114073adcab062ef26a199511926071/abstract-semantics-segmented-gas.k)
Importing: Source(/mnt/data0/jon/verified-smart-contracts/specs/java/erc20/buf/AlitaToken_0x7f509e1a5114073adcab062ef26a199511926071/evm-symbolic.k)
Importing: Source(/mnt/data0/jon/verified-smart-contracts/erc20/.build/evm-semantics/.build/defn/java/edsl.k)
Importing: Source(/mnt/data0/jon/verified-smart-contracts/erc20/.build/evm-semantics/.build/defn/java/evm.k)
Importing: Source(/mnt/data0/jon/verified-smart-contracts/erc20/.build/evm-semantics/.build/defn/java/data.k)
Importing: Source(/mnt/data0/jon/verified-smart-contracts/erc20/.build/evm-semantics/.build/defn/java/krypto.k)
Importing: Source(/mnt/data0/jon/verified-smart-contracts/erc20/.build/evm-semantics/.build/defn/java/evm-types.k)
Importing: Source(/mnt/data0/jon/verified-smart-contracts/erc20/.build/evm-semantics/.build/defn/java/json.k)
Importing: Source(/mnt/data0/jon/verified-smart-contracts/erc20/.build/evm-semantics/.build/defn/java/serialization.k)
Importing: Source(/mnt/data0/jon/verified-smart-contracts/erc20/.build/evm-semantics/.build/defn/java/network.k)
Importing: Source(/mnt/data0/jon/verified-smart-contracts/specs/java/erc20/buf/AlitaToken_0x7f509e1a5114073adcab062ef26a199511926071/verification.k)
Importing: Source(/mnt/data0/jon/verified-smart-contracts/specs/java/erc20/buf/AlitaToken_0x7f509e1a5114073adcab062ef26a199511926071/evm-data-map-symbolic.k)
Importing: Source(/mnt/data0/jon/verified-smart-contracts/specs/java/erc20/buf/lemmas-buf.k)
Parse spec modules [0/1256 rules]                            = 43.138s

Parsing finished:   80.579 s
../../resources/kprove.mak:239: recipe for target '/mnt/data0/jon/verified-smart-contracts/specs/java/erc20/buf/AlitaToken_0x7f509e1a5114073adcab062ef26a199511926071/allowance-spec.k.test' failed
make: *** [/mnt/data0/jon/verified-smart-contracts/specs/java/erc20/buf/AlitaToken_0x7f509e1a5114073adcab062ef26a199511926071/allowance-spec.k.test] Terminated
make: Entering directory '/mnt/data0/jon/verified-smart-contracts/erc20/AlitaToken_0x7f509e1a5114073adcab062ef26a199511926071'
/mnt/data0/jon/verified-smart-contracts/.build/k/k-distribution/target/release/k/bin/kprove -v --debug -d /mnt/data0/jon/verified-smart-contracts/erc20/.build/evm-semantics/.build/defn/java -m VERIFICATION --z3-impl-timeout 500 --shutdown-wait-time 5s  --concrete-rules EDSL.#ceil32,EDSL.keccakIntList,EVM-TYPES.#signed.positive,EVM-TYPES.#signed.negative,EVM-TYPES.#unsigned.positive,EVM-TYPES.#unsigned.negative,EVM-TYPES.powmod.nonzero,EVM-TYPES.powmod.zero,EVM-TYPES.signextend.invalid,EVM-TYPES.signextend.negative,EVM-TYPES.signextend.positive,SERIALIZATION.keccak,EVM-TYPES.#take.zero-pad,EVM-TYPES.#asWord.recursive,EVM-TYPES.#asByteStack,EVM-TYPES.#asByteStackAux.recursive,EVM-TYPES.#padToWidth,EVM-TYPES.#padRightToWidth,SERIALIZATION.#newAddr,SERIALIZATION.#newAddrCreate2,EVM-TYPES.mapWriteBytes.recursive,EVM-TYPES.#range,EVM-TYPES.#lookup.some,EVM-TYPES.#lookup.none,EVM.#memoryUsageUpdate.some,EVM.Cgascap,EVM.Csstore.new,EVM.Csstore.old,EVM.Rsstore.new,EVM.Rsstore.old,EVM.Cextra,EVM.Cmem, --no-exc-wrap --no-alpha-renaming --deterministic-functions --cache-func-optimized --format-failures --boundary-cells k,pc --log-cells k,output,statusCode,localMem,pc,gas,wordStack,callData,accounts,memoryUsed,#pc,#result --smt-prelude /mnt/data0/jon/verified-smart-contracts/resources/evm.smt2  /mnt/data0/jon/verified-smart-contracts/specs/java/erc20/buf/AlitaToken_0x7f509e1a5114073adcab062ef26a199511926071/approve-spec.k
Picked up _JAVA_OPTIONS: -Xmx16g -Xms1g
Parse command line options                                   =  0.061s
Importing: Source(/mnt/data0/jon/verified-smart-contracts/specs/java/erc20/buf/AlitaToken_0x7f509e1a5114073adcab062ef26a199511926071/approve-spec.k)
Importing: Source(/mnt/data0/jon/verified-smart-contracts/specs/java/erc20/buf/AlitaToken_0x7f509e1a5114073adcab062ef26a199511926071/abstract-semantics-segmented-gas.k)
Importing: Source(/mnt/data0/jon/verified-smart-contracts/specs/java/erc20/buf/AlitaToken_0x7f509e1a5114073adcab062ef26a199511926071/evm-symbolic.k)
Importing: Source(/mnt/data0/jon/verified-smart-contracts/erc20/.build/evm-semantics/.build/defn/java/edsl.k)
Importing: Source(/mnt/data0/jon/verified-smart-contracts/erc20/.build/evm-semantics/.build/defn/java/evm.k)
Importing: Source(/mnt/data0/jon/verified-smart-contracts/erc20/.build/evm-semantics/.build/defn/java/data.k)
Importing: Source(/mnt/data0/jon/verified-smart-contracts/erc20/.build/evm-semantics/.build/defn/java/krypto.k)
Importing: Source(/mnt/data0/jon/verified-smart-contracts/erc20/.build/evm-semantics/.build/defn/java/evm-types.k)
Importing: Source(/mnt/data0/jon/verified-smart-contracts/erc20/.build/evm-semantics/.build/defn/java/json.k)
Importing: Source(/mnt/data0/jon/verified-smart-contracts/erc20/.build/evm-semantics/.build/defn/java/serialization.k)
Importing: Source(/mnt/data0/jon/verified-smart-contracts/erc20/.build/evm-semantics/.build/defn/java/network.k)
Importing: Source(/mnt/data0/jon/verified-smart-contracts/specs/java/erc20/buf/AlitaToken_0x7f509e1a5114073adcab062ef26a199511926071/verification.k)
Importing: Source(/mnt/data0/jon/verified-smart-contracts/specs/java/erc20/buf/AlitaToken_0x7f509e1a5114073adcab062ef26a199511926071/evm-data-map-symbolic.k)
Importing: Source(/mnt/data0/jon/verified-smart-contracts/specs/java/erc20/buf/lemmas-buf.k)
Parse spec modules [0/1256 rules]                            = 42.832s

Parsing finished:   78.421 s
../../resources/kprove.mak:239: recipe for target '/mnt/data0/jon/verified-smart-contracts/specs/java/erc20/buf/AlitaToken_0x7f509e1a5114073adcab062ef26a199511926071/approve-spec.k.test' failed
make: *** [/mnt/data0/jon/verified-smart-contracts/specs/java/erc20/buf/AlitaToken_0x7f509e1a5114073adcab062ef26a199511926071/approve-spec.k.test] Terminated
make: Entering directory '/mnt/data0/jon/verified-smart-contracts/erc20/AlitaToken_0x7f509e1a5114073adcab062ef26a199511926071'
/mnt/data0/jon/verified-smart-contracts/.build/k/k-distribution/target/release/k/bin/kprove -v --debug -d /mnt/data0/jon/verified-smart-contracts/erc20/.build/evm-semantics/.build/defn/java -m VERIFICATION --z3-impl-timeout 500 --shutdown-wait-time 5s  --concrete-rules EDSL.#ceil32,EDSL.keccakIntList,EVM-TYPES.#signed.positive,EVM-TYPES.#signed.negative,EVM-TYPES.#unsigned.positive,EVM-TYPES.#unsigned.negative,EVM-TYPES.powmod.nonzero,EVM-TYPES.powmod.zero,EVM-TYPES.signextend.invalid,EVM-TYPES.signextend.negative,EVM-TYPES.signextend.positive,SERIALIZATION.keccak,EVM-TYPES.#take.zero-pad,EVM-TYPES.#asWord.recursive,EVM-TYPES.#asByteStack,EVM-TYPES.#asByteStackAux.recursive,EVM-TYPES.#padToWidth,EVM-TYPES.#padRightToWidth,SERIALIZATION.#newAddr,SERIALIZATION.#newAddrCreate2,EVM-TYPES.mapWriteBytes.recursive,EVM-TYPES.#range,EVM-TYPES.#lookup.some,EVM-TYPES.#lookup.none,EVM.#memoryUsageUpdate.some,EVM.Cgascap,EVM.Csstore.new,EVM.Csstore.old,EVM.Rsstore.new,EVM.Rsstore.old,EVM.Cextra,EVM.Cmem, --no-exc-wrap --no-alpha-renaming --deterministic-functions --cache-func-optimized --format-failures --boundary-cells k,pc --log-cells k,output,statusCode,localMem,pc,gas,wordStack,callData,accounts,memoryUsed,#pc,#result --smt-prelude /mnt/data0/jon/verified-smart-contracts/resources/evm.smt2  /mnt/data0/jon/verified-smart-contracts/specs/java/erc20/buf/AlitaToken_0x7f509e1a5114073adcab062ef26a199511926071/transfer-success-1-spec.k
Picked up _JAVA_OPTIONS: -Xmx16g -Xms1g
Parse command line options                                   =  0.072s
Importing: Source(/mnt/data0/jon/verified-smart-contracts/specs/java/erc20/buf/AlitaToken_0x7f509e1a5114073adcab062ef26a199511926071/transfer-success-1-spec.k)
Importing: Source(/mnt/data0/jon/verified-smart-contracts/specs/java/erc20/buf/AlitaToken_0x7f509e1a5114073adcab062ef26a199511926071/abstract-semantics-segmented-gas.k)
Importing: Source(/mnt/data0/jon/verified-smart-contracts/specs/java/erc20/buf/AlitaToken_0x7f509e1a5114073adcab062ef26a199511926071/evm-symbolic.k)
Importing: Source(/mnt/data0/jon/verified-smart-contracts/erc20/.build/evm-semantics/.build/defn/java/edsl.k)
Importing: Source(/mnt/data0/jon/verified-smart-contracts/erc20/.build/evm-semantics/.build/defn/java/evm.k)
Importing: Source(/mnt/data0/jon/verified-smart-contracts/erc20/.build/evm-semantics/.build/defn/java/data.k)
Importing: Source(/mnt/data0/jon/verified-smart-contracts/erc20/.build/evm-semantics/.build/defn/java/krypto.k)
Importing: Source(/mnt/data0/jon/verified-smart-contracts/erc20/.build/evm-semantics/.build/defn/java/evm-types.k)
Importing: Source(/mnt/data0/jon/verified-smart-contracts/erc20/.build/evm-semantics/.build/defn/java/json.k)
Importing: Source(/mnt/data0/jon/verified-smart-contracts/erc20/.build/evm-semantics/.build/defn/java/serialization.k)
Importing: Source(/mnt/data0/jon/verified-smart-contracts/erc20/.build/evm-semantics/.build/defn/java/network.k)
Importing: Source(/mnt/data0/jon/verified-smart-contracts/specs/java/erc20/buf/AlitaToken_0x7f509e1a5114073adcab062ef26a199511926071/verification.k)
Importing: Source(/mnt/data0/jon/verified-smart-contracts/specs/java/erc20/buf/AlitaToken_0x7f509e1a5114073adcab062ef26a199511926071/evm-data-map-symbolic.k)
Importing: Source(/mnt/data0/jon/verified-smart-contracts/specs/java/erc20/buf/lemmas-buf.k)
Parse spec modules [0/1256 rules]                            = 44.824s

Parsing finished:   84.181 s
../../resources/kprove.mak:239: recipe for target '/mnt/data0/jon/verified-smart-contracts/specs/java/erc20/buf/AlitaToken_0x7f509e1a5114073adcab062ef26a199511926071/transfer-success-1-spec.k.test' failed
make: *** [/mnt/data0/jon/verified-smart-contracts/specs/java/erc20/buf/AlitaToken_0x7f509e1a5114073adcab062ef26a199511926071/transfer-success-1-spec.k.test] Terminated
make: Entering directory '/mnt/data0/jon/verified-smart-contracts/erc20/AlitaToken_0x7f509e1a5114073adcab062ef26a199511926071'
/mnt/data0/jon/verified-smart-contracts/.build/k/k-distribution/target/release/k/bin/kprove -v --debug -d /mnt/data0/jon/verified-smart-contracts/erc20/.build/evm-semantics/.build/defn/java -m VERIFICATION --z3-impl-timeout 500 --shutdown-wait-time 5s  --concrete-rules EDSL.#ceil32,EDSL.keccakIntList,EVM-TYPES.#signed.positive,EVM-TYPES.#signed.negative,EVM-TYPES.#unsigned.positive,EVM-TYPES.#unsigned.negative,EVM-TYPES.powmod.nonzero,EVM-TYPES.powmod.zero,EVM-TYPES.signextend.invalid,EVM-TYPES.signextend.negative,EVM-TYPES.signextend.positive,SERIALIZATION.keccak,EVM-TYPES.#take.zero-pad,EVM-TYPES.#asWord.recursive,EVM-TYPES.#asByteStack,EVM-TYPES.#asByteStackAux.recursive,EVM-TYPES.#padToWidth,EVM-TYPES.#padRightToWidth,SERIALIZATION.#newAddr,SERIALIZATION.#newAddrCreate2,EVM-TYPES.mapWriteBytes.recursive,EVM-TYPES.#range,EVM-TYPES.#lookup.some,EVM-TYPES.#lookup.none,EVM.#memoryUsageUpdate.some,EVM.Cgascap,EVM.Csstore.new,EVM.Csstore.old,EVM.Rsstore.new,EVM.Rsstore.old,EVM.Cextra,EVM.Cmem, --no-exc-wrap --no-alpha-renaming --deterministic-functions --cache-func-optimized --format-failures --boundary-cells k,pc --log-cells k,output,statusCode,localMem,pc,gas,wordStack,callData,accounts,memoryUsed,#pc,#result --smt-prelude /mnt/data0/jon/verified-smart-contracts/resources/evm.smt2  /mnt/data0/jon/verified-smart-contracts/specs/java/erc20/buf/AlitaToken_0x7f509e1a5114073adcab062ef26a199511926071/transfer-success-2-spec.k
Picked up _JAVA_OPTIONS: -Xmx16g -Xms1g
Parse command line options                                   =  0.030s
Importing: Source(/mnt/data0/jon/verified-smart-contracts/specs/java/erc20/buf/AlitaToken_0x7f509e1a5114073adcab062ef26a199511926071/transfer-success-2-spec.k)
Importing: Source(/mnt/data0/jon/verified-smart-contracts/specs/java/erc20/buf/AlitaToken_0x7f509e1a5114073adcab062ef26a199511926071/abstract-semantics-segmented-gas.k)
Importing: Source(/mnt/data0/jon/verified-smart-contracts/specs/java/erc20/buf/AlitaToken_0x7f509e1a5114073adcab062ef26a199511926071/evm-symbolic.k)
Importing: Source(/mnt/data0/jon/verified-smart-contracts/erc20/.build/evm-semantics/.build/defn/java/edsl.k)
Importing: Source(/mnt/data0/jon/verified-smart-contracts/erc20/.build/evm-semantics/.build/defn/java/evm.k)
Importing: Source(/mnt/data0/jon/verified-smart-contracts/erc20/.build/evm-semantics/.build/defn/java/data.k)
Importing: Source(/mnt/data0/jon/verified-smart-contracts/erc20/.build/evm-semantics/.build/defn/java/krypto.k)
Importing: Source(/mnt/data0/jon/verified-smart-contracts/erc20/.build/evm-semantics/.build/defn/java/evm-types.k)
Importing: Source(/mnt/data0/jon/verified-smart-contracts/erc20/.build/evm-semantics/.build/defn/java/json.k)
Importing: Source(/mnt/data0/jon/verified-smart-contracts/erc20/.build/evm-semantics/.build/defn/java/serialization.k)
Importing: Source(/mnt/data0/jon/verified-smart-contracts/erc20/.build/evm-semantics/.build/defn/java/network.k)
Importing: Source(/mnt/data0/jon/verified-smart-contracts/specs/java/erc20/buf/AlitaToken_0x7f509e1a5114073adcab062ef26a199511926071/verification.k)
Importing: Source(/mnt/data0/jon/verified-smart-contracts/specs/java/erc20/buf/AlitaToken_0x7f509e1a5114073adcab062ef26a199511926071/evm-data-map-symbolic.k)
Importing: Source(/mnt/data0/jon/verified-smart-contracts/specs/java/erc20/buf/lemmas-buf.k)
Parse spec modules [0/1256 rules]                            = 41.240s

Parsing finished:   79.348 s
../../resources/kprove.mak:239: recipe for target '/mnt/data0/jon/verified-smart-contracts/specs/java/erc20/buf/AlitaToken_0x7f509e1a5114073adcab062ef26a199511926071/transfer-success-2-spec.k.test' failed
make: *** [/mnt/data0/jon/verified-smart-contracts/specs/java/erc20/buf/AlitaToken_0x7f509e1a5114073adcab062ef26a199511926071/transfer-success-2-spec.k.test] Terminated
make: Entering directory '/mnt/data0/jon/verified-smart-contracts/erc20/AlitaToken_0x7f509e1a5114073adcab062ef26a199511926071'
/mnt/data0/jon/verified-smart-contracts/.build/k/k-distribution/target/release/k/bin/kprove -v --debug -d /mnt/data0/jon/verified-smart-contracts/erc20/.build/evm-semantics/.build/defn/java -m VERIFICATION --z3-impl-timeout 500 --shutdown-wait-time 5s  --concrete-rules EDSL.#ceil32,EDSL.keccakIntList,EVM-TYPES.#signed.positive,EVM-TYPES.#signed.negative,EVM-TYPES.#unsigned.positive,EVM-TYPES.#unsigned.negative,EVM-TYPES.powmod.nonzero,EVM-TYPES.powmod.zero,EVM-TYPES.signextend.invalid,EVM-TYPES.signextend.negative,EVM-TYPES.signextend.positive,SERIALIZATION.keccak,EVM-TYPES.#take.zero-pad,EVM-TYPES.#asWord.recursive,EVM-TYPES.#asByteStack,EVM-TYPES.#asByteStackAux.recursive,EVM-TYPES.#padToWidth,EVM-TYPES.#padRightToWidth,SERIALIZATION.#newAddr,SERIALIZATION.#newAddrCreate2,EVM-TYPES.mapWriteBytes.recursive,EVM-TYPES.#range,EVM-TYPES.#lookup.some,EVM-TYPES.#lookup.none,EVM.#memoryUsageUpdate.some,EVM.Cgascap,EVM.Csstore.new,EVM.Csstore.old,EVM.Rsstore.new,EVM.Rsstore.old,EVM.Cextra,EVM.Cmem, --no-exc-wrap --no-alpha-renaming --deterministic-functions --cache-func-optimized --format-failures --boundary-cells k,pc --log-cells k,output,statusCode,localMem,pc,gas,wordStack,callData,accounts,memoryUsed,#pc,#result --smt-prelude /mnt/data0/jon/verified-smart-contracts/resources/evm.smt2  /mnt/data0/jon/verified-smart-contracts/specs/java/erc20/buf/AlitaToken_0x7f509e1a5114073adcab062ef26a199511926071/transfer-failure-1-spec.k
Picked up _JAVA_OPTIONS: -Xmx16g -Xms1g
Parse command line options                                   =  0.062s
Importing: Source(/mnt/data0/jon/verified-smart-contracts/specs/java/erc20/buf/AlitaToken_0x7f509e1a5114073adcab062ef26a199511926071/transfer-failure-1-spec.k)
Importing: Source(/mnt/data0/jon/verified-smart-contracts/specs/java/erc20/buf/AlitaToken_0x7f509e1a5114073adcab062ef26a199511926071/abstract-semantics-segmented-gas.k)
Importing: Source(/mnt/data0/jon/verified-smart-contracts/specs/java/erc20/buf/AlitaToken_0x7f509e1a5114073adcab062ef26a199511926071/evm-symbolic.k)
Importing: Source(/mnt/data0/jon/verified-smart-contracts/erc20/.build/evm-semantics/.build/defn/java/edsl.k)
Importing: Source(/mnt/data0/jon/verified-smart-contracts/erc20/.build/evm-semantics/.build/defn/java/evm.k)
Importing: Source(/mnt/data0/jon/verified-smart-contracts/erc20/.build/evm-semantics/.build/defn/java/data.k)
Importing: Source(/mnt/data0/jon/verified-smart-contracts/erc20/.build/evm-semantics/.build/defn/java/krypto.k)
Importing: Source(/mnt/data0/jon/verified-smart-contracts/erc20/.build/evm-semantics/.build/defn/java/evm-types.k)
Importing: Source(/mnt/data0/jon/verified-smart-contracts/erc20/.build/evm-semantics/.build/defn/java/json.k)
Importing: Source(/mnt/data0/jon/verified-smart-contracts/erc20/.build/evm-semantics/.build/defn/java/serialization.k)
Importing: Source(/mnt/data0/jon/verified-smart-contracts/erc20/.build/evm-semantics/.build/defn/java/network.k)
Importing: Source(/mnt/data0/jon/verified-smart-contracts/specs/java/erc20/buf/AlitaToken_0x7f509e1a5114073adcab062ef26a199511926071/verification.k)
Importing: Source(/mnt/data0/jon/verified-smart-contracts/specs/java/erc20/buf/AlitaToken_0x7f509e1a5114073adcab062ef26a199511926071/evm-data-map-symbolic.k)
Importing: Source(/mnt/data0/jon/verified-smart-contracts/specs/java/erc20/buf/lemmas-buf.k)
Parse spec modules [0/1256 rules]                            = 43.787s

Parsing finished:   84.174 s
../../resources/kprove.mak:239: recipe for target '/mnt/data0/jon/verified-smart-contracts/specs/java/erc20/buf/AlitaToken_0x7f509e1a5114073adcab062ef26a199511926071/transfer-failure-1-spec.k.test' failed
make: *** [/mnt/data0/jon/verified-smart-contracts/specs/java/erc20/buf/AlitaToken_0x7f509e1a5114073adcab062ef26a199511926071/transfer-failure-1-spec.k.test] Terminated
make: Entering directory '/mnt/data0/jon/verified-smart-contracts/erc20/AlitaToken_0x7f509e1a5114073adcab062ef26a199511926071'
/mnt/data0/jon/verified-smart-contracts/.build/k/k-distribution/target/release/k/bin/kprove -v --debug -d /mnt/data0/jon/verified-smart-contracts/erc20/.build/evm-semantics/.build/defn/java -m VERIFICATION --z3-impl-timeout 500 --shutdown-wait-time 5s  --concrete-rules EDSL.#ceil32,EDSL.keccakIntList,EVM-TYPES.#signed.positive,EVM-TYPES.#signed.negative,EVM-TYPES.#unsigned.positive,EVM-TYPES.#unsigned.negative,EVM-TYPES.powmod.nonzero,EVM-TYPES.powmod.zero,EVM-TYPES.signextend.invalid,EVM-TYPES.signextend.negative,EVM-TYPES.signextend.positive,SERIALIZATION.keccak,EVM-TYPES.#take.zero-pad,EVM-TYPES.#asWord.recursive,EVM-TYPES.#asByteStack,EVM-TYPES.#asByteStackAux.recursive,EVM-TYPES.#padToWidth,EVM-TYPES.#padRightToWidth,SERIALIZATION.#newAddr,SERIALIZATION.#newAddrCreate2,EVM-TYPES.mapWriteBytes.recursive,EVM-TYPES.#range,EVM-TYPES.#lookup.some,EVM-TYPES.#lookup.none,EVM.#memoryUsageUpdate.some,EVM.Cgascap,EVM.Csstore.new,EVM.Csstore.old,EVM.Rsstore.new,EVM.Rsstore.old,EVM.Cextra,EVM.Cmem, --no-exc-wrap --no-alpha-renaming --deterministic-functions --cache-func-optimized --format-failures --boundary-cells k,pc --log-cells k,output,statusCode,localMem,pc,gas,wordStack,callData,accounts,memoryUsed,#pc,#result --smt-prelude /mnt/data0/jon/verified-smart-contracts/resources/evm.smt2  /mnt/data0/jon/verified-smart-contracts/specs/java/erc20/buf/AlitaToken_0x7f509e1a5114073adcab062ef26a199511926071/transfer-failure-2-spec.k
Picked up _JAVA_OPTIONS: -Xmx16g -Xms1g
Parse command line options                                   =  0.073s
Importing: Source(/mnt/data0/jon/verified-smart-contracts/specs/java/erc20/buf/AlitaToken_0x7f509e1a5114073adcab062ef26a199511926071/transfer-failure-2-spec.k)
Importing: Source(/mnt/data0/jon/verified-smart-contracts/specs/java/erc20/buf/AlitaToken_0x7f509e1a5114073adcab062ef26a199511926071/abstract-semantics-segmented-gas.k)
Importing: Source(/mnt/data0/jon/verified-smart-contracts/specs/java/erc20/buf/AlitaToken_0x7f509e1a5114073adcab062ef26a199511926071/evm-symbolic.k)
Importing: Source(/mnt/data0/jon/verified-smart-contracts/erc20/.build/evm-semantics/.build/defn/java/edsl.k)
Importing: Source(/mnt/data0/jon/verified-smart-contracts/erc20/.build/evm-semantics/.build/defn/java/evm.k)
Importing: Source(/mnt/data0/jon/verified-smart-contracts/erc20/.build/evm-semantics/.build/defn/java/data.k)
Importing: Source(/mnt/data0/jon/verified-smart-contracts/erc20/.build/evm-semantics/.build/defn/java/krypto.k)
Importing: Source(/mnt/data0/jon/verified-smart-contracts/erc20/.build/evm-semantics/.build/defn/java/evm-types.k)
Importing: Source(/mnt/data0/jon/verified-smart-contracts/erc20/.build/evm-semantics/.build/defn/java/json.k)
Importing: Source(/mnt/data0/jon/verified-smart-contracts/erc20/.build/evm-semantics/.build/defn/java/serialization.k)
Importing: Source(/mnt/data0/jon/verified-smart-contracts/erc20/.build/evm-semantics/.build/defn/java/network.k)
Importing: Source(/mnt/data0/jon/verified-smart-contracts/specs/java/erc20/buf/AlitaToken_0x7f509e1a5114073adcab062ef26a199511926071/verification.k)
Importing: Source(/mnt/data0/jon/verified-smart-contracts/specs/java/erc20/buf/AlitaToken_0x7f509e1a5114073adcab062ef26a199511926071/evm-data-map-symbolic.k)
Importing: Source(/mnt/data0/jon/verified-smart-contracts/specs/java/erc20/buf/lemmas-buf.k)
Parse spec modules [0/1256 rules]                            = 44.013s

Parsing finished:   81.508 s
../../resources/kprove.mak:239: recipe for target '/mnt/data0/jon/verified-smart-contracts/specs/java/erc20/buf/AlitaToken_0x7f509e1a5114073adcab062ef26a199511926071/transfer-failure-2-spec.k.test' failed
make: *** [/mnt/data0/jon/verified-smart-contracts/specs/java/erc20/buf/AlitaToken_0x7f509e1a5114073adcab062ef26a199511926071/transfer-failure-2-spec.k.test] Terminated
make: Entering directory '/mnt/data0/jon/verified-smart-contracts/erc20/AlitaToken_0x7f509e1a5114073adcab062ef26a199511926071'
/mnt/data0/jon/verified-smart-contracts/.build/k/k-distribution/target/release/k/bin/kprove -v --debug -d /mnt/data0/jon/verified-smart-contracts/erc20/.build/evm-semantics/.build/defn/java -m VERIFICATION --z3-impl-timeout 500 --shutdown-wait-time 5s  --concrete-rules EDSL.#ceil32,EDSL.keccakIntList,EVM-TYPES.#signed.positive,EVM-TYPES.#signed.negative,EVM-TYPES.#unsigned.positive,EVM-TYPES.#unsigned.negative,EVM-TYPES.powmod.nonzero,EVM-TYPES.powmod.zero,EVM-TYPES.signextend.invalid,EVM-TYPES.signextend.negative,EVM-TYPES.signextend.positive,SERIALIZATION.keccak,EVM-TYPES.#take.zero-pad,EVM-TYPES.#asWord.recursive,EVM-TYPES.#asByteStack,EVM-TYPES.#asByteStackAux.recursive,EVM-TYPES.#padToWidth,EVM-TYPES.#padRightToWidth,SERIALIZATION.#newAddr,SERIALIZATION.#newAddrCreate2,EVM-TYPES.mapWriteBytes.recursive,EVM-TYPES.#range,EVM-TYPES.#lookup.some,EVM-TYPES.#lookup.none,EVM.#memoryUsageUpdate.some,EVM.Cgascap,EVM.Csstore.new,EVM.Csstore.old,EVM.Rsstore.new,EVM.Rsstore.old,EVM.Cextra,EVM.Cmem, --no-exc-wrap --no-alpha-renaming --deterministic-functions --cache-func-optimized --format-failures --boundary-cells k,pc --log-cells k,output,statusCode,localMem,pc,gas,wordStack,callData,accounts,memoryUsed,#pc,#result --smt-prelude /mnt/data0/jon/verified-smart-contracts/resources/evm.smt2  /mnt/data0/jon/verified-smart-contracts/specs/java/erc20/buf/AlitaToken_0x7f509e1a5114073adcab062ef26a199511926071/transferFrom-success-1-spec.k
Picked up _JAVA_OPTIONS: -Xmx16g -Xms1g
Parse command line options                                   =  0.034s
Importing: Source(/mnt/data0/jon/verified-smart-contracts/specs/java/erc20/buf/AlitaToken_0x7f509e1a5114073adcab062ef26a199511926071/transferFrom-success-1-spec.k)
Importing: Source(/mnt/data0/jon/verified-smart-contracts/specs/java/erc20/buf/AlitaToken_0x7f509e1a5114073adcab062ef26a199511926071/abstract-semantics-segmented-gas.k)
Importing: Source(/mnt/data0/jon/verified-smart-contracts/specs/java/erc20/buf/AlitaToken_0x7f509e1a5114073adcab062ef26a199511926071/evm-symbolic.k)
Importing: Source(/mnt/data0/jon/verified-smart-contracts/erc20/.build/evm-semantics/.build/defn/java/edsl.k)
Importing: Source(/mnt/data0/jon/verified-smart-contracts/erc20/.build/evm-semantics/.build/defn/java/evm.k)
Importing: Source(/mnt/data0/jon/verified-smart-contracts/erc20/.build/evm-semantics/.build/defn/java/data.k)
Importing: Source(/mnt/data0/jon/verified-smart-contracts/erc20/.build/evm-semantics/.build/defn/java/krypto.k)
Importing: Source(/mnt/data0/jon/verified-smart-contracts/erc20/.build/evm-semantics/.build/defn/java/evm-types.k)
Importing: Source(/mnt/data0/jon/verified-smart-contracts/erc20/.build/evm-semantics/.build/defn/java/json.k)
Importing: Source(/mnt/data0/jon/verified-smart-contracts/erc20/.build/evm-semantics/.build/defn/java/serialization.k)
Importing: Source(/mnt/data0/jon/verified-smart-contracts/erc20/.build/evm-semantics/.build/defn/java/network.k)
Importing: Source(/mnt/data0/jon/verified-smart-contracts/specs/java/erc20/buf/AlitaToken_0x7f509e1a5114073adcab062ef26a199511926071/verification.k)
Importing: Source(/mnt/data0/jon/verified-smart-contracts/specs/java/erc20/buf/AlitaToken_0x7f509e1a5114073adcab062ef26a199511926071/evm-data-map-symbolic.k)
Importing: Source(/mnt/data0/jon/verified-smart-contracts/specs/java/erc20/buf/lemmas-buf.k)
Parse spec modules [0/1256 rules]                            = 40.550s

Parsing finished:   86.429 s
../../resources/kprove.mak:239: recipe for target '/mnt/data0/jon/verified-smart-contracts/specs/java/erc20/buf/AlitaToken_0x7f509e1a5114073adcab062ef26a199511926071/transferFrom-success-1-spec.k.test' failed
make: *** [/mnt/data0/jon/verified-smart-contracts/specs/java/erc20/buf/AlitaToken_0x7f509e1a5114073adcab062ef26a199511926071/transferFrom-success-1-spec.k.test] Terminated
make: Entering directory '/mnt/data0/jon/verified-smart-contracts/erc20/AlitaToken_0x7f509e1a5114073adcab062ef26a199511926071'
/mnt/data0/jon/verified-smart-contracts/.build/k/k-distribution/target/release/k/bin/kprove -v --debug -d /mnt/data0/jon/verified-smart-contracts/erc20/.build/evm-semantics/.build/defn/java -m VERIFICATION --z3-impl-timeout 500 --shutdown-wait-time 5s  --concrete-rules EDSL.#ceil32,EDSL.keccakIntList,EVM-TYPES.#signed.positive,EVM-TYPES.#signed.negative,EVM-TYPES.#unsigned.positive,EVM-TYPES.#unsigned.negative,EVM-TYPES.powmod.nonzero,EVM-TYPES.powmod.zero,EVM-TYPES.signextend.invalid,EVM-TYPES.signextend.negative,EVM-TYPES.signextend.positive,SERIALIZATION.keccak,EVM-TYPES.#take.zero-pad,EVM-TYPES.#asWord.recursive,EVM-TYPES.#asByteStack,EVM-TYPES.#asByteStackAux.recursive,EVM-TYPES.#padToWidth,EVM-TYPES.#padRightToWidth,SERIALIZATION.#newAddr,SERIALIZATION.#newAddrCreate2,EVM-TYPES.mapWriteBytes.recursive,EVM-TYPES.#range,EVM-TYPES.#lookup.some,EVM-TYPES.#lookup.none,EVM.#memoryUsageUpdate.some,EVM.Cgascap,EVM.Csstore.new,EVM.Csstore.old,EVM.Rsstore.new,EVM.Rsstore.old,EVM.Cextra,EVM.Cmem, --no-exc-wrap --no-alpha-renaming --deterministic-functions --cache-func-optimized --format-failures --boundary-cells k,pc --log-cells k,output,statusCode,localMem,pc,gas,wordStack,callData,accounts,memoryUsed,#pc,#result --smt-prelude /mnt/data0/jon/verified-smart-contracts/resources/evm.smt2  /mnt/data0/jon/verified-smart-contracts/specs/java/erc20/buf/AlitaToken_0x7f509e1a5114073adcab062ef26a199511926071/transferFrom-success-2-spec.k
Picked up _JAVA_OPTIONS: -Xmx16g -Xms1g
Parse command line options                                   =  0.028s
Importing: Source(/mnt/data0/jon/verified-smart-contracts/specs/java/erc20/buf/AlitaToken_0x7f509e1a5114073adcab062ef26a199511926071/transferFrom-success-2-spec.k)
Importing: Source(/mnt/data0/jon/verified-smart-contracts/specs/java/erc20/buf/AlitaToken_0x7f509e1a5114073adcab062ef26a199511926071/abstract-semantics-segmented-gas.k)
Importing: Source(/mnt/data0/jon/verified-smart-contracts/specs/java/erc20/buf/AlitaToken_0x7f509e1a5114073adcab062ef26a199511926071/evm-symbolic.k)
Importing: Source(/mnt/data0/jon/verified-smart-contracts/erc20/.build/evm-semantics/.build/defn/java/edsl.k)
Importing: Source(/mnt/data0/jon/verified-smart-contracts/erc20/.build/evm-semantics/.build/defn/java/evm.k)
Importing: Source(/mnt/data0/jon/verified-smart-contracts/erc20/.build/evm-semantics/.build/defn/java/data.k)
Importing: Source(/mnt/data0/jon/verified-smart-contracts/erc20/.build/evm-semantics/.build/defn/java/krypto.k)
Importing: Source(/mnt/data0/jon/verified-smart-contracts/erc20/.build/evm-semantics/.build/defn/java/evm-types.k)
Importing: Source(/mnt/data0/jon/verified-smart-contracts/erc20/.build/evm-semantics/.build/defn/java/json.k)
Importing: Source(/mnt/data0/jon/verified-smart-contracts/erc20/.build/evm-semantics/.build/defn/java/serialization.k)
Importing: Source(/mnt/data0/jon/verified-smart-contracts/erc20/.build/evm-semantics/.build/defn/java/network.k)
Importing: Source(/mnt/data0/jon/verified-smart-contracts/specs/java/erc20/buf/AlitaToken_0x7f509e1a5114073adcab062ef26a199511926071/verification.k)
Importing: Source(/mnt/data0/jon/verified-smart-contracts/specs/java/erc20/buf/AlitaToken_0x7f509e1a5114073adcab062ef26a199511926071/evm-data-map-symbolic.k)
Importing: Source(/mnt/data0/jon/verified-smart-contracts/specs/java/erc20/buf/lemmas-buf.k)
Parse spec modules [0/1256 rules]                            = 39.953s

Parsing finished:   73.631 s
../../resources/kprove.mak:239: recipe for target '/mnt/data0/jon/verified-smart-contracts/specs/java/erc20/buf/AlitaToken_0x7f509e1a5114073adcab062ef26a199511926071/transferFrom-success-2-spec.k.test' failed
make: *** [/mnt/data0/jon/verified-smart-contracts/specs/java/erc20/buf/AlitaToken_0x7f509e1a5114073adcab062ef26a199511926071/transferFrom-success-2-spec.k.test] Terminated
make: Entering directory '/mnt/data0/jon/verified-smart-contracts/erc20/AlitaToken_0x7f509e1a5114073adcab062ef26a199511926071'
/mnt/data0/jon/verified-smart-contracts/.build/k/k-distribution/target/release/k/bin/kprove -v --debug -d /mnt/data0/jon/verified-smart-contracts/erc20/.build/evm-semantics/.build/defn/java -m VERIFICATION --z3-impl-timeout 500 --shutdown-wait-time 5s  --concrete-rules EDSL.#ceil32,EDSL.keccakIntList,EVM-TYPES.#signed.positive,EVM-TYPES.#signed.negative,EVM-TYPES.#unsigned.positive,EVM-TYPES.#unsigned.negative,EVM-TYPES.powmod.nonzero,EVM-TYPES.powmod.zero,EVM-TYPES.signextend.invalid,EVM-TYPES.signextend.negative,EVM-TYPES.signextend.positive,SERIALIZATION.keccak,EVM-TYPES.#take.zero-pad,EVM-TYPES.#asWord.recursive,EVM-TYPES.#asByteStack,EVM-TYPES.#asByteStackAux.recursive,EVM-TYPES.#padToWidth,EVM-TYPES.#padRightToWidth,SERIALIZATION.#newAddr,SERIALIZATION.#newAddrCreate2,EVM-TYPES.mapWriteBytes.recursive,EVM-TYPES.#range,EVM-TYPES.#lookup.some,EVM-TYPES.#lookup.none,EVM.#memoryUsageUpdate.some,EVM.Cgascap,EVM.Csstore.new,EVM.Csstore.old,EVM.Rsstore.new,EVM.Rsstore.old,EVM.Cextra,EVM.Cmem, --no-exc-wrap --no-alpha-renaming --deterministic-functions --cache-func-optimized --format-failures --boundary-cells k,pc --log-cells k,output,statusCode,localMem,pc,gas,wordStack,callData,accounts,memoryUsed,#pc,#result --smt-prelude /mnt/data0/jon/verified-smart-contracts/resources/evm.smt2  /mnt/data0/jon/verified-smart-contracts/specs/java/erc20/buf/AlitaToken_0x7f509e1a5114073adcab062ef26a199511926071/transferFrom-failure-1-spec.k
Picked up _JAVA_OPTIONS: -Xmx16g -Xms1g
Parse command line options                                   =  0.089s
Importing: Source(/mnt/data0/jon/verified-smart-contracts/specs/java/erc20/buf/AlitaToken_0x7f509e1a5114073adcab062ef26a199511926071/transferFrom-failure-1-spec.k)
Importing: Source(/mnt/data0/jon/verified-smart-contracts/specs/java/erc20/buf/AlitaToken_0x7f509e1a5114073adcab062ef26a199511926071/abstract-semantics-segmented-gas.k)
Importing: Source(/mnt/data0/jon/verified-smart-contracts/specs/java/erc20/buf/AlitaToken_0x7f509e1a5114073adcab062ef26a199511926071/evm-symbolic.k)
Importing: Source(/mnt/data0/jon/verified-smart-contracts/erc20/.build/evm-semantics/.build/defn/java/edsl.k)
Importing: Source(/mnt/data0/jon/verified-smart-contracts/erc20/.build/evm-semantics/.build/defn/java/evm.k)
Importing: Source(/mnt/data0/jon/verified-smart-contracts/erc20/.build/evm-semantics/.build/defn/java/data.k)
Importing: Source(/mnt/data0/jon/verified-smart-contracts/erc20/.build/evm-semantics/.build/defn/java/krypto.k)
Importing: Source(/mnt/data0/jon/verified-smart-contracts/erc20/.build/evm-semantics/.build/defn/java/evm-types.k)
Importing: Source(/mnt/data0/jon/verified-smart-contracts/erc20/.build/evm-semantics/.build/defn/java/json.k)
Importing: Source(/mnt/data0/jon/verified-smart-contracts/erc20/.build/evm-semantics/.build/defn/java/serialization.k)
Importing: Source(/mnt/data0/jon/verified-smart-contracts/erc20/.build/evm-semantics/.build/defn/java/network.k)
Importing: Source(/mnt/data0/jon/verified-smart-contracts/specs/java/erc20/buf/AlitaToken_0x7f509e1a5114073adcab062ef26a199511926071/verification.k)
Importing: Source(/mnt/data0/jon/verified-smart-contracts/specs/java/erc20/buf/AlitaToken_0x7f509e1a5114073adcab062ef26a199511926071/evm-data-map-symbolic.k)
Importing: Source(/mnt/data0/jon/verified-smart-contracts/specs/java/erc20/buf/lemmas-buf.k)
Parse spec modules [0/1256 rules]                            = 42.726s

Parsing finished:   87.364 s
../../resources/kprove.mak:239: recipe for target '/mnt/data0/jon/verified-smart-contracts/specs/java/erc20/buf/AlitaToken_0x7f509e1a5114073adcab062ef26a199511926071/transferFrom-failure-1-spec.k.test' failed
make: *** [/mnt/data0/jon/verified-smart-contracts/specs/java/erc20/buf/AlitaToken_0x7f509e1a5114073adcab062ef26a199511926071/transferFrom-failure-1-spec.k.test] Terminated
make: Entering directory '/mnt/data0/jon/verified-smart-contracts/erc20/AlitaToken_0x7f509e1a5114073adcab062ef26a199511926071'
/mnt/data0/jon/verified-smart-contracts/.build/k/k-distribution/target/release/k/bin/kprove -v --debug -d /mnt/data0/jon/verified-smart-contracts/erc20/.build/evm-semantics/.build/defn/java -m VERIFICATION --z3-impl-timeout 500 --shutdown-wait-time 5s  --concrete-rules EDSL.#ceil32,EDSL.keccakIntList,EVM-TYPES.#signed.positive,EVM-TYPES.#signed.negative,EVM-TYPES.#unsigned.positive,EVM-TYPES.#unsigned.negative,EVM-TYPES.powmod.nonzero,EVM-TYPES.powmod.zero,EVM-TYPES.signextend.invalid,EVM-TYPES.signextend.negative,EVM-TYPES.signextend.positive,SERIALIZATION.keccak,EVM-TYPES.#take.zero-pad,EVM-TYPES.#asWord.recursive,EVM-TYPES.#asByteStack,EVM-TYPES.#asByteStackAux.recursive,EVM-TYPES.#padToWidth,EVM-TYPES.#padRightToWidth,SERIALIZATION.#newAddr,SERIALIZATION.#newAddrCreate2,EVM-TYPES.mapWriteBytes.recursive,EVM-TYPES.#range,EVM-TYPES.#lookup.some,EVM-TYPES.#lookup.none,EVM.#memoryUsageUpdate.some,EVM.Cgascap,EVM.Csstore.new,EVM.Csstore.old,EVM.Rsstore.new,EVM.Rsstore.old,EVM.Cextra,EVM.Cmem, --no-exc-wrap --no-alpha-renaming --deterministic-functions --cache-func-optimized --format-failures --boundary-cells k,pc --log-cells k,output,statusCode,localMem,pc,gas,wordStack,callData,accounts,memoryUsed,#pc,#result --smt-prelude /mnt/data0/jon/verified-smart-contracts/resources/evm.smt2  /mnt/data0/jon/verified-smart-contracts/specs/java/erc20/buf/AlitaToken_0x7f509e1a5114073adcab062ef26a199511926071/transferFrom-failure-2-spec.k
Picked up _JAVA_OPTIONS: -Xmx16g -Xms1g
Parse command line options                                   =  0.024s
Importing: Source(/mnt/data0/jon/verified-smart-contracts/specs/java/erc20/buf/AlitaToken_0x7f509e1a5114073adcab062ef26a199511926071/transferFrom-failure-2-spec.k)
Importing: Source(/mnt/data0/jon/verified-smart-contracts/specs/java/erc20/buf/AlitaToken_0x7f509e1a5114073adcab062ef26a199511926071/abstract-semantics-segmented-gas.k)
Importing: Source(/mnt/data0/jon/verified-smart-contracts/specs/java/erc20/buf/AlitaToken_0x7f509e1a5114073adcab062ef26a199511926071/evm-symbolic.k)
Importing: Source(/mnt/data0/jon/verified-smart-contracts/erc20/.build/evm-semantics/.build/defn/java/edsl.k)
Importing: Source(/mnt/data0/jon/verified-smart-contracts/erc20/.build/evm-semantics/.build/defn/java/evm.k)
Importing: Source(/mnt/data0/jon/verified-smart-contracts/erc20/.build/evm-semantics/.build/defn/java/data.k)
Importing: Source(/mnt/data0/jon/verified-smart-contracts/erc20/.build/evm-semantics/.build/defn/java/krypto.k)
Importing: Source(/mnt/data0/jon/verified-smart-contracts/erc20/.build/evm-semantics/.build/defn/java/evm-types.k)
Importing: Source(/mnt/data0/jon/verified-smart-contracts/erc20/.build/evm-semantics/.build/defn/java/json.k)
Importing: Source(/mnt/data0/jon/verified-smart-contracts/erc20/.build/evm-semantics/.build/defn/java/serialization.k)
Importing: Source(/mnt/data0/jon/verified-smart-contracts/erc20/.build/evm-semantics/.build/defn/java/network.k)
Importing: Source(/mnt/data0/jon/verified-smart-contracts/specs/java/erc20/buf/AlitaToken_0x7f509e1a5114073adcab062ef26a199511926071/verification.k)
Importing: Source(/mnt/data0/jon/verified-smart-contracts/specs/java/erc20/buf/AlitaToken_0x7f509e1a5114073adcab062ef26a199511926071/evm-data-map-symbolic.k)
Importing: Source(/mnt/data0/jon/verified-smart-contracts/specs/java/erc20/buf/lemmas-buf.k)
Parse spec modules [0/1256 rules]                            = 39.049s

Parsing finished:   75.030 s
../../resources/kprove.mak:239: recipe for target '/mnt/data0/jon/verified-smart-contracts/specs/java/erc20/buf/AlitaToken_0x7f509e1a5114073adcab062ef26a199511926071/transferFrom-failure-2-spec.k.test' failed
make: *** [/mnt/data0/jon/verified-smart-contracts/specs/java/erc20/buf/AlitaToken_0x7f509e1a5114073adcab062ef26a199511926071/transferFrom-failure-2-spec.k.test] Terminated
