make: Entering directory '/mnt/data0/jon/verified-smart-contracts/erc20/DEAPCoin_0x1a3496c18d558bd9c6c8f609e1b129f67ab08163'
/mnt/data0/jon/verified-smart-contracts/.build/k/k-distribution/target/release/k/bin/kprove -v --debug -d /mnt/data0/jon/verified-smart-contracts/erc20/.build/evm-semantics/.build/defn/java -m VERIFICATION --z3-impl-timeout 500 --shutdown-wait-time 5s  --concrete-rules EDSL.#ceil32,EDSL.keccakIntList,EVM-TYPES.#signed.positive,EVM-TYPES.#signed.negative,EVM-TYPES.#unsigned.positive,EVM-TYPES.#unsigned.negative,EVM-TYPES.powmod.nonzero,EVM-TYPES.powmod.zero,EVM-TYPES.signextend.invalid,EVM-TYPES.signextend.negative,EVM-TYPES.signextend.positive,SERIALIZATION.keccak,EVM-TYPES.#take.zero-pad,EVM-TYPES.#asWord.recursive,EVM-TYPES.#asByteStack,EVM-TYPES.#asByteStackAux.recursive,EVM-TYPES.#padToWidth,EVM-TYPES.#padRightToWidth,SERIALIZATION.#newAddr,SERIALIZATION.#newAddrCreate2,EVM-TYPES.mapWriteBytes.recursive,EVM-TYPES.#range,EVM-TYPES.#lookup.some,EVM-TYPES.#lookup.none,EVM.#memoryUsageUpdate.some,EVM.Cgascap,EVM.Csstore.new,EVM.Csstore.old,EVM.Rsstore.new,EVM.Rsstore.old,EVM.Cextra,EVM.Cmem, --no-exc-wrap --no-alpha-renaming --deterministic-functions --cache-func-optimized --format-failures --boundary-cells k,pc --log-cells k,output,statusCode,localMem,pc,gas,wordStack,callData,accounts,memoryUsed,#pc,#result --smt-prelude /mnt/data0/jon/verified-smart-contracts/resources/evm.smt2  /mnt/data0/jon/verified-smart-contracts/specs/java/erc20/buf/DEAPCoin_0x1a3496c18d558bd9c6c8f609e1b129f67ab08163/totalSupply-spec.k
Picked up _JAVA_OPTIONS: -Xmx16g -Xms1g
Parse command line options                                   =  0.031s
Importing: Source(/mnt/data0/jon/verified-smart-contracts/specs/java/erc20/buf/DEAPCoin_0x1a3496c18d558bd9c6c8f609e1b129f67ab08163/totalSupply-spec.k)
Importing: Source(/mnt/data0/jon/verified-smart-contracts/specs/java/erc20/buf/DEAPCoin_0x1a3496c18d558bd9c6c8f609e1b129f67ab08163/abstract-semantics-segmented-gas.k)
Importing: Source(/mnt/data0/jon/verified-smart-contracts/specs/java/erc20/buf/DEAPCoin_0x1a3496c18d558bd9c6c8f609e1b129f67ab08163/evm-symbolic.k)
Importing: Source(/mnt/data0/jon/verified-smart-contracts/erc20/.build/evm-semantics/.build/defn/java/edsl.k)
Importing: Source(/mnt/data0/jon/verified-smart-contracts/erc20/.build/evm-semantics/.build/defn/java/evm.k)
Importing: Source(/mnt/data0/jon/verified-smart-contracts/erc20/.build/evm-semantics/.build/defn/java/data.k)
Importing: Source(/mnt/data0/jon/verified-smart-contracts/erc20/.build/evm-semantics/.build/defn/java/krypto.k)
Importing: Source(/mnt/data0/jon/verified-smart-contracts/erc20/.build/evm-semantics/.build/defn/java/evm-types.k)
Importing: Source(/mnt/data0/jon/verified-smart-contracts/erc20/.build/evm-semantics/.build/defn/java/json.k)
Importing: Source(/mnt/data0/jon/verified-smart-contracts/erc20/.build/evm-semantics/.build/defn/java/serialization.k)
Importing: Source(/mnt/data0/jon/verified-smart-contracts/erc20/.build/evm-semantics/.build/defn/java/network.k)
Importing: Source(/mnt/data0/jon/verified-smart-contracts/specs/java/erc20/buf/DEAPCoin_0x1a3496c18d558bd9c6c8f609e1b129f67ab08163/verification.k)
Importing: Source(/mnt/data0/jon/verified-smart-contracts/specs/java/erc20/buf/DEAPCoin_0x1a3496c18d558bd9c6c8f609e1b129f67ab08163/evm-data-map-symbolic.k)
Importing: Source(/mnt/data0/jon/verified-smart-contracts/specs/java/erc20/buf/lemmas-buf.k)
Parse spec modules [0/1256 rules]                            = 22.945s

Parsing finished:   50.103 s
../../resources/kprove.mak:239: recipe for target '/mnt/data0/jon/verified-smart-contracts/specs/java/erc20/buf/DEAPCoin_0x1a3496c18d558bd9c6c8f609e1b129f67ab08163/totalSupply-spec.k.test' failed
make: *** [/mnt/data0/jon/verified-smart-contracts/specs/java/erc20/buf/DEAPCoin_0x1a3496c18d558bd9c6c8f609e1b129f67ab08163/totalSupply-spec.k.test] Terminated
make: Entering directory '/mnt/data0/jon/verified-smart-contracts/erc20/DEAPCoin_0x1a3496c18d558bd9c6c8f609e1b129f67ab08163'
/mnt/data0/jon/verified-smart-contracts/.build/k/k-distribution/target/release/k/bin/kprove -v --debug -d /mnt/data0/jon/verified-smart-contracts/erc20/.build/evm-semantics/.build/defn/java -m VERIFICATION --z3-impl-timeout 500 --shutdown-wait-time 5s  --concrete-rules EDSL.#ceil32,EDSL.keccakIntList,EVM-TYPES.#signed.positive,EVM-TYPES.#signed.negative,EVM-TYPES.#unsigned.positive,EVM-TYPES.#unsigned.negative,EVM-TYPES.powmod.nonzero,EVM-TYPES.powmod.zero,EVM-TYPES.signextend.invalid,EVM-TYPES.signextend.negative,EVM-TYPES.signextend.positive,SERIALIZATION.keccak,EVM-TYPES.#take.zero-pad,EVM-TYPES.#asWord.recursive,EVM-TYPES.#asByteStack,EVM-TYPES.#asByteStackAux.recursive,EVM-TYPES.#padToWidth,EVM-TYPES.#padRightToWidth,SERIALIZATION.#newAddr,SERIALIZATION.#newAddrCreate2,EVM-TYPES.mapWriteBytes.recursive,EVM-TYPES.#range,EVM-TYPES.#lookup.some,EVM-TYPES.#lookup.none,EVM.#memoryUsageUpdate.some,EVM.Cgascap,EVM.Csstore.new,EVM.Csstore.old,EVM.Rsstore.new,EVM.Rsstore.old,EVM.Cextra,EVM.Cmem, --no-exc-wrap --no-alpha-renaming --deterministic-functions --cache-func-optimized --format-failures --boundary-cells k,pc --log-cells k,output,statusCode,localMem,pc,gas,wordStack,callData,accounts,memoryUsed,#pc,#result --smt-prelude /mnt/data0/jon/verified-smart-contracts/resources/evm.smt2  /mnt/data0/jon/verified-smart-contracts/specs/java/erc20/buf/DEAPCoin_0x1a3496c18d558bd9c6c8f609e1b129f67ab08163/balanceOf-spec.k
Picked up _JAVA_OPTIONS: -Xmx16g -Xms1g
Parse command line options                                   =  0.030s
Importing: Source(/mnt/data0/jon/verified-smart-contracts/specs/java/erc20/buf/DEAPCoin_0x1a3496c18d558bd9c6c8f609e1b129f67ab08163/balanceOf-spec.k)
Importing: Source(/mnt/data0/jon/verified-smart-contracts/specs/java/erc20/buf/DEAPCoin_0x1a3496c18d558bd9c6c8f609e1b129f67ab08163/abstract-semantics-segmented-gas.k)
Importing: Source(/mnt/data0/jon/verified-smart-contracts/specs/java/erc20/buf/DEAPCoin_0x1a3496c18d558bd9c6c8f609e1b129f67ab08163/evm-symbolic.k)
Importing: Source(/mnt/data0/jon/verified-smart-contracts/erc20/.build/evm-semantics/.build/defn/java/edsl.k)
Importing: Source(/mnt/data0/jon/verified-smart-contracts/erc20/.build/evm-semantics/.build/defn/java/evm.k)
Importing: Source(/mnt/data0/jon/verified-smart-contracts/erc20/.build/evm-semantics/.build/defn/java/data.k)
Importing: Source(/mnt/data0/jon/verified-smart-contracts/erc20/.build/evm-semantics/.build/defn/java/krypto.k)
Importing: Source(/mnt/data0/jon/verified-smart-contracts/erc20/.build/evm-semantics/.build/defn/java/evm-types.k)
Importing: Source(/mnt/data0/jon/verified-smart-contracts/erc20/.build/evm-semantics/.build/defn/java/json.k)
Importing: Source(/mnt/data0/jon/verified-smart-contracts/erc20/.build/evm-semantics/.build/defn/java/serialization.k)
Importing: Source(/mnt/data0/jon/verified-smart-contracts/erc20/.build/evm-semantics/.build/defn/java/network.k)
Importing: Source(/mnt/data0/jon/verified-smart-contracts/specs/java/erc20/buf/DEAPCoin_0x1a3496c18d558bd9c6c8f609e1b129f67ab08163/verification.k)
Importing: Source(/mnt/data0/jon/verified-smart-contracts/specs/java/erc20/buf/DEAPCoin_0x1a3496c18d558bd9c6c8f609e1b129f67ab08163/evm-data-map-symbolic.k)
Importing: Source(/mnt/data0/jon/verified-smart-contracts/specs/java/erc20/buf/lemmas-buf.k)
Parse spec modules [0/1256 rules]                            = 29.574s

Parsing finished:   62.122 s
../../resources/kprove.mak:239: recipe for target '/mnt/data0/jon/verified-smart-contracts/specs/java/erc20/buf/DEAPCoin_0x1a3496c18d558bd9c6c8f609e1b129f67ab08163/balanceOf-spec.k.test' failed
make: *** [/mnt/data0/jon/verified-smart-contracts/specs/java/erc20/buf/DEAPCoin_0x1a3496c18d558bd9c6c8f609e1b129f67ab08163/balanceOf-spec.k.test] Terminated
make: Entering directory '/mnt/data0/jon/verified-smart-contracts/erc20/DEAPCoin_0x1a3496c18d558bd9c6c8f609e1b129f67ab08163'
/mnt/data0/jon/verified-smart-contracts/.build/k/k-distribution/target/release/k/bin/kprove -v --debug -d /mnt/data0/jon/verified-smart-contracts/erc20/.build/evm-semantics/.build/defn/java -m VERIFICATION --z3-impl-timeout 500 --shutdown-wait-time 5s  --concrete-rules EDSL.#ceil32,EDSL.keccakIntList,EVM-TYPES.#signed.positive,EVM-TYPES.#signed.negative,EVM-TYPES.#unsigned.positive,EVM-TYPES.#unsigned.negative,EVM-TYPES.powmod.nonzero,EVM-TYPES.powmod.zero,EVM-TYPES.signextend.invalid,EVM-TYPES.signextend.negative,EVM-TYPES.signextend.positive,SERIALIZATION.keccak,EVM-TYPES.#take.zero-pad,EVM-TYPES.#asWord.recursive,EVM-TYPES.#asByteStack,EVM-TYPES.#asByteStackAux.recursive,EVM-TYPES.#padToWidth,EVM-TYPES.#padRightToWidth,SERIALIZATION.#newAddr,SERIALIZATION.#newAddrCreate2,EVM-TYPES.mapWriteBytes.recursive,EVM-TYPES.#range,EVM-TYPES.#lookup.some,EVM-TYPES.#lookup.none,EVM.#memoryUsageUpdate.some,EVM.Cgascap,EVM.Csstore.new,EVM.Csstore.old,EVM.Rsstore.new,EVM.Rsstore.old,EVM.Cextra,EVM.Cmem, --no-exc-wrap --no-alpha-renaming --deterministic-functions --cache-func-optimized --format-failures --boundary-cells k,pc --log-cells k,output,statusCode,localMem,pc,gas,wordStack,callData,accounts,memoryUsed,#pc,#result --smt-prelude /mnt/data0/jon/verified-smart-contracts/resources/evm.smt2  /mnt/data0/jon/verified-smart-contracts/specs/java/erc20/buf/DEAPCoin_0x1a3496c18d558bd9c6c8f609e1b129f67ab08163/allowance-spec.k
Picked up _JAVA_OPTIONS: -Xmx16g -Xms1g
Parse command line options                                   =  0.030s
Importing: Source(/mnt/data0/jon/verified-smart-contracts/specs/java/erc20/buf/DEAPCoin_0x1a3496c18d558bd9c6c8f609e1b129f67ab08163/allowance-spec.k)
Importing: Source(/mnt/data0/jon/verified-smart-contracts/specs/java/erc20/buf/DEAPCoin_0x1a3496c18d558bd9c6c8f609e1b129f67ab08163/abstract-semantics-segmented-gas.k)
Importing: Source(/mnt/data0/jon/verified-smart-contracts/specs/java/erc20/buf/DEAPCoin_0x1a3496c18d558bd9c6c8f609e1b129f67ab08163/evm-symbolic.k)
Importing: Source(/mnt/data0/jon/verified-smart-contracts/erc20/.build/evm-semantics/.build/defn/java/edsl.k)
Importing: Source(/mnt/data0/jon/verified-smart-contracts/erc20/.build/evm-semantics/.build/defn/java/evm.k)
Importing: Source(/mnt/data0/jon/verified-smart-contracts/erc20/.build/evm-semantics/.build/defn/java/data.k)
Importing: Source(/mnt/data0/jon/verified-smart-contracts/erc20/.build/evm-semantics/.build/defn/java/krypto.k)
Importing: Source(/mnt/data0/jon/verified-smart-contracts/erc20/.build/evm-semantics/.build/defn/java/evm-types.k)
Importing: Source(/mnt/data0/jon/verified-smart-contracts/erc20/.build/evm-semantics/.build/defn/java/json.k)
Importing: Source(/mnt/data0/jon/verified-smart-contracts/erc20/.build/evm-semantics/.build/defn/java/serialization.k)
Importing: Source(/mnt/data0/jon/verified-smart-contracts/erc20/.build/evm-semantics/.build/defn/java/network.k)
Importing: Source(/mnt/data0/jon/verified-smart-contracts/specs/java/erc20/buf/DEAPCoin_0x1a3496c18d558bd9c6c8f609e1b129f67ab08163/verification.k)
Importing: Source(/mnt/data0/jon/verified-smart-contracts/specs/java/erc20/buf/DEAPCoin_0x1a3496c18d558bd9c6c8f609e1b129f67ab08163/evm-data-map-symbolic.k)
Importing: Source(/mnt/data0/jon/verified-smart-contracts/specs/java/erc20/buf/lemmas-buf.k)
Parse spec modules [0/1256 rules]                            = 31.700s

Parsing finished:   59.255 s
../../resources/kprove.mak:239: recipe for target '/mnt/data0/jon/verified-smart-contracts/specs/java/erc20/buf/DEAPCoin_0x1a3496c18d558bd9c6c8f609e1b129f67ab08163/allowance-spec.k.test' failed
make: *** [/mnt/data0/jon/verified-smart-contracts/specs/java/erc20/buf/DEAPCoin_0x1a3496c18d558bd9c6c8f609e1b129f67ab08163/allowance-spec.k.test] Terminated
make: Entering directory '/mnt/data0/jon/verified-smart-contracts/erc20/DEAPCoin_0x1a3496c18d558bd9c6c8f609e1b129f67ab08163'
/mnt/data0/jon/verified-smart-contracts/.build/k/k-distribution/target/release/k/bin/kprove -v --debug -d /mnt/data0/jon/verified-smart-contracts/erc20/.build/evm-semantics/.build/defn/java -m VERIFICATION --z3-impl-timeout 500 --shutdown-wait-time 5s  --concrete-rules EDSL.#ceil32,EDSL.keccakIntList,EVM-TYPES.#signed.positive,EVM-TYPES.#signed.negative,EVM-TYPES.#unsigned.positive,EVM-TYPES.#unsigned.negative,EVM-TYPES.powmod.nonzero,EVM-TYPES.powmod.zero,EVM-TYPES.signextend.invalid,EVM-TYPES.signextend.negative,EVM-TYPES.signextend.positive,SERIALIZATION.keccak,EVM-TYPES.#take.zero-pad,EVM-TYPES.#asWord.recursive,EVM-TYPES.#asByteStack,EVM-TYPES.#asByteStackAux.recursive,EVM-TYPES.#padToWidth,EVM-TYPES.#padRightToWidth,SERIALIZATION.#newAddr,SERIALIZATION.#newAddrCreate2,EVM-TYPES.mapWriteBytes.recursive,EVM-TYPES.#range,EVM-TYPES.#lookup.some,EVM-TYPES.#lookup.none,EVM.#memoryUsageUpdate.some,EVM.Cgascap,EVM.Csstore.new,EVM.Csstore.old,EVM.Rsstore.new,EVM.Rsstore.old,EVM.Cextra,EVM.Cmem, --no-exc-wrap --no-alpha-renaming --deterministic-functions --cache-func-optimized --format-failures --boundary-cells k,pc --log-cells k,output,statusCode,localMem,pc,gas,wordStack,callData,accounts,memoryUsed,#pc,#result --smt-prelude /mnt/data0/jon/verified-smart-contracts/resources/evm.smt2  /mnt/data0/jon/verified-smart-contracts/specs/java/erc20/buf/DEAPCoin_0x1a3496c18d558bd9c6c8f609e1b129f67ab08163/approve-spec.k
Picked up _JAVA_OPTIONS: -Xmx16g -Xms1g
Parse command line options                                   =  0.025s
Importing: Source(/mnt/data0/jon/verified-smart-contracts/specs/java/erc20/buf/DEAPCoin_0x1a3496c18d558bd9c6c8f609e1b129f67ab08163/approve-spec.k)
Importing: Source(/mnt/data0/jon/verified-smart-contracts/specs/java/erc20/buf/DEAPCoin_0x1a3496c18d558bd9c6c8f609e1b129f67ab08163/abstract-semantics-segmented-gas.k)
Importing: Source(/mnt/data0/jon/verified-smart-contracts/specs/java/erc20/buf/DEAPCoin_0x1a3496c18d558bd9c6c8f609e1b129f67ab08163/evm-symbolic.k)
Importing: Source(/mnt/data0/jon/verified-smart-contracts/erc20/.build/evm-semantics/.build/defn/java/edsl.k)
Importing: Source(/mnt/data0/jon/verified-smart-contracts/erc20/.build/evm-semantics/.build/defn/java/evm.k)
Importing: Source(/mnt/data0/jon/verified-smart-contracts/erc20/.build/evm-semantics/.build/defn/java/data.k)
Importing: Source(/mnt/data0/jon/verified-smart-contracts/erc20/.build/evm-semantics/.build/defn/java/krypto.k)
Importing: Source(/mnt/data0/jon/verified-smart-contracts/erc20/.build/evm-semantics/.build/defn/java/evm-types.k)
Importing: Source(/mnt/data0/jon/verified-smart-contracts/erc20/.build/evm-semantics/.build/defn/java/json.k)
Importing: Source(/mnt/data0/jon/verified-smart-contracts/erc20/.build/evm-semantics/.build/defn/java/serialization.k)
Importing: Source(/mnt/data0/jon/verified-smart-contracts/erc20/.build/evm-semantics/.build/defn/java/network.k)
Importing: Source(/mnt/data0/jon/verified-smart-contracts/specs/java/erc20/buf/DEAPCoin_0x1a3496c18d558bd9c6c8f609e1b129f67ab08163/verification.k)
Importing: Source(/mnt/data0/jon/verified-smart-contracts/specs/java/erc20/buf/DEAPCoin_0x1a3496c18d558bd9c6c8f609e1b129f67ab08163/evm-data-map-symbolic.k)
Importing: Source(/mnt/data0/jon/verified-smart-contracts/specs/java/erc20/buf/lemmas-buf.k)
Parse spec modules [0/1256 rules]                            = 28.958s

Parsing finished:   65.481 s
../../resources/kprove.mak:239: recipe for target '/mnt/data0/jon/verified-smart-contracts/specs/java/erc20/buf/DEAPCoin_0x1a3496c18d558bd9c6c8f609e1b129f67ab08163/approve-spec.k.test' failed
make: *** [/mnt/data0/jon/verified-smart-contracts/specs/java/erc20/buf/DEAPCoin_0x1a3496c18d558bd9c6c8f609e1b129f67ab08163/approve-spec.k.test] Terminated
make: Entering directory '/mnt/data0/jon/verified-smart-contracts/erc20/DEAPCoin_0x1a3496c18d558bd9c6c8f609e1b129f67ab08163'
/mnt/data0/jon/verified-smart-contracts/.build/k/k-distribution/target/release/k/bin/kprove -v --debug -d /mnt/data0/jon/verified-smart-contracts/erc20/.build/evm-semantics/.build/defn/java -m VERIFICATION --z3-impl-timeout 500 --shutdown-wait-time 5s  --concrete-rules EDSL.#ceil32,EDSL.keccakIntList,EVM-TYPES.#signed.positive,EVM-TYPES.#signed.negative,EVM-TYPES.#unsigned.positive,EVM-TYPES.#unsigned.negative,EVM-TYPES.powmod.nonzero,EVM-TYPES.powmod.zero,EVM-TYPES.signextend.invalid,EVM-TYPES.signextend.negative,EVM-TYPES.signextend.positive,SERIALIZATION.keccak,EVM-TYPES.#take.zero-pad,EVM-TYPES.#asWord.recursive,EVM-TYPES.#asByteStack,EVM-TYPES.#asByteStackAux.recursive,EVM-TYPES.#padToWidth,EVM-TYPES.#padRightToWidth,SERIALIZATION.#newAddr,SERIALIZATION.#newAddrCreate2,EVM-TYPES.mapWriteBytes.recursive,EVM-TYPES.#range,EVM-TYPES.#lookup.some,EVM-TYPES.#lookup.none,EVM.#memoryUsageUpdate.some,EVM.Cgascap,EVM.Csstore.new,EVM.Csstore.old,EVM.Rsstore.new,EVM.Rsstore.old,EVM.Cextra,EVM.Cmem, --no-exc-wrap --no-alpha-renaming --deterministic-functions --cache-func-optimized --format-failures --boundary-cells k,pc --log-cells k,output,statusCode,localMem,pc,gas,wordStack,callData,accounts,memoryUsed,#pc,#result --smt-prelude /mnt/data0/jon/verified-smart-contracts/resources/evm.smt2  /mnt/data0/jon/verified-smart-contracts/specs/java/erc20/buf/DEAPCoin_0x1a3496c18d558bd9c6c8f609e1b129f67ab08163/transfer-success-1-spec.k
Picked up _JAVA_OPTIONS: -Xmx16g -Xms1g
Parse command line options                                   =  0.030s
Importing: Source(/mnt/data0/jon/verified-smart-contracts/specs/java/erc20/buf/DEAPCoin_0x1a3496c18d558bd9c6c8f609e1b129f67ab08163/transfer-success-1-spec.k)
Importing: Source(/mnt/data0/jon/verified-smart-contracts/specs/java/erc20/buf/DEAPCoin_0x1a3496c18d558bd9c6c8f609e1b129f67ab08163/abstract-semantics-segmented-gas.k)
Importing: Source(/mnt/data0/jon/verified-smart-contracts/specs/java/erc20/buf/DEAPCoin_0x1a3496c18d558bd9c6c8f609e1b129f67ab08163/evm-symbolic.k)
Importing: Source(/mnt/data0/jon/verified-smart-contracts/erc20/.build/evm-semantics/.build/defn/java/edsl.k)
Importing: Source(/mnt/data0/jon/verified-smart-contracts/erc20/.build/evm-semantics/.build/defn/java/evm.k)
Importing: Source(/mnt/data0/jon/verified-smart-contracts/erc20/.build/evm-semantics/.build/defn/java/data.k)
Importing: Source(/mnt/data0/jon/verified-smart-contracts/erc20/.build/evm-semantics/.build/defn/java/krypto.k)
Importing: Source(/mnt/data0/jon/verified-smart-contracts/erc20/.build/evm-semantics/.build/defn/java/evm-types.k)
Importing: Source(/mnt/data0/jon/verified-smart-contracts/erc20/.build/evm-semantics/.build/defn/java/json.k)
Importing: Source(/mnt/data0/jon/verified-smart-contracts/erc20/.build/evm-semantics/.build/defn/java/serialization.k)
Importing: Source(/mnt/data0/jon/verified-smart-contracts/erc20/.build/evm-semantics/.build/defn/java/network.k)
Importing: Source(/mnt/data0/jon/verified-smart-contracts/specs/java/erc20/buf/DEAPCoin_0x1a3496c18d558bd9c6c8f609e1b129f67ab08163/verification.k)
Importing: Source(/mnt/data0/jon/verified-smart-contracts/specs/java/erc20/buf/DEAPCoin_0x1a3496c18d558bd9c6c8f609e1b129f67ab08163/evm-data-map-symbolic.k)
Importing: Source(/mnt/data0/jon/verified-smart-contracts/specs/java/erc20/buf/lemmas-buf.k)
Parse spec modules [0/1256 rules]                            = 31.554s

Parsing finished:   64.758 s
../../resources/kprove.mak:239: recipe for target '/mnt/data0/jon/verified-smart-contracts/specs/java/erc20/buf/DEAPCoin_0x1a3496c18d558bd9c6c8f609e1b129f67ab08163/transfer-success-1-spec.k.test' failed
make: *** [/mnt/data0/jon/verified-smart-contracts/specs/java/erc20/buf/DEAPCoin_0x1a3496c18d558bd9c6c8f609e1b129f67ab08163/transfer-success-1-spec.k.test] Terminated
make: Entering directory '/mnt/data0/jon/verified-smart-contracts/erc20/DEAPCoin_0x1a3496c18d558bd9c6c8f609e1b129f67ab08163'
/mnt/data0/jon/verified-smart-contracts/.build/k/k-distribution/target/release/k/bin/kprove -v --debug -d /mnt/data0/jon/verified-smart-contracts/erc20/.build/evm-semantics/.build/defn/java -m VERIFICATION --z3-impl-timeout 500 --shutdown-wait-time 5s  --concrete-rules EDSL.#ceil32,EDSL.keccakIntList,EVM-TYPES.#signed.positive,EVM-TYPES.#signed.negative,EVM-TYPES.#unsigned.positive,EVM-TYPES.#unsigned.negative,EVM-TYPES.powmod.nonzero,EVM-TYPES.powmod.zero,EVM-TYPES.signextend.invalid,EVM-TYPES.signextend.negative,EVM-TYPES.signextend.positive,SERIALIZATION.keccak,EVM-TYPES.#take.zero-pad,EVM-TYPES.#asWord.recursive,EVM-TYPES.#asByteStack,EVM-TYPES.#asByteStackAux.recursive,EVM-TYPES.#padToWidth,EVM-TYPES.#padRightToWidth,SERIALIZATION.#newAddr,SERIALIZATION.#newAddrCreate2,EVM-TYPES.mapWriteBytes.recursive,EVM-TYPES.#range,EVM-TYPES.#lookup.some,EVM-TYPES.#lookup.none,EVM.#memoryUsageUpdate.some,EVM.Cgascap,EVM.Csstore.new,EVM.Csstore.old,EVM.Rsstore.new,EVM.Rsstore.old,EVM.Cextra,EVM.Cmem, --no-exc-wrap --no-alpha-renaming --deterministic-functions --cache-func-optimized --format-failures --boundary-cells k,pc --log-cells k,output,statusCode,localMem,pc,gas,wordStack,callData,accounts,memoryUsed,#pc,#result --smt-prelude /mnt/data0/jon/verified-smart-contracts/resources/evm.smt2  /mnt/data0/jon/verified-smart-contracts/specs/java/erc20/buf/DEAPCoin_0x1a3496c18d558bd9c6c8f609e1b129f67ab08163/transfer-success-2-spec.k
Picked up _JAVA_OPTIONS: -Xmx16g -Xms1g
Parse command line options                                   =  0.030s
Importing: Source(/mnt/data0/jon/verified-smart-contracts/specs/java/erc20/buf/DEAPCoin_0x1a3496c18d558bd9c6c8f609e1b129f67ab08163/transfer-success-2-spec.k)
Importing: Source(/mnt/data0/jon/verified-smart-contracts/specs/java/erc20/buf/DEAPCoin_0x1a3496c18d558bd9c6c8f609e1b129f67ab08163/abstract-semantics-segmented-gas.k)
Importing: Source(/mnt/data0/jon/verified-smart-contracts/specs/java/erc20/buf/DEAPCoin_0x1a3496c18d558bd9c6c8f609e1b129f67ab08163/evm-symbolic.k)
Importing: Source(/mnt/data0/jon/verified-smart-contracts/erc20/.build/evm-semantics/.build/defn/java/edsl.k)
Importing: Source(/mnt/data0/jon/verified-smart-contracts/erc20/.build/evm-semantics/.build/defn/java/evm.k)
Importing: Source(/mnt/data0/jon/verified-smart-contracts/erc20/.build/evm-semantics/.build/defn/java/data.k)
Importing: Source(/mnt/data0/jon/verified-smart-contracts/erc20/.build/evm-semantics/.build/defn/java/krypto.k)
Importing: Source(/mnt/data0/jon/verified-smart-contracts/erc20/.build/evm-semantics/.build/defn/java/evm-types.k)
Importing: Source(/mnt/data0/jon/verified-smart-contracts/erc20/.build/evm-semantics/.build/defn/java/json.k)
Importing: Source(/mnt/data0/jon/verified-smart-contracts/erc20/.build/evm-semantics/.build/defn/java/serialization.k)
Importing: Source(/mnt/data0/jon/verified-smart-contracts/erc20/.build/evm-semantics/.build/defn/java/network.k)
Importing: Source(/mnt/data0/jon/verified-smart-contracts/specs/java/erc20/buf/DEAPCoin_0x1a3496c18d558bd9c6c8f609e1b129f67ab08163/verification.k)
Importing: Source(/mnt/data0/jon/verified-smart-contracts/specs/java/erc20/buf/DEAPCoin_0x1a3496c18d558bd9c6c8f609e1b129f67ab08163/evm-data-map-symbolic.k)
Importing: Source(/mnt/data0/jon/verified-smart-contracts/specs/java/erc20/buf/lemmas-buf.k)
Parse spec modules [0/1256 rules]                            = 35.651s

Parsing finished:   66.365 s
../../resources/kprove.mak:239: recipe for target '/mnt/data0/jon/verified-smart-contracts/specs/java/erc20/buf/DEAPCoin_0x1a3496c18d558bd9c6c8f609e1b129f67ab08163/transfer-success-2-spec.k.test' failed
make: *** [/mnt/data0/jon/verified-smart-contracts/specs/java/erc20/buf/DEAPCoin_0x1a3496c18d558bd9c6c8f609e1b129f67ab08163/transfer-success-2-spec.k.test] Terminated
make: Entering directory '/mnt/data0/jon/verified-smart-contracts/erc20/DEAPCoin_0x1a3496c18d558bd9c6c8f609e1b129f67ab08163'
/mnt/data0/jon/verified-smart-contracts/.build/k/k-distribution/target/release/k/bin/kprove -v --debug -d /mnt/data0/jon/verified-smart-contracts/erc20/.build/evm-semantics/.build/defn/java -m VERIFICATION --z3-impl-timeout 500 --shutdown-wait-time 5s  --concrete-rules EDSL.#ceil32,EDSL.keccakIntList,EVM-TYPES.#signed.positive,EVM-TYPES.#signed.negative,EVM-TYPES.#unsigned.positive,EVM-TYPES.#unsigned.negative,EVM-TYPES.powmod.nonzero,EVM-TYPES.powmod.zero,EVM-TYPES.signextend.invalid,EVM-TYPES.signextend.negative,EVM-TYPES.signextend.positive,SERIALIZATION.keccak,EVM-TYPES.#take.zero-pad,EVM-TYPES.#asWord.recursive,EVM-TYPES.#asByteStack,EVM-TYPES.#asByteStackAux.recursive,EVM-TYPES.#padToWidth,EVM-TYPES.#padRightToWidth,SERIALIZATION.#newAddr,SERIALIZATION.#newAddrCreate2,EVM-TYPES.mapWriteBytes.recursive,EVM-TYPES.#range,EVM-TYPES.#lookup.some,EVM-TYPES.#lookup.none,EVM.#memoryUsageUpdate.some,EVM.Cgascap,EVM.Csstore.new,EVM.Csstore.old,EVM.Rsstore.new,EVM.Rsstore.old,EVM.Cextra,EVM.Cmem, --no-exc-wrap --no-alpha-renaming --deterministic-functions --cache-func-optimized --format-failures --boundary-cells k,pc --log-cells k,output,statusCode,localMem,pc,gas,wordStack,callData,accounts,memoryUsed,#pc,#result --smt-prelude /mnt/data0/jon/verified-smart-contracts/resources/evm.smt2  /mnt/data0/jon/verified-smart-contracts/specs/java/erc20/buf/DEAPCoin_0x1a3496c18d558bd9c6c8f609e1b129f67ab08163/transfer-failure-1-spec.k
Picked up _JAVA_OPTIONS: -Xmx16g -Xms1g
Parse command line options                                   =  0.029s
Importing: Source(/mnt/data0/jon/verified-smart-contracts/specs/java/erc20/buf/DEAPCoin_0x1a3496c18d558bd9c6c8f609e1b129f67ab08163/transfer-failure-1-spec.k)
Importing: Source(/mnt/data0/jon/verified-smart-contracts/specs/java/erc20/buf/DEAPCoin_0x1a3496c18d558bd9c6c8f609e1b129f67ab08163/abstract-semantics-segmented-gas.k)
Importing: Source(/mnt/data0/jon/verified-smart-contracts/specs/java/erc20/buf/DEAPCoin_0x1a3496c18d558bd9c6c8f609e1b129f67ab08163/evm-symbolic.k)
Importing: Source(/mnt/data0/jon/verified-smart-contracts/erc20/.build/evm-semantics/.build/defn/java/edsl.k)
Importing: Source(/mnt/data0/jon/verified-smart-contracts/erc20/.build/evm-semantics/.build/defn/java/evm.k)
Importing: Source(/mnt/data0/jon/verified-smart-contracts/erc20/.build/evm-semantics/.build/defn/java/data.k)
Importing: Source(/mnt/data0/jon/verified-smart-contracts/erc20/.build/evm-semantics/.build/defn/java/krypto.k)
Importing: Source(/mnt/data0/jon/verified-smart-contracts/erc20/.build/evm-semantics/.build/defn/java/evm-types.k)
Importing: Source(/mnt/data0/jon/verified-smart-contracts/erc20/.build/evm-semantics/.build/defn/java/json.k)
Importing: Source(/mnt/data0/jon/verified-smart-contracts/erc20/.build/evm-semantics/.build/defn/java/serialization.k)
Importing: Source(/mnt/data0/jon/verified-smart-contracts/erc20/.build/evm-semantics/.build/defn/java/network.k)
Importing: Source(/mnt/data0/jon/verified-smart-contracts/specs/java/erc20/buf/DEAPCoin_0x1a3496c18d558bd9c6c8f609e1b129f67ab08163/verification.k)
Importing: Source(/mnt/data0/jon/verified-smart-contracts/specs/java/erc20/buf/DEAPCoin_0x1a3496c18d558bd9c6c8f609e1b129f67ab08163/evm-data-map-symbolic.k)
Importing: Source(/mnt/data0/jon/verified-smart-contracts/specs/java/erc20/buf/lemmas-buf.k)
Parse spec modules [0/1256 rules]                            = 29.707s

Parsing finished:   65.639 s
../../resources/kprove.mak:239: recipe for target '/mnt/data0/jon/verified-smart-contracts/specs/java/erc20/buf/DEAPCoin_0x1a3496c18d558bd9c6c8f609e1b129f67ab08163/transfer-failure-1-spec.k.test' failed
make: *** [/mnt/data0/jon/verified-smart-contracts/specs/java/erc20/buf/DEAPCoin_0x1a3496c18d558bd9c6c8f609e1b129f67ab08163/transfer-failure-1-spec.k.test] Terminated
make: Entering directory '/mnt/data0/jon/verified-smart-contracts/erc20/DEAPCoin_0x1a3496c18d558bd9c6c8f609e1b129f67ab08163'
/mnt/data0/jon/verified-smart-contracts/.build/k/k-distribution/target/release/k/bin/kprove -v --debug -d /mnt/data0/jon/verified-smart-contracts/erc20/.build/evm-semantics/.build/defn/java -m VERIFICATION --z3-impl-timeout 500 --shutdown-wait-time 5s  --concrete-rules EDSL.#ceil32,EDSL.keccakIntList,EVM-TYPES.#signed.positive,EVM-TYPES.#signed.negative,EVM-TYPES.#unsigned.positive,EVM-TYPES.#unsigned.negative,EVM-TYPES.powmod.nonzero,EVM-TYPES.powmod.zero,EVM-TYPES.signextend.invalid,EVM-TYPES.signextend.negative,EVM-TYPES.signextend.positive,SERIALIZATION.keccak,EVM-TYPES.#take.zero-pad,EVM-TYPES.#asWord.recursive,EVM-TYPES.#asByteStack,EVM-TYPES.#asByteStackAux.recursive,EVM-TYPES.#padToWidth,EVM-TYPES.#padRightToWidth,SERIALIZATION.#newAddr,SERIALIZATION.#newAddrCreate2,EVM-TYPES.mapWriteBytes.recursive,EVM-TYPES.#range,EVM-TYPES.#lookup.some,EVM-TYPES.#lookup.none,EVM.#memoryUsageUpdate.some,EVM.Cgascap,EVM.Csstore.new,EVM.Csstore.old,EVM.Rsstore.new,EVM.Rsstore.old,EVM.Cextra,EVM.Cmem, --no-exc-wrap --no-alpha-renaming --deterministic-functions --cache-func-optimized --format-failures --boundary-cells k,pc --log-cells k,output,statusCode,localMem,pc,gas,wordStack,callData,accounts,memoryUsed,#pc,#result --smt-prelude /mnt/data0/jon/verified-smart-contracts/resources/evm.smt2  /mnt/data0/jon/verified-smart-contracts/specs/java/erc20/buf/DEAPCoin_0x1a3496c18d558bd9c6c8f609e1b129f67ab08163/transfer-failure-2-spec.k
Picked up _JAVA_OPTIONS: -Xmx16g -Xms1g
Parse command line options                                   =  0.022s
Importing: Source(/mnt/data0/jon/verified-smart-contracts/specs/java/erc20/buf/DEAPCoin_0x1a3496c18d558bd9c6c8f609e1b129f67ab08163/transfer-failure-2-spec.k)
Importing: Source(/mnt/data0/jon/verified-smart-contracts/specs/java/erc20/buf/DEAPCoin_0x1a3496c18d558bd9c6c8f609e1b129f67ab08163/abstract-semantics-segmented-gas.k)
Importing: Source(/mnt/data0/jon/verified-smart-contracts/specs/java/erc20/buf/DEAPCoin_0x1a3496c18d558bd9c6c8f609e1b129f67ab08163/evm-symbolic.k)
Importing: Source(/mnt/data0/jon/verified-smart-contracts/erc20/.build/evm-semantics/.build/defn/java/edsl.k)
Importing: Source(/mnt/data0/jon/verified-smart-contracts/erc20/.build/evm-semantics/.build/defn/java/evm.k)
Importing: Source(/mnt/data0/jon/verified-smart-contracts/erc20/.build/evm-semantics/.build/defn/java/data.k)
Importing: Source(/mnt/data0/jon/verified-smart-contracts/erc20/.build/evm-semantics/.build/defn/java/krypto.k)
Importing: Source(/mnt/data0/jon/verified-smart-contracts/erc20/.build/evm-semantics/.build/defn/java/evm-types.k)
Importing: Source(/mnt/data0/jon/verified-smart-contracts/erc20/.build/evm-semantics/.build/defn/java/json.k)
Importing: Source(/mnt/data0/jon/verified-smart-contracts/erc20/.build/evm-semantics/.build/defn/java/serialization.k)
Importing: Source(/mnt/data0/jon/verified-smart-contracts/erc20/.build/evm-semantics/.build/defn/java/network.k)
Importing: Source(/mnt/data0/jon/verified-smart-contracts/specs/java/erc20/buf/DEAPCoin_0x1a3496c18d558bd9c6c8f609e1b129f67ab08163/verification.k)
Importing: Source(/mnt/data0/jon/verified-smart-contracts/specs/java/erc20/buf/DEAPCoin_0x1a3496c18d558bd9c6c8f609e1b129f67ab08163/evm-data-map-symbolic.k)
Importing: Source(/mnt/data0/jon/verified-smart-contracts/specs/java/erc20/buf/lemmas-buf.k)
Parse spec modules [0/1256 rules]                            = 30.929s

Parsing finished:   62.337 s
../../resources/kprove.mak:239: recipe for target '/mnt/data0/jon/verified-smart-contracts/specs/java/erc20/buf/DEAPCoin_0x1a3496c18d558bd9c6c8f609e1b129f67ab08163/transfer-failure-2-spec.k.test' failed
make: *** [/mnt/data0/jon/verified-smart-contracts/specs/java/erc20/buf/DEAPCoin_0x1a3496c18d558bd9c6c8f609e1b129f67ab08163/transfer-failure-2-spec.k.test] Terminated
make: Entering directory '/mnt/data0/jon/verified-smart-contracts/erc20/DEAPCoin_0x1a3496c18d558bd9c6c8f609e1b129f67ab08163'
/mnt/data0/jon/verified-smart-contracts/.build/k/k-distribution/target/release/k/bin/kprove -v --debug -d /mnt/data0/jon/verified-smart-contracts/erc20/.build/evm-semantics/.build/defn/java -m VERIFICATION --z3-impl-timeout 500 --shutdown-wait-time 5s  --concrete-rules EDSL.#ceil32,EDSL.keccakIntList,EVM-TYPES.#signed.positive,EVM-TYPES.#signed.negative,EVM-TYPES.#unsigned.positive,EVM-TYPES.#unsigned.negative,EVM-TYPES.powmod.nonzero,EVM-TYPES.powmod.zero,EVM-TYPES.signextend.invalid,EVM-TYPES.signextend.negative,EVM-TYPES.signextend.positive,SERIALIZATION.keccak,EVM-TYPES.#take.zero-pad,EVM-TYPES.#asWord.recursive,EVM-TYPES.#asByteStack,EVM-TYPES.#asByteStackAux.recursive,EVM-TYPES.#padToWidth,EVM-TYPES.#padRightToWidth,SERIALIZATION.#newAddr,SERIALIZATION.#newAddrCreate2,EVM-TYPES.mapWriteBytes.recursive,EVM-TYPES.#range,EVM-TYPES.#lookup.some,EVM-TYPES.#lookup.none,EVM.#memoryUsageUpdate.some,EVM.Cgascap,EVM.Csstore.new,EVM.Csstore.old,EVM.Rsstore.new,EVM.Rsstore.old,EVM.Cextra,EVM.Cmem, --no-exc-wrap --no-alpha-renaming --deterministic-functions --cache-func-optimized --format-failures --boundary-cells k,pc --log-cells k,output,statusCode,localMem,pc,gas,wordStack,callData,accounts,memoryUsed,#pc,#result --smt-prelude /mnt/data0/jon/verified-smart-contracts/resources/evm.smt2  /mnt/data0/jon/verified-smart-contracts/specs/java/erc20/buf/DEAPCoin_0x1a3496c18d558bd9c6c8f609e1b129f67ab08163/transferFrom-success-1-spec.k
Picked up _JAVA_OPTIONS: -Xmx16g -Xms1g
Parse command line options                                   =  0.025s
Importing: Source(/mnt/data0/jon/verified-smart-contracts/specs/java/erc20/buf/DEAPCoin_0x1a3496c18d558bd9c6c8f609e1b129f67ab08163/transferFrom-success-1-spec.k)
Importing: Source(/mnt/data0/jon/verified-smart-contracts/specs/java/erc20/buf/DEAPCoin_0x1a3496c18d558bd9c6c8f609e1b129f67ab08163/abstract-semantics-segmented-gas.k)
Importing: Source(/mnt/data0/jon/verified-smart-contracts/specs/java/erc20/buf/DEAPCoin_0x1a3496c18d558bd9c6c8f609e1b129f67ab08163/evm-symbolic.k)
Importing: Source(/mnt/data0/jon/verified-smart-contracts/erc20/.build/evm-semantics/.build/defn/java/edsl.k)
Importing: Source(/mnt/data0/jon/verified-smart-contracts/erc20/.build/evm-semantics/.build/defn/java/evm.k)
Importing: Source(/mnt/data0/jon/verified-smart-contracts/erc20/.build/evm-semantics/.build/defn/java/data.k)
Importing: Source(/mnt/data0/jon/verified-smart-contracts/erc20/.build/evm-semantics/.build/defn/java/krypto.k)
Importing: Source(/mnt/data0/jon/verified-smart-contracts/erc20/.build/evm-semantics/.build/defn/java/evm-types.k)
Importing: Source(/mnt/data0/jon/verified-smart-contracts/erc20/.build/evm-semantics/.build/defn/java/json.k)
Importing: Source(/mnt/data0/jon/verified-smart-contracts/erc20/.build/evm-semantics/.build/defn/java/serialization.k)
Importing: Source(/mnt/data0/jon/verified-smart-contracts/erc20/.build/evm-semantics/.build/defn/java/network.k)
Importing: Source(/mnt/data0/jon/verified-smart-contracts/specs/java/erc20/buf/DEAPCoin_0x1a3496c18d558bd9c6c8f609e1b129f67ab08163/verification.k)
Importing: Source(/mnt/data0/jon/verified-smart-contracts/specs/java/erc20/buf/DEAPCoin_0x1a3496c18d558bd9c6c8f609e1b129f67ab08163/evm-data-map-symbolic.k)
Importing: Source(/mnt/data0/jon/verified-smart-contracts/specs/java/erc20/buf/lemmas-buf.k)
Parse spec modules [0/1256 rules]                            = 34.043s

Parsing finished:   68.590 s
../../resources/kprove.mak:239: recipe for target '/mnt/data0/jon/verified-smart-contracts/specs/java/erc20/buf/DEAPCoin_0x1a3496c18d558bd9c6c8f609e1b129f67ab08163/transferFrom-success-1-spec.k.test' failed
make: *** [/mnt/data0/jon/verified-smart-contracts/specs/java/erc20/buf/DEAPCoin_0x1a3496c18d558bd9c6c8f609e1b129f67ab08163/transferFrom-success-1-spec.k.test] Terminated
make: Entering directory '/mnt/data0/jon/verified-smart-contracts/erc20/DEAPCoin_0x1a3496c18d558bd9c6c8f609e1b129f67ab08163'
/mnt/data0/jon/verified-smart-contracts/.build/k/k-distribution/target/release/k/bin/kprove -v --debug -d /mnt/data0/jon/verified-smart-contracts/erc20/.build/evm-semantics/.build/defn/java -m VERIFICATION --z3-impl-timeout 500 --shutdown-wait-time 5s  --concrete-rules EDSL.#ceil32,EDSL.keccakIntList,EVM-TYPES.#signed.positive,EVM-TYPES.#signed.negative,EVM-TYPES.#unsigned.positive,EVM-TYPES.#unsigned.negative,EVM-TYPES.powmod.nonzero,EVM-TYPES.powmod.zero,EVM-TYPES.signextend.invalid,EVM-TYPES.signextend.negative,EVM-TYPES.signextend.positive,SERIALIZATION.keccak,EVM-TYPES.#take.zero-pad,EVM-TYPES.#asWord.recursive,EVM-TYPES.#asByteStack,EVM-TYPES.#asByteStackAux.recursive,EVM-TYPES.#padToWidth,EVM-TYPES.#padRightToWidth,SERIALIZATION.#newAddr,SERIALIZATION.#newAddrCreate2,EVM-TYPES.mapWriteBytes.recursive,EVM-TYPES.#range,EVM-TYPES.#lookup.some,EVM-TYPES.#lookup.none,EVM.#memoryUsageUpdate.some,EVM.Cgascap,EVM.Csstore.new,EVM.Csstore.old,EVM.Rsstore.new,EVM.Rsstore.old,EVM.Cextra,EVM.Cmem, --no-exc-wrap --no-alpha-renaming --deterministic-functions --cache-func-optimized --format-failures --boundary-cells k,pc --log-cells k,output,statusCode,localMem,pc,gas,wordStack,callData,accounts,memoryUsed,#pc,#result --smt-prelude /mnt/data0/jon/verified-smart-contracts/resources/evm.smt2  /mnt/data0/jon/verified-smart-contracts/specs/java/erc20/buf/DEAPCoin_0x1a3496c18d558bd9c6c8f609e1b129f67ab08163/transferFrom-success-2-spec.k
Picked up _JAVA_OPTIONS: -Xmx16g -Xms1g
Parse command line options                                   =  0.030s
Importing: Source(/mnt/data0/jon/verified-smart-contracts/specs/java/erc20/buf/DEAPCoin_0x1a3496c18d558bd9c6c8f609e1b129f67ab08163/transferFrom-success-2-spec.k)
Importing: Source(/mnt/data0/jon/verified-smart-contracts/specs/java/erc20/buf/DEAPCoin_0x1a3496c18d558bd9c6c8f609e1b129f67ab08163/abstract-semantics-segmented-gas.k)
Importing: Source(/mnt/data0/jon/verified-smart-contracts/specs/java/erc20/buf/DEAPCoin_0x1a3496c18d558bd9c6c8f609e1b129f67ab08163/evm-symbolic.k)
Importing: Source(/mnt/data0/jon/verified-smart-contracts/erc20/.build/evm-semantics/.build/defn/java/edsl.k)
Importing: Source(/mnt/data0/jon/verified-smart-contracts/erc20/.build/evm-semantics/.build/defn/java/evm.k)
Importing: Source(/mnt/data0/jon/verified-smart-contracts/erc20/.build/evm-semantics/.build/defn/java/data.k)
Importing: Source(/mnt/data0/jon/verified-smart-contracts/erc20/.build/evm-semantics/.build/defn/java/krypto.k)
Importing: Source(/mnt/data0/jon/verified-smart-contracts/erc20/.build/evm-semantics/.build/defn/java/evm-types.k)
Importing: Source(/mnt/data0/jon/verified-smart-contracts/erc20/.build/evm-semantics/.build/defn/java/json.k)
Importing: Source(/mnt/data0/jon/verified-smart-contracts/erc20/.build/evm-semantics/.build/defn/java/serialization.k)
Importing: Source(/mnt/data0/jon/verified-smart-contracts/erc20/.build/evm-semantics/.build/defn/java/network.k)
Importing: Source(/mnt/data0/jon/verified-smart-contracts/specs/java/erc20/buf/DEAPCoin_0x1a3496c18d558bd9c6c8f609e1b129f67ab08163/verification.k)
Importing: Source(/mnt/data0/jon/verified-smart-contracts/specs/java/erc20/buf/DEAPCoin_0x1a3496c18d558bd9c6c8f609e1b129f67ab08163/evm-data-map-symbolic.k)
Importing: Source(/mnt/data0/jon/verified-smart-contracts/specs/java/erc20/buf/lemmas-buf.k)
Parse spec modules [0/1256 rules]                            = 32.066s

Parsing finished:   63.573 s
../../resources/kprove.mak:239: recipe for target '/mnt/data0/jon/verified-smart-contracts/specs/java/erc20/buf/DEAPCoin_0x1a3496c18d558bd9c6c8f609e1b129f67ab08163/transferFrom-success-2-spec.k.test' failed
make: *** [/mnt/data0/jon/verified-smart-contracts/specs/java/erc20/buf/DEAPCoin_0x1a3496c18d558bd9c6c8f609e1b129f67ab08163/transferFrom-success-2-spec.k.test] Terminated
make: Entering directory '/mnt/data0/jon/verified-smart-contracts/erc20/DEAPCoin_0x1a3496c18d558bd9c6c8f609e1b129f67ab08163'
/mnt/data0/jon/verified-smart-contracts/.build/k/k-distribution/target/release/k/bin/kprove -v --debug -d /mnt/data0/jon/verified-smart-contracts/erc20/.build/evm-semantics/.build/defn/java -m VERIFICATION --z3-impl-timeout 500 --shutdown-wait-time 5s  --concrete-rules EDSL.#ceil32,EDSL.keccakIntList,EVM-TYPES.#signed.positive,EVM-TYPES.#signed.negative,EVM-TYPES.#unsigned.positive,EVM-TYPES.#unsigned.negative,EVM-TYPES.powmod.nonzero,EVM-TYPES.powmod.zero,EVM-TYPES.signextend.invalid,EVM-TYPES.signextend.negative,EVM-TYPES.signextend.positive,SERIALIZATION.keccak,EVM-TYPES.#take.zero-pad,EVM-TYPES.#asWord.recursive,EVM-TYPES.#asByteStack,EVM-TYPES.#asByteStackAux.recursive,EVM-TYPES.#padToWidth,EVM-TYPES.#padRightToWidth,SERIALIZATION.#newAddr,SERIALIZATION.#newAddrCreate2,EVM-TYPES.mapWriteBytes.recursive,EVM-TYPES.#range,EVM-TYPES.#lookup.some,EVM-TYPES.#lookup.none,EVM.#memoryUsageUpdate.some,EVM.Cgascap,EVM.Csstore.new,EVM.Csstore.old,EVM.Rsstore.new,EVM.Rsstore.old,EVM.Cextra,EVM.Cmem, --no-exc-wrap --no-alpha-renaming --deterministic-functions --cache-func-optimized --format-failures --boundary-cells k,pc --log-cells k,output,statusCode,localMem,pc,gas,wordStack,callData,accounts,memoryUsed,#pc,#result --smt-prelude /mnt/data0/jon/verified-smart-contracts/resources/evm.smt2  /mnt/data0/jon/verified-smart-contracts/specs/java/erc20/buf/DEAPCoin_0x1a3496c18d558bd9c6c8f609e1b129f67ab08163/transferFrom-failure-1-spec.k
Picked up _JAVA_OPTIONS: -Xmx16g -Xms1g
Parse command line options                                   =  0.030s
Importing: Source(/mnt/data0/jon/verified-smart-contracts/specs/java/erc20/buf/DEAPCoin_0x1a3496c18d558bd9c6c8f609e1b129f67ab08163/transferFrom-failure-1-spec.k)
Importing: Source(/mnt/data0/jon/verified-smart-contracts/specs/java/erc20/buf/DEAPCoin_0x1a3496c18d558bd9c6c8f609e1b129f67ab08163/abstract-semantics-segmented-gas.k)
Importing: Source(/mnt/data0/jon/verified-smart-contracts/specs/java/erc20/buf/DEAPCoin_0x1a3496c18d558bd9c6c8f609e1b129f67ab08163/evm-symbolic.k)
Importing: Source(/mnt/data0/jon/verified-smart-contracts/erc20/.build/evm-semantics/.build/defn/java/edsl.k)
Importing: Source(/mnt/data0/jon/verified-smart-contracts/erc20/.build/evm-semantics/.build/defn/java/evm.k)
Importing: Source(/mnt/data0/jon/verified-smart-contracts/erc20/.build/evm-semantics/.build/defn/java/data.k)
Importing: Source(/mnt/data0/jon/verified-smart-contracts/erc20/.build/evm-semantics/.build/defn/java/krypto.k)
Importing: Source(/mnt/data0/jon/verified-smart-contracts/erc20/.build/evm-semantics/.build/defn/java/evm-types.k)
Importing: Source(/mnt/data0/jon/verified-smart-contracts/erc20/.build/evm-semantics/.build/defn/java/json.k)
Importing: Source(/mnt/data0/jon/verified-smart-contracts/erc20/.build/evm-semantics/.build/defn/java/serialization.k)
Importing: Source(/mnt/data0/jon/verified-smart-contracts/erc20/.build/evm-semantics/.build/defn/java/network.k)
Importing: Source(/mnt/data0/jon/verified-smart-contracts/specs/java/erc20/buf/DEAPCoin_0x1a3496c18d558bd9c6c8f609e1b129f67ab08163/verification.k)
Importing: Source(/mnt/data0/jon/verified-smart-contracts/specs/java/erc20/buf/DEAPCoin_0x1a3496c18d558bd9c6c8f609e1b129f67ab08163/evm-data-map-symbolic.k)
Importing: Source(/mnt/data0/jon/verified-smart-contracts/specs/java/erc20/buf/lemmas-buf.k)
Parse spec modules [0/1256 rules]                            = 34.865s

Parsing finished:   65.148 s
../../resources/kprove.mak:239: recipe for target '/mnt/data0/jon/verified-smart-contracts/specs/java/erc20/buf/DEAPCoin_0x1a3496c18d558bd9c6c8f609e1b129f67ab08163/transferFrom-failure-1-spec.k.test' failed
make: *** [/mnt/data0/jon/verified-smart-contracts/specs/java/erc20/buf/DEAPCoin_0x1a3496c18d558bd9c6c8f609e1b129f67ab08163/transferFrom-failure-1-spec.k.test] Terminated
make: Entering directory '/mnt/data0/jon/verified-smart-contracts/erc20/DEAPCoin_0x1a3496c18d558bd9c6c8f609e1b129f67ab08163'
/mnt/data0/jon/verified-smart-contracts/.build/k/k-distribution/target/release/k/bin/kprove -v --debug -d /mnt/data0/jon/verified-smart-contracts/erc20/.build/evm-semantics/.build/defn/java -m VERIFICATION --z3-impl-timeout 500 --shutdown-wait-time 5s  --concrete-rules EDSL.#ceil32,EDSL.keccakIntList,EVM-TYPES.#signed.positive,EVM-TYPES.#signed.negative,EVM-TYPES.#unsigned.positive,EVM-TYPES.#unsigned.negative,EVM-TYPES.powmod.nonzero,EVM-TYPES.powmod.zero,EVM-TYPES.signextend.invalid,EVM-TYPES.signextend.negative,EVM-TYPES.signextend.positive,SERIALIZATION.keccak,EVM-TYPES.#take.zero-pad,EVM-TYPES.#asWord.recursive,EVM-TYPES.#asByteStack,EVM-TYPES.#asByteStackAux.recursive,EVM-TYPES.#padToWidth,EVM-TYPES.#padRightToWidth,SERIALIZATION.#newAddr,SERIALIZATION.#newAddrCreate2,EVM-TYPES.mapWriteBytes.recursive,EVM-TYPES.#range,EVM-TYPES.#lookup.some,EVM-TYPES.#lookup.none,EVM.#memoryUsageUpdate.some,EVM.Cgascap,EVM.Csstore.new,EVM.Csstore.old,EVM.Rsstore.new,EVM.Rsstore.old,EVM.Cextra,EVM.Cmem, --no-exc-wrap --no-alpha-renaming --deterministic-functions --cache-func-optimized --format-failures --boundary-cells k,pc --log-cells k,output,statusCode,localMem,pc,gas,wordStack,callData,accounts,memoryUsed,#pc,#result --smt-prelude /mnt/data0/jon/verified-smart-contracts/resources/evm.smt2  /mnt/data0/jon/verified-smart-contracts/specs/java/erc20/buf/DEAPCoin_0x1a3496c18d558bd9c6c8f609e1b129f67ab08163/transferFrom-failure-2-spec.k
Picked up _JAVA_OPTIONS: -Xmx16g -Xms1g
Parse command line options                                   =  0.028s
Importing: Source(/mnt/data0/jon/verified-smart-contracts/specs/java/erc20/buf/DEAPCoin_0x1a3496c18d558bd9c6c8f609e1b129f67ab08163/transferFrom-failure-2-spec.k)
Importing: Source(/mnt/data0/jon/verified-smart-contracts/specs/java/erc20/buf/DEAPCoin_0x1a3496c18d558bd9c6c8f609e1b129f67ab08163/abstract-semantics-segmented-gas.k)
Importing: Source(/mnt/data0/jon/verified-smart-contracts/specs/java/erc20/buf/DEAPCoin_0x1a3496c18d558bd9c6c8f609e1b129f67ab08163/evm-symbolic.k)
Importing: Source(/mnt/data0/jon/verified-smart-contracts/erc20/.build/evm-semantics/.build/defn/java/edsl.k)
Importing: Source(/mnt/data0/jon/verified-smart-contracts/erc20/.build/evm-semantics/.build/defn/java/evm.k)
Importing: Source(/mnt/data0/jon/verified-smart-contracts/erc20/.build/evm-semantics/.build/defn/java/data.k)
Importing: Source(/mnt/data0/jon/verified-smart-contracts/erc20/.build/evm-semantics/.build/defn/java/krypto.k)
Importing: Source(/mnt/data0/jon/verified-smart-contracts/erc20/.build/evm-semantics/.build/defn/java/evm-types.k)
Importing: Source(/mnt/data0/jon/verified-smart-contracts/erc20/.build/evm-semantics/.build/defn/java/json.k)
Importing: Source(/mnt/data0/jon/verified-smart-contracts/erc20/.build/evm-semantics/.build/defn/java/serialization.k)
Importing: Source(/mnt/data0/jon/verified-smart-contracts/erc20/.build/evm-semantics/.build/defn/java/network.k)
Importing: Source(/mnt/data0/jon/verified-smart-contracts/specs/java/erc20/buf/DEAPCoin_0x1a3496c18d558bd9c6c8f609e1b129f67ab08163/verification.k)
Importing: Source(/mnt/data0/jon/verified-smart-contracts/specs/java/erc20/buf/DEAPCoin_0x1a3496c18d558bd9c6c8f609e1b129f67ab08163/evm-data-map-symbolic.k)
Importing: Source(/mnt/data0/jon/verified-smart-contracts/specs/java/erc20/buf/lemmas-buf.k)
Parse spec modules [0/1256 rules]                            = 30.510s

Parsing finished:   60.622 s
../../resources/kprove.mak:239: recipe for target '/mnt/data0/jon/verified-smart-contracts/specs/java/erc20/buf/DEAPCoin_0x1a3496c18d558bd9c6c8f609e1b129f67ab08163/transferFrom-failure-2-spec.k.test' failed
make: *** [/mnt/data0/jon/verified-smart-contracts/specs/java/erc20/buf/DEAPCoin_0x1a3496c18d558bd9c6c8f609e1b129f67ab08163/transferFrom-failure-2-spec.k.test] Terminated
