make: Entering directory '/mnt/data0/jon/verified-smart-contracts/erc20/GranC_0xef108a48e492b1cd6398048623c270da2d5b4036'
/mnt/data0/jon/verified-smart-contracts/.build/k/k-distribution/target/release/k/bin/kprove -v --debug -d /mnt/data0/jon/verified-smart-contracts/erc20/.build/evm-semantics/.build/defn/java -m VERIFICATION --z3-impl-timeout 500 --shutdown-wait-time 5s  --concrete-rules EDSL.#ceil32,EDSL.keccakIntList,EVM-TYPES.#signed.positive,EVM-TYPES.#signed.negative,EVM-TYPES.#unsigned.positive,EVM-TYPES.#unsigned.negative,EVM-TYPES.powmod.nonzero,EVM-TYPES.powmod.zero,EVM-TYPES.signextend.invalid,EVM-TYPES.signextend.negative,EVM-TYPES.signextend.positive,SERIALIZATION.keccak,EVM-TYPES.#take.zero-pad,EVM-TYPES.#asWord.recursive,EVM-TYPES.#asByteStack,EVM-TYPES.#asByteStackAux.recursive,EVM-TYPES.#padToWidth,EVM-TYPES.#padRightToWidth,SERIALIZATION.#newAddr,SERIALIZATION.#newAddrCreate2,EVM-TYPES.mapWriteBytes.recursive,EVM-TYPES.#range,EVM-TYPES.#lookup.some,EVM-TYPES.#lookup.none,EVM.#memoryUsageUpdate.some,EVM.Cgascap,EVM.Csstore.new,EVM.Csstore.old,EVM.Rsstore.new,EVM.Rsstore.old,EVM.Cextra,EVM.Cmem, --no-exc-wrap --no-alpha-renaming --deterministic-functions --cache-func-optimized --format-failures --boundary-cells k,pc --log-cells k,output,statusCode,localMem,pc,gas,wordStack,callData,accounts,memoryUsed,#pc,#result --smt-prelude /mnt/data0/jon/verified-smart-contracts/resources/evm.smt2  /mnt/data0/jon/verified-smart-contracts/specs/java/erc20/buf/GranC_0xef108a48e492b1cd6398048623c270da2d5b4036/totalSupply-spec.k
Picked up _JAVA_OPTIONS: -Xmx16g -Xms1g
Parse command line options                                   =  0.022s
Importing: Source(/mnt/data0/jon/verified-smart-contracts/specs/java/erc20/buf/GranC_0xef108a48e492b1cd6398048623c270da2d5b4036/totalSupply-spec.k)
Importing: Source(/mnt/data0/jon/verified-smart-contracts/specs/java/erc20/buf/GranC_0xef108a48e492b1cd6398048623c270da2d5b4036/abstract-semantics-segmented-gas.k)
Importing: Source(/mnt/data0/jon/verified-smart-contracts/specs/java/erc20/buf/GranC_0xef108a48e492b1cd6398048623c270da2d5b4036/evm-symbolic.k)
Importing: Source(/mnt/data0/jon/verified-smart-contracts/erc20/.build/evm-semantics/.build/defn/java/edsl.k)
Importing: Source(/mnt/data0/jon/verified-smart-contracts/erc20/.build/evm-semantics/.build/defn/java/evm.k)
Importing: Source(/mnt/data0/jon/verified-smart-contracts/erc20/.build/evm-semantics/.build/defn/java/data.k)
Importing: Source(/mnt/data0/jon/verified-smart-contracts/erc20/.build/evm-semantics/.build/defn/java/krypto.k)
Importing: Source(/mnt/data0/jon/verified-smart-contracts/erc20/.build/evm-semantics/.build/defn/java/evm-types.k)
Importing: Source(/mnt/data0/jon/verified-smart-contracts/erc20/.build/evm-semantics/.build/defn/java/json.k)
Importing: Source(/mnt/data0/jon/verified-smart-contracts/erc20/.build/evm-semantics/.build/defn/java/serialization.k)
Importing: Source(/mnt/data0/jon/verified-smart-contracts/erc20/.build/evm-semantics/.build/defn/java/network.k)
Importing: Source(/mnt/data0/jon/verified-smart-contracts/specs/java/erc20/buf/GranC_0xef108a48e492b1cd6398048623c270da2d5b4036/verification.k)
Importing: Source(/mnt/data0/jon/verified-smart-contracts/specs/java/erc20/buf/GranC_0xef108a48e492b1cd6398048623c270da2d5b4036/evm-data-map-symbolic.k)
Importing: Source(/mnt/data0/jon/verified-smart-contracts/specs/java/erc20/buf/lemmas-buf.k)
Parse spec modules [1/1256 rules]                            = 26.362s

Parsing finished:   51.908 s
../../resources/kprove.mak:239: recipe for target '/mnt/data0/jon/verified-smart-contracts/specs/java/erc20/buf/GranC_0xef108a48e492b1cd6398048623c270da2d5b4036/totalSupply-spec.k.test' failed
make: *** [/mnt/data0/jon/verified-smart-contracts/specs/java/erc20/buf/GranC_0xef108a48e492b1cd6398048623c270da2d5b4036/totalSupply-spec.k.test] Terminated
make: Entering directory '/mnt/data0/jon/verified-smart-contracts/erc20/GranC_0xef108a48e492b1cd6398048623c270da2d5b4036'
/mnt/data0/jon/verified-smart-contracts/.build/k/k-distribution/target/release/k/bin/kprove -v --debug -d /mnt/data0/jon/verified-smart-contracts/erc20/.build/evm-semantics/.build/defn/java -m VERIFICATION --z3-impl-timeout 500 --shutdown-wait-time 5s  --concrete-rules EDSL.#ceil32,EDSL.keccakIntList,EVM-TYPES.#signed.positive,EVM-TYPES.#signed.negative,EVM-TYPES.#unsigned.positive,EVM-TYPES.#unsigned.negative,EVM-TYPES.powmod.nonzero,EVM-TYPES.powmod.zero,EVM-TYPES.signextend.invalid,EVM-TYPES.signextend.negative,EVM-TYPES.signextend.positive,SERIALIZATION.keccak,EVM-TYPES.#take.zero-pad,EVM-TYPES.#asWord.recursive,EVM-TYPES.#asByteStack,EVM-TYPES.#asByteStackAux.recursive,EVM-TYPES.#padToWidth,EVM-TYPES.#padRightToWidth,SERIALIZATION.#newAddr,SERIALIZATION.#newAddrCreate2,EVM-TYPES.mapWriteBytes.recursive,EVM-TYPES.#range,EVM-TYPES.#lookup.some,EVM-TYPES.#lookup.none,EVM.#memoryUsageUpdate.some,EVM.Cgascap,EVM.Csstore.new,EVM.Csstore.old,EVM.Rsstore.new,EVM.Rsstore.old,EVM.Cextra,EVM.Cmem, --no-exc-wrap --no-alpha-renaming --deterministic-functions --cache-func-optimized --format-failures --boundary-cells k,pc --log-cells k,output,statusCode,localMem,pc,gas,wordStack,callData,accounts,memoryUsed,#pc,#result --smt-prelude /mnt/data0/jon/verified-smart-contracts/resources/evm.smt2  /mnt/data0/jon/verified-smart-contracts/specs/java/erc20/buf/GranC_0xef108a48e492b1cd6398048623c270da2d5b4036/balanceOf-spec.k
Picked up _JAVA_OPTIONS: -Xmx16g -Xms1g
Parse command line options                                   =  0.031s
Importing: Source(/mnt/data0/jon/verified-smart-contracts/specs/java/erc20/buf/GranC_0xef108a48e492b1cd6398048623c270da2d5b4036/balanceOf-spec.k)
Importing: Source(/mnt/data0/jon/verified-smart-contracts/specs/java/erc20/buf/GranC_0xef108a48e492b1cd6398048623c270da2d5b4036/abstract-semantics-segmented-gas.k)
Importing: Source(/mnt/data0/jon/verified-smart-contracts/specs/java/erc20/buf/GranC_0xef108a48e492b1cd6398048623c270da2d5b4036/evm-symbolic.k)
Importing: Source(/mnt/data0/jon/verified-smart-contracts/erc20/.build/evm-semantics/.build/defn/java/edsl.k)
Importing: Source(/mnt/data0/jon/verified-smart-contracts/erc20/.build/evm-semantics/.build/defn/java/evm.k)
Importing: Source(/mnt/data0/jon/verified-smart-contracts/erc20/.build/evm-semantics/.build/defn/java/data.k)
Importing: Source(/mnt/data0/jon/verified-smart-contracts/erc20/.build/evm-semantics/.build/defn/java/krypto.k)
Importing: Source(/mnt/data0/jon/verified-smart-contracts/erc20/.build/evm-semantics/.build/defn/java/evm-types.k)
Importing: Source(/mnt/data0/jon/verified-smart-contracts/erc20/.build/evm-semantics/.build/defn/java/json.k)
Importing: Source(/mnt/data0/jon/verified-smart-contracts/erc20/.build/evm-semantics/.build/defn/java/serialization.k)
Importing: Source(/mnt/data0/jon/verified-smart-contracts/erc20/.build/evm-semantics/.build/defn/java/network.k)
Importing: Source(/mnt/data0/jon/verified-smart-contracts/specs/java/erc20/buf/GranC_0xef108a48e492b1cd6398048623c270da2d5b4036/verification.k)
Importing: Source(/mnt/data0/jon/verified-smart-contracts/specs/java/erc20/buf/GranC_0xef108a48e492b1cd6398048623c270da2d5b4036/evm-data-map-symbolic.k)
Importing: Source(/mnt/data0/jon/verified-smart-contracts/specs/java/erc20/buf/lemmas-buf.k)
Parse spec modules [1/1256 rules]                            = 36.808s

Parsing finished:   73.905 s
../../resources/kprove.mak:239: recipe for target '/mnt/data0/jon/verified-smart-contracts/specs/java/erc20/buf/GranC_0xef108a48e492b1cd6398048623c270da2d5b4036/balanceOf-spec.k.test' failed
make: *** [/mnt/data0/jon/verified-smart-contracts/specs/java/erc20/buf/GranC_0xef108a48e492b1cd6398048623c270da2d5b4036/balanceOf-spec.k.test] Terminated
make: Entering directory '/mnt/data0/jon/verified-smart-contracts/erc20/GranC_0xef108a48e492b1cd6398048623c270da2d5b4036'
/mnt/data0/jon/verified-smart-contracts/.build/k/k-distribution/target/release/k/bin/kprove -v --debug -d /mnt/data0/jon/verified-smart-contracts/erc20/.build/evm-semantics/.build/defn/java -m VERIFICATION --z3-impl-timeout 500 --shutdown-wait-time 5s  --concrete-rules EDSL.#ceil32,EDSL.keccakIntList,EVM-TYPES.#signed.positive,EVM-TYPES.#signed.negative,EVM-TYPES.#unsigned.positive,EVM-TYPES.#unsigned.negative,EVM-TYPES.powmod.nonzero,EVM-TYPES.powmod.zero,EVM-TYPES.signextend.invalid,EVM-TYPES.signextend.negative,EVM-TYPES.signextend.positive,SERIALIZATION.keccak,EVM-TYPES.#take.zero-pad,EVM-TYPES.#asWord.recursive,EVM-TYPES.#asByteStack,EVM-TYPES.#asByteStackAux.recursive,EVM-TYPES.#padToWidth,EVM-TYPES.#padRightToWidth,SERIALIZATION.#newAddr,SERIALIZATION.#newAddrCreate2,EVM-TYPES.mapWriteBytes.recursive,EVM-TYPES.#range,EVM-TYPES.#lookup.some,EVM-TYPES.#lookup.none,EVM.#memoryUsageUpdate.some,EVM.Cgascap,EVM.Csstore.new,EVM.Csstore.old,EVM.Rsstore.new,EVM.Rsstore.old,EVM.Cextra,EVM.Cmem, --no-exc-wrap --no-alpha-renaming --deterministic-functions --cache-func-optimized --format-failures --boundary-cells k,pc --log-cells k,output,statusCode,localMem,pc,gas,wordStack,callData,accounts,memoryUsed,#pc,#result --smt-prelude /mnt/data0/jon/verified-smart-contracts/resources/evm.smt2  /mnt/data0/jon/verified-smart-contracts/specs/java/erc20/buf/GranC_0xef108a48e492b1cd6398048623c270da2d5b4036/allowance-spec.k
Picked up _JAVA_OPTIONS: -Xmx16g -Xms1g
Parse command line options                                   =  0.023s
Importing: Source(/mnt/data0/jon/verified-smart-contracts/specs/java/erc20/buf/GranC_0xef108a48e492b1cd6398048623c270da2d5b4036/allowance-spec.k)
Importing: Source(/mnt/data0/jon/verified-smart-contracts/specs/java/erc20/buf/GranC_0xef108a48e492b1cd6398048623c270da2d5b4036/abstract-semantics-segmented-gas.k)
Importing: Source(/mnt/data0/jon/verified-smart-contracts/specs/java/erc20/buf/GranC_0xef108a48e492b1cd6398048623c270da2d5b4036/evm-symbolic.k)
Importing: Source(/mnt/data0/jon/verified-smart-contracts/erc20/.build/evm-semantics/.build/defn/java/edsl.k)
Importing: Source(/mnt/data0/jon/verified-smart-contracts/erc20/.build/evm-semantics/.build/defn/java/evm.k)
Importing: Source(/mnt/data0/jon/verified-smart-contracts/erc20/.build/evm-semantics/.build/defn/java/data.k)
Importing: Source(/mnt/data0/jon/verified-smart-contracts/erc20/.build/evm-semantics/.build/defn/java/krypto.k)
Importing: Source(/mnt/data0/jon/verified-smart-contracts/erc20/.build/evm-semantics/.build/defn/java/evm-types.k)
Importing: Source(/mnt/data0/jon/verified-smart-contracts/erc20/.build/evm-semantics/.build/defn/java/json.k)
Importing: Source(/mnt/data0/jon/verified-smart-contracts/erc20/.build/evm-semantics/.build/defn/java/serialization.k)
Importing: Source(/mnt/data0/jon/verified-smart-contracts/erc20/.build/evm-semantics/.build/defn/java/network.k)
Importing: Source(/mnt/data0/jon/verified-smart-contracts/specs/java/erc20/buf/GranC_0xef108a48e492b1cd6398048623c270da2d5b4036/verification.k)
Importing: Source(/mnt/data0/jon/verified-smart-contracts/specs/java/erc20/buf/GranC_0xef108a48e492b1cd6398048623c270da2d5b4036/evm-data-map-symbolic.k)
Importing: Source(/mnt/data0/jon/verified-smart-contracts/specs/java/erc20/buf/lemmas-buf.k)
Parse spec modules [1/1256 rules]                            = 39.465s

Parsing finished:   67.212 s
../../resources/kprove.mak:239: recipe for target '/mnt/data0/jon/verified-smart-contracts/specs/java/erc20/buf/GranC_0xef108a48e492b1cd6398048623c270da2d5b4036/allowance-spec.k.test' failed
make: *** [/mnt/data0/jon/verified-smart-contracts/specs/java/erc20/buf/GranC_0xef108a48e492b1cd6398048623c270da2d5b4036/allowance-spec.k.test] Terminated
make: Entering directory '/mnt/data0/jon/verified-smart-contracts/erc20/GranC_0xef108a48e492b1cd6398048623c270da2d5b4036'
/mnt/data0/jon/verified-smart-contracts/.build/k/k-distribution/target/release/k/bin/kprove -v --debug -d /mnt/data0/jon/verified-smart-contracts/erc20/.build/evm-semantics/.build/defn/java -m VERIFICATION --z3-impl-timeout 500 --shutdown-wait-time 5s  --concrete-rules EDSL.#ceil32,EDSL.keccakIntList,EVM-TYPES.#signed.positive,EVM-TYPES.#signed.negative,EVM-TYPES.#unsigned.positive,EVM-TYPES.#unsigned.negative,EVM-TYPES.powmod.nonzero,EVM-TYPES.powmod.zero,EVM-TYPES.signextend.invalid,EVM-TYPES.signextend.negative,EVM-TYPES.signextend.positive,SERIALIZATION.keccak,EVM-TYPES.#take.zero-pad,EVM-TYPES.#asWord.recursive,EVM-TYPES.#asByteStack,EVM-TYPES.#asByteStackAux.recursive,EVM-TYPES.#padToWidth,EVM-TYPES.#padRightToWidth,SERIALIZATION.#newAddr,SERIALIZATION.#newAddrCreate2,EVM-TYPES.mapWriteBytes.recursive,EVM-TYPES.#range,EVM-TYPES.#lookup.some,EVM-TYPES.#lookup.none,EVM.#memoryUsageUpdate.some,EVM.Cgascap,EVM.Csstore.new,EVM.Csstore.old,EVM.Rsstore.new,EVM.Rsstore.old,EVM.Cextra,EVM.Cmem, --no-exc-wrap --no-alpha-renaming --deterministic-functions --cache-func-optimized --format-failures --boundary-cells k,pc --log-cells k,output,statusCode,localMem,pc,gas,wordStack,callData,accounts,memoryUsed,#pc,#result --smt-prelude /mnt/data0/jon/verified-smart-contracts/resources/evm.smt2  /mnt/data0/jon/verified-smart-contracts/specs/java/erc20/buf/GranC_0xef108a48e492b1cd6398048623c270da2d5b4036/approve-spec.k
Picked up _JAVA_OPTIONS: -Xmx16g -Xms1g
Parse command line options                                   =  0.028s
Importing: Source(/mnt/data0/jon/verified-smart-contracts/specs/java/erc20/buf/GranC_0xef108a48e492b1cd6398048623c270da2d5b4036/approve-spec.k)
Importing: Source(/mnt/data0/jon/verified-smart-contracts/specs/java/erc20/buf/GranC_0xef108a48e492b1cd6398048623c270da2d5b4036/abstract-semantics-segmented-gas.k)
Importing: Source(/mnt/data0/jon/verified-smart-contracts/specs/java/erc20/buf/GranC_0xef108a48e492b1cd6398048623c270da2d5b4036/evm-symbolic.k)
Importing: Source(/mnt/data0/jon/verified-smart-contracts/erc20/.build/evm-semantics/.build/defn/java/edsl.k)
Importing: Source(/mnt/data0/jon/verified-smart-contracts/erc20/.build/evm-semantics/.build/defn/java/evm.k)
Importing: Source(/mnt/data0/jon/verified-smart-contracts/erc20/.build/evm-semantics/.build/defn/java/data.k)
Importing: Source(/mnt/data0/jon/verified-smart-contracts/erc20/.build/evm-semantics/.build/defn/java/krypto.k)
Importing: Source(/mnt/data0/jon/verified-smart-contracts/erc20/.build/evm-semantics/.build/defn/java/evm-types.k)
Importing: Source(/mnt/data0/jon/verified-smart-contracts/erc20/.build/evm-semantics/.build/defn/java/json.k)
Importing: Source(/mnt/data0/jon/verified-smart-contracts/erc20/.build/evm-semantics/.build/defn/java/serialization.k)
Importing: Source(/mnt/data0/jon/verified-smart-contracts/erc20/.build/evm-semantics/.build/defn/java/network.k)
Importing: Source(/mnt/data0/jon/verified-smart-contracts/specs/java/erc20/buf/GranC_0xef108a48e492b1cd6398048623c270da2d5b4036/verification.k)
Importing: Source(/mnt/data0/jon/verified-smart-contracts/specs/java/erc20/buf/GranC_0xef108a48e492b1cd6398048623c270da2d5b4036/evm-data-map-symbolic.k)
Importing: Source(/mnt/data0/jon/verified-smart-contracts/specs/java/erc20/buf/lemmas-buf.k)
Parse spec modules [1/1256 rules]                            = 33.077s

Parsing finished:   58.950 s
../../resources/kprove.mak:239: recipe for target '/mnt/data0/jon/verified-smart-contracts/specs/java/erc20/buf/GranC_0xef108a48e492b1cd6398048623c270da2d5b4036/approve-spec.k.test' failed
make: *** [/mnt/data0/jon/verified-smart-contracts/specs/java/erc20/buf/GranC_0xef108a48e492b1cd6398048623c270da2d5b4036/approve-spec.k.test] Terminated
make: Entering directory '/mnt/data0/jon/verified-smart-contracts/erc20/GranC_0xef108a48e492b1cd6398048623c270da2d5b4036'
/mnt/data0/jon/verified-smart-contracts/.build/k/k-distribution/target/release/k/bin/kprove -v --debug -d /mnt/data0/jon/verified-smart-contracts/erc20/.build/evm-semantics/.build/defn/java -m VERIFICATION --z3-impl-timeout 500 --shutdown-wait-time 5s  --concrete-rules EDSL.#ceil32,EDSL.keccakIntList,EVM-TYPES.#signed.positive,EVM-TYPES.#signed.negative,EVM-TYPES.#unsigned.positive,EVM-TYPES.#unsigned.negative,EVM-TYPES.powmod.nonzero,EVM-TYPES.powmod.zero,EVM-TYPES.signextend.invalid,EVM-TYPES.signextend.negative,EVM-TYPES.signextend.positive,SERIALIZATION.keccak,EVM-TYPES.#take.zero-pad,EVM-TYPES.#asWord.recursive,EVM-TYPES.#asByteStack,EVM-TYPES.#asByteStackAux.recursive,EVM-TYPES.#padToWidth,EVM-TYPES.#padRightToWidth,SERIALIZATION.#newAddr,SERIALIZATION.#newAddrCreate2,EVM-TYPES.mapWriteBytes.recursive,EVM-TYPES.#range,EVM-TYPES.#lookup.some,EVM-TYPES.#lookup.none,EVM.#memoryUsageUpdate.some,EVM.Cgascap,EVM.Csstore.new,EVM.Csstore.old,EVM.Rsstore.new,EVM.Rsstore.old,EVM.Cextra,EVM.Cmem, --no-exc-wrap --no-alpha-renaming --deterministic-functions --cache-func-optimized --format-failures --boundary-cells k,pc --log-cells k,output,statusCode,localMem,pc,gas,wordStack,callData,accounts,memoryUsed,#pc,#result --smt-prelude /mnt/data0/jon/verified-smart-contracts/resources/evm.smt2  /mnt/data0/jon/verified-smart-contracts/specs/java/erc20/buf/GranC_0xef108a48e492b1cd6398048623c270da2d5b4036/transfer-success-1-spec.k
Picked up _JAVA_OPTIONS: -Xmx16g -Xms1g
Parse command line options                                   =  0.030s
Importing: Source(/mnt/data0/jon/verified-smart-contracts/specs/java/erc20/buf/GranC_0xef108a48e492b1cd6398048623c270da2d5b4036/transfer-success-1-spec.k)
Importing: Source(/mnt/data0/jon/verified-smart-contracts/specs/java/erc20/buf/GranC_0xef108a48e492b1cd6398048623c270da2d5b4036/abstract-semantics-segmented-gas.k)
Importing: Source(/mnt/data0/jon/verified-smart-contracts/specs/java/erc20/buf/GranC_0xef108a48e492b1cd6398048623c270da2d5b4036/evm-symbolic.k)
Importing: Source(/mnt/data0/jon/verified-smart-contracts/erc20/.build/evm-semantics/.build/defn/java/edsl.k)
Importing: Source(/mnt/data0/jon/verified-smart-contracts/erc20/.build/evm-semantics/.build/defn/java/evm.k)
Importing: Source(/mnt/data0/jon/verified-smart-contracts/erc20/.build/evm-semantics/.build/defn/java/data.k)
Importing: Source(/mnt/data0/jon/verified-smart-contracts/erc20/.build/evm-semantics/.build/defn/java/krypto.k)
Importing: Source(/mnt/data0/jon/verified-smart-contracts/erc20/.build/evm-semantics/.build/defn/java/evm-types.k)
Importing: Source(/mnt/data0/jon/verified-smart-contracts/erc20/.build/evm-semantics/.build/defn/java/json.k)
Importing: Source(/mnt/data0/jon/verified-smart-contracts/erc20/.build/evm-semantics/.build/defn/java/serialization.k)
Importing: Source(/mnt/data0/jon/verified-smart-contracts/erc20/.build/evm-semantics/.build/defn/java/network.k)
Importing: Source(/mnt/data0/jon/verified-smart-contracts/specs/java/erc20/buf/GranC_0xef108a48e492b1cd6398048623c270da2d5b4036/verification.k)
Importing: Source(/mnt/data0/jon/verified-smart-contracts/specs/java/erc20/buf/GranC_0xef108a48e492b1cd6398048623c270da2d5b4036/evm-data-map-symbolic.k)
Importing: Source(/mnt/data0/jon/verified-smart-contracts/specs/java/erc20/buf/lemmas-buf.k)
Parse spec modules [1/1256 rules]                            = 35.485s

Parsing finished:   60.835 s
../../resources/kprove.mak:239: recipe for target '/mnt/data0/jon/verified-smart-contracts/specs/java/erc20/buf/GranC_0xef108a48e492b1cd6398048623c270da2d5b4036/transfer-success-1-spec.k.test' failed
make: *** [/mnt/data0/jon/verified-smart-contracts/specs/java/erc20/buf/GranC_0xef108a48e492b1cd6398048623c270da2d5b4036/transfer-success-1-spec.k.test] Terminated
make: Entering directory '/mnt/data0/jon/verified-smart-contracts/erc20/GranC_0xef108a48e492b1cd6398048623c270da2d5b4036'
/mnt/data0/jon/verified-smart-contracts/.build/k/k-distribution/target/release/k/bin/kprove -v --debug -d /mnt/data0/jon/verified-smart-contracts/erc20/.build/evm-semantics/.build/defn/java -m VERIFICATION --z3-impl-timeout 500 --shutdown-wait-time 5s  --concrete-rules EDSL.#ceil32,EDSL.keccakIntList,EVM-TYPES.#signed.positive,EVM-TYPES.#signed.negative,EVM-TYPES.#unsigned.positive,EVM-TYPES.#unsigned.negative,EVM-TYPES.powmod.nonzero,EVM-TYPES.powmod.zero,EVM-TYPES.signextend.invalid,EVM-TYPES.signextend.negative,EVM-TYPES.signextend.positive,SERIALIZATION.keccak,EVM-TYPES.#take.zero-pad,EVM-TYPES.#asWord.recursive,EVM-TYPES.#asByteStack,EVM-TYPES.#asByteStackAux.recursive,EVM-TYPES.#padToWidth,EVM-TYPES.#padRightToWidth,SERIALIZATION.#newAddr,SERIALIZATION.#newAddrCreate2,EVM-TYPES.mapWriteBytes.recursive,EVM-TYPES.#range,EVM-TYPES.#lookup.some,EVM-TYPES.#lookup.none,EVM.#memoryUsageUpdate.some,EVM.Cgascap,EVM.Csstore.new,EVM.Csstore.old,EVM.Rsstore.new,EVM.Rsstore.old,EVM.Cextra,EVM.Cmem, --no-exc-wrap --no-alpha-renaming --deterministic-functions --cache-func-optimized --format-failures --boundary-cells k,pc --log-cells k,output,statusCode,localMem,pc,gas,wordStack,callData,accounts,memoryUsed,#pc,#result --smt-prelude /mnt/data0/jon/verified-smart-contracts/resources/evm.smt2  /mnt/data0/jon/verified-smart-contracts/specs/java/erc20/buf/GranC_0xef108a48e492b1cd6398048623c270da2d5b4036/transfer-success-2-spec.k
Picked up _JAVA_OPTIONS: -Xmx16g -Xms1g
Parse command line options                                   =  0.024s
Importing: Source(/mnt/data0/jon/verified-smart-contracts/specs/java/erc20/buf/GranC_0xef108a48e492b1cd6398048623c270da2d5b4036/transfer-success-2-spec.k)
Importing: Source(/mnt/data0/jon/verified-smart-contracts/specs/java/erc20/buf/GranC_0xef108a48e492b1cd6398048623c270da2d5b4036/abstract-semantics-segmented-gas.k)
Importing: Source(/mnt/data0/jon/verified-smart-contracts/specs/java/erc20/buf/GranC_0xef108a48e492b1cd6398048623c270da2d5b4036/evm-symbolic.k)
Importing: Source(/mnt/data0/jon/verified-smart-contracts/erc20/.build/evm-semantics/.build/defn/java/edsl.k)
Importing: Source(/mnt/data0/jon/verified-smart-contracts/erc20/.build/evm-semantics/.build/defn/java/evm.k)
Importing: Source(/mnt/data0/jon/verified-smart-contracts/erc20/.build/evm-semantics/.build/defn/java/data.k)
Importing: Source(/mnt/data0/jon/verified-smart-contracts/erc20/.build/evm-semantics/.build/defn/java/krypto.k)
Importing: Source(/mnt/data0/jon/verified-smart-contracts/erc20/.build/evm-semantics/.build/defn/java/evm-types.k)
Importing: Source(/mnt/data0/jon/verified-smart-contracts/erc20/.build/evm-semantics/.build/defn/java/json.k)
Importing: Source(/mnt/data0/jon/verified-smart-contracts/erc20/.build/evm-semantics/.build/defn/java/serialization.k)
Importing: Source(/mnt/data0/jon/verified-smart-contracts/erc20/.build/evm-semantics/.build/defn/java/network.k)
Importing: Source(/mnt/data0/jon/verified-smart-contracts/specs/java/erc20/buf/GranC_0xef108a48e492b1cd6398048623c270da2d5b4036/verification.k)
Importing: Source(/mnt/data0/jon/verified-smart-contracts/specs/java/erc20/buf/GranC_0xef108a48e492b1cd6398048623c270da2d5b4036/evm-data-map-symbolic.k)
Importing: Source(/mnt/data0/jon/verified-smart-contracts/specs/java/erc20/buf/lemmas-buf.k)
Parse spec modules [1/1256 rules]                            = 32.856s

Parsing finished:   60.808 s
../../resources/kprove.mak:239: recipe for target '/mnt/data0/jon/verified-smart-contracts/specs/java/erc20/buf/GranC_0xef108a48e492b1cd6398048623c270da2d5b4036/transfer-success-2-spec.k.test' failed
make: *** [/mnt/data0/jon/verified-smart-contracts/specs/java/erc20/buf/GranC_0xef108a48e492b1cd6398048623c270da2d5b4036/transfer-success-2-spec.k.test] Terminated
make: Entering directory '/mnt/data0/jon/verified-smart-contracts/erc20/GranC_0xef108a48e492b1cd6398048623c270da2d5b4036'
/mnt/data0/jon/verified-smart-contracts/.build/k/k-distribution/target/release/k/bin/kprove -v --debug -d /mnt/data0/jon/verified-smart-contracts/erc20/.build/evm-semantics/.build/defn/java -m VERIFICATION --z3-impl-timeout 500 --shutdown-wait-time 5s  --concrete-rules EDSL.#ceil32,EDSL.keccakIntList,EVM-TYPES.#signed.positive,EVM-TYPES.#signed.negative,EVM-TYPES.#unsigned.positive,EVM-TYPES.#unsigned.negative,EVM-TYPES.powmod.nonzero,EVM-TYPES.powmod.zero,EVM-TYPES.signextend.invalid,EVM-TYPES.signextend.negative,EVM-TYPES.signextend.positive,SERIALIZATION.keccak,EVM-TYPES.#take.zero-pad,EVM-TYPES.#asWord.recursive,EVM-TYPES.#asByteStack,EVM-TYPES.#asByteStackAux.recursive,EVM-TYPES.#padToWidth,EVM-TYPES.#padRightToWidth,SERIALIZATION.#newAddr,SERIALIZATION.#newAddrCreate2,EVM-TYPES.mapWriteBytes.recursive,EVM-TYPES.#range,EVM-TYPES.#lookup.some,EVM-TYPES.#lookup.none,EVM.#memoryUsageUpdate.some,EVM.Cgascap,EVM.Csstore.new,EVM.Csstore.old,EVM.Rsstore.new,EVM.Rsstore.old,EVM.Cextra,EVM.Cmem, --no-exc-wrap --no-alpha-renaming --deterministic-functions --cache-func-optimized --format-failures --boundary-cells k,pc --log-cells k,output,statusCode,localMem,pc,gas,wordStack,callData,accounts,memoryUsed,#pc,#result --smt-prelude /mnt/data0/jon/verified-smart-contracts/resources/evm.smt2  /mnt/data0/jon/verified-smart-contracts/specs/java/erc20/buf/GranC_0xef108a48e492b1cd6398048623c270da2d5b4036/transfer-failure-1-spec.k
Picked up _JAVA_OPTIONS: -Xmx16g -Xms1g
Parse command line options                                   =  0.027s
Importing: Source(/mnt/data0/jon/verified-smart-contracts/specs/java/erc20/buf/GranC_0xef108a48e492b1cd6398048623c270da2d5b4036/transfer-failure-1-spec.k)
Importing: Source(/mnt/data0/jon/verified-smart-contracts/specs/java/erc20/buf/GranC_0xef108a48e492b1cd6398048623c270da2d5b4036/abstract-semantics-segmented-gas.k)
Importing: Source(/mnt/data0/jon/verified-smart-contracts/specs/java/erc20/buf/GranC_0xef108a48e492b1cd6398048623c270da2d5b4036/evm-symbolic.k)
Importing: Source(/mnt/data0/jon/verified-smart-contracts/erc20/.build/evm-semantics/.build/defn/java/edsl.k)
Importing: Source(/mnt/data0/jon/verified-smart-contracts/erc20/.build/evm-semantics/.build/defn/java/evm.k)
Importing: Source(/mnt/data0/jon/verified-smart-contracts/erc20/.build/evm-semantics/.build/defn/java/data.k)
Importing: Source(/mnt/data0/jon/verified-smart-contracts/erc20/.build/evm-semantics/.build/defn/java/krypto.k)
Importing: Source(/mnt/data0/jon/verified-smart-contracts/erc20/.build/evm-semantics/.build/defn/java/evm-types.k)
Importing: Source(/mnt/data0/jon/verified-smart-contracts/erc20/.build/evm-semantics/.build/defn/java/json.k)
Importing: Source(/mnt/data0/jon/verified-smart-contracts/erc20/.build/evm-semantics/.build/defn/java/serialization.k)
Importing: Source(/mnt/data0/jon/verified-smart-contracts/erc20/.build/evm-semantics/.build/defn/java/network.k)
Importing: Source(/mnt/data0/jon/verified-smart-contracts/specs/java/erc20/buf/GranC_0xef108a48e492b1cd6398048623c270da2d5b4036/verification.k)
Importing: Source(/mnt/data0/jon/verified-smart-contracts/specs/java/erc20/buf/GranC_0xef108a48e492b1cd6398048623c270da2d5b4036/evm-data-map-symbolic.k)
Importing: Source(/mnt/data0/jon/verified-smart-contracts/specs/java/erc20/buf/lemmas-buf.k)
Parse spec modules [1/1256 rules]                            = 36.646s

Parsing finished:   61.638 s
../../resources/kprove.mak:239: recipe for target '/mnt/data0/jon/verified-smart-contracts/specs/java/erc20/buf/GranC_0xef108a48e492b1cd6398048623c270da2d5b4036/transfer-failure-1-spec.k.test' failed
make: *** [/mnt/data0/jon/verified-smart-contracts/specs/java/erc20/buf/GranC_0xef108a48e492b1cd6398048623c270da2d5b4036/transfer-failure-1-spec.k.test] Terminated
make: Entering directory '/mnt/data0/jon/verified-smart-contracts/erc20/GranC_0xef108a48e492b1cd6398048623c270da2d5b4036'
/mnt/data0/jon/verified-smart-contracts/.build/k/k-distribution/target/release/k/bin/kprove -v --debug -d /mnt/data0/jon/verified-smart-contracts/erc20/.build/evm-semantics/.build/defn/java -m VERIFICATION --z3-impl-timeout 500 --shutdown-wait-time 5s  --concrete-rules EDSL.#ceil32,EDSL.keccakIntList,EVM-TYPES.#signed.positive,EVM-TYPES.#signed.negative,EVM-TYPES.#unsigned.positive,EVM-TYPES.#unsigned.negative,EVM-TYPES.powmod.nonzero,EVM-TYPES.powmod.zero,EVM-TYPES.signextend.invalid,EVM-TYPES.signextend.negative,EVM-TYPES.signextend.positive,SERIALIZATION.keccak,EVM-TYPES.#take.zero-pad,EVM-TYPES.#asWord.recursive,EVM-TYPES.#asByteStack,EVM-TYPES.#asByteStackAux.recursive,EVM-TYPES.#padToWidth,EVM-TYPES.#padRightToWidth,SERIALIZATION.#newAddr,SERIALIZATION.#newAddrCreate2,EVM-TYPES.mapWriteBytes.recursive,EVM-TYPES.#range,EVM-TYPES.#lookup.some,EVM-TYPES.#lookup.none,EVM.#memoryUsageUpdate.some,EVM.Cgascap,EVM.Csstore.new,EVM.Csstore.old,EVM.Rsstore.new,EVM.Rsstore.old,EVM.Cextra,EVM.Cmem, --no-exc-wrap --no-alpha-renaming --deterministic-functions --cache-func-optimized --format-failures --boundary-cells k,pc --log-cells k,output,statusCode,localMem,pc,gas,wordStack,callData,accounts,memoryUsed,#pc,#result --smt-prelude /mnt/data0/jon/verified-smart-contracts/resources/evm.smt2  /mnt/data0/jon/verified-smart-contracts/specs/java/erc20/buf/GranC_0xef108a48e492b1cd6398048623c270da2d5b4036/transfer-failure-2-spec.k
Picked up _JAVA_OPTIONS: -Xmx16g -Xms1g
Parse command line options                                   =  0.024s
Importing: Source(/mnt/data0/jon/verified-smart-contracts/specs/java/erc20/buf/GranC_0xef108a48e492b1cd6398048623c270da2d5b4036/transfer-failure-2-spec.k)
Importing: Source(/mnt/data0/jon/verified-smart-contracts/specs/java/erc20/buf/GranC_0xef108a48e492b1cd6398048623c270da2d5b4036/abstract-semantics-segmented-gas.k)
Importing: Source(/mnt/data0/jon/verified-smart-contracts/specs/java/erc20/buf/GranC_0xef108a48e492b1cd6398048623c270da2d5b4036/evm-symbolic.k)
Importing: Source(/mnt/data0/jon/verified-smart-contracts/erc20/.build/evm-semantics/.build/defn/java/edsl.k)
Importing: Source(/mnt/data0/jon/verified-smart-contracts/erc20/.build/evm-semantics/.build/defn/java/evm.k)
Importing: Source(/mnt/data0/jon/verified-smart-contracts/erc20/.build/evm-semantics/.build/defn/java/data.k)
Importing: Source(/mnt/data0/jon/verified-smart-contracts/erc20/.build/evm-semantics/.build/defn/java/krypto.k)
Importing: Source(/mnt/data0/jon/verified-smart-contracts/erc20/.build/evm-semantics/.build/defn/java/evm-types.k)
Importing: Source(/mnt/data0/jon/verified-smart-contracts/erc20/.build/evm-semantics/.build/defn/java/json.k)
Importing: Source(/mnt/data0/jon/verified-smart-contracts/erc20/.build/evm-semantics/.build/defn/java/serialization.k)
Importing: Source(/mnt/data0/jon/verified-smart-contracts/erc20/.build/evm-semantics/.build/defn/java/network.k)
Importing: Source(/mnt/data0/jon/verified-smart-contracts/specs/java/erc20/buf/GranC_0xef108a48e492b1cd6398048623c270da2d5b4036/verification.k)
Importing: Source(/mnt/data0/jon/verified-smart-contracts/specs/java/erc20/buf/GranC_0xef108a48e492b1cd6398048623c270da2d5b4036/evm-data-map-symbolic.k)
Importing: Source(/mnt/data0/jon/verified-smart-contracts/specs/java/erc20/buf/lemmas-buf.k)
Parse spec modules [1/1256 rules]                            = 34.883s

Parsing finished:   63.347 s
../../resources/kprove.mak:239: recipe for target '/mnt/data0/jon/verified-smart-contracts/specs/java/erc20/buf/GranC_0xef108a48e492b1cd6398048623c270da2d5b4036/transfer-failure-2-spec.k.test' failed
make: *** [/mnt/data0/jon/verified-smart-contracts/specs/java/erc20/buf/GranC_0xef108a48e492b1cd6398048623c270da2d5b4036/transfer-failure-2-spec.k.test] Terminated
make: Entering directory '/mnt/data0/jon/verified-smart-contracts/erc20/GranC_0xef108a48e492b1cd6398048623c270da2d5b4036'
/mnt/data0/jon/verified-smart-contracts/.build/k/k-distribution/target/release/k/bin/kprove -v --debug -d /mnt/data0/jon/verified-smart-contracts/erc20/.build/evm-semantics/.build/defn/java -m VERIFICATION --z3-impl-timeout 500 --shutdown-wait-time 5s  --concrete-rules EDSL.#ceil32,EDSL.keccakIntList,EVM-TYPES.#signed.positive,EVM-TYPES.#signed.negative,EVM-TYPES.#unsigned.positive,EVM-TYPES.#unsigned.negative,EVM-TYPES.powmod.nonzero,EVM-TYPES.powmod.zero,EVM-TYPES.signextend.invalid,EVM-TYPES.signextend.negative,EVM-TYPES.signextend.positive,SERIALIZATION.keccak,EVM-TYPES.#take.zero-pad,EVM-TYPES.#asWord.recursive,EVM-TYPES.#asByteStack,EVM-TYPES.#asByteStackAux.recursive,EVM-TYPES.#padToWidth,EVM-TYPES.#padRightToWidth,SERIALIZATION.#newAddr,SERIALIZATION.#newAddrCreate2,EVM-TYPES.mapWriteBytes.recursive,EVM-TYPES.#range,EVM-TYPES.#lookup.some,EVM-TYPES.#lookup.none,EVM.#memoryUsageUpdate.some,EVM.Cgascap,EVM.Csstore.new,EVM.Csstore.old,EVM.Rsstore.new,EVM.Rsstore.old,EVM.Cextra,EVM.Cmem, --no-exc-wrap --no-alpha-renaming --deterministic-functions --cache-func-optimized --format-failures --boundary-cells k,pc --log-cells k,output,statusCode,localMem,pc,gas,wordStack,callData,accounts,memoryUsed,#pc,#result --smt-prelude /mnt/data0/jon/verified-smart-contracts/resources/evm.smt2  /mnt/data0/jon/verified-smart-contracts/specs/java/erc20/buf/GranC_0xef108a48e492b1cd6398048623c270da2d5b4036/transferFrom-success-1-spec.k
Picked up _JAVA_OPTIONS: -Xmx16g -Xms1g
Parse command line options                                   =  0.029s
Importing: Source(/mnt/data0/jon/verified-smart-contracts/specs/java/erc20/buf/GranC_0xef108a48e492b1cd6398048623c270da2d5b4036/transferFrom-success-1-spec.k)
Importing: Source(/mnt/data0/jon/verified-smart-contracts/specs/java/erc20/buf/GranC_0xef108a48e492b1cd6398048623c270da2d5b4036/abstract-semantics-segmented-gas.k)
Importing: Source(/mnt/data0/jon/verified-smart-contracts/specs/java/erc20/buf/GranC_0xef108a48e492b1cd6398048623c270da2d5b4036/evm-symbolic.k)
Importing: Source(/mnt/data0/jon/verified-smart-contracts/erc20/.build/evm-semantics/.build/defn/java/edsl.k)
Importing: Source(/mnt/data0/jon/verified-smart-contracts/erc20/.build/evm-semantics/.build/defn/java/evm.k)
Importing: Source(/mnt/data0/jon/verified-smart-contracts/erc20/.build/evm-semantics/.build/defn/java/data.k)
Importing: Source(/mnt/data0/jon/verified-smart-contracts/erc20/.build/evm-semantics/.build/defn/java/krypto.k)
Importing: Source(/mnt/data0/jon/verified-smart-contracts/erc20/.build/evm-semantics/.build/defn/java/evm-types.k)
Importing: Source(/mnt/data0/jon/verified-smart-contracts/erc20/.build/evm-semantics/.build/defn/java/json.k)
Importing: Source(/mnt/data0/jon/verified-smart-contracts/erc20/.build/evm-semantics/.build/defn/java/serialization.k)
Importing: Source(/mnt/data0/jon/verified-smart-contracts/erc20/.build/evm-semantics/.build/defn/java/network.k)
Importing: Source(/mnt/data0/jon/verified-smart-contracts/specs/java/erc20/buf/GranC_0xef108a48e492b1cd6398048623c270da2d5b4036/verification.k)
Importing: Source(/mnt/data0/jon/verified-smart-contracts/specs/java/erc20/buf/GranC_0xef108a48e492b1cd6398048623c270da2d5b4036/evm-data-map-symbolic.k)
Importing: Source(/mnt/data0/jon/verified-smart-contracts/specs/java/erc20/buf/lemmas-buf.k)
Parse spec modules [1/1256 rules]                            = 38.294s

Parsing finished:   64.626 s
../../resources/kprove.mak:239: recipe for target '/mnt/data0/jon/verified-smart-contracts/specs/java/erc20/buf/GranC_0xef108a48e492b1cd6398048623c270da2d5b4036/transferFrom-success-1-spec.k.test' failed
make: *** [/mnt/data0/jon/verified-smart-contracts/specs/java/erc20/buf/GranC_0xef108a48e492b1cd6398048623c270da2d5b4036/transferFrom-success-1-spec.k.test] Terminated
make: Entering directory '/mnt/data0/jon/verified-smart-contracts/erc20/GranC_0xef108a48e492b1cd6398048623c270da2d5b4036'
/mnt/data0/jon/verified-smart-contracts/.build/k/k-distribution/target/release/k/bin/kprove -v --debug -d /mnt/data0/jon/verified-smart-contracts/erc20/.build/evm-semantics/.build/defn/java -m VERIFICATION --z3-impl-timeout 500 --shutdown-wait-time 5s  --concrete-rules EDSL.#ceil32,EDSL.keccakIntList,EVM-TYPES.#signed.positive,EVM-TYPES.#signed.negative,EVM-TYPES.#unsigned.positive,EVM-TYPES.#unsigned.negative,EVM-TYPES.powmod.nonzero,EVM-TYPES.powmod.zero,EVM-TYPES.signextend.invalid,EVM-TYPES.signextend.negative,EVM-TYPES.signextend.positive,SERIALIZATION.keccak,EVM-TYPES.#take.zero-pad,EVM-TYPES.#asWord.recursive,EVM-TYPES.#asByteStack,EVM-TYPES.#asByteStackAux.recursive,EVM-TYPES.#padToWidth,EVM-TYPES.#padRightToWidth,SERIALIZATION.#newAddr,SERIALIZATION.#newAddrCreate2,EVM-TYPES.mapWriteBytes.recursive,EVM-TYPES.#range,EVM-TYPES.#lookup.some,EVM-TYPES.#lookup.none,EVM.#memoryUsageUpdate.some,EVM.Cgascap,EVM.Csstore.new,EVM.Csstore.old,EVM.Rsstore.new,EVM.Rsstore.old,EVM.Cextra,EVM.Cmem, --no-exc-wrap --no-alpha-renaming --deterministic-functions --cache-func-optimized --format-failures --boundary-cells k,pc --log-cells k,output,statusCode,localMem,pc,gas,wordStack,callData,accounts,memoryUsed,#pc,#result --smt-prelude /mnt/data0/jon/verified-smart-contracts/resources/evm.smt2  /mnt/data0/jon/verified-smart-contracts/specs/java/erc20/buf/GranC_0xef108a48e492b1cd6398048623c270da2d5b4036/transferFrom-success-2-spec.k
Picked up _JAVA_OPTIONS: -Xmx16g -Xms1g
Parse command line options                                   =  0.032s
Importing: Source(/mnt/data0/jon/verified-smart-contracts/specs/java/erc20/buf/GranC_0xef108a48e492b1cd6398048623c270da2d5b4036/transferFrom-success-2-spec.k)
Importing: Source(/mnt/data0/jon/verified-smart-contracts/specs/java/erc20/buf/GranC_0xef108a48e492b1cd6398048623c270da2d5b4036/abstract-semantics-segmented-gas.k)
Importing: Source(/mnt/data0/jon/verified-smart-contracts/specs/java/erc20/buf/GranC_0xef108a48e492b1cd6398048623c270da2d5b4036/evm-symbolic.k)
Importing: Source(/mnt/data0/jon/verified-smart-contracts/erc20/.build/evm-semantics/.build/defn/java/edsl.k)
Importing: Source(/mnt/data0/jon/verified-smart-contracts/erc20/.build/evm-semantics/.build/defn/java/evm.k)
Importing: Source(/mnt/data0/jon/verified-smart-contracts/erc20/.build/evm-semantics/.build/defn/java/data.k)
Importing: Source(/mnt/data0/jon/verified-smart-contracts/erc20/.build/evm-semantics/.build/defn/java/krypto.k)
Importing: Source(/mnt/data0/jon/verified-smart-contracts/erc20/.build/evm-semantics/.build/defn/java/evm-types.k)
Importing: Source(/mnt/data0/jon/verified-smart-contracts/erc20/.build/evm-semantics/.build/defn/java/json.k)
Importing: Source(/mnt/data0/jon/verified-smart-contracts/erc20/.build/evm-semantics/.build/defn/java/serialization.k)
Importing: Source(/mnt/data0/jon/verified-smart-contracts/erc20/.build/evm-semantics/.build/defn/java/network.k)
Importing: Source(/mnt/data0/jon/verified-smart-contracts/specs/java/erc20/buf/GranC_0xef108a48e492b1cd6398048623c270da2d5b4036/verification.k)
Importing: Source(/mnt/data0/jon/verified-smart-contracts/specs/java/erc20/buf/GranC_0xef108a48e492b1cd6398048623c270da2d5b4036/evm-data-map-symbolic.k)
Importing: Source(/mnt/data0/jon/verified-smart-contracts/specs/java/erc20/buf/lemmas-buf.k)
Parse spec modules [1/1256 rules]                            = 32.205s

Parsing finished:   57.924 s
../../resources/kprove.mak:239: recipe for target '/mnt/data0/jon/verified-smart-contracts/specs/java/erc20/buf/GranC_0xef108a48e492b1cd6398048623c270da2d5b4036/transferFrom-success-2-spec.k.test' failed
make: *** [/mnt/data0/jon/verified-smart-contracts/specs/java/erc20/buf/GranC_0xef108a48e492b1cd6398048623c270da2d5b4036/transferFrom-success-2-spec.k.test] Terminated
make: Entering directory '/mnt/data0/jon/verified-smart-contracts/erc20/GranC_0xef108a48e492b1cd6398048623c270da2d5b4036'
/mnt/data0/jon/verified-smart-contracts/.build/k/k-distribution/target/release/k/bin/kprove -v --debug -d /mnt/data0/jon/verified-smart-contracts/erc20/.build/evm-semantics/.build/defn/java -m VERIFICATION --z3-impl-timeout 500 --shutdown-wait-time 5s  --concrete-rules EDSL.#ceil32,EDSL.keccakIntList,EVM-TYPES.#signed.positive,EVM-TYPES.#signed.negative,EVM-TYPES.#unsigned.positive,EVM-TYPES.#unsigned.negative,EVM-TYPES.powmod.nonzero,EVM-TYPES.powmod.zero,EVM-TYPES.signextend.invalid,EVM-TYPES.signextend.negative,EVM-TYPES.signextend.positive,SERIALIZATION.keccak,EVM-TYPES.#take.zero-pad,EVM-TYPES.#asWord.recursive,EVM-TYPES.#asByteStack,EVM-TYPES.#asByteStackAux.recursive,EVM-TYPES.#padToWidth,EVM-TYPES.#padRightToWidth,SERIALIZATION.#newAddr,SERIALIZATION.#newAddrCreate2,EVM-TYPES.mapWriteBytes.recursive,EVM-TYPES.#range,EVM-TYPES.#lookup.some,EVM-TYPES.#lookup.none,EVM.#memoryUsageUpdate.some,EVM.Cgascap,EVM.Csstore.new,EVM.Csstore.old,EVM.Rsstore.new,EVM.Rsstore.old,EVM.Cextra,EVM.Cmem, --no-exc-wrap --no-alpha-renaming --deterministic-functions --cache-func-optimized --format-failures --boundary-cells k,pc --log-cells k,output,statusCode,localMem,pc,gas,wordStack,callData,accounts,memoryUsed,#pc,#result --smt-prelude /mnt/data0/jon/verified-smart-contracts/resources/evm.smt2  /mnt/data0/jon/verified-smart-contracts/specs/java/erc20/buf/GranC_0xef108a48e492b1cd6398048623c270da2d5b4036/transferFrom-failure-1-spec.k
Picked up _JAVA_OPTIONS: -Xmx16g -Xms1g
Parse command line options                                   =  0.030s
Importing: Source(/mnt/data0/jon/verified-smart-contracts/specs/java/erc20/buf/GranC_0xef108a48e492b1cd6398048623c270da2d5b4036/transferFrom-failure-1-spec.k)
Importing: Source(/mnt/data0/jon/verified-smart-contracts/specs/java/erc20/buf/GranC_0xef108a48e492b1cd6398048623c270da2d5b4036/abstract-semantics-segmented-gas.k)
Importing: Source(/mnt/data0/jon/verified-smart-contracts/specs/java/erc20/buf/GranC_0xef108a48e492b1cd6398048623c270da2d5b4036/evm-symbolic.k)
Importing: Source(/mnt/data0/jon/verified-smart-contracts/erc20/.build/evm-semantics/.build/defn/java/edsl.k)
Importing: Source(/mnt/data0/jon/verified-smart-contracts/erc20/.build/evm-semantics/.build/defn/java/evm.k)
Importing: Source(/mnt/data0/jon/verified-smart-contracts/erc20/.build/evm-semantics/.build/defn/java/data.k)
Importing: Source(/mnt/data0/jon/verified-smart-contracts/erc20/.build/evm-semantics/.build/defn/java/krypto.k)
Importing: Source(/mnt/data0/jon/verified-smart-contracts/erc20/.build/evm-semantics/.build/defn/java/evm-types.k)
Importing: Source(/mnt/data0/jon/verified-smart-contracts/erc20/.build/evm-semantics/.build/defn/java/json.k)
Importing: Source(/mnt/data0/jon/verified-smart-contracts/erc20/.build/evm-semantics/.build/defn/java/serialization.k)
Importing: Source(/mnt/data0/jon/verified-smart-contracts/erc20/.build/evm-semantics/.build/defn/java/network.k)
Importing: Source(/mnt/data0/jon/verified-smart-contracts/specs/java/erc20/buf/GranC_0xef108a48e492b1cd6398048623c270da2d5b4036/verification.k)
Importing: Source(/mnt/data0/jon/verified-smart-contracts/specs/java/erc20/buf/GranC_0xef108a48e492b1cd6398048623c270da2d5b4036/evm-data-map-symbolic.k)
Importing: Source(/mnt/data0/jon/verified-smart-contracts/specs/java/erc20/buf/lemmas-buf.k)
Parse spec modules [1/1256 rules]                            = 33.508s

Parsing finished:   58.562 s
../../resources/kprove.mak:239: recipe for target '/mnt/data0/jon/verified-smart-contracts/specs/java/erc20/buf/GranC_0xef108a48e492b1cd6398048623c270da2d5b4036/transferFrom-failure-1-spec.k.test' failed
make: *** [/mnt/data0/jon/verified-smart-contracts/specs/java/erc20/buf/GranC_0xef108a48e492b1cd6398048623c270da2d5b4036/transferFrom-failure-1-spec.k.test] Terminated
make: Entering directory '/mnt/data0/jon/verified-smart-contracts/erc20/GranC_0xef108a48e492b1cd6398048623c270da2d5b4036'
/mnt/data0/jon/verified-smart-contracts/.build/k/k-distribution/target/release/k/bin/kprove -v --debug -d /mnt/data0/jon/verified-smart-contracts/erc20/.build/evm-semantics/.build/defn/java -m VERIFICATION --z3-impl-timeout 500 --shutdown-wait-time 5s  --concrete-rules EDSL.#ceil32,EDSL.keccakIntList,EVM-TYPES.#signed.positive,EVM-TYPES.#signed.negative,EVM-TYPES.#unsigned.positive,EVM-TYPES.#unsigned.negative,EVM-TYPES.powmod.nonzero,EVM-TYPES.powmod.zero,EVM-TYPES.signextend.invalid,EVM-TYPES.signextend.negative,EVM-TYPES.signextend.positive,SERIALIZATION.keccak,EVM-TYPES.#take.zero-pad,EVM-TYPES.#asWord.recursive,EVM-TYPES.#asByteStack,EVM-TYPES.#asByteStackAux.recursive,EVM-TYPES.#padToWidth,EVM-TYPES.#padRightToWidth,SERIALIZATION.#newAddr,SERIALIZATION.#newAddrCreate2,EVM-TYPES.mapWriteBytes.recursive,EVM-TYPES.#range,EVM-TYPES.#lookup.some,EVM-TYPES.#lookup.none,EVM.#memoryUsageUpdate.some,EVM.Cgascap,EVM.Csstore.new,EVM.Csstore.old,EVM.Rsstore.new,EVM.Rsstore.old,EVM.Cextra,EVM.Cmem, --no-exc-wrap --no-alpha-renaming --deterministic-functions --cache-func-optimized --format-failures --boundary-cells k,pc --log-cells k,output,statusCode,localMem,pc,gas,wordStack,callData,accounts,memoryUsed,#pc,#result --smt-prelude /mnt/data0/jon/verified-smart-contracts/resources/evm.smt2  /mnt/data0/jon/verified-smart-contracts/specs/java/erc20/buf/GranC_0xef108a48e492b1cd6398048623c270da2d5b4036/transferFrom-failure-2-spec.k
Picked up _JAVA_OPTIONS: -Xmx16g -Xms1g
Parse command line options                                   =  0.030s
Importing: Source(/mnt/data0/jon/verified-smart-contracts/specs/java/erc20/buf/GranC_0xef108a48e492b1cd6398048623c270da2d5b4036/transferFrom-failure-2-spec.k)
Importing: Source(/mnt/data0/jon/verified-smart-contracts/specs/java/erc20/buf/GranC_0xef108a48e492b1cd6398048623c270da2d5b4036/abstract-semantics-segmented-gas.k)
Importing: Source(/mnt/data0/jon/verified-smart-contracts/specs/java/erc20/buf/GranC_0xef108a48e492b1cd6398048623c270da2d5b4036/evm-symbolic.k)
Importing: Source(/mnt/data0/jon/verified-smart-contracts/erc20/.build/evm-semantics/.build/defn/java/edsl.k)
Importing: Source(/mnt/data0/jon/verified-smart-contracts/erc20/.build/evm-semantics/.build/defn/java/evm.k)
Importing: Source(/mnt/data0/jon/verified-smart-contracts/erc20/.build/evm-semantics/.build/defn/java/data.k)
Importing: Source(/mnt/data0/jon/verified-smart-contracts/erc20/.build/evm-semantics/.build/defn/java/krypto.k)
Importing: Source(/mnt/data0/jon/verified-smart-contracts/erc20/.build/evm-semantics/.build/defn/java/evm-types.k)
Importing: Source(/mnt/data0/jon/verified-smart-contracts/erc20/.build/evm-semantics/.build/defn/java/json.k)
Importing: Source(/mnt/data0/jon/verified-smart-contracts/erc20/.build/evm-semantics/.build/defn/java/serialization.k)
Importing: Source(/mnt/data0/jon/verified-smart-contracts/erc20/.build/evm-semantics/.build/defn/java/network.k)
Importing: Source(/mnt/data0/jon/verified-smart-contracts/specs/java/erc20/buf/GranC_0xef108a48e492b1cd6398048623c270da2d5b4036/verification.k)
Importing: Source(/mnt/data0/jon/verified-smart-contracts/specs/java/erc20/buf/GranC_0xef108a48e492b1cd6398048623c270da2d5b4036/evm-data-map-symbolic.k)
Importing: Source(/mnt/data0/jon/verified-smart-contracts/specs/java/erc20/buf/lemmas-buf.k)
Parse spec modules [1/1256 rules]                            = 33.346s

Parsing finished:   58.696 s
../../resources/kprove.mak:239: recipe for target '/mnt/data0/jon/verified-smart-contracts/specs/java/erc20/buf/GranC_0xef108a48e492b1cd6398048623c270da2d5b4036/transferFrom-failure-2-spec.k.test' failed
make: *** [/mnt/data0/jon/verified-smart-contracts/specs/java/erc20/buf/GranC_0xef108a48e492b1cd6398048623c270da2d5b4036/transferFrom-failure-2-spec.k.test] Terminated
