make: Entering directory '/mnt/data0/jon/verified-smart-contracts/erc20/MainToken_0xa2d0e29a9627e20FD886a8106DD0AE429403a57d'
/mnt/data0/jon/verified-smart-contracts/.build/k/k-distribution/target/release/k/bin/kprove -v --debug -d /mnt/data0/jon/verified-smart-contracts/erc20/.build/evm-semantics/.build/defn/java -m VERIFICATION --z3-impl-timeout 500 --shutdown-wait-time 5s  --concrete-rules EDSL.#ceil32,EDSL.keccakIntList,EVM-TYPES.#signed.positive,EVM-TYPES.#signed.negative,EVM-TYPES.#unsigned.positive,EVM-TYPES.#unsigned.negative,EVM-TYPES.powmod.nonzero,EVM-TYPES.powmod.zero,EVM-TYPES.signextend.invalid,EVM-TYPES.signextend.negative,EVM-TYPES.signextend.positive,SERIALIZATION.keccak,EVM-TYPES.#take.zero-pad,EVM-TYPES.#asWord.recursive,EVM-TYPES.#asByteStack,EVM-TYPES.#asByteStackAux.recursive,EVM-TYPES.#padToWidth,EVM-TYPES.#padRightToWidth,SERIALIZATION.#newAddr,SERIALIZATION.#newAddrCreate2,EVM-TYPES.mapWriteBytes.recursive,EVM-TYPES.#range,EVM-TYPES.#lookup.some,EVM-TYPES.#lookup.none,EVM.#memoryUsageUpdate.some,EVM.Cgascap,EVM.Csstore.new,EVM.Csstore.old,EVM.Rsstore.new,EVM.Rsstore.old,EVM.Cextra,EVM.Cmem, --no-exc-wrap --no-alpha-renaming --deterministic-functions --cache-func-optimized --format-failures --boundary-cells k,pc --log-cells k,output,statusCode,localMem,pc,gas,wordStack,callData,accounts,memoryUsed,#pc,#result --smt-prelude /mnt/data0/jon/verified-smart-contracts/resources/evm.smt2  /mnt/data0/jon/verified-smart-contracts/specs/java/erc20/buf/MainToken_0xa2d0e29a9627e20FD886a8106DD0AE429403a57d/totalSupply-spec.k
Picked up _JAVA_OPTIONS: -Xmx16g -Xms1g
Parse command line options                                   =  0.036s
Importing: Source(/mnt/data0/jon/verified-smart-contracts/specs/java/erc20/buf/MainToken_0xa2d0e29a9627e20FD886a8106DD0AE429403a57d/totalSupply-spec.k)
Importing: Source(/mnt/data0/jon/verified-smart-contracts/specs/java/erc20/buf/MainToken_0xa2d0e29a9627e20FD886a8106DD0AE429403a57d/abstract-semantics-segmented-gas.k)
Importing: Source(/mnt/data0/jon/verified-smart-contracts/specs/java/erc20/buf/MainToken_0xa2d0e29a9627e20FD886a8106DD0AE429403a57d/evm-symbolic.k)
Importing: Source(/mnt/data0/jon/verified-smart-contracts/erc20/.build/evm-semantics/.build/defn/java/edsl.k)
Importing: Source(/mnt/data0/jon/verified-smart-contracts/erc20/.build/evm-semantics/.build/defn/java/evm.k)
Importing: Source(/mnt/data0/jon/verified-smart-contracts/erc20/.build/evm-semantics/.build/defn/java/data.k)
Importing: Source(/mnt/data0/jon/verified-smart-contracts/erc20/.build/evm-semantics/.build/defn/java/krypto.k)
Importing: Source(/mnt/data0/jon/verified-smart-contracts/erc20/.build/evm-semantics/.build/defn/java/evm-types.k)
Importing: Source(/mnt/data0/jon/verified-smart-contracts/erc20/.build/evm-semantics/.build/defn/java/json.k)
Importing: Source(/mnt/data0/jon/verified-smart-contracts/erc20/.build/evm-semantics/.build/defn/java/serialization.k)
Importing: Source(/mnt/data0/jon/verified-smart-contracts/erc20/.build/evm-semantics/.build/defn/java/network.k)
Importing: Source(/mnt/data0/jon/verified-smart-contracts/specs/java/erc20/buf/MainToken_0xa2d0e29a9627e20FD886a8106DD0AE429403a57d/verification.k)
Importing: Source(/mnt/data0/jon/verified-smart-contracts/specs/java/erc20/buf/MainToken_0xa2d0e29a9627e20FD886a8106DD0AE429403a57d/evm-data-map-symbolic.k)
Importing: Source(/mnt/data0/jon/verified-smart-contracts/specs/java/erc20/buf/lemmas-buf.k)
Parse spec modules [1/1256 rules]                            = 32.691s

Parsing finished:   65.634 s
../../resources/kprove.mak:239: recipe for target '/mnt/data0/jon/verified-smart-contracts/specs/java/erc20/buf/MainToken_0xa2d0e29a9627e20FD886a8106DD0AE429403a57d/totalSupply-spec.k.test' failed
make: *** [/mnt/data0/jon/verified-smart-contracts/specs/java/erc20/buf/MainToken_0xa2d0e29a9627e20FD886a8106DD0AE429403a57d/totalSupply-spec.k.test] Terminated
make: Entering directory '/mnt/data0/jon/verified-smart-contracts/erc20/MainToken_0xa2d0e29a9627e20FD886a8106DD0AE429403a57d'
/mnt/data0/jon/verified-smart-contracts/.build/k/k-distribution/target/release/k/bin/kprove -v --debug -d /mnt/data0/jon/verified-smart-contracts/erc20/.build/evm-semantics/.build/defn/java -m VERIFICATION --z3-impl-timeout 500 --shutdown-wait-time 5s  --concrete-rules EDSL.#ceil32,EDSL.keccakIntList,EVM-TYPES.#signed.positive,EVM-TYPES.#signed.negative,EVM-TYPES.#unsigned.positive,EVM-TYPES.#unsigned.negative,EVM-TYPES.powmod.nonzero,EVM-TYPES.powmod.zero,EVM-TYPES.signextend.invalid,EVM-TYPES.signextend.negative,EVM-TYPES.signextend.positive,SERIALIZATION.keccak,EVM-TYPES.#take.zero-pad,EVM-TYPES.#asWord.recursive,EVM-TYPES.#asByteStack,EVM-TYPES.#asByteStackAux.recursive,EVM-TYPES.#padToWidth,EVM-TYPES.#padRightToWidth,SERIALIZATION.#newAddr,SERIALIZATION.#newAddrCreate2,EVM-TYPES.mapWriteBytes.recursive,EVM-TYPES.#range,EVM-TYPES.#lookup.some,EVM-TYPES.#lookup.none,EVM.#memoryUsageUpdate.some,EVM.Cgascap,EVM.Csstore.new,EVM.Csstore.old,EVM.Rsstore.new,EVM.Rsstore.old,EVM.Cextra,EVM.Cmem, --no-exc-wrap --no-alpha-renaming --deterministic-functions --cache-func-optimized --format-failures --boundary-cells k,pc --log-cells k,output,statusCode,localMem,pc,gas,wordStack,callData,accounts,memoryUsed,#pc,#result --smt-prelude /mnt/data0/jon/verified-smart-contracts/resources/evm.smt2  /mnt/data0/jon/verified-smart-contracts/specs/java/erc20/buf/MainToken_0xa2d0e29a9627e20FD886a8106DD0AE429403a57d/balanceOf-spec.k
Picked up _JAVA_OPTIONS: -Xmx16g -Xms1g
Parse command line options                                   =  0.030s
Importing: Source(/mnt/data0/jon/verified-smart-contracts/specs/java/erc20/buf/MainToken_0xa2d0e29a9627e20FD886a8106DD0AE429403a57d/balanceOf-spec.k)
Importing: Source(/mnt/data0/jon/verified-smart-contracts/specs/java/erc20/buf/MainToken_0xa2d0e29a9627e20FD886a8106DD0AE429403a57d/abstract-semantics-segmented-gas.k)
Importing: Source(/mnt/data0/jon/verified-smart-contracts/specs/java/erc20/buf/MainToken_0xa2d0e29a9627e20FD886a8106DD0AE429403a57d/evm-symbolic.k)
Importing: Source(/mnt/data0/jon/verified-smart-contracts/erc20/.build/evm-semantics/.build/defn/java/edsl.k)
Importing: Source(/mnt/data0/jon/verified-smart-contracts/erc20/.build/evm-semantics/.build/defn/java/evm.k)
Importing: Source(/mnt/data0/jon/verified-smart-contracts/erc20/.build/evm-semantics/.build/defn/java/data.k)
Importing: Source(/mnt/data0/jon/verified-smart-contracts/erc20/.build/evm-semantics/.build/defn/java/krypto.k)
Importing: Source(/mnt/data0/jon/verified-smart-contracts/erc20/.build/evm-semantics/.build/defn/java/evm-types.k)
Importing: Source(/mnt/data0/jon/verified-smart-contracts/erc20/.build/evm-semantics/.build/defn/java/json.k)
Importing: Source(/mnt/data0/jon/verified-smart-contracts/erc20/.build/evm-semantics/.build/defn/java/serialization.k)
Importing: Source(/mnt/data0/jon/verified-smart-contracts/erc20/.build/evm-semantics/.build/defn/java/network.k)
Importing: Source(/mnt/data0/jon/verified-smart-contracts/specs/java/erc20/buf/MainToken_0xa2d0e29a9627e20FD886a8106DD0AE429403a57d/verification.k)
Importing: Source(/mnt/data0/jon/verified-smart-contracts/specs/java/erc20/buf/MainToken_0xa2d0e29a9627e20FD886a8106DD0AE429403a57d/evm-data-map-symbolic.k)
Importing: Source(/mnt/data0/jon/verified-smart-contracts/specs/java/erc20/buf/lemmas-buf.k)
Parse spec modules [1/1256 rules]                            = 33.432s

Parsing finished:   64.842 s
../../resources/kprove.mak:239: recipe for target '/mnt/data0/jon/verified-smart-contracts/specs/java/erc20/buf/MainToken_0xa2d0e29a9627e20FD886a8106DD0AE429403a57d/balanceOf-spec.k.test' failed
make: *** [/mnt/data0/jon/verified-smart-contracts/specs/java/erc20/buf/MainToken_0xa2d0e29a9627e20FD886a8106DD0AE429403a57d/balanceOf-spec.k.test] Terminated
make: Entering directory '/mnt/data0/jon/verified-smart-contracts/erc20/MainToken_0xa2d0e29a9627e20FD886a8106DD0AE429403a57d'
/mnt/data0/jon/verified-smart-contracts/.build/k/k-distribution/target/release/k/bin/kprove -v --debug -d /mnt/data0/jon/verified-smart-contracts/erc20/.build/evm-semantics/.build/defn/java -m VERIFICATION --z3-impl-timeout 500 --shutdown-wait-time 5s  --concrete-rules EDSL.#ceil32,EDSL.keccakIntList,EVM-TYPES.#signed.positive,EVM-TYPES.#signed.negative,EVM-TYPES.#unsigned.positive,EVM-TYPES.#unsigned.negative,EVM-TYPES.powmod.nonzero,EVM-TYPES.powmod.zero,EVM-TYPES.signextend.invalid,EVM-TYPES.signextend.negative,EVM-TYPES.signextend.positive,SERIALIZATION.keccak,EVM-TYPES.#take.zero-pad,EVM-TYPES.#asWord.recursive,EVM-TYPES.#asByteStack,EVM-TYPES.#asByteStackAux.recursive,EVM-TYPES.#padToWidth,EVM-TYPES.#padRightToWidth,SERIALIZATION.#newAddr,SERIALIZATION.#newAddrCreate2,EVM-TYPES.mapWriteBytes.recursive,EVM-TYPES.#range,EVM-TYPES.#lookup.some,EVM-TYPES.#lookup.none,EVM.#memoryUsageUpdate.some,EVM.Cgascap,EVM.Csstore.new,EVM.Csstore.old,EVM.Rsstore.new,EVM.Rsstore.old,EVM.Cextra,EVM.Cmem, --no-exc-wrap --no-alpha-renaming --deterministic-functions --cache-func-optimized --format-failures --boundary-cells k,pc --log-cells k,output,statusCode,localMem,pc,gas,wordStack,callData,accounts,memoryUsed,#pc,#result --smt-prelude /mnt/data0/jon/verified-smart-contracts/resources/evm.smt2  /mnt/data0/jon/verified-smart-contracts/specs/java/erc20/buf/MainToken_0xa2d0e29a9627e20FD886a8106DD0AE429403a57d/allowance-spec.k
Picked up _JAVA_OPTIONS: -Xmx16g -Xms1g
Parse command line options                                   =  0.026s
Importing: Source(/mnt/data0/jon/verified-smart-contracts/specs/java/erc20/buf/MainToken_0xa2d0e29a9627e20FD886a8106DD0AE429403a57d/allowance-spec.k)
Importing: Source(/mnt/data0/jon/verified-smart-contracts/specs/java/erc20/buf/MainToken_0xa2d0e29a9627e20FD886a8106DD0AE429403a57d/abstract-semantics-segmented-gas.k)
Importing: Source(/mnt/data0/jon/verified-smart-contracts/specs/java/erc20/buf/MainToken_0xa2d0e29a9627e20FD886a8106DD0AE429403a57d/evm-symbolic.k)
Importing: Source(/mnt/data0/jon/verified-smart-contracts/erc20/.build/evm-semantics/.build/defn/java/edsl.k)
Importing: Source(/mnt/data0/jon/verified-smart-contracts/erc20/.build/evm-semantics/.build/defn/java/evm.k)
Importing: Source(/mnt/data0/jon/verified-smart-contracts/erc20/.build/evm-semantics/.build/defn/java/data.k)
Importing: Source(/mnt/data0/jon/verified-smart-contracts/erc20/.build/evm-semantics/.build/defn/java/krypto.k)
Importing: Source(/mnt/data0/jon/verified-smart-contracts/erc20/.build/evm-semantics/.build/defn/java/evm-types.k)
Importing: Source(/mnt/data0/jon/verified-smart-contracts/erc20/.build/evm-semantics/.build/defn/java/json.k)
Importing: Source(/mnt/data0/jon/verified-smart-contracts/erc20/.build/evm-semantics/.build/defn/java/serialization.k)
Importing: Source(/mnt/data0/jon/verified-smart-contracts/erc20/.build/evm-semantics/.build/defn/java/network.k)
Importing: Source(/mnt/data0/jon/verified-smart-contracts/specs/java/erc20/buf/MainToken_0xa2d0e29a9627e20FD886a8106DD0AE429403a57d/verification.k)
Importing: Source(/mnt/data0/jon/verified-smart-contracts/specs/java/erc20/buf/MainToken_0xa2d0e29a9627e20FD886a8106DD0AE429403a57d/evm-data-map-symbolic.k)
Importing: Source(/mnt/data0/jon/verified-smart-contracts/specs/java/erc20/buf/lemmas-buf.k)
Parse spec modules [1/1256 rules]                            = 31.340s

Parsing finished:   63.100 s
../../resources/kprove.mak:239: recipe for target '/mnt/data0/jon/verified-smart-contracts/specs/java/erc20/buf/MainToken_0xa2d0e29a9627e20FD886a8106DD0AE429403a57d/allowance-spec.k.test' failed
make: *** [/mnt/data0/jon/verified-smart-contracts/specs/java/erc20/buf/MainToken_0xa2d0e29a9627e20FD886a8106DD0AE429403a57d/allowance-spec.k.test] Terminated
make: Entering directory '/mnt/data0/jon/verified-smart-contracts/erc20/MainToken_0xa2d0e29a9627e20FD886a8106DD0AE429403a57d'
/mnt/data0/jon/verified-smart-contracts/.build/k/k-distribution/target/release/k/bin/kprove -v --debug -d /mnt/data0/jon/verified-smart-contracts/erc20/.build/evm-semantics/.build/defn/java -m VERIFICATION --z3-impl-timeout 500 --shutdown-wait-time 5s  --concrete-rules EDSL.#ceil32,EDSL.keccakIntList,EVM-TYPES.#signed.positive,EVM-TYPES.#signed.negative,EVM-TYPES.#unsigned.positive,EVM-TYPES.#unsigned.negative,EVM-TYPES.powmod.nonzero,EVM-TYPES.powmod.zero,EVM-TYPES.signextend.invalid,EVM-TYPES.signextend.negative,EVM-TYPES.signextend.positive,SERIALIZATION.keccak,EVM-TYPES.#take.zero-pad,EVM-TYPES.#asWord.recursive,EVM-TYPES.#asByteStack,EVM-TYPES.#asByteStackAux.recursive,EVM-TYPES.#padToWidth,EVM-TYPES.#padRightToWidth,SERIALIZATION.#newAddr,SERIALIZATION.#newAddrCreate2,EVM-TYPES.mapWriteBytes.recursive,EVM-TYPES.#range,EVM-TYPES.#lookup.some,EVM-TYPES.#lookup.none,EVM.#memoryUsageUpdate.some,EVM.Cgascap,EVM.Csstore.new,EVM.Csstore.old,EVM.Rsstore.new,EVM.Rsstore.old,EVM.Cextra,EVM.Cmem, --no-exc-wrap --no-alpha-renaming --deterministic-functions --cache-func-optimized --format-failures --boundary-cells k,pc --log-cells k,output,statusCode,localMem,pc,gas,wordStack,callData,accounts,memoryUsed,#pc,#result --smt-prelude /mnt/data0/jon/verified-smart-contracts/resources/evm.smt2  /mnt/data0/jon/verified-smart-contracts/specs/java/erc20/buf/MainToken_0xa2d0e29a9627e20FD886a8106DD0AE429403a57d/approve-spec.k
Picked up _JAVA_OPTIONS: -Xmx16g -Xms1g
Parse command line options                                   =  0.035s
Importing: Source(/mnt/data0/jon/verified-smart-contracts/specs/java/erc20/buf/MainToken_0xa2d0e29a9627e20FD886a8106DD0AE429403a57d/approve-spec.k)
Importing: Source(/mnt/data0/jon/verified-smart-contracts/specs/java/erc20/buf/MainToken_0xa2d0e29a9627e20FD886a8106DD0AE429403a57d/abstract-semantics-segmented-gas.k)
Importing: Source(/mnt/data0/jon/verified-smart-contracts/specs/java/erc20/buf/MainToken_0xa2d0e29a9627e20FD886a8106DD0AE429403a57d/evm-symbolic.k)
Importing: Source(/mnt/data0/jon/verified-smart-contracts/erc20/.build/evm-semantics/.build/defn/java/edsl.k)
Importing: Source(/mnt/data0/jon/verified-smart-contracts/erc20/.build/evm-semantics/.build/defn/java/evm.k)
Importing: Source(/mnt/data0/jon/verified-smart-contracts/erc20/.build/evm-semantics/.build/defn/java/data.k)
Importing: Source(/mnt/data0/jon/verified-smart-contracts/erc20/.build/evm-semantics/.build/defn/java/krypto.k)
Importing: Source(/mnt/data0/jon/verified-smart-contracts/erc20/.build/evm-semantics/.build/defn/java/evm-types.k)
Importing: Source(/mnt/data0/jon/verified-smart-contracts/erc20/.build/evm-semantics/.build/defn/java/json.k)
Importing: Source(/mnt/data0/jon/verified-smart-contracts/erc20/.build/evm-semantics/.build/defn/java/serialization.k)
Importing: Source(/mnt/data0/jon/verified-smart-contracts/erc20/.build/evm-semantics/.build/defn/java/network.k)
Importing: Source(/mnt/data0/jon/verified-smart-contracts/specs/java/erc20/buf/MainToken_0xa2d0e29a9627e20FD886a8106DD0AE429403a57d/verification.k)
Importing: Source(/mnt/data0/jon/verified-smart-contracts/specs/java/erc20/buf/MainToken_0xa2d0e29a9627e20FD886a8106DD0AE429403a57d/evm-data-map-symbolic.k)
Importing: Source(/mnt/data0/jon/verified-smart-contracts/specs/java/erc20/buf/lemmas-buf.k)
Parse spec modules [1/1256 rules]                            = 32.681s

Parsing finished:   64.912 s
../../resources/kprove.mak:239: recipe for target '/mnt/data0/jon/verified-smart-contracts/specs/java/erc20/buf/MainToken_0xa2d0e29a9627e20FD886a8106DD0AE429403a57d/approve-spec.k.test' failed
make: *** [/mnt/data0/jon/verified-smart-contracts/specs/java/erc20/buf/MainToken_0xa2d0e29a9627e20FD886a8106DD0AE429403a57d/approve-spec.k.test] Terminated
make: Entering directory '/mnt/data0/jon/verified-smart-contracts/erc20/MainToken_0xa2d0e29a9627e20FD886a8106DD0AE429403a57d'
/mnt/data0/jon/verified-smart-contracts/.build/k/k-distribution/target/release/k/bin/kprove -v --debug -d /mnt/data0/jon/verified-smart-contracts/erc20/.build/evm-semantics/.build/defn/java -m VERIFICATION --z3-impl-timeout 500 --shutdown-wait-time 5s  --concrete-rules EDSL.#ceil32,EDSL.keccakIntList,EVM-TYPES.#signed.positive,EVM-TYPES.#signed.negative,EVM-TYPES.#unsigned.positive,EVM-TYPES.#unsigned.negative,EVM-TYPES.powmod.nonzero,EVM-TYPES.powmod.zero,EVM-TYPES.signextend.invalid,EVM-TYPES.signextend.negative,EVM-TYPES.signextend.positive,SERIALIZATION.keccak,EVM-TYPES.#take.zero-pad,EVM-TYPES.#asWord.recursive,EVM-TYPES.#asByteStack,EVM-TYPES.#asByteStackAux.recursive,EVM-TYPES.#padToWidth,EVM-TYPES.#padRightToWidth,SERIALIZATION.#newAddr,SERIALIZATION.#newAddrCreate2,EVM-TYPES.mapWriteBytes.recursive,EVM-TYPES.#range,EVM-TYPES.#lookup.some,EVM-TYPES.#lookup.none,EVM.#memoryUsageUpdate.some,EVM.Cgascap,EVM.Csstore.new,EVM.Csstore.old,EVM.Rsstore.new,EVM.Rsstore.old,EVM.Cextra,EVM.Cmem, --no-exc-wrap --no-alpha-renaming --deterministic-functions --cache-func-optimized --format-failures --boundary-cells k,pc --log-cells k,output,statusCode,localMem,pc,gas,wordStack,callData,accounts,memoryUsed,#pc,#result --smt-prelude /mnt/data0/jon/verified-smart-contracts/resources/evm.smt2  /mnt/data0/jon/verified-smart-contracts/specs/java/erc20/buf/MainToken_0xa2d0e29a9627e20FD886a8106DD0AE429403a57d/transfer-success-1-spec.k
Picked up _JAVA_OPTIONS: -Xmx16g -Xms1g
Parse command line options                                   =  0.028s
Importing: Source(/mnt/data0/jon/verified-smart-contracts/specs/java/erc20/buf/MainToken_0xa2d0e29a9627e20FD886a8106DD0AE429403a57d/transfer-success-1-spec.k)
Importing: Source(/mnt/data0/jon/verified-smart-contracts/specs/java/erc20/buf/MainToken_0xa2d0e29a9627e20FD886a8106DD0AE429403a57d/abstract-semantics-segmented-gas.k)
Importing: Source(/mnt/data0/jon/verified-smart-contracts/specs/java/erc20/buf/MainToken_0xa2d0e29a9627e20FD886a8106DD0AE429403a57d/evm-symbolic.k)
Importing: Source(/mnt/data0/jon/verified-smart-contracts/erc20/.build/evm-semantics/.build/defn/java/edsl.k)
Importing: Source(/mnt/data0/jon/verified-smart-contracts/erc20/.build/evm-semantics/.build/defn/java/evm.k)
Importing: Source(/mnt/data0/jon/verified-smart-contracts/erc20/.build/evm-semantics/.build/defn/java/data.k)
Importing: Source(/mnt/data0/jon/verified-smart-contracts/erc20/.build/evm-semantics/.build/defn/java/krypto.k)
Importing: Source(/mnt/data0/jon/verified-smart-contracts/erc20/.build/evm-semantics/.build/defn/java/evm-types.k)
Importing: Source(/mnt/data0/jon/verified-smart-contracts/erc20/.build/evm-semantics/.build/defn/java/json.k)
Importing: Source(/mnt/data0/jon/verified-smart-contracts/erc20/.build/evm-semantics/.build/defn/java/serialization.k)
Importing: Source(/mnt/data0/jon/verified-smart-contracts/erc20/.build/evm-semantics/.build/defn/java/network.k)
Importing: Source(/mnt/data0/jon/verified-smart-contracts/specs/java/erc20/buf/MainToken_0xa2d0e29a9627e20FD886a8106DD0AE429403a57d/verification.k)
Importing: Source(/mnt/data0/jon/verified-smart-contracts/specs/java/erc20/buf/MainToken_0xa2d0e29a9627e20FD886a8106DD0AE429403a57d/evm-data-map-symbolic.k)
Importing: Source(/mnt/data0/jon/verified-smart-contracts/specs/java/erc20/buf/lemmas-buf.k)
Parse spec modules [1/1256 rules]                            = 32.921s

Parsing finished:   64.025 s
../../resources/kprove.mak:239: recipe for target '/mnt/data0/jon/verified-smart-contracts/specs/java/erc20/buf/MainToken_0xa2d0e29a9627e20FD886a8106DD0AE429403a57d/transfer-success-1-spec.k.test' failed
make: *** [/mnt/data0/jon/verified-smart-contracts/specs/java/erc20/buf/MainToken_0xa2d0e29a9627e20FD886a8106DD0AE429403a57d/transfer-success-1-spec.k.test] Terminated
make: Entering directory '/mnt/data0/jon/verified-smart-contracts/erc20/MainToken_0xa2d0e29a9627e20FD886a8106DD0AE429403a57d'
/mnt/data0/jon/verified-smart-contracts/.build/k/k-distribution/target/release/k/bin/kprove -v --debug -d /mnt/data0/jon/verified-smart-contracts/erc20/.build/evm-semantics/.build/defn/java -m VERIFICATION --z3-impl-timeout 500 --shutdown-wait-time 5s  --concrete-rules EDSL.#ceil32,EDSL.keccakIntList,EVM-TYPES.#signed.positive,EVM-TYPES.#signed.negative,EVM-TYPES.#unsigned.positive,EVM-TYPES.#unsigned.negative,EVM-TYPES.powmod.nonzero,EVM-TYPES.powmod.zero,EVM-TYPES.signextend.invalid,EVM-TYPES.signextend.negative,EVM-TYPES.signextend.positive,SERIALIZATION.keccak,EVM-TYPES.#take.zero-pad,EVM-TYPES.#asWord.recursive,EVM-TYPES.#asByteStack,EVM-TYPES.#asByteStackAux.recursive,EVM-TYPES.#padToWidth,EVM-TYPES.#padRightToWidth,SERIALIZATION.#newAddr,SERIALIZATION.#newAddrCreate2,EVM-TYPES.mapWriteBytes.recursive,EVM-TYPES.#range,EVM-TYPES.#lookup.some,EVM-TYPES.#lookup.none,EVM.#memoryUsageUpdate.some,EVM.Cgascap,EVM.Csstore.new,EVM.Csstore.old,EVM.Rsstore.new,EVM.Rsstore.old,EVM.Cextra,EVM.Cmem, --no-exc-wrap --no-alpha-renaming --deterministic-functions --cache-func-optimized --format-failures --boundary-cells k,pc --log-cells k,output,statusCode,localMem,pc,gas,wordStack,callData,accounts,memoryUsed,#pc,#result --smt-prelude /mnt/data0/jon/verified-smart-contracts/resources/evm.smt2  /mnt/data0/jon/verified-smart-contracts/specs/java/erc20/buf/MainToken_0xa2d0e29a9627e20FD886a8106DD0AE429403a57d/transfer-success-2-spec.k
Picked up _JAVA_OPTIONS: -Xmx16g -Xms1g
Parse command line options                                   =  0.030s
Importing: Source(/mnt/data0/jon/verified-smart-contracts/specs/java/erc20/buf/MainToken_0xa2d0e29a9627e20FD886a8106DD0AE429403a57d/transfer-success-2-spec.k)
Importing: Source(/mnt/data0/jon/verified-smart-contracts/specs/java/erc20/buf/MainToken_0xa2d0e29a9627e20FD886a8106DD0AE429403a57d/abstract-semantics-segmented-gas.k)
Importing: Source(/mnt/data0/jon/verified-smart-contracts/specs/java/erc20/buf/MainToken_0xa2d0e29a9627e20FD886a8106DD0AE429403a57d/evm-symbolic.k)
Importing: Source(/mnt/data0/jon/verified-smart-contracts/erc20/.build/evm-semantics/.build/defn/java/edsl.k)
Importing: Source(/mnt/data0/jon/verified-smart-contracts/erc20/.build/evm-semantics/.build/defn/java/evm.k)
Importing: Source(/mnt/data0/jon/verified-smart-contracts/erc20/.build/evm-semantics/.build/defn/java/data.k)
Importing: Source(/mnt/data0/jon/verified-smart-contracts/erc20/.build/evm-semantics/.build/defn/java/krypto.k)
Importing: Source(/mnt/data0/jon/verified-smart-contracts/erc20/.build/evm-semantics/.build/defn/java/evm-types.k)
Importing: Source(/mnt/data0/jon/verified-smart-contracts/erc20/.build/evm-semantics/.build/defn/java/json.k)
Importing: Source(/mnt/data0/jon/verified-smart-contracts/erc20/.build/evm-semantics/.build/defn/java/serialization.k)
Importing: Source(/mnt/data0/jon/verified-smart-contracts/erc20/.build/evm-semantics/.build/defn/java/network.k)
Importing: Source(/mnt/data0/jon/verified-smart-contracts/specs/java/erc20/buf/MainToken_0xa2d0e29a9627e20FD886a8106DD0AE429403a57d/verification.k)
Importing: Source(/mnt/data0/jon/verified-smart-contracts/specs/java/erc20/buf/MainToken_0xa2d0e29a9627e20FD886a8106DD0AE429403a57d/evm-data-map-symbolic.k)
Importing: Source(/mnt/data0/jon/verified-smart-contracts/specs/java/erc20/buf/lemmas-buf.k)
Parse spec modules [1/1256 rules]                            = 32.275s

Parsing finished:   65.513 s
../../resources/kprove.mak:239: recipe for target '/mnt/data0/jon/verified-smart-contracts/specs/java/erc20/buf/MainToken_0xa2d0e29a9627e20FD886a8106DD0AE429403a57d/transfer-success-2-spec.k.test' failed
make: *** [/mnt/data0/jon/verified-smart-contracts/specs/java/erc20/buf/MainToken_0xa2d0e29a9627e20FD886a8106DD0AE429403a57d/transfer-success-2-spec.k.test] Terminated
make: Entering directory '/mnt/data0/jon/verified-smart-contracts/erc20/MainToken_0xa2d0e29a9627e20FD886a8106DD0AE429403a57d'
/mnt/data0/jon/verified-smart-contracts/.build/k/k-distribution/target/release/k/bin/kprove -v --debug -d /mnt/data0/jon/verified-smart-contracts/erc20/.build/evm-semantics/.build/defn/java -m VERIFICATION --z3-impl-timeout 500 --shutdown-wait-time 5s  --concrete-rules EDSL.#ceil32,EDSL.keccakIntList,EVM-TYPES.#signed.positive,EVM-TYPES.#signed.negative,EVM-TYPES.#unsigned.positive,EVM-TYPES.#unsigned.negative,EVM-TYPES.powmod.nonzero,EVM-TYPES.powmod.zero,EVM-TYPES.signextend.invalid,EVM-TYPES.signextend.negative,EVM-TYPES.signextend.positive,SERIALIZATION.keccak,EVM-TYPES.#take.zero-pad,EVM-TYPES.#asWord.recursive,EVM-TYPES.#asByteStack,EVM-TYPES.#asByteStackAux.recursive,EVM-TYPES.#padToWidth,EVM-TYPES.#padRightToWidth,SERIALIZATION.#newAddr,SERIALIZATION.#newAddrCreate2,EVM-TYPES.mapWriteBytes.recursive,EVM-TYPES.#range,EVM-TYPES.#lookup.some,EVM-TYPES.#lookup.none,EVM.#memoryUsageUpdate.some,EVM.Cgascap,EVM.Csstore.new,EVM.Csstore.old,EVM.Rsstore.new,EVM.Rsstore.old,EVM.Cextra,EVM.Cmem, --no-exc-wrap --no-alpha-renaming --deterministic-functions --cache-func-optimized --format-failures --boundary-cells k,pc --log-cells k,output,statusCode,localMem,pc,gas,wordStack,callData,accounts,memoryUsed,#pc,#result --smt-prelude /mnt/data0/jon/verified-smart-contracts/resources/evm.smt2  /mnt/data0/jon/verified-smart-contracts/specs/java/erc20/buf/MainToken_0xa2d0e29a9627e20FD886a8106DD0AE429403a57d/transfer-failure-1-spec.k
Picked up _JAVA_OPTIONS: -Xmx16g -Xms1g
Parse command line options                                   =  0.034s
Importing: Source(/mnt/data0/jon/verified-smart-contracts/specs/java/erc20/buf/MainToken_0xa2d0e29a9627e20FD886a8106DD0AE429403a57d/transfer-failure-1-spec.k)
Importing: Source(/mnt/data0/jon/verified-smart-contracts/specs/java/erc20/buf/MainToken_0xa2d0e29a9627e20FD886a8106DD0AE429403a57d/abstract-semantics-segmented-gas.k)
Importing: Source(/mnt/data0/jon/verified-smart-contracts/specs/java/erc20/buf/MainToken_0xa2d0e29a9627e20FD886a8106DD0AE429403a57d/evm-symbolic.k)
Importing: Source(/mnt/data0/jon/verified-smart-contracts/erc20/.build/evm-semantics/.build/defn/java/edsl.k)
Importing: Source(/mnt/data0/jon/verified-smart-contracts/erc20/.build/evm-semantics/.build/defn/java/evm.k)
Importing: Source(/mnt/data0/jon/verified-smart-contracts/erc20/.build/evm-semantics/.build/defn/java/data.k)
Importing: Source(/mnt/data0/jon/verified-smart-contracts/erc20/.build/evm-semantics/.build/defn/java/krypto.k)
Importing: Source(/mnt/data0/jon/verified-smart-contracts/erc20/.build/evm-semantics/.build/defn/java/evm-types.k)
Importing: Source(/mnt/data0/jon/verified-smart-contracts/erc20/.build/evm-semantics/.build/defn/java/json.k)
Importing: Source(/mnt/data0/jon/verified-smart-contracts/erc20/.build/evm-semantics/.build/defn/java/serialization.k)
Importing: Source(/mnt/data0/jon/verified-smart-contracts/erc20/.build/evm-semantics/.build/defn/java/network.k)
Importing: Source(/mnt/data0/jon/verified-smart-contracts/specs/java/erc20/buf/MainToken_0xa2d0e29a9627e20FD886a8106DD0AE429403a57d/verification.k)
Importing: Source(/mnt/data0/jon/verified-smart-contracts/specs/java/erc20/buf/MainToken_0xa2d0e29a9627e20FD886a8106DD0AE429403a57d/evm-data-map-symbolic.k)
Importing: Source(/mnt/data0/jon/verified-smart-contracts/specs/java/erc20/buf/lemmas-buf.k)
Parse spec modules [1/1256 rules]                            = 36.334s

Parsing finished:   68.679 s
../../resources/kprove.mak:239: recipe for target '/mnt/data0/jon/verified-smart-contracts/specs/java/erc20/buf/MainToken_0xa2d0e29a9627e20FD886a8106DD0AE429403a57d/transfer-failure-1-spec.k.test' failed
make: *** [/mnt/data0/jon/verified-smart-contracts/specs/java/erc20/buf/MainToken_0xa2d0e29a9627e20FD886a8106DD0AE429403a57d/transfer-failure-1-spec.k.test] Terminated
make: Entering directory '/mnt/data0/jon/verified-smart-contracts/erc20/MainToken_0xa2d0e29a9627e20FD886a8106DD0AE429403a57d'
/mnt/data0/jon/verified-smart-contracts/.build/k/k-distribution/target/release/k/bin/kprove -v --debug -d /mnt/data0/jon/verified-smart-contracts/erc20/.build/evm-semantics/.build/defn/java -m VERIFICATION --z3-impl-timeout 500 --shutdown-wait-time 5s  --concrete-rules EDSL.#ceil32,EDSL.keccakIntList,EVM-TYPES.#signed.positive,EVM-TYPES.#signed.negative,EVM-TYPES.#unsigned.positive,EVM-TYPES.#unsigned.negative,EVM-TYPES.powmod.nonzero,EVM-TYPES.powmod.zero,EVM-TYPES.signextend.invalid,EVM-TYPES.signextend.negative,EVM-TYPES.signextend.positive,SERIALIZATION.keccak,EVM-TYPES.#take.zero-pad,EVM-TYPES.#asWord.recursive,EVM-TYPES.#asByteStack,EVM-TYPES.#asByteStackAux.recursive,EVM-TYPES.#padToWidth,EVM-TYPES.#padRightToWidth,SERIALIZATION.#newAddr,SERIALIZATION.#newAddrCreate2,EVM-TYPES.mapWriteBytes.recursive,EVM-TYPES.#range,EVM-TYPES.#lookup.some,EVM-TYPES.#lookup.none,EVM.#memoryUsageUpdate.some,EVM.Cgascap,EVM.Csstore.new,EVM.Csstore.old,EVM.Rsstore.new,EVM.Rsstore.old,EVM.Cextra,EVM.Cmem, --no-exc-wrap --no-alpha-renaming --deterministic-functions --cache-func-optimized --format-failures --boundary-cells k,pc --log-cells k,output,statusCode,localMem,pc,gas,wordStack,callData,accounts,memoryUsed,#pc,#result --smt-prelude /mnt/data0/jon/verified-smart-contracts/resources/evm.smt2  /mnt/data0/jon/verified-smart-contracts/specs/java/erc20/buf/MainToken_0xa2d0e29a9627e20FD886a8106DD0AE429403a57d/transfer-failure-2-spec.k
Picked up _JAVA_OPTIONS: -Xmx16g -Xms1g
Parse command line options                                   =  0.035s
Importing: Source(/mnt/data0/jon/verified-smart-contracts/specs/java/erc20/buf/MainToken_0xa2d0e29a9627e20FD886a8106DD0AE429403a57d/transfer-failure-2-spec.k)
Importing: Source(/mnt/data0/jon/verified-smart-contracts/specs/java/erc20/buf/MainToken_0xa2d0e29a9627e20FD886a8106DD0AE429403a57d/abstract-semantics-segmented-gas.k)
Importing: Source(/mnt/data0/jon/verified-smart-contracts/specs/java/erc20/buf/MainToken_0xa2d0e29a9627e20FD886a8106DD0AE429403a57d/evm-symbolic.k)
Importing: Source(/mnt/data0/jon/verified-smart-contracts/erc20/.build/evm-semantics/.build/defn/java/edsl.k)
Importing: Source(/mnt/data0/jon/verified-smart-contracts/erc20/.build/evm-semantics/.build/defn/java/evm.k)
Importing: Source(/mnt/data0/jon/verified-smart-contracts/erc20/.build/evm-semantics/.build/defn/java/data.k)
Importing: Source(/mnt/data0/jon/verified-smart-contracts/erc20/.build/evm-semantics/.build/defn/java/krypto.k)
Importing: Source(/mnt/data0/jon/verified-smart-contracts/erc20/.build/evm-semantics/.build/defn/java/evm-types.k)
Importing: Source(/mnt/data0/jon/verified-smart-contracts/erc20/.build/evm-semantics/.build/defn/java/json.k)
Importing: Source(/mnt/data0/jon/verified-smart-contracts/erc20/.build/evm-semantics/.build/defn/java/serialization.k)
Importing: Source(/mnt/data0/jon/verified-smart-contracts/erc20/.build/evm-semantics/.build/defn/java/network.k)
Importing: Source(/mnt/data0/jon/verified-smart-contracts/specs/java/erc20/buf/MainToken_0xa2d0e29a9627e20FD886a8106DD0AE429403a57d/verification.k)
Importing: Source(/mnt/data0/jon/verified-smart-contracts/specs/java/erc20/buf/MainToken_0xa2d0e29a9627e20FD886a8106DD0AE429403a57d/evm-data-map-symbolic.k)
Importing: Source(/mnt/data0/jon/verified-smart-contracts/specs/java/erc20/buf/lemmas-buf.k)
Parse spec modules [1/1256 rules]                            = 32.453s

Parsing finished:   62.032 s
../../resources/kprove.mak:239: recipe for target '/mnt/data0/jon/verified-smart-contracts/specs/java/erc20/buf/MainToken_0xa2d0e29a9627e20FD886a8106DD0AE429403a57d/transfer-failure-2-spec.k.test' failed
make: *** [/mnt/data0/jon/verified-smart-contracts/specs/java/erc20/buf/MainToken_0xa2d0e29a9627e20FD886a8106DD0AE429403a57d/transfer-failure-2-spec.k.test] Terminated
make: Entering directory '/mnt/data0/jon/verified-smart-contracts/erc20/MainToken_0xa2d0e29a9627e20FD886a8106DD0AE429403a57d'
/mnt/data0/jon/verified-smart-contracts/.build/k/k-distribution/target/release/k/bin/kprove -v --debug -d /mnt/data0/jon/verified-smart-contracts/erc20/.build/evm-semantics/.build/defn/java -m VERIFICATION --z3-impl-timeout 500 --shutdown-wait-time 5s  --concrete-rules EDSL.#ceil32,EDSL.keccakIntList,EVM-TYPES.#signed.positive,EVM-TYPES.#signed.negative,EVM-TYPES.#unsigned.positive,EVM-TYPES.#unsigned.negative,EVM-TYPES.powmod.nonzero,EVM-TYPES.powmod.zero,EVM-TYPES.signextend.invalid,EVM-TYPES.signextend.negative,EVM-TYPES.signextend.positive,SERIALIZATION.keccak,EVM-TYPES.#take.zero-pad,EVM-TYPES.#asWord.recursive,EVM-TYPES.#asByteStack,EVM-TYPES.#asByteStackAux.recursive,EVM-TYPES.#padToWidth,EVM-TYPES.#padRightToWidth,SERIALIZATION.#newAddr,SERIALIZATION.#newAddrCreate2,EVM-TYPES.mapWriteBytes.recursive,EVM-TYPES.#range,EVM-TYPES.#lookup.some,EVM-TYPES.#lookup.none,EVM.#memoryUsageUpdate.some,EVM.Cgascap,EVM.Csstore.new,EVM.Csstore.old,EVM.Rsstore.new,EVM.Rsstore.old,EVM.Cextra,EVM.Cmem, --no-exc-wrap --no-alpha-renaming --deterministic-functions --cache-func-optimized --format-failures --boundary-cells k,pc --log-cells k,output,statusCode,localMem,pc,gas,wordStack,callData,accounts,memoryUsed,#pc,#result --smt-prelude /mnt/data0/jon/verified-smart-contracts/resources/evm.smt2  /mnt/data0/jon/verified-smart-contracts/specs/java/erc20/buf/MainToken_0xa2d0e29a9627e20FD886a8106DD0AE429403a57d/transferFrom-success-1-spec.k
Picked up _JAVA_OPTIONS: -Xmx16g -Xms1g
Parse command line options                                   =  0.024s
Importing: Source(/mnt/data0/jon/verified-smart-contracts/specs/java/erc20/buf/MainToken_0xa2d0e29a9627e20FD886a8106DD0AE429403a57d/transferFrom-success-1-spec.k)
Importing: Source(/mnt/data0/jon/verified-smart-contracts/specs/java/erc20/buf/MainToken_0xa2d0e29a9627e20FD886a8106DD0AE429403a57d/abstract-semantics-segmented-gas.k)
Importing: Source(/mnt/data0/jon/verified-smart-contracts/specs/java/erc20/buf/MainToken_0xa2d0e29a9627e20FD886a8106DD0AE429403a57d/evm-symbolic.k)
Importing: Source(/mnt/data0/jon/verified-smart-contracts/erc20/.build/evm-semantics/.build/defn/java/edsl.k)
Importing: Source(/mnt/data0/jon/verified-smart-contracts/erc20/.build/evm-semantics/.build/defn/java/evm.k)
Importing: Source(/mnt/data0/jon/verified-smart-contracts/erc20/.build/evm-semantics/.build/defn/java/data.k)
Importing: Source(/mnt/data0/jon/verified-smart-contracts/erc20/.build/evm-semantics/.build/defn/java/krypto.k)
Importing: Source(/mnt/data0/jon/verified-smart-contracts/erc20/.build/evm-semantics/.build/defn/java/evm-types.k)
Importing: Source(/mnt/data0/jon/verified-smart-contracts/erc20/.build/evm-semantics/.build/defn/java/json.k)
Importing: Source(/mnt/data0/jon/verified-smart-contracts/erc20/.build/evm-semantics/.build/defn/java/serialization.k)
Importing: Source(/mnt/data0/jon/verified-smart-contracts/erc20/.build/evm-semantics/.build/defn/java/network.k)
Importing: Source(/mnt/data0/jon/verified-smart-contracts/specs/java/erc20/buf/MainToken_0xa2d0e29a9627e20FD886a8106DD0AE429403a57d/verification.k)
Importing: Source(/mnt/data0/jon/verified-smart-contracts/specs/java/erc20/buf/MainToken_0xa2d0e29a9627e20FD886a8106DD0AE429403a57d/evm-data-map-symbolic.k)
Importing: Source(/mnt/data0/jon/verified-smart-contracts/specs/java/erc20/buf/lemmas-buf.k)
Parse spec modules [1/1256 rules]                            = 34.888s

Parsing finished:   63.713 s
../../resources/kprove.mak:239: recipe for target '/mnt/data0/jon/verified-smart-contracts/specs/java/erc20/buf/MainToken_0xa2d0e29a9627e20FD886a8106DD0AE429403a57d/transferFrom-success-1-spec.k.test' failed
make: *** [/mnt/data0/jon/verified-smart-contracts/specs/java/erc20/buf/MainToken_0xa2d0e29a9627e20FD886a8106DD0AE429403a57d/transferFrom-success-1-spec.k.test] Terminated
make: Entering directory '/mnt/data0/jon/verified-smart-contracts/erc20/MainToken_0xa2d0e29a9627e20FD886a8106DD0AE429403a57d'
/mnt/data0/jon/verified-smart-contracts/.build/k/k-distribution/target/release/k/bin/kprove -v --debug -d /mnt/data0/jon/verified-smart-contracts/erc20/.build/evm-semantics/.build/defn/java -m VERIFICATION --z3-impl-timeout 500 --shutdown-wait-time 5s  --concrete-rules EDSL.#ceil32,EDSL.keccakIntList,EVM-TYPES.#signed.positive,EVM-TYPES.#signed.negative,EVM-TYPES.#unsigned.positive,EVM-TYPES.#unsigned.negative,EVM-TYPES.powmod.nonzero,EVM-TYPES.powmod.zero,EVM-TYPES.signextend.invalid,EVM-TYPES.signextend.negative,EVM-TYPES.signextend.positive,SERIALIZATION.keccak,EVM-TYPES.#take.zero-pad,EVM-TYPES.#asWord.recursive,EVM-TYPES.#asByteStack,EVM-TYPES.#asByteStackAux.recursive,EVM-TYPES.#padToWidth,EVM-TYPES.#padRightToWidth,SERIALIZATION.#newAddr,SERIALIZATION.#newAddrCreate2,EVM-TYPES.mapWriteBytes.recursive,EVM-TYPES.#range,EVM-TYPES.#lookup.some,EVM-TYPES.#lookup.none,EVM.#memoryUsageUpdate.some,EVM.Cgascap,EVM.Csstore.new,EVM.Csstore.old,EVM.Rsstore.new,EVM.Rsstore.old,EVM.Cextra,EVM.Cmem, --no-exc-wrap --no-alpha-renaming --deterministic-functions --cache-func-optimized --format-failures --boundary-cells k,pc --log-cells k,output,statusCode,localMem,pc,gas,wordStack,callData,accounts,memoryUsed,#pc,#result --smt-prelude /mnt/data0/jon/verified-smart-contracts/resources/evm.smt2  /mnt/data0/jon/verified-smart-contracts/specs/java/erc20/buf/MainToken_0xa2d0e29a9627e20FD886a8106DD0AE429403a57d/transferFrom-success-2-spec.k
Picked up _JAVA_OPTIONS: -Xmx16g -Xms1g
Parse command line options                                   =  0.024s
Importing: Source(/mnt/data0/jon/verified-smart-contracts/specs/java/erc20/buf/MainToken_0xa2d0e29a9627e20FD886a8106DD0AE429403a57d/transferFrom-success-2-spec.k)
Importing: Source(/mnt/data0/jon/verified-smart-contracts/specs/java/erc20/buf/MainToken_0xa2d0e29a9627e20FD886a8106DD0AE429403a57d/abstract-semantics-segmented-gas.k)
Importing: Source(/mnt/data0/jon/verified-smart-contracts/specs/java/erc20/buf/MainToken_0xa2d0e29a9627e20FD886a8106DD0AE429403a57d/evm-symbolic.k)
Importing: Source(/mnt/data0/jon/verified-smart-contracts/erc20/.build/evm-semantics/.build/defn/java/edsl.k)
Importing: Source(/mnt/data0/jon/verified-smart-contracts/erc20/.build/evm-semantics/.build/defn/java/evm.k)
Importing: Source(/mnt/data0/jon/verified-smart-contracts/erc20/.build/evm-semantics/.build/defn/java/data.k)
Importing: Source(/mnt/data0/jon/verified-smart-contracts/erc20/.build/evm-semantics/.build/defn/java/krypto.k)
Importing: Source(/mnt/data0/jon/verified-smart-contracts/erc20/.build/evm-semantics/.build/defn/java/evm-types.k)
Importing: Source(/mnt/data0/jon/verified-smart-contracts/erc20/.build/evm-semantics/.build/defn/java/json.k)
Importing: Source(/mnt/data0/jon/verified-smart-contracts/erc20/.build/evm-semantics/.build/defn/java/serialization.k)
Importing: Source(/mnt/data0/jon/verified-smart-contracts/erc20/.build/evm-semantics/.build/defn/java/network.k)
Importing: Source(/mnt/data0/jon/verified-smart-contracts/specs/java/erc20/buf/MainToken_0xa2d0e29a9627e20FD886a8106DD0AE429403a57d/verification.k)
Importing: Source(/mnt/data0/jon/verified-smart-contracts/specs/java/erc20/buf/MainToken_0xa2d0e29a9627e20FD886a8106DD0AE429403a57d/evm-data-map-symbolic.k)
Importing: Source(/mnt/data0/jon/verified-smart-contracts/specs/java/erc20/buf/lemmas-buf.k)
Parse spec modules [1/1256 rules]                            = 32.573s

Parsing finished:   62.184 s
../../resources/kprove.mak:239: recipe for target '/mnt/data0/jon/verified-smart-contracts/specs/java/erc20/buf/MainToken_0xa2d0e29a9627e20FD886a8106DD0AE429403a57d/transferFrom-success-2-spec.k.test' failed
make: *** [/mnt/data0/jon/verified-smart-contracts/specs/java/erc20/buf/MainToken_0xa2d0e29a9627e20FD886a8106DD0AE429403a57d/transferFrom-success-2-spec.k.test] Terminated
make: Entering directory '/mnt/data0/jon/verified-smart-contracts/erc20/MainToken_0xa2d0e29a9627e20FD886a8106DD0AE429403a57d'
/mnt/data0/jon/verified-smart-contracts/.build/k/k-distribution/target/release/k/bin/kprove -v --debug -d /mnt/data0/jon/verified-smart-contracts/erc20/.build/evm-semantics/.build/defn/java -m VERIFICATION --z3-impl-timeout 500 --shutdown-wait-time 5s  --concrete-rules EDSL.#ceil32,EDSL.keccakIntList,EVM-TYPES.#signed.positive,EVM-TYPES.#signed.negative,EVM-TYPES.#unsigned.positive,EVM-TYPES.#unsigned.negative,EVM-TYPES.powmod.nonzero,EVM-TYPES.powmod.zero,EVM-TYPES.signextend.invalid,EVM-TYPES.signextend.negative,EVM-TYPES.signextend.positive,SERIALIZATION.keccak,EVM-TYPES.#take.zero-pad,EVM-TYPES.#asWord.recursive,EVM-TYPES.#asByteStack,EVM-TYPES.#asByteStackAux.recursive,EVM-TYPES.#padToWidth,EVM-TYPES.#padRightToWidth,SERIALIZATION.#newAddr,SERIALIZATION.#newAddrCreate2,EVM-TYPES.mapWriteBytes.recursive,EVM-TYPES.#range,EVM-TYPES.#lookup.some,EVM-TYPES.#lookup.none,EVM.#memoryUsageUpdate.some,EVM.Cgascap,EVM.Csstore.new,EVM.Csstore.old,EVM.Rsstore.new,EVM.Rsstore.old,EVM.Cextra,EVM.Cmem, --no-exc-wrap --no-alpha-renaming --deterministic-functions --cache-func-optimized --format-failures --boundary-cells k,pc --log-cells k,output,statusCode,localMem,pc,gas,wordStack,callData,accounts,memoryUsed,#pc,#result --smt-prelude /mnt/data0/jon/verified-smart-contracts/resources/evm.smt2  /mnt/data0/jon/verified-smart-contracts/specs/java/erc20/buf/MainToken_0xa2d0e29a9627e20FD886a8106DD0AE429403a57d/transferFrom-failure-1-spec.k
Picked up _JAVA_OPTIONS: -Xmx16g -Xms1g
Parse command line options                                   =  0.030s
Importing: Source(/mnt/data0/jon/verified-smart-contracts/specs/java/erc20/buf/MainToken_0xa2d0e29a9627e20FD886a8106DD0AE429403a57d/transferFrom-failure-1-spec.k)
Importing: Source(/mnt/data0/jon/verified-smart-contracts/specs/java/erc20/buf/MainToken_0xa2d0e29a9627e20FD886a8106DD0AE429403a57d/abstract-semantics-segmented-gas.k)
Importing: Source(/mnt/data0/jon/verified-smart-contracts/specs/java/erc20/buf/MainToken_0xa2d0e29a9627e20FD886a8106DD0AE429403a57d/evm-symbolic.k)
Importing: Source(/mnt/data0/jon/verified-smart-contracts/erc20/.build/evm-semantics/.build/defn/java/edsl.k)
Importing: Source(/mnt/data0/jon/verified-smart-contracts/erc20/.build/evm-semantics/.build/defn/java/evm.k)
Importing: Source(/mnt/data0/jon/verified-smart-contracts/erc20/.build/evm-semantics/.build/defn/java/data.k)
Importing: Source(/mnt/data0/jon/verified-smart-contracts/erc20/.build/evm-semantics/.build/defn/java/krypto.k)
Importing: Source(/mnt/data0/jon/verified-smart-contracts/erc20/.build/evm-semantics/.build/defn/java/evm-types.k)
Importing: Source(/mnt/data0/jon/verified-smart-contracts/erc20/.build/evm-semantics/.build/defn/java/json.k)
Importing: Source(/mnt/data0/jon/verified-smart-contracts/erc20/.build/evm-semantics/.build/defn/java/serialization.k)
Importing: Source(/mnt/data0/jon/verified-smart-contracts/erc20/.build/evm-semantics/.build/defn/java/network.k)
Importing: Source(/mnt/data0/jon/verified-smart-contracts/specs/java/erc20/buf/MainToken_0xa2d0e29a9627e20FD886a8106DD0AE429403a57d/verification.k)
Importing: Source(/mnt/data0/jon/verified-smart-contracts/specs/java/erc20/buf/MainToken_0xa2d0e29a9627e20FD886a8106DD0AE429403a57d/evm-data-map-symbolic.k)
Importing: Source(/mnt/data0/jon/verified-smart-contracts/specs/java/erc20/buf/lemmas-buf.k)
Parse spec modules [1/1256 rules]                            = 31.365s

Parsing finished:   60.582 s
../../resources/kprove.mak:239: recipe for target '/mnt/data0/jon/verified-smart-contracts/specs/java/erc20/buf/MainToken_0xa2d0e29a9627e20FD886a8106DD0AE429403a57d/transferFrom-failure-1-spec.k.test' failed
make: *** [/mnt/data0/jon/verified-smart-contracts/specs/java/erc20/buf/MainToken_0xa2d0e29a9627e20FD886a8106DD0AE429403a57d/transferFrom-failure-1-spec.k.test] Terminated
make: Entering directory '/mnt/data0/jon/verified-smart-contracts/erc20/MainToken_0xa2d0e29a9627e20FD886a8106DD0AE429403a57d'
/mnt/data0/jon/verified-smart-contracts/.build/k/k-distribution/target/release/k/bin/kprove -v --debug -d /mnt/data0/jon/verified-smart-contracts/erc20/.build/evm-semantics/.build/defn/java -m VERIFICATION --z3-impl-timeout 500 --shutdown-wait-time 5s  --concrete-rules EDSL.#ceil32,EDSL.keccakIntList,EVM-TYPES.#signed.positive,EVM-TYPES.#signed.negative,EVM-TYPES.#unsigned.positive,EVM-TYPES.#unsigned.negative,EVM-TYPES.powmod.nonzero,EVM-TYPES.powmod.zero,EVM-TYPES.signextend.invalid,EVM-TYPES.signextend.negative,EVM-TYPES.signextend.positive,SERIALIZATION.keccak,EVM-TYPES.#take.zero-pad,EVM-TYPES.#asWord.recursive,EVM-TYPES.#asByteStack,EVM-TYPES.#asByteStackAux.recursive,EVM-TYPES.#padToWidth,EVM-TYPES.#padRightToWidth,SERIALIZATION.#newAddr,SERIALIZATION.#newAddrCreate2,EVM-TYPES.mapWriteBytes.recursive,EVM-TYPES.#range,EVM-TYPES.#lookup.some,EVM-TYPES.#lookup.none,EVM.#memoryUsageUpdate.some,EVM.Cgascap,EVM.Csstore.new,EVM.Csstore.old,EVM.Rsstore.new,EVM.Rsstore.old,EVM.Cextra,EVM.Cmem, --no-exc-wrap --no-alpha-renaming --deterministic-functions --cache-func-optimized --format-failures --boundary-cells k,pc --log-cells k,output,statusCode,localMem,pc,gas,wordStack,callData,accounts,memoryUsed,#pc,#result --smt-prelude /mnt/data0/jon/verified-smart-contracts/resources/evm.smt2  /mnt/data0/jon/verified-smart-contracts/specs/java/erc20/buf/MainToken_0xa2d0e29a9627e20FD886a8106DD0AE429403a57d/transferFrom-failure-2-spec.k
Picked up _JAVA_OPTIONS: -Xmx16g -Xms1g
Parse command line options                                   =  0.029s
Importing: Source(/mnt/data0/jon/verified-smart-contracts/specs/java/erc20/buf/MainToken_0xa2d0e29a9627e20FD886a8106DD0AE429403a57d/transferFrom-failure-2-spec.k)
Importing: Source(/mnt/data0/jon/verified-smart-contracts/specs/java/erc20/buf/MainToken_0xa2d0e29a9627e20FD886a8106DD0AE429403a57d/abstract-semantics-segmented-gas.k)
Importing: Source(/mnt/data0/jon/verified-smart-contracts/specs/java/erc20/buf/MainToken_0xa2d0e29a9627e20FD886a8106DD0AE429403a57d/evm-symbolic.k)
Importing: Source(/mnt/data0/jon/verified-smart-contracts/erc20/.build/evm-semantics/.build/defn/java/edsl.k)
Importing: Source(/mnt/data0/jon/verified-smart-contracts/erc20/.build/evm-semantics/.build/defn/java/evm.k)
Importing: Source(/mnt/data0/jon/verified-smart-contracts/erc20/.build/evm-semantics/.build/defn/java/data.k)
Importing: Source(/mnt/data0/jon/verified-smart-contracts/erc20/.build/evm-semantics/.build/defn/java/krypto.k)
Importing: Source(/mnt/data0/jon/verified-smart-contracts/erc20/.build/evm-semantics/.build/defn/java/evm-types.k)
Importing: Source(/mnt/data0/jon/verified-smart-contracts/erc20/.build/evm-semantics/.build/defn/java/json.k)
Importing: Source(/mnt/data0/jon/verified-smart-contracts/erc20/.build/evm-semantics/.build/defn/java/serialization.k)
Importing: Source(/mnt/data0/jon/verified-smart-contracts/erc20/.build/evm-semantics/.build/defn/java/network.k)
Importing: Source(/mnt/data0/jon/verified-smart-contracts/specs/java/erc20/buf/MainToken_0xa2d0e29a9627e20FD886a8106DD0AE429403a57d/verification.k)
Importing: Source(/mnt/data0/jon/verified-smart-contracts/specs/java/erc20/buf/MainToken_0xa2d0e29a9627e20FD886a8106DD0AE429403a57d/evm-data-map-symbolic.k)
Importing: Source(/mnt/data0/jon/verified-smart-contracts/specs/java/erc20/buf/lemmas-buf.k)
Parse spec modules [1/1256 rules]                            = 37.847s

Parsing finished:   65.247 s
../../resources/kprove.mak:239: recipe for target '/mnt/data0/jon/verified-smart-contracts/specs/java/erc20/buf/MainToken_0xa2d0e29a9627e20FD886a8106DD0AE429403a57d/transferFrom-failure-2-spec.k.test' failed
make: *** [/mnt/data0/jon/verified-smart-contracts/specs/java/erc20/buf/MainToken_0xa2d0e29a9627e20FD886a8106DD0AE429403a57d/transferFrom-failure-2-spec.k.test] Terminated
