make: Entering directory '/mnt/data0/jon/verified-smart-contracts/erc20/ReputationToken_0x221657776846890989a759BA2973e427DfF5C9bB'
/mnt/data0/jon/verified-smart-contracts/.build/k/k-distribution/target/release/k/bin/kprove -v --debug -d /mnt/data0/jon/verified-smart-contracts/erc20/.build/evm-semantics/.build/defn/java -m VERIFICATION --z3-impl-timeout 500 --shutdown-wait-time 5s  --concrete-rules EDSL.#ceil32,EDSL.keccakIntList,EVM-TYPES.#signed.positive,EVM-TYPES.#signed.negative,EVM-TYPES.#unsigned.positive,EVM-TYPES.#unsigned.negative,EVM-TYPES.powmod.nonzero,EVM-TYPES.powmod.zero,EVM-TYPES.signextend.invalid,EVM-TYPES.signextend.negative,EVM-TYPES.signextend.positive,SERIALIZATION.keccak,EVM-TYPES.#take.zero-pad,EVM-TYPES.#asWord.recursive,EVM-TYPES.#asByteStack,EVM-TYPES.#asByteStackAux.recursive,EVM-TYPES.#padToWidth,EVM-TYPES.#padRightToWidth,SERIALIZATION.#newAddr,SERIALIZATION.#newAddrCreate2,EVM-TYPES.mapWriteBytes.recursive,EVM-TYPES.#range,EVM-TYPES.#lookup.some,EVM-TYPES.#lookup.none,EVM.#memoryUsageUpdate.some,EVM.Cgascap,EVM.Csstore.new,EVM.Csstore.old,EVM.Rsstore.new,EVM.Rsstore.old,EVM.Cextra,EVM.Cmem, --no-exc-wrap --no-alpha-renaming --deterministic-functions --cache-func-optimized --format-failures --boundary-cells k,pc --log-cells k,output,statusCode,localMem,pc,gas,wordStack,callData,accounts,memoryUsed,#pc,#result --smt-prelude /mnt/data0/jon/verified-smart-contracts/resources/evm.smt2  /mnt/data0/jon/verified-smart-contracts/specs/java/erc20/buf/ReputationToken_0x221657776846890989a759BA2973e427DfF5C9bB/totalSupply-spec.k
Picked up _JAVA_OPTIONS: -Xmx16g -Xms1g
Parse command line options                                   =  0.031s
Importing: Source(/mnt/data0/jon/verified-smart-contracts/specs/java/erc20/buf/ReputationToken_0x221657776846890989a759BA2973e427DfF5C9bB/totalSupply-spec.k)
Importing: Source(/mnt/data0/jon/verified-smart-contracts/specs/java/erc20/buf/ReputationToken_0x221657776846890989a759BA2973e427DfF5C9bB/abstract-semantics-segmented-gas.k)
Importing: Source(/mnt/data0/jon/verified-smart-contracts/specs/java/erc20/buf/ReputationToken_0x221657776846890989a759BA2973e427DfF5C9bB/evm-symbolic.k)
Importing: Source(/mnt/data0/jon/verified-smart-contracts/erc20/.build/evm-semantics/.build/defn/java/edsl.k)
Importing: Source(/mnt/data0/jon/verified-smart-contracts/erc20/.build/evm-semantics/.build/defn/java/evm.k)
Importing: Source(/mnt/data0/jon/verified-smart-contracts/erc20/.build/evm-semantics/.build/defn/java/data.k)
Importing: Source(/mnt/data0/jon/verified-smart-contracts/erc20/.build/evm-semantics/.build/defn/java/krypto.k)
Importing: Source(/mnt/data0/jon/verified-smart-contracts/erc20/.build/evm-semantics/.build/defn/java/evm-types.k)
Importing: Source(/mnt/data0/jon/verified-smart-contracts/erc20/.build/evm-semantics/.build/defn/java/json.k)
Importing: Source(/mnt/data0/jon/verified-smart-contracts/erc20/.build/evm-semantics/.build/defn/java/serialization.k)
Importing: Source(/mnt/data0/jon/verified-smart-contracts/erc20/.build/evm-semantics/.build/defn/java/network.k)
Importing: Source(/mnt/data0/jon/verified-smart-contracts/specs/java/erc20/buf/ReputationToken_0x221657776846890989a759BA2973e427DfF5C9bB/verification.k)
Importing: Source(/mnt/data0/jon/verified-smart-contracts/specs/java/erc20/buf/ReputationToken_0x221657776846890989a759BA2973e427DfF5C9bB/evm-data-map-symbolic.k)
Importing: Source(/mnt/data0/jon/verified-smart-contracts/specs/java/erc20/buf/lemmas-buf.k)
Parse spec modules [1/1256 rules]                            = 13.391s

Parsing finished:   46.380 s

Initialization finished
==================================
Stats for each phase, time, used memory, implicit main GC time percentage:
Total init            :   47.220 s,	  295 MB, gc:  0.701 %
  JVM init            :    0.084 s
  Parsing             :   46.380 s,	  608 MB, gc:  0.147 %
  Rewriter init       :    0.755 s,	  295 MB, gc: 34.813 %

Init+Execution time:       0.755 s
  query build time                 :    0.020 s,      #          8
  Z3 Function rule implication time:    0.101 s,      #          8
      sat           :       8

  Time and top-level event counts:
  resolveFunctionAndAnywhere time  :    0.494 s,      #        286
    evaluateFunction time            :    0.485 s,      #         48
      builtin evaluation               :           ,      #          6
      function rule                    :           ,      #         11
      no rule applicable               :           ,      #         31
    applyAnywhereRules time          :    0.001 s,      #        138
      no anywhere rules                :           ,      #        138
    remaining time & # cached        :    0.009 s,      #        100
  impliesSMT time                  :    0.125 s,      #          8

  Recursive event counts:
  resolveFunctionAndAnywhere time  :           ,      #        124
    evaluateFunction time            :           ,      #         86
      builtin evaluation               :           ,      #         48
      function rule                    :           ,      #         27
      no rule applicable               :           ,      #         11
    applyAnywhereRules time          :           ,      #          4
      no anywhere rules                :           ,      #          4
    # cached                         :           ,      #         34
==================================

Halt! Terminating branch.

==========================================
Failure final states:
==========================================

<kevm>(<k>(#halt_EVM(.KList)),, <exit-code>(Int(#"1")),, <mode>(NORMAL(.KList)),, <schedule>(CONSTANTINOPLE_EVM(.KList)),, <ethereum>(<evm>(<output>(.WordStack_EVM-TYPES(.KList)),, <statusCode>(EVMC_SUCCESS_NETWORK(.KList)),, <callStack>(_2_1884:List),, <interimStates>(_3_1885:List),, <touchedAccounts>(_4_1878:Set),, <callState>(<program>(.WordStack_EVM-TYPES(.KList)),, <jumpDests>(.Set),, <id>(ACCT_ID_1855:Int),, <caller>(CALLER_ID_1883:Int),, <callData>(_:_WS(Int(#"24"),, _:_WS(Int(#"22"),, _:_WS(Int(#"13"),, _:_WS(Int(#"221"),, .WordStack_EVM-TYPES(.KList)))))),, <callValue>(Int(#"0")),, <wordStack>(.WordStack_EVM-TYPES(.KList)),, <localMem>(.Map),, <pc>(Int(#"0")),, <gas>(#gas(INITGAS_1894:Int,, Int(#"0"),, Int(#"0"))),, <memoryUsed>(Int(#"0")),, <callGas>(_11_1859:Int),, <static>(Bool(#"false")),, <callDepth>(CALL_DEPTH_1900:Int)),, <substate>(<selfDestruct>(_13_1880:Set),, <log>(_14_1886:List),, <refund>(_15_1861:Int)),, <gasPrice>(_16_1862:Int),, <origin>(ORIGIN_ID_1901:Int),, <blockhashes>(_17_1887:List),, <block>(<previousHash>(_18_1863:Int),, <ommersHash>(_19_1864:Int),, <coinbase>(_20_1865:Int),, <stateRoot>(_21_1866:Int),, <transactionsRoot>(_22_1867:Int),, <receiptsRoot>(_23_1868:Int),, <logsBloom>(_24_1897:WordStack),, <difficulty>(_25_1869:Int),, <number>(_26_1870:Int),, <gasLimit>(_27_1871:Int),, <gasUsed>(_28_1872:Int),, <timestamp>(_29_1873:Int),, <extraData>(_30_1898:WordStack),, <mixHash>(_31_1874:Int),, <blockNonce>(_32_1875:Int),, <ommerBlockHeaders>(_33_1899:JSON))),, <network>(<chainID>(Int(#"0")),, <activeAccounts>(ACCT_ID_1855:Int_34_1881:Set),, <accounts>(<acctID>(ACCT_ID_1855:Int) |-> <account>(<acctID>(ACCT_ID_1855:Int),, <balance>(_35_1876:Int),, <code>(.WordStack_EVM-TYPES(.KList)),, <storage>(M_1890:Map),, <origStorage>(_36_1892:Map),, <nonce>(_37_1877:Int))   DotVar1_1853:Map),, <txOrder>(_38_1888:List),, <txPending>(_39_1889:List),, <messages>(_40_1893:Map))))
/\
ConjunctiveFormula(
  init substitutions:
    _==K_(TOTAL_1854:Int,, select(M_1890:Map,, Int(#"3")))
  init equalities:
    _==K_(_<=Int_(Int(#"0"),, ACCT_ID_1855:Int),, Bool(#"true"))
    _==K_(_<=Int_(Int(#"0"),, CALLER_ID_1883:Int),, Bool(#"true"))
    _==K_(_<=Int_(Int(#"0"),, CALL_DEPTH_1900:Int),, Bool(#"true"))
    _==K_(_<=Int_(Int(#"0"),, ORIGIN_ID_1901:Int),, Bool(#"true"))
    _==K_(_<=Int_(Int(#"0"),, select(M_1890:Map,, Int(#"3"))),, Bool(#"true"))
    _==K_(_<Int_(ACCT_ID_1855:Int,, Int(#"1461501637330902918203684832716283019655932542976")),, Bool(#"true"))
    _==K_(_<Int_(CALLER_ID_1883:Int,, Int(#"1461501637330902918203684832716283019655932542976")),, Bool(#"true"))
    _==K_(_<Int_(CALL_DEPTH_1900:Int,, Int(#"1024")),, Bool(#"true"))
    _==K_(_<Int_(ORIGIN_ID_1901:Int,, Int(#"1461501637330902918203684832716283019655932542976")),, Bool(#"true"))
    _==K_(_<Int_(select(M_1890:Map,, Int(#"3")),, Int(#"115792089237316195423570985008687907853269984665640564039457584007913129639936")),, Bool(#"true"))
)


SPEC FAILED: /mnt/data0/jon/verified-smart-contracts/specs/java/erc20/buf/ReputationToken_0x221657776846890989a759BA2973e427DfF5C9bB/totalSupply-spec.k Location(10,5,100,62)
==================================
Success execution paths: 0
Failed execution paths: 1
Longest path: 4 steps
Stats for each phase, time, used memory, implicit main GC time percentage:
Total                 :   47.301 s,	  355 MB, gc:  0.700 %
  JVM init            :    0.084 s
  Parsing             :   46.380 s,	  608 MB, gc:  0.147 %
  Rewriter init       :    0.755 s,	  295 MB, gc: 34.813 %
  Execution           :    0.081 s,	  355 MB, gc:  0.000 %

Init+Execution time:       0.837 s
  query build time                 :    0.022 s,      #          9
  Z3 Function rule implication time:    0.101 s,      #          8
      sat           :       8
  Z3 Final implication time        :    0.014 s,      #          1
      sat           :       1

  Time and top-level event counts:
  resolveFunctionAndAnywhere time  :    0.503 s,      #        529
    evaluateFunction time            :    0.492 s,      #         83
      builtin evaluation               :           ,      #          8
      function rule                    :           ,      #         16
      no rule applicable               :           ,      #         59
    applyAnywhereRules time          :    0.001 s,      #        336
      no anywhere rules                :           ,      #        336
    remaining time & # cached        :    0.010 s,      #        110
  impliesSMT time                  :    0.142 s,      #          9

  Recursive event counts:
  resolveFunctionAndAnywhere time  :           ,      #        130
    evaluateFunction time            :           ,      #         92
      builtin evaluation               :           ,      #         48
      function rule                    :           ,      #         29
      no rule applicable               :           ,      #         15
    applyAnywhereRules time          :           ,      #          4
      no anywhere rules                :           ,      #          4
    # cached                         :           ,      #         34

Max memory : 14564 MB
==================================

false
[Warning] Compiler: Symbol '#callFailure' defined but not used.
	Source(/mnt/data0/jon/verified-smart-contracts/specs/java/erc20/buf/ReputationToken_0x221657776846890989a759BA2973e427DfF5C9bB/evm-symbolic.k)
	Location(64,21,64,58)
[Warning] Compiler: Symbol '#callGas' defined but not used.
	Source(/mnt/data0/jon/verified-smart-contracts/specs/java/erc20/buf/ReputationToken_0x221657776846890989a759BA2973e427DfF5C9bB/evm-symbolic.k)
	Location(53,20,53,77)
[Warning] Compiler: Symbol '#callResult' defined but not used.
	Source(/mnt/data0/jon/verified-smart-contracts/specs/java/erc20/buf/ReputationToken_0x221657776846890989a759BA2973e427DfF5C9bB/evm-symbolic.k)
	Location(67,20,67,56)
[Warning] Compiler: Symbol '#callSuccess' defined but not used.
	Source(/mnt/data0/jon/verified-smart-contracts/specs/java/erc20/buf/ReputationToken_0x221657776846890989a759BA2973e427DfF5C9bB/evm-symbolic.k)
	Location(63,21,63,58)
[Warning] Compiler: Symbol '#ecrecEmpty' defined but not used.
	Source(/mnt/data0/jon/verified-smart-contracts/specs/java/erc20/buf/ReputationToken_0x221657776846890989a759BA2973e427DfF5C9bB/evm-symbolic.k)
	Location(16,21,16,55)
[Warning] Compiler: Symbol '#extCodeSize' defined but not used.
	Source(/mnt/data0/jon/verified-smart-contracts/specs/java/erc20/buf/ReputationToken_0x221657776846890989a759BA2973e427DfF5C9bB/evm-symbolic.k)
	Location(71,20,71,51)
[Warning] Compiler: Symbol '#symCmem' defined but not used.
	Source(/mnt/data0/jon/verified-smart-contracts/specs/java/erc20/buf/ReputationToken_0x221657776846890989a759BA2973e427DfF5C9bB/evm-symbolic.k)
	Location(48,20,48,47)
[Warning] Compiler: Symbol '#tokenTransferCallFailure' defined but not used.
	Source(/mnt/data0/jon/verified-smart-contracts/specs/java/erc20/buf/ReputationToken_0x221657776846890989a759BA2973e427DfF5C9bB/evm-symbolic.k)
	Location(77,21,77,70)
[Warning] Compiler: Symbol '#tokenTransferCallReturnSize' defined but not used.
	Source(/mnt/data0/jon/verified-smart-contracts/specs/java/erc20/buf/ReputationToken_0x221657776846890989a759BA2973e427DfF5C9bB/evm-symbolic.k)
	Location(81,20,81,79)
[Warning] Compiler: Symbol '#tokenTransferCallReturnValue' defined but not used.
	Source(/mnt/data0/jon/verified-smart-contracts/specs/java/erc20/buf/ReputationToken_0x221657776846890989a759BA2973e427DfF5C9bB/evm-symbolic.k)
	Location(82,20,82,79)
[Warning] Compiler: Symbol '#tokenTransferCallSuccess' defined but not used.
	Source(/mnt/data0/jon/verified-smart-contracts/specs/java/erc20/buf/ReputationToken_0x221657776846890989a759BA2973e427DfF5C9bB/evm-symbolic.k)
	Location(76,21,76,70)
[Warning] Compiler: Symbol '<data>' defined but not used.
	Source(/mnt/data0/jon/verified-smart-contracts/erc20/.build/evm-semantics/.build/defn/java/evm.k)
	Location(31,7,160,14)
[Warning] Compiler: Symbol '<kevm>' defined but not used.
	Source(/mnt/data0/jon/verified-smart-contracts/erc20/.build/evm-semantics/.build/defn/java/evm.k)
	Location(31,7,160,14)
[Warning] Compiler: Symbol '<sigR>' defined but not used.
	Source(/mnt/data0/jon/verified-smart-contracts/erc20/.build/evm-semantics/.build/defn/java/evm.k)
	Location(31,7,160,14)
[Warning] Compiler: Symbol '<sigS>' defined but not used.
	Source(/mnt/data0/jon/verified-smart-contracts/erc20/.build/evm-semantics/.build/defn/java/evm.k)
	Location(31,7,160,14)
[Warning] Compiler: Symbol '<sigV>' defined but not used.
	Source(/mnt/data0/jon/verified-smart-contracts/erc20/.build/evm-semantics/.build/defn/java/evm.k)
	Location(31,7,160,14)
[Warning] Compiler: Symbol '<to>' defined but not used.
	Source(/mnt/data0/jon/verified-smart-contracts/erc20/.build/evm-semantics/.build/defn/java/evm.k)
	Location(31,7,160,14)
[Warning] Compiler: Symbol '<txNonce>' defined but not used.
	Source(/mnt/data0/jon/verified-smart-contracts/erc20/.build/evm-semantics/.build/defn/java/evm.k)
	Location(31,7,160,14)
[Warning] Compiler: Symbol '<value>' defined but not used.
	Source(/mnt/data0/jon/verified-smart-contracts/erc20/.build/evm-semantics/.build/defn/java/evm.k)
	Location(31,7,160,14)
[Warning] Compiler: Symbol 'ECDSASign' defined but not used.
	Source(/mnt/data0/jon/verified-smart-contracts/erc20/.build/evm-semantics/.build/defn/java/krypto.k)
	Location(28,23,28,104)
[Warning] Compiler: Symbol 'JSONnull' defined but not used.
	Source(/mnt/data0/jon/verified-smart-contracts/erc20/.build/evm-semantics/.build/defn/java/json.k)
	Location(18,24,18,72)
[Warning] Compiler: Symbol 'VMTESTS' defined but not used.
	Source(/mnt/data0/jon/verified-smart-contracts/erc20/.build/evm-semantics/.build/defn/java/evm.k)
	Location(177,21,177,55)
[Warning] Compiler: Symbol '_==IMap__VERIFICATION' defined but not used.
	Source(/mnt/data0/jon/verified-smart-contracts/specs/java/erc20/buf/ReputationToken_0x221657776846890989a759BA2973e427DfF5C9bB/verification.k)
	Location(51,21,51,58)
[Warning] Compiler: Symbol '{_|_|_|_}_EVM' defined but not used.
	Source(/mnt/data0/jon/verified-smart-contracts/erc20/.build/evm-semantics/.build/defn/java/evm.k)
	Location(1295,21,1295,61)
[Warning] Compiler: Variable 'A' defined but not used.
	Source(/mnt/data0/jon/verified-smart-contracts/erc20/.build/evm-semantics/.build/defn/java/evm-types.k)
	Location(461,28,461,29)
[Warning] Compiler: Variable 'A' defined but not used.
	Source(/mnt/data0/jon/verified-smart-contracts/specs/java/erc20/buf/ERC20_0xdF3A0a958F5a599Aa8f3071AA6488C22416EFB89/verification.k)
	Location(24,30,24,31)
[Warning] Compiler: Variable 'ACCT' defined but not used.
	Source(/mnt/data0/jon/verified-smart-contracts/erc20/.build/evm-semantics/.build/defn/java/evm.k)
	Location(1535,15,1535,19)
[Warning] Compiler: Variable 'ACCT' defined but not used.
	Source(/mnt/data0/jon/verified-smart-contracts/erc20/.build/evm-semantics/.build/defn/java/evm.k)
	Location(1580,29,1580,33)
[Warning] Compiler: Variable 'ACCTS' defined but not used.
	Source(/mnt/data0/jon/verified-smart-contracts/erc20/.build/evm-semantics/.build/defn/java/evm.k)
	Location(780,27,780,32)
[Warning] Compiler: Variable 'ACCTTO' defined but not used.
	Source(/mnt/data0/jon/verified-smart-contracts/erc20/.build/evm-semantics/.build/defn/java/evm.k)
	Location(852,38,852,44)
[Warning] Compiler: Variable 'B' defined but not used.
	Source(/mnt/data0/jon/verified-smart-contracts/specs/java/erc20/buf/ERC20_0xdF3A0a958F5a599Aa8f3071AA6488C22416EFB89/verification.k)
	Location(24,33,24,34)
[Warning] Compiler: Variable 'B' defined but not used.
	Source(/mnt/data0/jon/verified-smart-contracts/specs/java/erc20/buf/lemmas-buf.k)
	Location(162,27,162,28)
[Warning] Compiler: Variable 'B' defined but not used.
	Source(/mnt/data0/jon/verified-smart-contracts/specs/java/erc20/buf/lemmas-buf.k)
	Location(165,20,165,21)
[Warning] Compiler: Variable 'BALFROM' defined but not used.
	Source(/mnt/data0/jon/verified-smart-contracts/erc20/.build/evm-semantics/.build/defn/java/evm.k)
	Location(1677,22,1677,29)
[Warning] Compiler: Variable 'BUF' defined but not used.
	Source(/mnt/data0/jon/verified-smart-contracts/specs/java/erc20/buf/ERC20_0xdF3A0a958F5a599Aa8f3071AA6488C22416EFB89/evm-data-map-symbolic.k)
	Location(38,10,38,13)
[Warning] Compiler: Variable 'BUF2' defined but not used.
	Source(/mnt/data0/jon/verified-smart-contracts/specs/java/erc20/buf/ERC20_0xdF3A0a958F5a599Aa8f3071AA6488C22416EFB89/evm-data-map-symbolic.k)
	Location(25,27,25,31)
[Warning] Compiler: Variable 'C' defined but not used.
	Source(/mnt/data0/jon/verified-smart-contracts/specs/java/erc20/buf/ERC20_0xdF3A0a958F5a599Aa8f3071AA6488C22416EFB89/verification.k)
	Location(24,36,24,37)
[Warning] Compiler: Variable 'CODE' defined but not used.
	Source(/mnt/data0/jon/verified-smart-contracts/erc20/.build/evm-semantics/.build/defn/java/evm.k)
	Location(1679,19,1679,23)
[Warning] Compiler: Variable 'COP' defined but not used.
	Source(/mnt/data0/jon/verified-smart-contracts/erc20/.build/evm-semantics/.build/defn/java/evm.k)
	Location(1904,20,1904,23)
[Warning] Compiler: Variable 'CSOP' defined but not used.
	Source(/mnt/data0/jon/verified-smart-contracts/erc20/.build/evm-semantics/.build/defn/java/evm.k)
	Location(1905,20,1905,24)
[Warning] Compiler: Variable 'CSOP' defined but not used.
	Source(/mnt/data0/jon/verified-smart-contracts/erc20/.build/evm-semantics/.build/defn/java/evm.k)
	Location(363,23,363,27)
[Warning] Compiler: Variable 'DATA' defined but not used.
	Source(/mnt/data0/jon/verified-smart-contracts/specs/java/erc20/buf/ERC20_0xdF3A0a958F5a599Aa8f3071AA6488C22416EFB89/evm-symbolic.k)
	Location(21,29,21,33)
[Warning] Compiler: Variable 'DATA' defined but not used.
	Source(/mnt/data0/jon/verified-smart-contracts/specs/java/erc20/buf/ERC20_0xdF3A0a958F5a599Aa8f3071AA6488C22416EFB89/evm-symbolic.k)
	Location(24,29,24,33)
[Warning] Compiler: Variable 'DATA' defined but not used.
	Source(/mnt/data0/jon/verified-smart-contracts/specs/java/erc20/buf/ERC20_0xdF3A0a958F5a599Aa8f3071AA6488C22416EFB89/evm-symbolic.k)
	Location(29,29,29,33)
[Warning] Compiler: Variable 'DATA' defined but not used.
	Source(/mnt/data0/jon/verified-smart-contracts/specs/java/erc20/buf/ERC20_0xdF3A0a958F5a599Aa8f3071AA6488C22416EFB89/evm-symbolic.k)
	Location(30,29,30,33)
[Warning] Compiler: Variable 'DEST' defined but not used.
	Source(/mnt/data0/jon/verified-smart-contracts/erc20/.build/evm-semantics/.build/defn/java/evm.k)
	Location(1084,20,1084,24)
[Warning] Compiler: Variable 'E' defined but not used.
	Source(/mnt/data0/jon/verified-smart-contracts/erc20/.build/evm-semantics/.build/defn/java/edsl.k)
	Location(286,38,286,39)
[Warning] Compiler: Variable 'END' defined but not used.
	Source(/mnt/data0/jon/verified-smart-contracts/erc20/.build/evm-semantics/.build/defn/java/evm-types.k)
	Location(538,49,538,52)
[Warning] Compiler: Variable 'G' defined but not used.
	Source(/mnt/data0/jon/verified-smart-contracts/erc20/.build/evm-semantics/.build/defn/java/evm.k)
	Location(1870,14,1870,15)
[Warning] Compiler: Variable 'GCALL' defined but not used.
	Source(/mnt/data0/jon/verified-smart-contracts/erc20/.build/evm-semantics/.build/defn/java/evm.k)
	Location(1648,20,1648,25)
[Warning] Compiler: Variable 'GCAP' defined but not used.
	Source(/mnt/data0/jon/verified-smart-contracts/erc20/.build/evm-semantics/.build/defn/java/evm.k)
	Location(1462,19,1462,23)
[Warning] Compiler: Variable 'GCAP' defined but not used.
	Source(/mnt/data0/jon/verified-smart-contracts/erc20/.build/evm-semantics/.build/defn/java/evm.k)
	Location(1474,23,1474,27)
[Warning] Compiler: Variable 'GCAP' defined but not used.
	Source(/mnt/data0/jon/verified-smart-contracts/erc20/.build/evm-semantics/.build/defn/java/evm.k)
	Location(1486,27,1486,31)
[Warning] Compiler: Variable 'GCAP' defined but not used.
	Source(/mnt/data0/jon/verified-smart-contracts/erc20/.build/evm-semantics/.build/defn/java/evm.k)
	Location(1500,25,1500,29)
[Warning] Compiler: Variable 'I1' defined but not used.
	Source(/mnt/data0/jon/verified-smart-contracts/erc20/.build/evm-semantics/.build/defn/java/evm-types.k)
	Location(198,10,198,12)
[Warning] Compiler: Variable 'INITGAS' defined but not used.
	Source(/mnt/data0/jon/verified-smart-contracts/specs/java/erc20/buf/ReputationToken_0x221657776846890989a759BA2973e427DfF5C9bB/totalSupply-spec.k)
	Location(36,22,36,29)
[Warning] Compiler: Variable 'IOP' defined but not used.
	Source(/mnt/data0/jon/verified-smart-contracts/erc20/.build/evm-semantics/.build/defn/java/evm.k)
	Location(354,23,354,26)
[Warning] Compiler: Variable 'IOP' defined but not used.
	Source(/mnt/data0/jon/verified-smart-contracts/erc20/.build/evm-semantics/.build/defn/java/evm.k)
	Location(387,22,387,25)
[Warning] Compiler: Variable 'KEY' defined but not used.
	Source(/mnt/data0/jon/verified-smart-contracts/erc20/.build/evm-semantics/.build/defn/java/json.k)
	Location(69,21,69,24)
[Warning] Compiler: Variable 'KEY' defined but not used.
	Source(/mnt/data0/jon/verified-smart-contracts/erc20/.build/evm-semantics/.build/defn/java/json.k)
	Location(73,21,73,24)
[Warning] Compiler: Variable 'KEY' defined but not used.
	Source(/mnt/data0/jon/verified-smart-contracts/erc20/.build/evm-semantics/.build/defn/java/json.k)
	Location(80,23,80,26)
[Warning] Compiler: Variable 'L' defined but not used.
	Source(/mnt/data0/jon/verified-smart-contracts/specs/java/erc20/buf/ERC20_0xdF3A0a958F5a599Aa8f3071AA6488C22416EFB89/evm-data-map-symbolic.k)
	Location(38,16,38,17)
[Warning] Compiler: Variable 'LANG' defined but not used.
	Source(/mnt/data0/jon/verified-smart-contracts/erc20/.build/evm-semantics/.build/defn/java/edsl.k)
	Location(338,26,338,30)
[Warning] Compiler: Variable 'LEN' defined but not used.
	Source(/mnt/data0/jon/verified-smart-contracts/erc20/.build/evm-semantics/.build/defn/java/serialization.k)
	Location(406,32,406,35)
[Warning] Compiler: Variable 'M' defined but not used.
	Source(/mnt/data0/jon/verified-smart-contracts/erc20/.build/evm-semantics/.build/defn/java/evm-types.k)
	Location(689,49,689,50)
[Warning] Compiler: Variable 'M' defined but not used.
	Source(/mnt/data0/jon/verified-smart-contracts/specs/java/erc20/buf/ERC20_0xdF3A0a958F5a599Aa8f3071AA6488C22416EFB89/evm-data-map-symbolic.k)
	Location(101,22,101,23)
[Warning] Compiler: Variable 'M' defined but not used.
	Source(/mnt/data0/jon/verified-smart-contracts/specs/java/erc20/buf/ERC20_0xdF3A0a958F5a599Aa8f3071AA6488C22416EFB89/evm-data-map-symbolic.k)
	Location(42,17,42,18)
[Warning] Compiler: Variable 'M' defined but not used.
	Source(/mnt/data0/jon/verified-smart-contracts/specs/java/erc20/buf/ERC20_0xdF3A0a958F5a599Aa8f3071AA6488C22416EFB89/evm-data-map-symbolic.k)
	Location(67,23,67,24)
[Warning] Compiler: Variable 'M' defined but not used.
	Source(/mnt/data0/jon/verified-smart-contracts/specs/java/erc20/buf/ERC20_0xdF3A0a958F5a599Aa8f3071AA6488C22416EFB89/evm-data-map-symbolic.k)
	Location(73,28,73,29)
[Warning] Compiler: Variable 'M' defined but not used.
	Source(/mnt/data0/jon/verified-smart-contracts/specs/java/erc20/buf/ERC20_0xdF3A0a958F5a599Aa8f3071AA6488C22416EFB89/evm-data-map-symbolic.k)
	Location(79,33,79,34)
[Warning] Compiler: Variable 'M' defined but not used.
	Source(/mnt/data0/jon/verified-smart-contracts/specs/java/erc20/buf/ERC20_0xdF3A0a958F5a599Aa8f3071AA6488C22416EFB89/verification.k)
	Location(67,27,67,28)
[Warning] Compiler: Variable 'MAP' defined but not used.
	Source(/mnt/data0/jon/verified-smart-contracts/.build/k/k-distribution/target/release/k/include/kframework/builtin/domains.k)
	Location(183,21,183,24)
[Warning] Compiler: Variable 'MAP' defined but not used.
	Source(/mnt/data0/jon/verified-smart-contracts/.build/k/k-distribution/target/release/k/include/kframework/builtin/domains.k)
	Location(186,9,186,12)
[Warning] Compiler: Variable 'MEMSTART' defined but not used.
	Source(/mnt/data0/jon/verified-smart-contracts/erc20/.build/evm-semantics/.build/defn/java/evm.k)
	Location(1156,29,1156,37)
[Warning] Compiler: Variable 'MEMSTART' defined but not used.
	Source(/mnt/data0/jon/verified-smart-contracts/erc20/.build/evm-semantics/.build/defn/java/evm.k)
	Location(1257,31,1257,39)
[Warning] Compiler: Variable 'N' defined but not used.
	Source(/mnt/data0/jon/verified-smart-contracts/erc20/.build/evm-semantics/.build/defn/java/evm-types.k)
	Location(531,41,531,42)
[Warning] Compiler: Variable 'N' defined but not used.
	Source(/mnt/data0/jon/verified-smart-contracts/specs/java/erc20/buf/ERC20_0xdF3A0a958F5a599Aa8f3071AA6488C22416EFB89/evm-data-map-symbolic.k)
	Location(32,23,32,24)
[Warning] Compiler: Variable 'N' defined but not used.
	Source(/mnt/data0/jon/verified-smart-contracts/specs/java/erc20/buf/ERC20_0xdF3A0a958F5a599Aa8f3071AA6488C22416EFB89/evm-data-map-symbolic.k)
	Location(42,20,42,21)
[Warning] Compiler: Variable 'N' defined but not used.
	Source(/mnt/data0/jon/verified-smart-contracts/specs/java/erc20/buf/lemmas-buf.k)
	Location(98,17,98,18)
[Warning] Compiler: Variable 'N' defined but not used.
	Source(/mnt/data0/jon/verified-smart-contracts/specs/java/erc20/buf/lemmas-buf.k)
	Location(99,10,99,11)
[Warning] Compiler: Variable 'NONCE' defined but not used.
	Source(/mnt/data0/jon/verified-smart-contracts/erc20/.build/evm-semantics/.build/defn/java/evm.k)
	Location(1678,20,1678,25)
[Warning] Compiler: Variable 'NOP' defined but not used.
	Source(/mnt/data0/jon/verified-smart-contracts/erc20/.build/evm-semantics/.build/defn/java/evm.k)
	Location(355,23,355,26)
[Warning] Compiler: Variable 'OP' defined but not used.
	Source(/mnt/data0/jon/verified-smart-contracts/erc20/.build/evm-semantics/.build/defn/java/evm.k)
	Location(388,22,388,24)
[Warning] Compiler: Variable 'ORIG' defined but not used.
	Source(/mnt/data0/jon/verified-smart-contracts/erc20/.build/evm-semantics/.build/defn/java/evm.k)
	Location(2165,36,2165,40)
[Warning] Compiler: Variable 'ORIG' defined but not used.
	Source(/mnt/data0/jon/verified-smart-contracts/erc20/.build/evm-semantics/.build/defn/java/evm.k)
	Location(2188,36,2188,40)
[Warning] Compiler: Variable 'PGM' defined but not used.
	Source(/mnt/data0/jon/verified-smart-contracts/erc20/.build/evm-semantics/.build/defn/java/evm.k)
	Location(1073,20,1073,23)
[Warning] Compiler: Variable 'PGM' defined but not used.
	Source(/mnt/data0/jon/verified-smart-contracts/erc20/.build/evm-semantics/.build/defn/java/evm.k)
	Location(1078,20,1078,23)
[Warning] Compiler: Variable 'PGMSTART' defined but not used.
	Source(/mnt/data0/jon/verified-smart-contracts/erc20/.build/evm-semantics/.build/defn/java/evm.k)
	Location(1257,40,1257,48)
[Warning] Compiler: Variable 'POS' defined but not used.
	Source(/mnt/data0/jon/verified-smart-contracts/erc20/.build/evm-semantics/.build/defn/java/serialization.k)
	Location(412,30,412,33)
[Warning] Compiler: Variable 'QOP' defined but not used.
	Source(/mnt/data0/jon/verified-smart-contracts/erc20/.build/evm-semantics/.build/defn/java/evm.k)
	Location(359,23,359,26)
[Warning] Compiler: Variable 'S' defined but not used.
	Source(/mnt/data0/jon/verified-smart-contracts/erc20/.build/evm-semantics/.build/defn/java/evm.k)
	Location(1789,24,1789,25)
[Warning] Compiler: Variable 'SCHED' defined but not used.
	Source(/mnt/data0/jon/verified-smart-contracts/erc20/.build/evm-semantics/.build/defn/java/evm.k)
	Location(1468,21,1468,26)
[Warning] Compiler: Variable 'SCHED' defined but not used.
	Source(/mnt/data0/jon/verified-smart-contracts/erc20/.build/evm-semantics/.build/defn/java/evm.k)
	Location(1480,21,1480,26)
[Warning] Compiler: Variable 'SCHED' defined but not used.
	Source(/mnt/data0/jon/verified-smart-contracts/erc20/.build/evm-semantics/.build/defn/java/evm.k)
	Location(1492,21,1492,26)
[Warning] Compiler: Variable 'SCHED' defined but not used.
	Source(/mnt/data0/jon/verified-smart-contracts/erc20/.build/evm-semantics/.build/defn/java/evm.k)
	Location(1506,21,1506,26)
[Warning] Compiler: Variable 'SCHED' defined but not used.
	Source(/mnt/data0/jon/verified-smart-contracts/erc20/.build/evm-semantics/.build/defn/java/evm.k)
	Location(1623,21,1623,26)
[Warning] Compiler: Variable 'SCHED' defined but not used.
	Source(/mnt/data0/jon/verified-smart-contracts/erc20/.build/evm-semantics/.build/defn/java/evm.k)
	Location(1659,21,1659,26)
[Warning] Compiler: Variable 'SCHED' defined but not used.
	Source(/mnt/data0/jon/verified-smart-contracts/erc20/.build/evm-semantics/.build/defn/java/evm.k)
	Location(1672,21,1672,26)
[Warning] Compiler: Variable 'SCHED' defined but not used.
	Source(/mnt/data0/jon/verified-smart-contracts/erc20/.build/evm-semantics/.build/defn/java/evm.k)
	Location(2200,30,2200,35)
[Warning] Compiler: Variable 'START' defined but not used.
	Source(/mnt/data0/jon/verified-smart-contracts/erc20/.build/evm-semantics/.build/defn/java/evm.k)
	Location(1929,60,1929,65)
[Warning] Compiler: Variable 'STR' defined but not used.
	Source(/mnt/data0/jon/verified-smart-contracts/erc20/.build/evm-semantics/.build/defn/java/serialization.k)
	Location(412,25,412,28)
[Warning] Compiler: Variable 'STR' defined but not used.
	Source(/mnt/data0/jon/verified-smart-contracts/erc20/.build/evm-semantics/.build/defn/java/serialization.k)
	Location(424,30,424,33)
[Warning] Compiler: Variable 'STR' defined but not used.
	Source(/mnt/data0/jon/verified-smart-contracts/erc20/.build/evm-semantics/.build/defn/java/serialization.k)
	Location(425,30,425,33)
[Warning] Compiler: Variable 'STR' defined but not used.
	Source(/mnt/data0/jon/verified-smart-contracts/erc20/.build/evm-semantics/.build/defn/java/serialization.k)
	Location(427,30,427,33)
[Warning] Compiler: Variable 'TOP' defined but not used.
	Source(/mnt/data0/jon/verified-smart-contracts/erc20/.build/evm-semantics/.build/defn/java/evm.k)
	Location(358,23,358,26)
[Warning] Compiler: Variable 'UOP' defined but not used.
	Source(/mnt/data0/jon/verified-smart-contracts/erc20/.build/evm-semantics/.build/defn/java/evm.k)
	Location(356,23,356,26)
[Warning] Compiler: Variable 'V' defined but not used.
	Source(/mnt/data0/jon/verified-smart-contracts/specs/java/erc20/buf/ERC20_0xdF3A0a958F5a599Aa8f3071AA6488C22416EFB89/evm-data-map-symbolic.k)
	Location(68,30,68,31)
[Warning] Compiler: Variable 'V' defined but not used.
	Source(/mnt/data0/jon/verified-smart-contracts/specs/java/erc20/buf/ERC20_0xdF3A0a958F5a599Aa8f3071AA6488C22416EFB89/evm-data-map-symbolic.k)
	Location(76,35,76,36)
[Warning] Compiler: Variable 'V' defined but not used.
	Source(/mnt/data0/jon/verified-smart-contracts/specs/java/erc20/buf/lemmas-buf.k)
	Location(207,23,207,24)
[Warning] Compiler: Variable 'V' defined but not used.
	Source(/mnt/data0/jon/verified-smart-contracts/specs/java/erc20/buf/lemmas-buf.k)
	Location(208,23,208,24)
[Warning] Compiler: Variable 'V' defined but not used.
	Source(/mnt/data0/jon/verified-smart-contracts/specs/java/erc20/buf/lemmas-buf.k)
	Location(210,25,210,26)
[Warning] Compiler: Variable 'V' defined but not used.
	Source(/mnt/data0/jon/verified-smart-contracts/specs/java/erc20/buf/lemmas-buf.k)
	Location(211,25,211,26)
[Warning] Compiler: Variable 'V0' defined but not used.
	Source(/mnt/data0/jon/verified-smart-contracts/specs/java/erc20/buf/ERC20_0xdF3A0a958F5a599Aa8f3071AA6488C22416EFB89/verification.k)
	Location(71,29,71,31)
[Warning] Compiler: Variable 'V1' defined but not used.
	Source(/mnt/data0/jon/verified-smart-contracts/.build/k/k-distribution/target/release/k/include/kframework/builtin/domains.k)
	Location(184,17,184,19)
[Warning] Compiler: Variable 'V1' defined but not used.
	Source(/mnt/data0/jon/verified-smart-contracts/.build/k/k-distribution/target/release/k/include/kframework/builtin/domains.k)
	Location(187,25,187,27)
[Warning] Compiler: Variable 'V1' defined but not used.
	Source(/mnt/data0/jon/verified-smart-contracts/.build/k/k-distribution/target/release/k/include/kframework/builtin/domains.k)
	Location(189,17,189,19)
[Warning] Compiler: Variable 'V1' defined but not used.
	Source(/mnt/data0/jon/verified-smart-contracts/.build/k/k-distribution/target/release/k/include/kframework/builtin/domains.k)
	Location(192,25,192,27)
[Warning] Compiler: Variable 'VALUE' defined but not used.
	Source(/mnt/data0/jon/verified-smart-contracts/erc20/.build/evm-semantics/.build/defn/java/json.k)
	Location(71,33,71,38)
[Warning] Compiler: Variable 'VALUE' defined but not used.
	Source(/mnt/data0/jon/verified-smart-contracts/erc20/.build/evm-semantics/.build/defn/java/json.k)
	Location(75,33,75,38)
[Warning] Compiler: Variable 'W' defined but not used.
	Source(/mnt/data0/jon/verified-smart-contracts/erc20/.build/evm-semantics/.build/defn/java/evm-types.k)
	Location(432,25,432,26)
[Warning] Compiler: Variable 'W' defined but not used.
	Source(/mnt/data0/jon/verified-smart-contracts/erc20/.build/evm-semantics/.build/defn/java/evm-types.k)
	Location(444,27,444,28)
[Warning] Compiler: Variable 'W' defined but not used.
	Source(/mnt/data0/jon/verified-smart-contracts/erc20/.build/evm-semantics/.build/defn/java/evm-types.k)
	Location(448,10,448,11)
[Warning] Compiler: Variable 'W' defined but not used.
	Source(/mnt/data0/jon/verified-smart-contracts/erc20/.build/evm-semantics/.build/defn/java/evm.k)
	Location(346,26,346,27)
[Warning] Compiler: Variable 'W' defined but not used.
	Source(/mnt/data0/jon/verified-smart-contracts/erc20/.build/evm-semantics/.build/defn/java/evm.k)
	Location(893,18,893,19)
[Warning] Compiler: Variable 'W' defined but not used.
	Source(/mnt/data0/jon/verified-smart-contracts/specs/java/erc20/buf/ERC20_0xdF3A0a958F5a599Aa8f3071AA6488C22416EFB89/evm-data-map-symbolic.k)
	Location(19,25,19,26)
[Warning] Compiler: Variable 'W' defined but not used.
	Source(/mnt/data0/jon/verified-smart-contracts/specs/java/erc20/buf/ERC20_0xdF3A0a958F5a599Aa8f3071AA6488C22416EFB89/evm-data-map-symbolic.k)
	Location(40,21,40,22)
[Warning] Compiler: Variable 'W0' defined but not used.
	Source(/mnt/data0/jon/verified-smart-contracts/erc20/.build/evm-semantics/.build/defn/java/evm-types.k)
	Location(225,10,225,12)
[Warning] Compiler: Variable 'W0' defined but not used.
	Source(/mnt/data0/jon/verified-smart-contracts/erc20/.build/evm-semantics/.build/defn/java/evm-types.k)
	Location(227,10,227,12)
[Warning] Compiler: Variable 'W0' defined but not used.
	Source(/mnt/data0/jon/verified-smart-contracts/erc20/.build/evm-semantics/.build/defn/java/evm-types.k)
	Location(242,35,242,37)
[Warning] Compiler: Variable 'W0' defined but not used.
	Source(/mnt/data0/jon/verified-smart-contracts/erc20/.build/evm-semantics/.build/defn/java/evm-types.k)
	Location(308,10,308,12)
[Warning] Compiler: Variable 'W0' defined but not used.
	Source(/mnt/data0/jon/verified-smart-contracts/erc20/.build/evm-semantics/.build/defn/java/evm-types.k)
	Location(424,11,424,13)
[Warning] Compiler: Variable 'W0' defined but not used.
	Source(/mnt/data0/jon/verified-smart-contracts/erc20/.build/evm-semantics/.build/defn/java/evm.k)
	Location(1961,34,1961,36)
[Warning] Compiler: Variable 'W0' defined but not used.
	Source(/mnt/data0/jon/verified-smart-contracts/erc20/.build/evm-semantics/.build/defn/java/evm.k)
	Location(1962,34,1962,36)
[Warning] Compiler: Variable 'W0' defined but not used.
	Source(/mnt/data0/jon/verified-smart-contracts/erc20/.build/evm-semantics/.build/defn/java/evm.k)
	Location(476,22,476,24)
[Warning] Compiler: Variable 'W1' defined but not used.
	Source(/mnt/data0/jon/verified-smart-contracts/erc20/.build/evm-semantics/.build/defn/java/evm-types.k)
	Location(242,39,242,41)
[Warning] Compiler: Variable 'W1' defined but not used.
	Source(/mnt/data0/jon/verified-smart-contracts/erc20/.build/evm-semantics/.build/defn/java/evm-types.k)
	Location(256,27,256,29)
[Warning] Compiler: Variable 'WIDTH' defined but not used.
	Source(/mnt/data0/jon/verified-smart-contracts/erc20/.build/evm-semantics/.build/defn/java/evm.k)
	Location(1257,49,1257,54)
[Warning] Compiler: Variable 'WM' defined but not used.
	Source(/mnt/data0/jon/verified-smart-contracts/erc20/.build/evm-semantics/.build/defn/java/evm-types.k)
	Location(538,35,538,37)
[Warning] Compiler: Variable 'WS' defined but not used.
	Source(/mnt/data0/jon/verified-smart-contracts/erc20/.build/evm-semantics/.build/defn/java/edsl.k)
	Location(364,30,364,32)
[Warning] Compiler: Variable 'WS' defined but not used.
	Source(/mnt/data0/jon/verified-smart-contracts/erc20/.build/evm-semantics/.build/defn/java/evm-types.k)
	Location(383,38,383,40)
[Warning] Compiler: Variable 'WS' defined but not used.
	Source(/mnt/data0/jon/verified-smart-contracts/erc20/.build/evm-semantics/.build/defn/java/evm.k)
	Location(345,26,345,28)
[Warning] Compiler: Variable 'WS' defined but not used.
	Source(/mnt/data0/jon/verified-smart-contracts/erc20/.build/evm-semantics/.build/defn/java/evm.k)
	Location(468,42,468,44)
[Warning] Compiler: Variable 'WS' defined but not used.
	Source(/mnt/data0/jon/verified-smart-contracts/erc20/.build/evm-semantics/.build/defn/java/evm.k)
	Location(472,42,472,44)
[Warning] Compiler: Variable 'WS' defined but not used.
	Source(/mnt/data0/jon/verified-smart-contracts/erc20/.build/evm-semantics/.build/defn/java/evm.k)
	Location(476,47,476,49)
[Warning] Compiler: Variable 'WS' defined but not used.
	Source(/mnt/data0/jon/verified-smart-contracts/erc20/.build/evm-semantics/.build/defn/java/evm.k)
	Location(489,27,489,29)
[Warning] Compiler: Variable 'WS' defined but not used.
	Source(/mnt/data0/jon/verified-smart-contracts/specs/java/erc20/buf/ERC20_0xdF3A0a958F5a599Aa8f3071AA6488C22416EFB89/evm-data-map-symbolic.k)
	Location(74,45,74,47)
[Warning] Compiler: Variable 'WS' defined but not used.
	Source(/mnt/data0/jon/verified-smart-contracts/specs/java/erc20/buf/ERC20_0xdF3A0a958F5a599Aa8f3071AA6488C22416EFB89/evm-data-map-symbolic.k)
	Location(83,52,83,54)
[Warning] Compiler: Variable 'WS' defined but not used.
	Source(/mnt/data0/jon/verified-smart-contracts/specs/java/erc20/buf/lemmas-buf.k)
	Location(198,26,198,28)
[Warning] Compiler: Variable 'WS' defined but not used.
	Source(/mnt/data0/jon/verified-smart-contracts/specs/java/erc20/buf/lemmas-buf.k)
	Location(199,18,199,20)
[Warning] Compiler: Variable 'X' defined but not used.
	Source(/mnt/data0/jon/verified-smart-contracts/specs/java/erc20/buf/lemmas-buf.k)
	Location(216,25,216,26)
[Warning] Compiler: Variable 'X' defined but not used.
	Source(/mnt/data0/jon/verified-smart-contracts/specs/java/erc20/buf/lemmas-buf.k)
	Location(219,25,219,26)
[Warning] Critical: Found variable TOTAL on right hand side of rule, not bound on left hand side. Did you mean "?TOTAL"?
Note: this warning will become an error in subsequent releases.
	Source(/mnt/data0/jon/verified-smart-contracts/specs/java/erc20/buf/ReputationToken_0x221657776846890989a759BA2973e427DfF5C9bB/totalSupply-spec.k)
	Location(17,31,17,36)
[Warning] Critical: Found variable TOTAL on right hand side of rule, not bound on left hand side. Did you mean "?TOTAL"?
Note: this warning will become an error in subsequent releases.
	Source(/mnt/data0/jon/verified-smart-contracts/specs/java/erc20/buf/ReputationToken_0x221657776846890989a759BA2973e427DfF5C9bB/totalSupply-spec.k)
	Location(99,72,99,77)
[Warning] Critical: Found variable _ on right hand side of rule, not bound on left hand side. Did you mean "?_"?
Note: this warning will become an error in subsequent releases.
	Source(/mnt/data0/jon/verified-smart-contracts/specs/java/erc20/buf/ReputationToken_0x221657776846890989a759BA2973e427DfF5C9bB/totalSupply-spec.k)
	Location(21,32,21,33)
[Warning] Critical: KLabel keys defined in multiple modules: MAP$SYNTAX and VERIFICATION$SYNTAX.
Note: this warning will become an error in subsequent releases.
	Source(/mnt/data0/jon/verified-smart-contracts/specs/java/erc20/buf/ReputationToken_0x221657776846890989a759BA2973e427DfF5C9bB/verification.k)
	Location(65,20,65,39)
../../resources/kprove.mak:239: recipe for target '/mnt/data0/jon/verified-smart-contracts/specs/java/erc20/buf/ReputationToken_0x221657776846890989a759BA2973e427DfF5C9bB/totalSupply-spec.k.test' failed
make: *** [/mnt/data0/jon/verified-smart-contracts/specs/java/erc20/buf/ReputationToken_0x221657776846890989a759BA2973e427DfF5C9bB/totalSupply-spec.k.test] Error 1
make: Leaving directory '/mnt/data0/jon/verified-smart-contracts/erc20/ReputationToken_0x221657776846890989a759BA2973e427DfF5C9bB'
make: Entering directory '/mnt/data0/jon/verified-smart-contracts/erc20/ReputationToken_0x221657776846890989a759BA2973e427DfF5C9bB'
/mnt/data0/jon/verified-smart-contracts/.build/k/k-distribution/target/release/k/bin/kprove -v --debug -d /mnt/data0/jon/verified-smart-contracts/erc20/.build/evm-semantics/.build/defn/java -m VERIFICATION --z3-impl-timeout 500 --shutdown-wait-time 5s  --concrete-rules EDSL.#ceil32,EDSL.keccakIntList,EVM-TYPES.#signed.positive,EVM-TYPES.#signed.negative,EVM-TYPES.#unsigned.positive,EVM-TYPES.#unsigned.negative,EVM-TYPES.powmod.nonzero,EVM-TYPES.powmod.zero,EVM-TYPES.signextend.invalid,EVM-TYPES.signextend.negative,EVM-TYPES.signextend.positive,SERIALIZATION.keccak,EVM-TYPES.#take.zero-pad,EVM-TYPES.#asWord.recursive,EVM-TYPES.#asByteStack,EVM-TYPES.#asByteStackAux.recursive,EVM-TYPES.#padToWidth,EVM-TYPES.#padRightToWidth,SERIALIZATION.#newAddr,SERIALIZATION.#newAddrCreate2,EVM-TYPES.mapWriteBytes.recursive,EVM-TYPES.#range,EVM-TYPES.#lookup.some,EVM-TYPES.#lookup.none,EVM.#memoryUsageUpdate.some,EVM.Cgascap,EVM.Csstore.new,EVM.Csstore.old,EVM.Rsstore.new,EVM.Rsstore.old,EVM.Cextra,EVM.Cmem, --no-exc-wrap --no-alpha-renaming --deterministic-functions --cache-func-optimized --format-failures --boundary-cells k,pc --log-cells k,output,statusCode,localMem,pc,gas,wordStack,callData,accounts,memoryUsed,#pc,#result --smt-prelude /mnt/data0/jon/verified-smart-contracts/resources/evm.smt2  /mnt/data0/jon/verified-smart-contracts/specs/java/erc20/buf/ReputationToken_0x221657776846890989a759BA2973e427DfF5C9bB/balanceOf-spec.k
Picked up _JAVA_OPTIONS: -Xmx16g -Xms1g
Parse command line options                                   =  0.031s
Importing: Source(/mnt/data0/jon/verified-smart-contracts/specs/java/erc20/buf/ReputationToken_0x221657776846890989a759BA2973e427DfF5C9bB/balanceOf-spec.k)
Importing: Source(/mnt/data0/jon/verified-smart-contracts/specs/java/erc20/buf/ReputationToken_0x221657776846890989a759BA2973e427DfF5C9bB/abstract-semantics-segmented-gas.k)
Importing: Source(/mnt/data0/jon/verified-smart-contracts/specs/java/erc20/buf/ReputationToken_0x221657776846890989a759BA2973e427DfF5C9bB/evm-symbolic.k)
Importing: Source(/mnt/data0/jon/verified-smart-contracts/erc20/.build/evm-semantics/.build/defn/java/edsl.k)
Importing: Source(/mnt/data0/jon/verified-smart-contracts/erc20/.build/evm-semantics/.build/defn/java/evm.k)
Importing: Source(/mnt/data0/jon/verified-smart-contracts/erc20/.build/evm-semantics/.build/defn/java/data.k)
Importing: Source(/mnt/data0/jon/verified-smart-contracts/erc20/.build/evm-semantics/.build/defn/java/krypto.k)
Importing: Source(/mnt/data0/jon/verified-smart-contracts/erc20/.build/evm-semantics/.build/defn/java/evm-types.k)
Importing: Source(/mnt/data0/jon/verified-smart-contracts/erc20/.build/evm-semantics/.build/defn/java/json.k)
Importing: Source(/mnt/data0/jon/verified-smart-contracts/erc20/.build/evm-semantics/.build/defn/java/serialization.k)
Importing: Source(/mnt/data0/jon/verified-smart-contracts/erc20/.build/evm-semantics/.build/defn/java/network.k)
Importing: Source(/mnt/data0/jon/verified-smart-contracts/specs/java/erc20/buf/ReputationToken_0x221657776846890989a759BA2973e427DfF5C9bB/verification.k)
Importing: Source(/mnt/data0/jon/verified-smart-contracts/specs/java/erc20/buf/ReputationToken_0x221657776846890989a759BA2973e427DfF5C9bB/evm-data-map-symbolic.k)
Importing: Source(/mnt/data0/jon/verified-smart-contracts/specs/java/erc20/buf/lemmas-buf.k)
org.kframework.utils.errorsystem.KEMException: [Error] Internal: gcc returned nonzero exit code. See output for details. gcc command: [gcc, /tmp/tmp-kompile-2730516381446313991.c, -o, /tmp/tmp-kompile-2906200088040748025, -Wno-unused-result]
	at org.kframework.utils.errorsystem.KEMException.create(KEMException.java:134)
	at org.kframework.utils.errorsystem.KEMException.internalError(KEMException.java:60)
	at org.kframework.parser.inner.kernel.Scanner.getScanner(Scanner.java:184)
	at org.kframework.parser.inner.kernel.Scanner.<init>(Scanner.java:48)
	at org.kframework.parser.inner.ParseInModule.getScanner(ParseInModule.java:177)
	at org.kframework.kompile.DefinitionParsing.resolveNonConfigBubbles(DefinitionParsing.java:271)
	at org.kframework.kompile.DefinitionParsing.parseModules(DefinitionParsing.java:148)
	at org.kframework.kompile.Kompile.parseModules(Kompile.java:388)
	at org.kframework.kprove.ProofDefinitionBuilder.build(ProofDefinitionBuilder.java:65)
	at org.kframework.kprove.KProve.run(KProve.java:57)
	at org.kframework.kprove.KProveFrontEnd.run(KProveFrontEnd.java:59)
	at org.kframework.main.FrontEnd.main(FrontEnd.java:62)
	at org.kframework.main.Main.runApplication(Main.java:118)
	at org.kframework.main.Main.runApplication(Main.java:108)
	at org.kframework.main.Main.main(Main.java:56)
make: Entering directory '/mnt/data0/jon/verified-smart-contracts/erc20/ReputationToken_0x221657776846890989a759BA2973e427DfF5C9bB'
/mnt/data0/jon/verified-smart-contracts/.build/k/k-distribution/target/release/k/bin/kprove -v --debug -d /mnt/data0/jon/verified-smart-contracts/erc20/.build/evm-semantics/.build/defn/java -m VERIFICATION --z3-impl-timeout 500 --shutdown-wait-time 5s  --concrete-rules EDSL.#ceil32,EDSL.keccakIntList,EVM-TYPES.#signed.positive,EVM-TYPES.#signed.negative,EVM-TYPES.#unsigned.positive,EVM-TYPES.#unsigned.negative,EVM-TYPES.powmod.nonzero,EVM-TYPES.powmod.zero,EVM-TYPES.signextend.invalid,EVM-TYPES.signextend.negative,EVM-TYPES.signextend.positive,SERIALIZATION.keccak,EVM-TYPES.#take.zero-pad,EVM-TYPES.#asWord.recursive,EVM-TYPES.#asByteStack,EVM-TYPES.#asByteStackAux.recursive,EVM-TYPES.#padToWidth,EVM-TYPES.#padRightToWidth,SERIALIZATION.#newAddr,SERIALIZATION.#newAddrCreate2,EVM-TYPES.mapWriteBytes.recursive,EVM-TYPES.#range,EVM-TYPES.#lookup.some,EVM-TYPES.#lookup.none,EVM.#memoryUsageUpdate.some,EVM.Cgascap,EVM.Csstore.new,EVM.Csstore.old,EVM.Rsstore.new,EVM.Rsstore.old,EVM.Cextra,EVM.Cmem, --no-exc-wrap --no-alpha-renaming --deterministic-functions --cache-func-optimized --format-failures --boundary-cells k,pc --log-cells k,output,statusCode,localMem,pc,gas,wordStack,callData,accounts,memoryUsed,#pc,#result --smt-prelude /mnt/data0/jon/verified-smart-contracts/resources/evm.smt2  /mnt/data0/jon/verified-smart-contracts/specs/java/erc20/buf/ReputationToken_0x221657776846890989a759BA2973e427DfF5C9bB/allowance-spec.k
Picked up _JAVA_OPTIONS: -Xmx16g -Xms1g
make: Entering directory '/mnt/data0/jon/verified-smart-contracts/erc20/ReputationToken_0x221657776846890989a759BA2973e427DfF5C9bB'
/mnt/data0/jon/verified-smart-contracts/.build/k/k-distribution/target/release/k/bin/kprove -v --debug -d /mnt/data0/jon/verified-smart-contracts/erc20/.build/evm-semantics/.build/defn/java -m VERIFICATION --z3-impl-timeout 500 --shutdown-wait-time 5s  --concrete-rules EDSL.#ceil32,EDSL.keccakIntList,EVM-TYPES.#signed.positive,EVM-TYPES.#signed.negative,EVM-TYPES.#unsigned.positive,EVM-TYPES.#unsigned.negative,EVM-TYPES.powmod.nonzero,EVM-TYPES.powmod.zero,EVM-TYPES.signextend.invalid,EVM-TYPES.signextend.negative,EVM-TYPES.signextend.positive,SERIALIZATION.keccak,EVM-TYPES.#take.zero-pad,EVM-TYPES.#asWord.recursive,EVM-TYPES.#asByteStack,EVM-TYPES.#asByteStackAux.recursive,EVM-TYPES.#padToWidth,EVM-TYPES.#padRightToWidth,SERIALIZATION.#newAddr,SERIALIZATION.#newAddrCreate2,EVM-TYPES.mapWriteBytes.recursive,EVM-TYPES.#range,EVM-TYPES.#lookup.some,EVM-TYPES.#lookup.none,EVM.#memoryUsageUpdate.some,EVM.Cgascap,EVM.Csstore.new,EVM.Csstore.old,EVM.Rsstore.new,EVM.Rsstore.old,EVM.Cextra,EVM.Cmem, --no-exc-wrap --no-alpha-renaming --deterministic-functions --cache-func-optimized --format-failures --boundary-cells k,pc --log-cells k,output,statusCode,localMem,pc,gas,wordStack,callData,accounts,memoryUsed,#pc,#result --smt-prelude /mnt/data0/jon/verified-smart-contracts/resources/evm.smt2  /mnt/data0/jon/verified-smart-contracts/specs/java/erc20/buf/ReputationToken_0x221657776846890989a759BA2973e427DfF5C9bB/approve-spec.k
../../resources/kprove.mak:239: recipe for target '/mnt/data0/jon/verified-smart-contracts/specs/java/erc20/buf/ReputationToken_0x221657776846890989a759BA2973e427DfF5C9bB/allowance-spec.k.test' failed
make: *** [/mnt/data0/jon/verified-smart-contracts/specs/java/erc20/buf/ReputationToken_0x221657776846890989a759BA2973e427DfF5C9bB/allowance-spec.k.test] Interrupt
../../resources/kprove.mak:239: recipe for target '/mnt/data0/jon/verified-smart-contracts/specs/java/erc20/buf/ReputationToken_0x221657776846890989a759BA2973e427DfF5C9bB/approve-spec.k.test' failed
make: *** [/mnt/data0/jon/verified-smart-contracts/specs/java/erc20/buf/ReputationToken_0x221657776846890989a759BA2973e427DfF5C9bB/approve-spec.k.test] Interrupt
make: Entering directory '/mnt/data0/jon/verified-smart-contracts/erc20/ReputationToken_0x221657776846890989a759BA2973e427DfF5C9bB'
/mnt/data0/jon/verified-smart-contracts/.build/k/k-distribution/target/release/k/bin/kprove -v --debug -d /mnt/data0/jon/verified-smart-contracts/erc20/.build/evm-semantics/.build/defn/java -m VERIFICATION --z3-impl-timeout 500 --shutdown-wait-time 5s  --concrete-rules EDSL.#ceil32,EDSL.keccakIntList,EVM-TYPES.#signed.positive,EVM-TYPES.#signed.negative,EVM-TYPES.#unsigned.positive,EVM-TYPES.#unsigned.negative,EVM-TYPES.powmod.nonzero,EVM-TYPES.powmod.zero,EVM-TYPES.signextend.invalid,EVM-TYPES.signextend.negative,EVM-TYPES.signextend.positive,SERIALIZATION.keccak,EVM-TYPES.#take.zero-pad,EVM-TYPES.#asWord.recursive,EVM-TYPES.#asByteStack,EVM-TYPES.#asByteStackAux.recursive,EVM-TYPES.#padToWidth,EVM-TYPES.#padRightToWidth,SERIALIZATION.#newAddr,SERIALIZATION.#newAddrCreate2,EVM-TYPES.mapWriteBytes.recursive,EVM-TYPES.#range,EVM-TYPES.#lookup.some,EVM-TYPES.#lookup.none,EVM.#memoryUsageUpdate.some,EVM.Cgascap,EVM.Csstore.new,EVM.Csstore.old,EVM.Rsstore.new,EVM.Rsstore.old,EVM.Cextra,EVM.Cmem, --no-exc-wrap --no-alpha-renaming --deterministic-functions --cache-func-optimized --format-failures --boundary-cells k,pc --log-cells k,output,statusCode,localMem,pc,gas,wordStack,callData,accounts,memoryUsed,#pc,#result --smt-prelude /mnt/data0/jon/verified-smart-contracts/resources/evm.smt2  /mnt/data0/jon/verified-smart-contracts/specs/java/erc20/buf/ReputationToken_0x221657776846890989a759BA2973e427DfF5C9bB/transfer-success-1-spec.k
../../resources/kprove.mak:239: recipe for target '/mnt/data0/jon/verified-smart-contracts/specs/java/erc20/buf/ReputationToken_0x221657776846890989a759BA2973e427DfF5C9bB/transfer-success-1-spec.k.test' failed
make: *** [/mnt/data0/jon/verified-smart-contracts/specs/java/erc20/buf/ReputationToken_0x221657776846890989a759BA2973e427DfF5C9bB/transfer-success-1-spec.k.test] Interrupt
make: Entering directory '/mnt/data0/jon/verified-smart-contracts/erc20/ReputationToken_0x221657776846890989a759BA2973e427DfF5C9bB'
/mnt/data0/jon/verified-smart-contracts/.build/k/k-distribution/target/release/k/bin/kprove -v --debug -d /mnt/data0/jon/verified-smart-contracts/erc20/.build/evm-semantics/.build/defn/java -m VERIFICATION --z3-impl-timeout 500 --shutdown-wait-time 5s  --concrete-rules EDSL.#ceil32,EDSL.keccakIntList,EVM-TYPES.#signed.positive,EVM-TYPES.#signed.negative,EVM-TYPES.#unsigned.positive,EVM-TYPES.#unsigned.negative,EVM-TYPES.powmod.nonzero,EVM-TYPES.powmod.zero,EVM-TYPES.signextend.invalid,EVM-TYPES.signextend.negative,EVM-TYPES.signextend.positive,SERIALIZATION.keccak,EVM-TYPES.#take.zero-pad,EVM-TYPES.#asWord.recursive,EVM-TYPES.#asByteStack,EVM-TYPES.#asByteStackAux.recursive,EVM-TYPES.#padToWidth,EVM-TYPES.#padRightToWidth,SERIALIZATION.#newAddr,SERIALIZATION.#newAddrCreate2,EVM-TYPES.mapWriteBytes.recursive,EVM-TYPES.#range,EVM-TYPES.#lookup.some,EVM-TYPES.#lookup.none,EVM.#memoryUsageUpdate.some,EVM.Cgascap,EVM.Csstore.new,EVM.Csstore.old,EVM.Rsstore.new,EVM.Rsstore.old,EVM.Cextra,EVM.Cmem, --no-exc-wrap --no-alpha-renaming --deterministic-functions --cache-func-optimized --format-failures --boundary-cells k,pc --log-cells k,output,statusCode,localMem,pc,gas,wordStack,callData,accounts,memoryUsed,#pc,#result --smt-prelude /mnt/data0/jon/verified-smart-contracts/resources/evm.smt2  /mnt/data0/jon/verified-smart-contracts/specs/java/erc20/buf/ReputationToken_0x221657776846890989a759BA2973e427DfF5C9bB/transfer-success-2-spec.k
../../resources/kprove.mak:239: recipe for target '/mnt/data0/jon/verified-smart-contracts/specs/java/erc20/buf/ReputationToken_0x221657776846890989a759BA2973e427DfF5C9bB/transfer-success-2-spec.k.test' failed
make: *** [/mnt/data0/jon/verified-smart-contracts/specs/java/erc20/buf/ReputationToken_0x221657776846890989a759BA2973e427DfF5C9bB/transfer-success-2-spec.k.test] Interrupt
make: Entering directory '/mnt/data0/jon/verified-smart-contracts/erc20/ReputationToken_0x221657776846890989a759BA2973e427DfF5C9bB'
/mnt/data0/jon/verified-smart-contracts/.build/k/k-distribution/target/release/k/bin/kprove -v --debug -d /mnt/data0/jon/verified-smart-contracts/erc20/.build/evm-semantics/.build/defn/java -m VERIFICATION --z3-impl-timeout 500 --shutdown-wait-time 5s  --concrete-rules EDSL.#ceil32,EDSL.keccakIntList,EVM-TYPES.#signed.positive,EVM-TYPES.#signed.negative,EVM-TYPES.#unsigned.positive,EVM-TYPES.#unsigned.negative,EVM-TYPES.powmod.nonzero,EVM-TYPES.powmod.zero,EVM-TYPES.signextend.invalid,EVM-TYPES.signextend.negative,EVM-TYPES.signextend.positive,SERIALIZATION.keccak,EVM-TYPES.#take.zero-pad,EVM-TYPES.#asWord.recursive,EVM-TYPES.#asByteStack,EVM-TYPES.#asByteStackAux.recursive,EVM-TYPES.#padToWidth,EVM-TYPES.#padRightToWidth,SERIALIZATION.#newAddr,SERIALIZATION.#newAddrCreate2,EVM-TYPES.mapWriteBytes.recursive,EVM-TYPES.#range,EVM-TYPES.#lookup.some,EVM-TYPES.#lookup.none,EVM.#memoryUsageUpdate.some,EVM.Cgascap,EVM.Csstore.new,EVM.Csstore.old,EVM.Rsstore.new,EVM.Rsstore.old,EVM.Cextra,EVM.Cmem, --no-exc-wrap --no-alpha-renaming --deterministic-functions --cache-func-optimized --format-failures --boundary-cells k,pc --log-cells k,output,statusCode,localMem,pc,gas,wordStack,callData,accounts,memoryUsed,#pc,#result --smt-prelude /mnt/data0/jon/verified-smart-contracts/resources/evm.smt2  /mnt/data0/jon/verified-smart-contracts/specs/java/erc20/buf/ReputationToken_0x221657776846890989a759BA2973e427DfF5C9bB/transfer-failure-1-spec.k
../../resources/kprove.mak:239: recipe for target '/mnt/data0/jon/verified-smart-contracts/specs/java/erc20/buf/ReputationToken_0x221657776846890989a759BA2973e427DfF5C9bB/transfer-failure-1-spec.k.test' failed
make: *** [/mnt/data0/jon/verified-smart-contracts/specs/java/erc20/buf/ReputationToken_0x221657776846890989a759BA2973e427DfF5C9bB/transfer-failure-1-spec.k.test] Interrupt
make: Entering directory '/mnt/data0/jon/verified-smart-contracts/erc20/ReputationToken_0x221657776846890989a759BA2973e427DfF5C9bB'
/mnt/data0/jon/verified-smart-contracts/.build/k/k-distribution/target/release/k/bin/kprove -v --debug -d /mnt/data0/jon/verified-smart-contracts/erc20/.build/evm-semantics/.build/defn/java -m VERIFICATION --z3-impl-timeout 500 --shutdown-wait-time 5s  --concrete-rules EDSL.#ceil32,EDSL.keccakIntList,EVM-TYPES.#signed.positive,EVM-TYPES.#signed.negative,EVM-TYPES.#unsigned.positive,EVM-TYPES.#unsigned.negative,EVM-TYPES.powmod.nonzero,EVM-TYPES.powmod.zero,EVM-TYPES.signextend.invalid,EVM-TYPES.signextend.negative,EVM-TYPES.signextend.positive,SERIALIZATION.keccak,EVM-TYPES.#take.zero-pad,EVM-TYPES.#asWord.recursive,EVM-TYPES.#asByteStack,EVM-TYPES.#asByteStackAux.recursive,EVM-TYPES.#padToWidth,EVM-TYPES.#padRightToWidth,SERIALIZATION.#newAddr,SERIALIZATION.#newAddrCreate2,EVM-TYPES.mapWriteBytes.recursive,EVM-TYPES.#range,EVM-TYPES.#lookup.some,EVM-TYPES.#lookup.none,EVM.#memoryUsageUpdate.some,EVM.Cgascap,EVM.Csstore.new,EVM.Csstore.old,EVM.Rsstore.new,EVM.Rsstore.old,EVM.Cextra,EVM.Cmem, --no-exc-wrap --no-alpha-renaming --deterministic-functions --cache-func-optimized --format-failures --boundary-cells k,pc --log-cells k,output,statusCode,localMem,pc,gas,wordStack,callData,accounts,memoryUsed,#pc,#result --smt-prelude /mnt/data0/jon/verified-smart-contracts/resources/evm.smt2  /mnt/data0/jon/verified-smart-contracts/specs/java/erc20/buf/ReputationToken_0x221657776846890989a759BA2973e427DfF5C9bB/transfer-failure-2-spec.k
../../resources/kprove.mak:239: recipe for target '/mnt/data0/jon/verified-smart-contracts/specs/java/erc20/buf/ReputationToken_0x221657776846890989a759BA2973e427DfF5C9bB/transfer-failure-2-spec.k.test' failed
make: *** [/mnt/data0/jon/verified-smart-contracts/specs/java/erc20/buf/ReputationToken_0x221657776846890989a759BA2973e427DfF5C9bB/transfer-failure-2-spec.k.test] Interrupt
make: Entering directory '/mnt/data0/jon/verified-smart-contracts/erc20/ReputationToken_0x221657776846890989a759BA2973e427DfF5C9bB'
/mnt/data0/jon/verified-smart-contracts/.build/k/k-distribution/target/release/k/bin/kprove -v --debug -d /mnt/data0/jon/verified-smart-contracts/erc20/.build/evm-semantics/.build/defn/java -m VERIFICATION --z3-impl-timeout 500 --shutdown-wait-time 5s  --concrete-rules EDSL.#ceil32,EDSL.keccakIntList,EVM-TYPES.#signed.positive,EVM-TYPES.#signed.negative,EVM-TYPES.#unsigned.positive,EVM-TYPES.#unsigned.negative,EVM-TYPES.powmod.nonzero,EVM-TYPES.powmod.zero,EVM-TYPES.signextend.invalid,EVM-TYPES.signextend.negative,EVM-TYPES.signextend.positive,SERIALIZATION.keccak,EVM-TYPES.#take.zero-pad,EVM-TYPES.#asWord.recursive,EVM-TYPES.#asByteStack,EVM-TYPES.#asByteStackAux.recursive,EVM-TYPES.#padToWidth,EVM-TYPES.#padRightToWidth,SERIALIZATION.#newAddr,SERIALIZATION.#newAddrCreate2,EVM-TYPES.mapWriteBytes.recursive,EVM-TYPES.#range,EVM-TYPES.#lookup.some,EVM-TYPES.#lookup.none,EVM.#memoryUsageUpdate.some,EVM.Cgascap,EVM.Csstore.new,EVM.Csstore.old,EVM.Rsstore.new,EVM.Rsstore.old,EVM.Cextra,EVM.Cmem, --no-exc-wrap --no-alpha-renaming --deterministic-functions --cache-func-optimized --format-failures --boundary-cells k,pc --log-cells k,output,statusCode,localMem,pc,gas,wordStack,callData,accounts,memoryUsed,#pc,#result --smt-prelude /mnt/data0/jon/verified-smart-contracts/resources/evm.smt2  /mnt/data0/jon/verified-smart-contracts/specs/java/erc20/buf/ReputationToken_0x221657776846890989a759BA2973e427DfF5C9bB/transferFrom-success-1-spec.k
../../resources/kprove.mak:239: recipe for target '/mnt/data0/jon/verified-smart-contracts/specs/java/erc20/buf/ReputationToken_0x221657776846890989a759BA2973e427DfF5C9bB/transferFrom-success-1-spec.k.test' failed
make: *** [/mnt/data0/jon/verified-smart-contracts/specs/java/erc20/buf/ReputationToken_0x221657776846890989a759BA2973e427DfF5C9bB/transferFrom-success-1-spec.k.test] Interrupt
make: Entering directory '/mnt/data0/jon/verified-smart-contracts/erc20/ReputationToken_0x221657776846890989a759BA2973e427DfF5C9bB'
/mnt/data0/jon/verified-smart-contracts/.build/k/k-distribution/target/release/k/bin/kprove -v --debug -d /mnt/data0/jon/verified-smart-contracts/erc20/.build/evm-semantics/.build/defn/java -m VERIFICATION --z3-impl-timeout 500 --shutdown-wait-time 5s  --concrete-rules EDSL.#ceil32,EDSL.keccakIntList,EVM-TYPES.#signed.positive,EVM-TYPES.#signed.negative,EVM-TYPES.#unsigned.positive,EVM-TYPES.#unsigned.negative,EVM-TYPES.powmod.nonzero,EVM-TYPES.powmod.zero,EVM-TYPES.signextend.invalid,EVM-TYPES.signextend.negative,EVM-TYPES.signextend.positive,SERIALIZATION.keccak,EVM-TYPES.#take.zero-pad,EVM-TYPES.#asWord.recursive,EVM-TYPES.#asByteStack,EVM-TYPES.#asByteStackAux.recursive,EVM-TYPES.#padToWidth,EVM-TYPES.#padRightToWidth,SERIALIZATION.#newAddr,SERIALIZATION.#newAddrCreate2,EVM-TYPES.mapWriteBytes.recursive,EVM-TYPES.#range,EVM-TYPES.#lookup.some,EVM-TYPES.#lookup.none,EVM.#memoryUsageUpdate.some,EVM.Cgascap,EVM.Csstore.new,EVM.Csstore.old,EVM.Rsstore.new,EVM.Rsstore.old,EVM.Cextra,EVM.Cmem, --no-exc-wrap --no-alpha-renaming --deterministic-functions --cache-func-optimized --format-failures --boundary-cells k,pc --log-cells k,output,statusCode,localMem,pc,gas,wordStack,callData,accounts,memoryUsed,#pc,#result --smt-prelude /mnt/data0/jon/verified-smart-contracts/resources/evm.smt2  /mnt/data0/jon/verified-smart-contracts/specs/java/erc20/buf/ReputationToken_0x221657776846890989a759BA2973e427DfF5C9bB/transferFrom-success-2-spec.k
../../resources/kprove.mak:239: recipe for target '/mnt/data0/jon/verified-smart-contracts/specs/java/erc20/buf/ReputationToken_0x221657776846890989a759BA2973e427DfF5C9bB/transferFrom-success-2-spec.k.test' failed
make: *** [/mnt/data0/jon/verified-smart-contracts/specs/java/erc20/buf/ReputationToken_0x221657776846890989a759BA2973e427DfF5C9bB/transferFrom-success-2-spec.k.test] Interrupt
make: Entering directory '/mnt/data0/jon/verified-smart-contracts/erc20/ReputationToken_0x221657776846890989a759BA2973e427DfF5C9bB'
/mnt/data0/jon/verified-smart-contracts/.build/k/k-distribution/target/release/k/bin/kprove -v --debug -d /mnt/data0/jon/verified-smart-contracts/erc20/.build/evm-semantics/.build/defn/java -m VERIFICATION --z3-impl-timeout 500 --shutdown-wait-time 5s  --concrete-rules EDSL.#ceil32,EDSL.keccakIntList,EVM-TYPES.#signed.positive,EVM-TYPES.#signed.negative,EVM-TYPES.#unsigned.positive,EVM-TYPES.#unsigned.negative,EVM-TYPES.powmod.nonzero,EVM-TYPES.powmod.zero,EVM-TYPES.signextend.invalid,EVM-TYPES.signextend.negative,EVM-TYPES.signextend.positive,SERIALIZATION.keccak,EVM-TYPES.#take.zero-pad,EVM-TYPES.#asWord.recursive,EVM-TYPES.#asByteStack,EVM-TYPES.#asByteStackAux.recursive,EVM-TYPES.#padToWidth,EVM-TYPES.#padRightToWidth,SERIALIZATION.#newAddr,SERIALIZATION.#newAddrCreate2,EVM-TYPES.mapWriteBytes.recursive,EVM-TYPES.#range,EVM-TYPES.#lookup.some,EVM-TYPES.#lookup.none,EVM.#memoryUsageUpdate.some,EVM.Cgascap,EVM.Csstore.new,EVM.Csstore.old,EVM.Rsstore.new,EVM.Rsstore.old,EVM.Cextra,EVM.Cmem, --no-exc-wrap --no-alpha-renaming --deterministic-functions --cache-func-optimized --format-failures --boundary-cells k,pc --log-cells k,output,statusCode,localMem,pc,gas,wordStack,callData,accounts,memoryUsed,#pc,#result --smt-prelude /mnt/data0/jon/verified-smart-contracts/resources/evm.smt2  /mnt/data0/jon/verified-smart-contracts/specs/java/erc20/buf/ReputationToken_0x221657776846890989a759BA2973e427DfF5C9bB/transferFrom-failure-1-spec.k
../../resources/kprove.mak:239: recipe for target '/mnt/data0/jon/verified-smart-contracts/specs/java/erc20/buf/ReputationToken_0x221657776846890989a759BA2973e427DfF5C9bB/transferFrom-failure-1-spec.k.test' failed
make: *** [/mnt/data0/jon/verified-smart-contracts/specs/java/erc20/buf/ReputationToken_0x221657776846890989a759BA2973e427DfF5C9bB/transferFrom-failure-1-spec.k.test] Interrupt
make: Entering directory '/mnt/data0/jon/verified-smart-contracts/erc20/ReputationToken_0x221657776846890989a759BA2973e427DfF5C9bB'
/mnt/data0/jon/verified-smart-contracts/.build/k/k-distribution/target/release/k/bin/kprove -v --debug -d /mnt/data0/jon/verified-smart-contracts/erc20/.build/evm-semantics/.build/defn/java -m VERIFICATION --z3-impl-timeout 500 --shutdown-wait-time 5s  --concrete-rules EDSL.#ceil32,EDSL.keccakIntList,EVM-TYPES.#signed.positive,EVM-TYPES.#signed.negative,EVM-TYPES.#unsigned.positive,EVM-TYPES.#unsigned.negative,EVM-TYPES.powmod.nonzero,EVM-TYPES.powmod.zero,EVM-TYPES.signextend.invalid,EVM-TYPES.signextend.negative,EVM-TYPES.signextend.positive,SERIALIZATION.keccak,EVM-TYPES.#take.zero-pad,EVM-TYPES.#asWord.recursive,EVM-TYPES.#asByteStack,EVM-TYPES.#asByteStackAux.recursive,EVM-TYPES.#padToWidth,EVM-TYPES.#padRightToWidth,SERIALIZATION.#newAddr,SERIALIZATION.#newAddrCreate2,EVM-TYPES.mapWriteBytes.recursive,EVM-TYPES.#range,EVM-TYPES.#lookup.some,EVM-TYPES.#lookup.none,EVM.#memoryUsageUpdate.some,EVM.Cgascap,EVM.Csstore.new,EVM.Csstore.old,EVM.Rsstore.new,EVM.Rsstore.old,EVM.Cextra,EVM.Cmem, --no-exc-wrap --no-alpha-renaming --deterministic-functions --cache-func-optimized --format-failures --boundary-cells k,pc --log-cells k,output,statusCode,localMem,pc,gas,wordStack,callData,accounts,memoryUsed,#pc,#result --smt-prelude /mnt/data0/jon/verified-smart-contracts/resources/evm.smt2  /mnt/data0/jon/verified-smart-contracts/specs/java/erc20/buf/ReputationToken_0x221657776846890989a759BA2973e427DfF5C9bB/transferFrom-failure-2-spec.k
../../resources/kprove.mak:239: recipe for target '/mnt/data0/jon/verified-smart-contracts/specs/java/erc20/buf/ReputationToken_0x221657776846890989a759BA2973e427DfF5C9bB/transferFrom-failure-2-spec.k.test' failed
make: *** [/mnt/data0/jon/verified-smart-contracts/specs/java/erc20/buf/ReputationToken_0x221657776846890989a759BA2973e427DfF5C9bB/transferFrom-failure-2-spec.k.test] Interrupt
