make: Entering directory '/mnt/data0/jon/verified-smart-contracts/erc20/RMPL_0xe17f017475a709de58e976081eb916081ff4c9d5'
/mnt/data0/jon/verified-smart-contracts/.build/k/k-distribution/target/release/k/bin/kprove -v --debug -d /mnt/data0/jon/verified-smart-contracts/erc20/.build/evm-semantics/.build/defn/java -m VERIFICATION --z3-impl-timeout 500 --shutdown-wait-time 5s  --concrete-rules EDSL.#ceil32,EDSL.keccakIntList,EVM-TYPES.#signed.positive,EVM-TYPES.#signed.negative,EVM-TYPES.#unsigned.positive,EVM-TYPES.#unsigned.negative,EVM-TYPES.powmod.nonzero,EVM-TYPES.powmod.zero,EVM-TYPES.signextend.invalid,EVM-TYPES.signextend.negative,EVM-TYPES.signextend.positive,SERIALIZATION.keccak,EVM-TYPES.#take.zero-pad,EVM-TYPES.#asWord.recursive,EVM-TYPES.#asByteStack,EVM-TYPES.#asByteStackAux.recursive,EVM-TYPES.#padToWidth,EVM-TYPES.#padRightToWidth,SERIALIZATION.#newAddr,SERIALIZATION.#newAddrCreate2,EVM-TYPES.mapWriteBytes.recursive,EVM-TYPES.#range,EVM-TYPES.#lookup.some,EVM-TYPES.#lookup.none,EVM.#memoryUsageUpdate.some,EVM.Cgascap,EVM.Csstore.new,EVM.Csstore.old,EVM.Rsstore.new,EVM.Rsstore.old,EVM.Cextra,EVM.Cmem, --no-exc-wrap --no-alpha-renaming --deterministic-functions --cache-func-optimized --format-failures --boundary-cells k,pc --log-cells k,output,statusCode,localMem,pc,gas,wordStack,callData,accounts,memoryUsed,#pc,#result --smt-prelude /mnt/data0/jon/verified-smart-contracts/resources/evm.smt2  /mnt/data0/jon/verified-smart-contracts/specs/java/erc20/buf/RMPL_0xe17f017475a709de58e976081eb916081ff4c9d5/totalSupply-spec.k
Picked up _JAVA_OPTIONS: -Xmx16g -Xms1g
Parse command line options                                   =  0.021s
Importing: Source(/mnt/data0/jon/verified-smart-contracts/specs/java/erc20/buf/RMPL_0xe17f017475a709de58e976081eb916081ff4c9d5/totalSupply-spec.k)
Importing: Source(/mnt/data0/jon/verified-smart-contracts/specs/java/erc20/buf/RMPL_0xe17f017475a709de58e976081eb916081ff4c9d5/abstract-semantics-segmented-gas.k)
Importing: Source(/mnt/data0/jon/verified-smart-contracts/specs/java/erc20/buf/RMPL_0xe17f017475a709de58e976081eb916081ff4c9d5/evm-symbolic.k)
Importing: Source(/mnt/data0/jon/verified-smart-contracts/erc20/.build/evm-semantics/.build/defn/java/edsl.k)
Importing: Source(/mnt/data0/jon/verified-smart-contracts/erc20/.build/evm-semantics/.build/defn/java/evm.k)
Importing: Source(/mnt/data0/jon/verified-smart-contracts/erc20/.build/evm-semantics/.build/defn/java/data.k)
Importing: Source(/mnt/data0/jon/verified-smart-contracts/erc20/.build/evm-semantics/.build/defn/java/krypto.k)
Importing: Source(/mnt/data0/jon/verified-smart-contracts/erc20/.build/evm-semantics/.build/defn/java/evm-types.k)
Importing: Source(/mnt/data0/jon/verified-smart-contracts/erc20/.build/evm-semantics/.build/defn/java/json.k)
Importing: Source(/mnt/data0/jon/verified-smart-contracts/erc20/.build/evm-semantics/.build/defn/java/serialization.k)
Importing: Source(/mnt/data0/jon/verified-smart-contracts/erc20/.build/evm-semantics/.build/defn/java/network.k)
Importing: Source(/mnt/data0/jon/verified-smart-contracts/specs/java/erc20/buf/RMPL_0xe17f017475a709de58e976081eb916081ff4c9d5/verification.k)
Importing: Source(/mnt/data0/jon/verified-smart-contracts/specs/java/erc20/buf/RMPL_0xe17f017475a709de58e976081eb916081ff4c9d5/evm-data-map-symbolic.k)
Importing: Source(/mnt/data0/jon/verified-smart-contracts/specs/java/erc20/buf/lemmas-buf.k)
Parse spec modules [0/1256 rules]                            = 23.437s

Parsing finished:   50.289 s

Initialization finished
==================================
Stats for each phase, time, used memory, implicit main GC time percentage:
Total init            :  834.247 s,	13238 MB, gc: 44.641 %
  JVM init            :    0.071 s
  Parsing             :   50.289 s,	 2940 MB, gc:  3.289 %
  Rewriter init       :  783.887 s,	13238 MB, gc: 47.298 %

Init+Execution time:     783.887 s
  query build time                 :    0.024 s,      #          8
  Z3 Function rule implication time:    0.090 s,      #          8
      sat           :       8

  Time and top-level event counts:
  resolveFunctionAndAnywhere time  :  783.687 s,      #        286
    evaluateFunction time            :  783.681 s,      #         48
      builtin evaluation               :           ,      #          6
      function rule                    :           ,      #         11
      no rule applicable               :           ,      #         31
    applyAnywhereRules time          :    0.001 s,      #        138
      no anywhere rules                :           ,      #        138
    remaining time & # cached        :    0.006 s,      #        100
  impliesSMT time                  :    0.118 s,      #          8

  Recursive event counts:
  resolveFunctionAndAnywhere time  :           ,      #   90895072
    evaluateFunction time            :           ,      #   45459769
      builtin evaluation               :           ,      #      73059
      function rule                    :           ,      #   45386631
      no rule applicable               :           ,      #         11
    applyAnywhereRules time          :           ,      #       9761
      no anywhere rules                :           ,      #       9761
    # cached                         :           ,      #   45425542
==================================

../../resources/kprove.mak:239: recipe for target '/mnt/data0/jon/verified-smart-contracts/specs/java/erc20/buf/RMPL_0xe17f017475a709de58e976081eb916081ff4c9d5/totalSupply-spec.k.test' failed
make: *** [/mnt/data0/jon/verified-smart-contracts/specs/java/erc20/buf/RMPL_0xe17f017475a709de58e976081eb916081ff4c9d5/totalSupply-spec.k.test] Terminated
make: Entering directory '/mnt/data0/jon/verified-smart-contracts/erc20/RMPL_0xe17f017475a709de58e976081eb916081ff4c9d5'
/mnt/data0/jon/verified-smart-contracts/.build/k/k-distribution/target/release/k/bin/kprove -v --debug -d /mnt/data0/jon/verified-smart-contracts/erc20/.build/evm-semantics/.build/defn/java -m VERIFICATION --z3-impl-timeout 500 --shutdown-wait-time 5s  --concrete-rules EDSL.#ceil32,EDSL.keccakIntList,EVM-TYPES.#signed.positive,EVM-TYPES.#signed.negative,EVM-TYPES.#unsigned.positive,EVM-TYPES.#unsigned.negative,EVM-TYPES.powmod.nonzero,EVM-TYPES.powmod.zero,EVM-TYPES.signextend.invalid,EVM-TYPES.signextend.negative,EVM-TYPES.signextend.positive,SERIALIZATION.keccak,EVM-TYPES.#take.zero-pad,EVM-TYPES.#asWord.recursive,EVM-TYPES.#asByteStack,EVM-TYPES.#asByteStackAux.recursive,EVM-TYPES.#padToWidth,EVM-TYPES.#padRightToWidth,SERIALIZATION.#newAddr,SERIALIZATION.#newAddrCreate2,EVM-TYPES.mapWriteBytes.recursive,EVM-TYPES.#range,EVM-TYPES.#lookup.some,EVM-TYPES.#lookup.none,EVM.#memoryUsageUpdate.some,EVM.Cgascap,EVM.Csstore.new,EVM.Csstore.old,EVM.Rsstore.new,EVM.Rsstore.old,EVM.Cextra,EVM.Cmem, --no-exc-wrap --no-alpha-renaming --deterministic-functions --cache-func-optimized --format-failures --boundary-cells k,pc --log-cells k,output,statusCode,localMem,pc,gas,wordStack,callData,accounts,memoryUsed,#pc,#result --smt-prelude /mnt/data0/jon/verified-smart-contracts/resources/evm.smt2  /mnt/data0/jon/verified-smart-contracts/specs/java/erc20/buf/RMPL_0xe17f017475a709de58e976081eb916081ff4c9d5/balanceOf-spec.k
Picked up _JAVA_OPTIONS: -Xmx16g -Xms1g
Parse command line options                                   =  0.030s
Importing: Source(/mnt/data0/jon/verified-smart-contracts/specs/java/erc20/buf/RMPL_0xe17f017475a709de58e976081eb916081ff4c9d5/balanceOf-spec.k)
Importing: Source(/mnt/data0/jon/verified-smart-contracts/specs/java/erc20/buf/RMPL_0xe17f017475a709de58e976081eb916081ff4c9d5/abstract-semantics-segmented-gas.k)
Importing: Source(/mnt/data0/jon/verified-smart-contracts/specs/java/erc20/buf/RMPL_0xe17f017475a709de58e976081eb916081ff4c9d5/evm-symbolic.k)
Importing: Source(/mnt/data0/jon/verified-smart-contracts/erc20/.build/evm-semantics/.build/defn/java/edsl.k)
Importing: Source(/mnt/data0/jon/verified-smart-contracts/erc20/.build/evm-semantics/.build/defn/java/evm.k)
Importing: Source(/mnt/data0/jon/verified-smart-contracts/erc20/.build/evm-semantics/.build/defn/java/data.k)
Importing: Source(/mnt/data0/jon/verified-smart-contracts/erc20/.build/evm-semantics/.build/defn/java/krypto.k)
Importing: Source(/mnt/data0/jon/verified-smart-contracts/erc20/.build/evm-semantics/.build/defn/java/evm-types.k)
Importing: Source(/mnt/data0/jon/verified-smart-contracts/erc20/.build/evm-semantics/.build/defn/java/json.k)
Importing: Source(/mnt/data0/jon/verified-smart-contracts/erc20/.build/evm-semantics/.build/defn/java/serialization.k)
Importing: Source(/mnt/data0/jon/verified-smart-contracts/erc20/.build/evm-semantics/.build/defn/java/network.k)
Importing: Source(/mnt/data0/jon/verified-smart-contracts/specs/java/erc20/buf/RMPL_0xe17f017475a709de58e976081eb916081ff4c9d5/verification.k)
Importing: Source(/mnt/data0/jon/verified-smart-contracts/specs/java/erc20/buf/RMPL_0xe17f017475a709de58e976081eb916081ff4c9d5/evm-data-map-symbolic.k)
Importing: Source(/mnt/data0/jon/verified-smart-contracts/specs/java/erc20/buf/lemmas-buf.k)
Parse spec modules [0/1256 rules]                            = 27.281s

Parsing finished:   54.436 s

Initialization finished
==================================
Stats for each phase, time, used memory, implicit main GC time percentage:
Total init            :  823.584 s,	14592 MB, gc: 41.531 %
  JVM init            :    0.080 s
  Parsing             :   54.436 s,	 3008 MB, gc:  3.582 %
  Rewriter init       :  769.068 s,	14592 MB, gc: 44.222 %

Init+Execution time:     769.068 s
  query build time                 :    0.024 s,      #          8
  Z3 Function rule implication time:    0.106 s,      #          8
      sat           :       8

  Time and top-level event counts:
  resolveFunctionAndAnywhere time  :  768.824 s,      #        303
    evaluateFunction time            :  768.820 s,      #         56
      builtin evaluation               :           ,      #          7
      function rule                    :           ,      #         11
      no rule applicable               :           ,      #         38
    applyAnywhereRules time          :    0.000 s,      #        141
      no anywhere rules                :           ,      #        141
    remaining time & # cached        :    0.003 s,      #        106
  impliesSMT time                  :    0.133 s,      #          8

  Recursive event counts:
  resolveFunctionAndAnywhere time  :           ,      #   90895093
    evaluateFunction time            :           ,      #   45459785
      builtin evaluation               :           ,      #      73060
      function rule                    :           ,      #   45386642
      no rule applicable               :           ,      #         15
    applyAnywhereRules time          :           ,      #       9767
      no anywhere rules                :           ,      #       9767
    # cached                         :           ,      #   45425541
==================================

../../resources/kprove.mak:239: recipe for target '/mnt/data0/jon/verified-smart-contracts/specs/java/erc20/buf/RMPL_0xe17f017475a709de58e976081eb916081ff4c9d5/balanceOf-spec.k.test' failed
make: *** [/mnt/data0/jon/verified-smart-contracts/specs/java/erc20/buf/RMPL_0xe17f017475a709de58e976081eb916081ff4c9d5/balanceOf-spec.k.test] Terminated
make: Entering directory '/mnt/data0/jon/verified-smart-contracts/erc20/RMPL_0xe17f017475a709de58e976081eb916081ff4c9d5'
/mnt/data0/jon/verified-smart-contracts/.build/k/k-distribution/target/release/k/bin/kprove -v --debug -d /mnt/data0/jon/verified-smart-contracts/erc20/.build/evm-semantics/.build/defn/java -m VERIFICATION --z3-impl-timeout 500 --shutdown-wait-time 5s  --concrete-rules EDSL.#ceil32,EDSL.keccakIntList,EVM-TYPES.#signed.positive,EVM-TYPES.#signed.negative,EVM-TYPES.#unsigned.positive,EVM-TYPES.#unsigned.negative,EVM-TYPES.powmod.nonzero,EVM-TYPES.powmod.zero,EVM-TYPES.signextend.invalid,EVM-TYPES.signextend.negative,EVM-TYPES.signextend.positive,SERIALIZATION.keccak,EVM-TYPES.#take.zero-pad,EVM-TYPES.#asWord.recursive,EVM-TYPES.#asByteStack,EVM-TYPES.#asByteStackAux.recursive,EVM-TYPES.#padToWidth,EVM-TYPES.#padRightToWidth,SERIALIZATION.#newAddr,SERIALIZATION.#newAddrCreate2,EVM-TYPES.mapWriteBytes.recursive,EVM-TYPES.#range,EVM-TYPES.#lookup.some,EVM-TYPES.#lookup.none,EVM.#memoryUsageUpdate.some,EVM.Cgascap,EVM.Csstore.new,EVM.Csstore.old,EVM.Rsstore.new,EVM.Rsstore.old,EVM.Cextra,EVM.Cmem, --no-exc-wrap --no-alpha-renaming --deterministic-functions --cache-func-optimized --format-failures --boundary-cells k,pc --log-cells k,output,statusCode,localMem,pc,gas,wordStack,callData,accounts,memoryUsed,#pc,#result --smt-prelude /mnt/data0/jon/verified-smart-contracts/resources/evm.smt2  /mnt/data0/jon/verified-smart-contracts/specs/java/erc20/buf/RMPL_0xe17f017475a709de58e976081eb916081ff4c9d5/allowance-spec.k
Picked up _JAVA_OPTIONS: -Xmx16g -Xms1g
Parse command line options                                   =  0.034s
Importing: Source(/mnt/data0/jon/verified-smart-contracts/specs/java/erc20/buf/RMPL_0xe17f017475a709de58e976081eb916081ff4c9d5/allowance-spec.k)
Importing: Source(/mnt/data0/jon/verified-smart-contracts/specs/java/erc20/buf/RMPL_0xe17f017475a709de58e976081eb916081ff4c9d5/abstract-semantics-segmented-gas.k)
Importing: Source(/mnt/data0/jon/verified-smart-contracts/specs/java/erc20/buf/RMPL_0xe17f017475a709de58e976081eb916081ff4c9d5/evm-symbolic.k)
Importing: Source(/mnt/data0/jon/verified-smart-contracts/erc20/.build/evm-semantics/.build/defn/java/edsl.k)
Importing: Source(/mnt/data0/jon/verified-smart-contracts/erc20/.build/evm-semantics/.build/defn/java/evm.k)
Importing: Source(/mnt/data0/jon/verified-smart-contracts/erc20/.build/evm-semantics/.build/defn/java/data.k)
Importing: Source(/mnt/data0/jon/verified-smart-contracts/erc20/.build/evm-semantics/.build/defn/java/krypto.k)
Importing: Source(/mnt/data0/jon/verified-smart-contracts/erc20/.build/evm-semantics/.build/defn/java/evm-types.k)
Importing: Source(/mnt/data0/jon/verified-smart-contracts/erc20/.build/evm-semantics/.build/defn/java/json.k)
Importing: Source(/mnt/data0/jon/verified-smart-contracts/erc20/.build/evm-semantics/.build/defn/java/serialization.k)
Importing: Source(/mnt/data0/jon/verified-smart-contracts/erc20/.build/evm-semantics/.build/defn/java/network.k)
Importing: Source(/mnt/data0/jon/verified-smart-contracts/specs/java/erc20/buf/RMPL_0xe17f017475a709de58e976081eb916081ff4c9d5/verification.k)
Importing: Source(/mnt/data0/jon/verified-smart-contracts/specs/java/erc20/buf/RMPL_0xe17f017475a709de58e976081eb916081ff4c9d5/evm-data-map-symbolic.k)
Importing: Source(/mnt/data0/jon/verified-smart-contracts/specs/java/erc20/buf/lemmas-buf.k)
Parse spec modules [0/1256 rules]                            = 24.994s

Parsing finished:   53.503 s
../../resources/kprove.mak:239: recipe for target '/mnt/data0/jon/verified-smart-contracts/specs/java/erc20/buf/RMPL_0xe17f017475a709de58e976081eb916081ff4c9d5/allowance-spec.k.test' failed
make: *** [/mnt/data0/jon/verified-smart-contracts/specs/java/erc20/buf/RMPL_0xe17f017475a709de58e976081eb916081ff4c9d5/allowance-spec.k.test] Terminated
make: Entering directory '/mnt/data0/jon/verified-smart-contracts/erc20/RMPL_0xe17f017475a709de58e976081eb916081ff4c9d5'
/mnt/data0/jon/verified-smart-contracts/.build/k/k-distribution/target/release/k/bin/kprove -v --debug -d /mnt/data0/jon/verified-smart-contracts/erc20/.build/evm-semantics/.build/defn/java -m VERIFICATION --z3-impl-timeout 500 --shutdown-wait-time 5s  --concrete-rules EDSL.#ceil32,EDSL.keccakIntList,EVM-TYPES.#signed.positive,EVM-TYPES.#signed.negative,EVM-TYPES.#unsigned.positive,EVM-TYPES.#unsigned.negative,EVM-TYPES.powmod.nonzero,EVM-TYPES.powmod.zero,EVM-TYPES.signextend.invalid,EVM-TYPES.signextend.negative,EVM-TYPES.signextend.positive,SERIALIZATION.keccak,EVM-TYPES.#take.zero-pad,EVM-TYPES.#asWord.recursive,EVM-TYPES.#asByteStack,EVM-TYPES.#asByteStackAux.recursive,EVM-TYPES.#padToWidth,EVM-TYPES.#padRightToWidth,SERIALIZATION.#newAddr,SERIALIZATION.#newAddrCreate2,EVM-TYPES.mapWriteBytes.recursive,EVM-TYPES.#range,EVM-TYPES.#lookup.some,EVM-TYPES.#lookup.none,EVM.#memoryUsageUpdate.some,EVM.Cgascap,EVM.Csstore.new,EVM.Csstore.old,EVM.Rsstore.new,EVM.Rsstore.old,EVM.Cextra,EVM.Cmem, --no-exc-wrap --no-alpha-renaming --deterministic-functions --cache-func-optimized --format-failures --boundary-cells k,pc --log-cells k,output,statusCode,localMem,pc,gas,wordStack,callData,accounts,memoryUsed,#pc,#result --smt-prelude /mnt/data0/jon/verified-smart-contracts/resources/evm.smt2  /mnt/data0/jon/verified-smart-contracts/specs/java/erc20/buf/RMPL_0xe17f017475a709de58e976081eb916081ff4c9d5/approve-spec.k
Picked up _JAVA_OPTIONS: -Xmx16g -Xms1g
Parse command line options                                   =  0.030s
Importing: Source(/mnt/data0/jon/verified-smart-contracts/specs/java/erc20/buf/RMPL_0xe17f017475a709de58e976081eb916081ff4c9d5/approve-spec.k)
Importing: Source(/mnt/data0/jon/verified-smart-contracts/specs/java/erc20/buf/RMPL_0xe17f017475a709de58e976081eb916081ff4c9d5/abstract-semantics-segmented-gas.k)
Importing: Source(/mnt/data0/jon/verified-smart-contracts/specs/java/erc20/buf/RMPL_0xe17f017475a709de58e976081eb916081ff4c9d5/evm-symbolic.k)
Importing: Source(/mnt/data0/jon/verified-smart-contracts/erc20/.build/evm-semantics/.build/defn/java/edsl.k)
Importing: Source(/mnt/data0/jon/verified-smart-contracts/erc20/.build/evm-semantics/.build/defn/java/evm.k)
Importing: Source(/mnt/data0/jon/verified-smart-contracts/erc20/.build/evm-semantics/.build/defn/java/data.k)
Importing: Source(/mnt/data0/jon/verified-smart-contracts/erc20/.build/evm-semantics/.build/defn/java/krypto.k)
Importing: Source(/mnt/data0/jon/verified-smart-contracts/erc20/.build/evm-semantics/.build/defn/java/evm-types.k)
Importing: Source(/mnt/data0/jon/verified-smart-contracts/erc20/.build/evm-semantics/.build/defn/java/json.k)
Importing: Source(/mnt/data0/jon/verified-smart-contracts/erc20/.build/evm-semantics/.build/defn/java/serialization.k)
Importing: Source(/mnt/data0/jon/verified-smart-contracts/erc20/.build/evm-semantics/.build/defn/java/network.k)
Importing: Source(/mnt/data0/jon/verified-smart-contracts/specs/java/erc20/buf/RMPL_0xe17f017475a709de58e976081eb916081ff4c9d5/verification.k)
Importing: Source(/mnt/data0/jon/verified-smart-contracts/specs/java/erc20/buf/RMPL_0xe17f017475a709de58e976081eb916081ff4c9d5/evm-data-map-symbolic.k)
Importing: Source(/mnt/data0/jon/verified-smart-contracts/specs/java/erc20/buf/lemmas-buf.k)
Parse spec modules [0/1256 rules]                            = 31.977s

Parsing finished:   67.372 s

Initialization finished
==================================
Stats for each phase, time, used memory, implicit main GC time percentage:
Total init            :  749.385 s,	13949 MB, gc: 44.058 %
  JVM init            :    0.090 s
  Parsing             :   67.372 s,	 2948 MB, gc:  2.707 %
  Rewriter init       :  681.924 s,	13949 MB, gc: 48.149 %

Init+Execution time:     681.924 s
  query build time                 :    0.018 s,      #          8
  Z3 Function rule implication time:    0.100 s,      #          8
      sat           :       8

  Time and top-level event counts:
  resolveFunctionAndAnywhere time  :  681.648 s,      #        271
    evaluateFunction time            :  681.640 s,      #         47
      builtin evaluation               :           ,      #          9
      function rule                    :           ,      #         10
      no rule applicable               :           ,      #         28
    applyAnywhereRules time          :    0.001 s,      #        147
      no anywhere rules                :           ,      #        147
    remaining time & # cached        :    0.008 s,      #         77
  impliesSMT time                  :    0.121 s,      #          8

  Recursive event counts:
  resolveFunctionAndAnywhere time  :           ,      #   90895338
    evaluateFunction time            :           ,      #   45459847
      builtin evaluation               :           ,      #      73073
      function rule                    :           ,      #   45386689
      no rule applicable               :           ,      #         17
    applyAnywhereRules time          :           ,      #       9797
      no anywhere rules                :           ,      #       9797
    # cached                         :           ,      #   45425694
==================================

../../resources/kprove.mak:239: recipe for target '/mnt/data0/jon/verified-smart-contracts/specs/java/erc20/buf/RMPL_0xe17f017475a709de58e976081eb916081ff4c9d5/approve-spec.k.test' failed
make: *** [/mnt/data0/jon/verified-smart-contracts/specs/java/erc20/buf/RMPL_0xe17f017475a709de58e976081eb916081ff4c9d5/approve-spec.k.test] Terminated
make: Entering directory '/mnt/data0/jon/verified-smart-contracts/erc20/RMPL_0xe17f017475a709de58e976081eb916081ff4c9d5'
/mnt/data0/jon/verified-smart-contracts/.build/k/k-distribution/target/release/k/bin/kprove -v --debug -d /mnt/data0/jon/verified-smart-contracts/erc20/.build/evm-semantics/.build/defn/java -m VERIFICATION --z3-impl-timeout 500 --shutdown-wait-time 5s  --concrete-rules EDSL.#ceil32,EDSL.keccakIntList,EVM-TYPES.#signed.positive,EVM-TYPES.#signed.negative,EVM-TYPES.#unsigned.positive,EVM-TYPES.#unsigned.negative,EVM-TYPES.powmod.nonzero,EVM-TYPES.powmod.zero,EVM-TYPES.signextend.invalid,EVM-TYPES.signextend.negative,EVM-TYPES.signextend.positive,SERIALIZATION.keccak,EVM-TYPES.#take.zero-pad,EVM-TYPES.#asWord.recursive,EVM-TYPES.#asByteStack,EVM-TYPES.#asByteStackAux.recursive,EVM-TYPES.#padToWidth,EVM-TYPES.#padRightToWidth,SERIALIZATION.#newAddr,SERIALIZATION.#newAddrCreate2,EVM-TYPES.mapWriteBytes.recursive,EVM-TYPES.#range,EVM-TYPES.#lookup.some,EVM-TYPES.#lookup.none,EVM.#memoryUsageUpdate.some,EVM.Cgascap,EVM.Csstore.new,EVM.Csstore.old,EVM.Rsstore.new,EVM.Rsstore.old,EVM.Cextra,EVM.Cmem, --no-exc-wrap --no-alpha-renaming --deterministic-functions --cache-func-optimized --format-failures --boundary-cells k,pc --log-cells k,output,statusCode,localMem,pc,gas,wordStack,callData,accounts,memoryUsed,#pc,#result --smt-prelude /mnt/data0/jon/verified-smart-contracts/resources/evm.smt2  /mnt/data0/jon/verified-smart-contracts/specs/java/erc20/buf/RMPL_0xe17f017475a709de58e976081eb916081ff4c9d5/transfer-success-1-spec.k
Picked up _JAVA_OPTIONS: -Xmx16g -Xms1g
Parse command line options                                   =  0.022s
Importing: Source(/mnt/data0/jon/verified-smart-contracts/specs/java/erc20/buf/RMPL_0xe17f017475a709de58e976081eb916081ff4c9d5/transfer-success-1-spec.k)
Importing: Source(/mnt/data0/jon/verified-smart-contracts/specs/java/erc20/buf/RMPL_0xe17f017475a709de58e976081eb916081ff4c9d5/abstract-semantics-segmented-gas.k)
Importing: Source(/mnt/data0/jon/verified-smart-contracts/specs/java/erc20/buf/RMPL_0xe17f017475a709de58e976081eb916081ff4c9d5/evm-symbolic.k)
Importing: Source(/mnt/data0/jon/verified-smart-contracts/erc20/.build/evm-semantics/.build/defn/java/edsl.k)
Importing: Source(/mnt/data0/jon/verified-smart-contracts/erc20/.build/evm-semantics/.build/defn/java/evm.k)
Importing: Source(/mnt/data0/jon/verified-smart-contracts/erc20/.build/evm-semantics/.build/defn/java/data.k)
Importing: Source(/mnt/data0/jon/verified-smart-contracts/erc20/.build/evm-semantics/.build/defn/java/krypto.k)
Importing: Source(/mnt/data0/jon/verified-smart-contracts/erc20/.build/evm-semantics/.build/defn/java/evm-types.k)
Importing: Source(/mnt/data0/jon/verified-smart-contracts/erc20/.build/evm-semantics/.build/defn/java/json.k)
Importing: Source(/mnt/data0/jon/verified-smart-contracts/erc20/.build/evm-semantics/.build/defn/java/serialization.k)
Importing: Source(/mnt/data0/jon/verified-smart-contracts/erc20/.build/evm-semantics/.build/defn/java/network.k)
Importing: Source(/mnt/data0/jon/verified-smart-contracts/specs/java/erc20/buf/RMPL_0xe17f017475a709de58e976081eb916081ff4c9d5/verification.k)
Importing: Source(/mnt/data0/jon/verified-smart-contracts/specs/java/erc20/buf/RMPL_0xe17f017475a709de58e976081eb916081ff4c9d5/evm-data-map-symbolic.k)
Importing: Source(/mnt/data0/jon/verified-smart-contracts/specs/java/erc20/buf/lemmas-buf.k)
Parse spec modules [0/1256 rules]                            = 23.767s

Parsing finished:   55.873 s

Initialization finished
==================================
Stats for each phase, time, used memory, implicit main GC time percentage:
Total init            :  728.267 s,	13009 MB, gc: 44.233 %
  JVM init            :    0.084 s
  Parsing             :   55.873 s,	 2754 MB, gc:  3.417 %
  Rewriter init       :  672.310 s,	13009 MB, gc: 47.631 %

Init+Execution time:     672.310 s
  query build time                 :    0.024 s,      #          8
  Z3 Function rule implication time:    0.099 s,      #          8
      sat           :       8

  Time and top-level event counts:
  resolveFunctionAndAnywhere time  :  672.067 s,      #        320
    evaluateFunction time            :  672.060 s,      #         90
      builtin evaluation               :           ,      #          9
      function rule                    :           ,      #         16
      no rule applicable               :           ,      #         65
    applyAnywhereRules time          :    0.000 s,      #        150
      no anywhere rules                :           ,      #        150
    remaining time & # cached        :    0.006 s,      #         80
  impliesSMT time                  :    0.125 s,      #          8

  Recursive event counts:
  resolveFunctionAndAnywhere time  :           ,      #   90895359
    evaluateFunction time            :           ,      #   45459864
      builtin evaluation               :           ,      #      73076
      function rule                    :           ,      #   45386695
      no rule applicable               :           ,      #         25
    applyAnywhereRules time          :           ,      #       9800
      no anywhere rules                :           ,      #       9800
    # cached                         :           ,      #   45425695
==================================

../../resources/kprove.mak:239: recipe for target '/mnt/data0/jon/verified-smart-contracts/specs/java/erc20/buf/RMPL_0xe17f017475a709de58e976081eb916081ff4c9d5/transfer-success-1-spec.k.test' failed
make: *** [/mnt/data0/jon/verified-smart-contracts/specs/java/erc20/buf/RMPL_0xe17f017475a709de58e976081eb916081ff4c9d5/transfer-success-1-spec.k.test] Terminated
make: Entering directory '/mnt/data0/jon/verified-smart-contracts/erc20/RMPL_0xe17f017475a709de58e976081eb916081ff4c9d5'
/mnt/data0/jon/verified-smart-contracts/.build/k/k-distribution/target/release/k/bin/kprove -v --debug -d /mnt/data0/jon/verified-smart-contracts/erc20/.build/evm-semantics/.build/defn/java -m VERIFICATION --z3-impl-timeout 500 --shutdown-wait-time 5s  --concrete-rules EDSL.#ceil32,EDSL.keccakIntList,EVM-TYPES.#signed.positive,EVM-TYPES.#signed.negative,EVM-TYPES.#unsigned.positive,EVM-TYPES.#unsigned.negative,EVM-TYPES.powmod.nonzero,EVM-TYPES.powmod.zero,EVM-TYPES.signextend.invalid,EVM-TYPES.signextend.negative,EVM-TYPES.signextend.positive,SERIALIZATION.keccak,EVM-TYPES.#take.zero-pad,EVM-TYPES.#asWord.recursive,EVM-TYPES.#asByteStack,EVM-TYPES.#asByteStackAux.recursive,EVM-TYPES.#padToWidth,EVM-TYPES.#padRightToWidth,SERIALIZATION.#newAddr,SERIALIZATION.#newAddrCreate2,EVM-TYPES.mapWriteBytes.recursive,EVM-TYPES.#range,EVM-TYPES.#lookup.some,EVM-TYPES.#lookup.none,EVM.#memoryUsageUpdate.some,EVM.Cgascap,EVM.Csstore.new,EVM.Csstore.old,EVM.Rsstore.new,EVM.Rsstore.old,EVM.Cextra,EVM.Cmem, --no-exc-wrap --no-alpha-renaming --deterministic-functions --cache-func-optimized --format-failures --boundary-cells k,pc --log-cells k,output,statusCode,localMem,pc,gas,wordStack,callData,accounts,memoryUsed,#pc,#result --smt-prelude /mnt/data0/jon/verified-smart-contracts/resources/evm.smt2  /mnt/data0/jon/verified-smart-contracts/specs/java/erc20/buf/RMPL_0xe17f017475a709de58e976081eb916081ff4c9d5/transfer-success-2-spec.k
Picked up _JAVA_OPTIONS: -Xmx16g -Xms1g
Parse command line options                                   =  0.032s
Importing: Source(/mnt/data0/jon/verified-smart-contracts/specs/java/erc20/buf/RMPL_0xe17f017475a709de58e976081eb916081ff4c9d5/transfer-success-2-spec.k)
Importing: Source(/mnt/data0/jon/verified-smart-contracts/specs/java/erc20/buf/RMPL_0xe17f017475a709de58e976081eb916081ff4c9d5/abstract-semantics-segmented-gas.k)
Importing: Source(/mnt/data0/jon/verified-smart-contracts/specs/java/erc20/buf/RMPL_0xe17f017475a709de58e976081eb916081ff4c9d5/evm-symbolic.k)
Importing: Source(/mnt/data0/jon/verified-smart-contracts/erc20/.build/evm-semantics/.build/defn/java/edsl.k)
Importing: Source(/mnt/data0/jon/verified-smart-contracts/erc20/.build/evm-semantics/.build/defn/java/evm.k)
Importing: Source(/mnt/data0/jon/verified-smart-contracts/erc20/.build/evm-semantics/.build/defn/java/data.k)
Importing: Source(/mnt/data0/jon/verified-smart-contracts/erc20/.build/evm-semantics/.build/defn/java/krypto.k)
Importing: Source(/mnt/data0/jon/verified-smart-contracts/erc20/.build/evm-semantics/.build/defn/java/evm-types.k)
Importing: Source(/mnt/data0/jon/verified-smart-contracts/erc20/.build/evm-semantics/.build/defn/java/json.k)
Importing: Source(/mnt/data0/jon/verified-smart-contracts/erc20/.build/evm-semantics/.build/defn/java/serialization.k)
Importing: Source(/mnt/data0/jon/verified-smart-contracts/erc20/.build/evm-semantics/.build/defn/java/network.k)
Importing: Source(/mnt/data0/jon/verified-smart-contracts/specs/java/erc20/buf/RMPL_0xe17f017475a709de58e976081eb916081ff4c9d5/verification.k)
Importing: Source(/mnt/data0/jon/verified-smart-contracts/specs/java/erc20/buf/RMPL_0xe17f017475a709de58e976081eb916081ff4c9d5/evm-data-map-symbolic.k)
Importing: Source(/mnt/data0/jon/verified-smart-contracts/specs/java/erc20/buf/lemmas-buf.k)
Parse spec modules [0/1256 rules]                            = 24.569s

Parsing finished:   52.501 s

Initialization finished
==================================
Stats for each phase, time, used memory, implicit main GC time percentage:
Total init            :  808.772 s,	12374 MB, gc: 51.612 %
  JVM init            :    0.082 s
  Parsing             :   52.501 s,	 3727 MB, gc:  3.204 %
  Rewriter init       :  756.189 s,	12374 MB, gc: 54.978 %

Init+Execution time:     756.189 s
  query build time                 :    0.021 s,      #          8
  Z3 Function rule implication time:    0.085 s,      #          8
      sat           :       8

  Time and top-level event counts:
  resolveFunctionAndAnywhere time  :  755.970 s,      #        437
    evaluateFunction time            :  755.964 s,      #         72
      builtin evaluation               :           ,      #          7
      function rule                    :           ,      #         14
      no rule applicable               :           ,      #         51
    applyAnywhereRules time          :    0.000 s,      #        145
      no anywhere rules                :           ,      #        145
    remaining time & # cached        :    0.006 s,      #        220
  impliesSMT time                  :    0.110 s,      #          8

  Recursive event counts:
  resolveFunctionAndAnywhere time  :           ,      #   90904857
    evaluateFunction time            :           ,      #   45459855
      builtin evaluation               :           ,      #      73073
      function rule                    :           ,      #   45386692
      no rule applicable               :           ,      #         22
    applyAnywhereRules time          :           ,      #       9799
      no anywhere rules                :           ,      #       9799
    # cached                         :           ,      #   45435203
==================================

../../resources/kprove.mak:239: recipe for target '/mnt/data0/jon/verified-smart-contracts/specs/java/erc20/buf/RMPL_0xe17f017475a709de58e976081eb916081ff4c9d5/transfer-success-2-spec.k.test' failed
make: *** [/mnt/data0/jon/verified-smart-contracts/specs/java/erc20/buf/RMPL_0xe17f017475a709de58e976081eb916081ff4c9d5/transfer-success-2-spec.k.test] Terminated
make: Entering directory '/mnt/data0/jon/verified-smart-contracts/erc20/RMPL_0xe17f017475a709de58e976081eb916081ff4c9d5'
/mnt/data0/jon/verified-smart-contracts/.build/k/k-distribution/target/release/k/bin/kprove -v --debug -d /mnt/data0/jon/verified-smart-contracts/erc20/.build/evm-semantics/.build/defn/java -m VERIFICATION --z3-impl-timeout 500 --shutdown-wait-time 5s  --concrete-rules EDSL.#ceil32,EDSL.keccakIntList,EVM-TYPES.#signed.positive,EVM-TYPES.#signed.negative,EVM-TYPES.#unsigned.positive,EVM-TYPES.#unsigned.negative,EVM-TYPES.powmod.nonzero,EVM-TYPES.powmod.zero,EVM-TYPES.signextend.invalid,EVM-TYPES.signextend.negative,EVM-TYPES.signextend.positive,SERIALIZATION.keccak,EVM-TYPES.#take.zero-pad,EVM-TYPES.#asWord.recursive,EVM-TYPES.#asByteStack,EVM-TYPES.#asByteStackAux.recursive,EVM-TYPES.#padToWidth,EVM-TYPES.#padRightToWidth,SERIALIZATION.#newAddr,SERIALIZATION.#newAddrCreate2,EVM-TYPES.mapWriteBytes.recursive,EVM-TYPES.#range,EVM-TYPES.#lookup.some,EVM-TYPES.#lookup.none,EVM.#memoryUsageUpdate.some,EVM.Cgascap,EVM.Csstore.new,EVM.Csstore.old,EVM.Rsstore.new,EVM.Rsstore.old,EVM.Cextra,EVM.Cmem, --no-exc-wrap --no-alpha-renaming --deterministic-functions --cache-func-optimized --format-failures --boundary-cells k,pc --log-cells k,output,statusCode,localMem,pc,gas,wordStack,callData,accounts,memoryUsed,#pc,#result --smt-prelude /mnt/data0/jon/verified-smart-contracts/resources/evm.smt2  /mnt/data0/jon/verified-smart-contracts/specs/java/erc20/buf/RMPL_0xe17f017475a709de58e976081eb916081ff4c9d5/transfer-failure-1-spec.k
Picked up _JAVA_OPTIONS: -Xmx16g -Xms1g
Parse command line options                                   =  0.030s
Importing: Source(/mnt/data0/jon/verified-smart-contracts/specs/java/erc20/buf/RMPL_0xe17f017475a709de58e976081eb916081ff4c9d5/transfer-failure-1-spec.k)
Importing: Source(/mnt/data0/jon/verified-smart-contracts/specs/java/erc20/buf/RMPL_0xe17f017475a709de58e976081eb916081ff4c9d5/abstract-semantics-segmented-gas.k)
Importing: Source(/mnt/data0/jon/verified-smart-contracts/specs/java/erc20/buf/RMPL_0xe17f017475a709de58e976081eb916081ff4c9d5/evm-symbolic.k)
Importing: Source(/mnt/data0/jon/verified-smart-contracts/erc20/.build/evm-semantics/.build/defn/java/edsl.k)
Importing: Source(/mnt/data0/jon/verified-smart-contracts/erc20/.build/evm-semantics/.build/defn/java/evm.k)
Importing: Source(/mnt/data0/jon/verified-smart-contracts/erc20/.build/evm-semantics/.build/defn/java/data.k)
Importing: Source(/mnt/data0/jon/verified-smart-contracts/erc20/.build/evm-semantics/.build/defn/java/krypto.k)
Importing: Source(/mnt/data0/jon/verified-smart-contracts/erc20/.build/evm-semantics/.build/defn/java/evm-types.k)
Importing: Source(/mnt/data0/jon/verified-smart-contracts/erc20/.build/evm-semantics/.build/defn/java/json.k)
Importing: Source(/mnt/data0/jon/verified-smart-contracts/erc20/.build/evm-semantics/.build/defn/java/serialization.k)
Importing: Source(/mnt/data0/jon/verified-smart-contracts/erc20/.build/evm-semantics/.build/defn/java/network.k)
Importing: Source(/mnt/data0/jon/verified-smart-contracts/specs/java/erc20/buf/RMPL_0xe17f017475a709de58e976081eb916081ff4c9d5/verification.k)
Importing: Source(/mnt/data0/jon/verified-smart-contracts/specs/java/erc20/buf/RMPL_0xe17f017475a709de58e976081eb916081ff4c9d5/evm-data-map-symbolic.k)
Importing: Source(/mnt/data0/jon/verified-smart-contracts/specs/java/erc20/buf/lemmas-buf.k)
Parse spec modules [0/1256 rules]                            = 24.359s

Parsing finished:   51.478 s

Initialization finished
==================================
Stats for each phase, time, used memory, implicit main GC time percentage:
Total init            :  817.928 s,	12454 MB, gc: 49.364 %
  JVM init            :    0.078 s
  Parsing             :   51.478 s,	 3107 MB, gc:  4.371 %
  Rewriter init       :  766.372 s,	12454 MB, gc: 52.391 %

Init+Execution time:     766.372 s
  query build time                 :    0.022 s,      #          8
  Z3 Function rule implication time:    0.082 s,      #          8
      sat           :       8

  Time and top-level event counts:
  resolveFunctionAndAnywhere time  :  766.105 s,      #        322
    evaluateFunction time            :  766.100 s,      #         92
      builtin evaluation               :           ,      #          9
      function rule                    :           ,      #         17
      no rule applicable               :           ,      #         66
    applyAnywhereRules time          :    0.000 s,      #        150
      no anywhere rules                :           ,      #        150
    remaining time & # cached        :    0.005 s,      #         80
  impliesSMT time                  :    0.107 s,      #          8

  Recursive event counts:
  resolveFunctionAndAnywhere time  :           ,      #   90895144
    evaluateFunction time            :           ,      #   45459817
      builtin evaluation               :           ,      #      73066
      function rule                    :           ,      #   45386656
      no rule applicable               :           ,      #         27
    applyAnywhereRules time          :           ,      #       9768
      no anywhere rules                :           ,      #       9768
    # cached                         :           ,      #   45425559
==================================

../../resources/kprove.mak:239: recipe for target '/mnt/data0/jon/verified-smart-contracts/specs/java/erc20/buf/RMPL_0xe17f017475a709de58e976081eb916081ff4c9d5/transfer-failure-1-spec.k.test' failed
make: *** [/mnt/data0/jon/verified-smart-contracts/specs/java/erc20/buf/RMPL_0xe17f017475a709de58e976081eb916081ff4c9d5/transfer-failure-1-spec.k.test] Terminated
make: Entering directory '/mnt/data0/jon/verified-smart-contracts/erc20/RMPL_0xe17f017475a709de58e976081eb916081ff4c9d5'
/mnt/data0/jon/verified-smart-contracts/.build/k/k-distribution/target/release/k/bin/kprove -v --debug -d /mnt/data0/jon/verified-smart-contracts/erc20/.build/evm-semantics/.build/defn/java -m VERIFICATION --z3-impl-timeout 500 --shutdown-wait-time 5s  --concrete-rules EDSL.#ceil32,EDSL.keccakIntList,EVM-TYPES.#signed.positive,EVM-TYPES.#signed.negative,EVM-TYPES.#unsigned.positive,EVM-TYPES.#unsigned.negative,EVM-TYPES.powmod.nonzero,EVM-TYPES.powmod.zero,EVM-TYPES.signextend.invalid,EVM-TYPES.signextend.negative,EVM-TYPES.signextend.positive,SERIALIZATION.keccak,EVM-TYPES.#take.zero-pad,EVM-TYPES.#asWord.recursive,EVM-TYPES.#asByteStack,EVM-TYPES.#asByteStackAux.recursive,EVM-TYPES.#padToWidth,EVM-TYPES.#padRightToWidth,SERIALIZATION.#newAddr,SERIALIZATION.#newAddrCreate2,EVM-TYPES.mapWriteBytes.recursive,EVM-TYPES.#range,EVM-TYPES.#lookup.some,EVM-TYPES.#lookup.none,EVM.#memoryUsageUpdate.some,EVM.Cgascap,EVM.Csstore.new,EVM.Csstore.old,EVM.Rsstore.new,EVM.Rsstore.old,EVM.Cextra,EVM.Cmem, --no-exc-wrap --no-alpha-renaming --deterministic-functions --cache-func-optimized --format-failures --boundary-cells k,pc --log-cells k,output,statusCode,localMem,pc,gas,wordStack,callData,accounts,memoryUsed,#pc,#result --smt-prelude /mnt/data0/jon/verified-smart-contracts/resources/evm.smt2  /mnt/data0/jon/verified-smart-contracts/specs/java/erc20/buf/RMPL_0xe17f017475a709de58e976081eb916081ff4c9d5/transfer-failure-2-spec.k
Picked up _JAVA_OPTIONS: -Xmx16g -Xms1g
Parse command line options                                   =  0.030s
Importing: Source(/mnt/data0/jon/verified-smart-contracts/specs/java/erc20/buf/RMPL_0xe17f017475a709de58e976081eb916081ff4c9d5/transfer-failure-2-spec.k)
Importing: Source(/mnt/data0/jon/verified-smart-contracts/specs/java/erc20/buf/RMPL_0xe17f017475a709de58e976081eb916081ff4c9d5/abstract-semantics-segmented-gas.k)
Importing: Source(/mnt/data0/jon/verified-smart-contracts/specs/java/erc20/buf/RMPL_0xe17f017475a709de58e976081eb916081ff4c9d5/evm-symbolic.k)
Importing: Source(/mnt/data0/jon/verified-smart-contracts/erc20/.build/evm-semantics/.build/defn/java/edsl.k)
Importing: Source(/mnt/data0/jon/verified-smart-contracts/erc20/.build/evm-semantics/.build/defn/java/evm.k)
Importing: Source(/mnt/data0/jon/verified-smart-contracts/erc20/.build/evm-semantics/.build/defn/java/data.k)
Importing: Source(/mnt/data0/jon/verified-smart-contracts/erc20/.build/evm-semantics/.build/defn/java/krypto.k)
Importing: Source(/mnt/data0/jon/verified-smart-contracts/erc20/.build/evm-semantics/.build/defn/java/evm-types.k)
Importing: Source(/mnt/data0/jon/verified-smart-contracts/erc20/.build/evm-semantics/.build/defn/java/json.k)
Importing: Source(/mnt/data0/jon/verified-smart-contracts/erc20/.build/evm-semantics/.build/defn/java/serialization.k)
Importing: Source(/mnt/data0/jon/verified-smart-contracts/erc20/.build/evm-semantics/.build/defn/java/network.k)
Importing: Source(/mnt/data0/jon/verified-smart-contracts/specs/java/erc20/buf/RMPL_0xe17f017475a709de58e976081eb916081ff4c9d5/verification.k)
Importing: Source(/mnt/data0/jon/verified-smart-contracts/specs/java/erc20/buf/RMPL_0xe17f017475a709de58e976081eb916081ff4c9d5/evm-data-map-symbolic.k)
Importing: Source(/mnt/data0/jon/verified-smart-contracts/specs/java/erc20/buf/lemmas-buf.k)
Parse spec modules [0/1256 rules]                            = 25.079s

Parsing finished:   52.587 s

Initialization finished
==================================
Stats for each phase, time, used memory, implicit main GC time percentage:
Total init            :  786.414 s,	11963 MB, gc: 44.878 %
  JVM init            :    0.078 s
  Parsing             :   52.587 s,	 2451 MB, gc:  3.984 %
  Rewriter init       :  733.749 s,	11963 MB, gc: 47.814 %

Init+Execution time:     733.749 s
  query build time                 :    0.019 s,      #          8
  Z3 Function rule implication time:    0.080 s,      #          8
      sat           :       8

  Time and top-level event counts:
  resolveFunctionAndAnywhere time  :  733.538 s,      #        405
    evaluateFunction time            :  733.533 s,      #         73
      builtin evaluation               :           ,      #          9
      function rule                    :           ,      #         14
      no rule applicable               :           ,      #         50
    applyAnywhereRules time          :    0.000 s,      #        149
      no anywhere rules                :           ,      #        149
    remaining time & # cached        :    0.005 s,      #        183
  impliesSMT time                  :    0.102 s,      #          8

  Recursive event counts:
  resolveFunctionAndAnywhere time  :           ,      #   90904655
    evaluateFunction time            :           ,      #   45459807
      builtin evaluation               :           ,      #      73063
      function rule                    :           ,      #   45386653
      no rule applicable               :           ,      #         23
    applyAnywhereRules time          :           ,      #       9767
      no anywhere rules                :           ,      #       9767
    # cached                         :           ,      #   45435081
==================================

../../resources/kprove.mak:239: recipe for target '/mnt/data0/jon/verified-smart-contracts/specs/java/erc20/buf/RMPL_0xe17f017475a709de58e976081eb916081ff4c9d5/transfer-failure-2-spec.k.test' failed
make: *** [/mnt/data0/jon/verified-smart-contracts/specs/java/erc20/buf/RMPL_0xe17f017475a709de58e976081eb916081ff4c9d5/transfer-failure-2-spec.k.test] Terminated
make: Entering directory '/mnt/data0/jon/verified-smart-contracts/erc20/RMPL_0xe17f017475a709de58e976081eb916081ff4c9d5'
/mnt/data0/jon/verified-smart-contracts/.build/k/k-distribution/target/release/k/bin/kprove -v --debug -d /mnt/data0/jon/verified-smart-contracts/erc20/.build/evm-semantics/.build/defn/java -m VERIFICATION --z3-impl-timeout 500 --shutdown-wait-time 5s  --concrete-rules EDSL.#ceil32,EDSL.keccakIntList,EVM-TYPES.#signed.positive,EVM-TYPES.#signed.negative,EVM-TYPES.#unsigned.positive,EVM-TYPES.#unsigned.negative,EVM-TYPES.powmod.nonzero,EVM-TYPES.powmod.zero,EVM-TYPES.signextend.invalid,EVM-TYPES.signextend.negative,EVM-TYPES.signextend.positive,SERIALIZATION.keccak,EVM-TYPES.#take.zero-pad,EVM-TYPES.#asWord.recursive,EVM-TYPES.#asByteStack,EVM-TYPES.#asByteStackAux.recursive,EVM-TYPES.#padToWidth,EVM-TYPES.#padRightToWidth,SERIALIZATION.#newAddr,SERIALIZATION.#newAddrCreate2,EVM-TYPES.mapWriteBytes.recursive,EVM-TYPES.#range,EVM-TYPES.#lookup.some,EVM-TYPES.#lookup.none,EVM.#memoryUsageUpdate.some,EVM.Cgascap,EVM.Csstore.new,EVM.Csstore.old,EVM.Rsstore.new,EVM.Rsstore.old,EVM.Cextra,EVM.Cmem, --no-exc-wrap --no-alpha-renaming --deterministic-functions --cache-func-optimized --format-failures --boundary-cells k,pc --log-cells k,output,statusCode,localMem,pc,gas,wordStack,callData,accounts,memoryUsed,#pc,#result --smt-prelude /mnt/data0/jon/verified-smart-contracts/resources/evm.smt2  /mnt/data0/jon/verified-smart-contracts/specs/java/erc20/buf/RMPL_0xe17f017475a709de58e976081eb916081ff4c9d5/transferFrom-success-1-spec.k
Picked up _JAVA_OPTIONS: -Xmx16g -Xms1g
Parse command line options                                   =  0.023s
Importing: Source(/mnt/data0/jon/verified-smart-contracts/specs/java/erc20/buf/RMPL_0xe17f017475a709de58e976081eb916081ff4c9d5/transferFrom-success-1-spec.k)
Importing: Source(/mnt/data0/jon/verified-smart-contracts/specs/java/erc20/buf/RMPL_0xe17f017475a709de58e976081eb916081ff4c9d5/abstract-semantics-segmented-gas.k)
Importing: Source(/mnt/data0/jon/verified-smart-contracts/specs/java/erc20/buf/RMPL_0xe17f017475a709de58e976081eb916081ff4c9d5/evm-symbolic.k)
Importing: Source(/mnt/data0/jon/verified-smart-contracts/erc20/.build/evm-semantics/.build/defn/java/edsl.k)
Importing: Source(/mnt/data0/jon/verified-smart-contracts/erc20/.build/evm-semantics/.build/defn/java/evm.k)
Importing: Source(/mnt/data0/jon/verified-smart-contracts/erc20/.build/evm-semantics/.build/defn/java/data.k)
Importing: Source(/mnt/data0/jon/verified-smart-contracts/erc20/.build/evm-semantics/.build/defn/java/krypto.k)
Importing: Source(/mnt/data0/jon/verified-smart-contracts/erc20/.build/evm-semantics/.build/defn/java/evm-types.k)
Importing: Source(/mnt/data0/jon/verified-smart-contracts/erc20/.build/evm-semantics/.build/defn/java/json.k)
Importing: Source(/mnt/data0/jon/verified-smart-contracts/erc20/.build/evm-semantics/.build/defn/java/serialization.k)
Importing: Source(/mnt/data0/jon/verified-smart-contracts/erc20/.build/evm-semantics/.build/defn/java/network.k)
Importing: Source(/mnt/data0/jon/verified-smart-contracts/specs/java/erc20/buf/RMPL_0xe17f017475a709de58e976081eb916081ff4c9d5/verification.k)
Importing: Source(/mnt/data0/jon/verified-smart-contracts/specs/java/erc20/buf/RMPL_0xe17f017475a709de58e976081eb916081ff4c9d5/evm-data-map-symbolic.k)
Importing: Source(/mnt/data0/jon/verified-smart-contracts/specs/java/erc20/buf/lemmas-buf.k)
Parse spec modules [0/1256 rules]                            = 26.874s

Parsing finished:   57.958 s

Initialization finished
==================================
Stats for each phase, time, used memory, implicit main GC time percentage:
Total init            :  709.394 s,	12013 MB, gc: 38.885 %
  JVM init            :    0.092 s
  Parsing             :   57.958 s,	 2650 MB, gc:  2.862 %
  Rewriter init       :  651.344 s,	12013 MB, gc: 42.096 %

Init+Execution time:     651.344 s
  query build time                 :    0.026 s,      #          8
  Z3 Function rule implication time:    0.116 s,      #          8
      sat           :       8

  Time and top-level event counts:
  resolveFunctionAndAnywhere time  :  650.980 s,      #        359
    evaluateFunction time            :  650.972 s,      #        117
      builtin evaluation               :           ,      #          9
      function rule                    :           ,      #         20
      no rule applicable               :           ,      #         88
    applyAnywhereRules time          :    0.001 s,      #        154
      no anywhere rules                :           ,      #        154
    remaining time & # cached        :    0.008 s,      #         88
  impliesSMT time                  :    0.146 s,      #          8

  Recursive event counts:
  resolveFunctionAndAnywhere time  :           ,      #   90895417
    evaluateFunction time            :           ,      #   45459911
      builtin evaluation               :           ,      #      73083
      function rule                    :           ,      #   45386721
      no rule applicable               :           ,      #         39
    applyAnywhereRules time          :           ,      #       9804
      no anywhere rules                :           ,      #       9804
    # cached                         :           ,      #   45425702
==================================

../../resources/kprove.mak:239: recipe for target '/mnt/data0/jon/verified-smart-contracts/specs/java/erc20/buf/RMPL_0xe17f017475a709de58e976081eb916081ff4c9d5/transferFrom-success-1-spec.k.test' failed
make: *** [/mnt/data0/jon/verified-smart-contracts/specs/java/erc20/buf/RMPL_0xe17f017475a709de58e976081eb916081ff4c9d5/transferFrom-success-1-spec.k.test] Terminated
make: Entering directory '/mnt/data0/jon/verified-smart-contracts/erc20/RMPL_0xe17f017475a709de58e976081eb916081ff4c9d5'
/mnt/data0/jon/verified-smart-contracts/.build/k/k-distribution/target/release/k/bin/kprove -v --debug -d /mnt/data0/jon/verified-smart-contracts/erc20/.build/evm-semantics/.build/defn/java -m VERIFICATION --z3-impl-timeout 500 --shutdown-wait-time 5s  --concrete-rules EDSL.#ceil32,EDSL.keccakIntList,EVM-TYPES.#signed.positive,EVM-TYPES.#signed.negative,EVM-TYPES.#unsigned.positive,EVM-TYPES.#unsigned.negative,EVM-TYPES.powmod.nonzero,EVM-TYPES.powmod.zero,EVM-TYPES.signextend.invalid,EVM-TYPES.signextend.negative,EVM-TYPES.signextend.positive,SERIALIZATION.keccak,EVM-TYPES.#take.zero-pad,EVM-TYPES.#asWord.recursive,EVM-TYPES.#asByteStack,EVM-TYPES.#asByteStackAux.recursive,EVM-TYPES.#padToWidth,EVM-TYPES.#padRightToWidth,SERIALIZATION.#newAddr,SERIALIZATION.#newAddrCreate2,EVM-TYPES.mapWriteBytes.recursive,EVM-TYPES.#range,EVM-TYPES.#lookup.some,EVM-TYPES.#lookup.none,EVM.#memoryUsageUpdate.some,EVM.Cgascap,EVM.Csstore.new,EVM.Csstore.old,EVM.Rsstore.new,EVM.Rsstore.old,EVM.Cextra,EVM.Cmem, --no-exc-wrap --no-alpha-renaming --deterministic-functions --cache-func-optimized --format-failures --boundary-cells k,pc --log-cells k,output,statusCode,localMem,pc,gas,wordStack,callData,accounts,memoryUsed,#pc,#result --smt-prelude /mnt/data0/jon/verified-smart-contracts/resources/evm.smt2  /mnt/data0/jon/verified-smart-contracts/specs/java/erc20/buf/RMPL_0xe17f017475a709de58e976081eb916081ff4c9d5/transferFrom-success-2-spec.k
Picked up _JAVA_OPTIONS: -Xmx16g -Xms1g
Parse command line options                                   =  0.022s
Importing: Source(/mnt/data0/jon/verified-smart-contracts/specs/java/erc20/buf/RMPL_0xe17f017475a709de58e976081eb916081ff4c9d5/transferFrom-success-2-spec.k)
Importing: Source(/mnt/data0/jon/verified-smart-contracts/specs/java/erc20/buf/RMPL_0xe17f017475a709de58e976081eb916081ff4c9d5/abstract-semantics-segmented-gas.k)
Importing: Source(/mnt/data0/jon/verified-smart-contracts/specs/java/erc20/buf/RMPL_0xe17f017475a709de58e976081eb916081ff4c9d5/evm-symbolic.k)
Importing: Source(/mnt/data0/jon/verified-smart-contracts/erc20/.build/evm-semantics/.build/defn/java/edsl.k)
Importing: Source(/mnt/data0/jon/verified-smart-contracts/erc20/.build/evm-semantics/.build/defn/java/evm.k)
Importing: Source(/mnt/data0/jon/verified-smart-contracts/erc20/.build/evm-semantics/.build/defn/java/data.k)
Importing: Source(/mnt/data0/jon/verified-smart-contracts/erc20/.build/evm-semantics/.build/defn/java/krypto.k)
Importing: Source(/mnt/data0/jon/verified-smart-contracts/erc20/.build/evm-semantics/.build/defn/java/evm-types.k)
Importing: Source(/mnt/data0/jon/verified-smart-contracts/erc20/.build/evm-semantics/.build/defn/java/json.k)
Importing: Source(/mnt/data0/jon/verified-smart-contracts/erc20/.build/evm-semantics/.build/defn/java/serialization.k)
Importing: Source(/mnt/data0/jon/verified-smart-contracts/erc20/.build/evm-semantics/.build/defn/java/network.k)
Importing: Source(/mnt/data0/jon/verified-smart-contracts/specs/java/erc20/buf/RMPL_0xe17f017475a709de58e976081eb916081ff4c9d5/verification.k)
Importing: Source(/mnt/data0/jon/verified-smart-contracts/specs/java/erc20/buf/RMPL_0xe17f017475a709de58e976081eb916081ff4c9d5/evm-data-map-symbolic.k)
Importing: Source(/mnt/data0/jon/verified-smart-contracts/specs/java/erc20/buf/lemmas-buf.k)
Parse spec modules [0/1256 rules]                            = 22.660s

Parsing finished:   49.860 s

Initialization finished
==================================
Stats for each phase, time, used memory, implicit main GC time percentage:
Total init            :  829.264 s,	12034 MB, gc: 50.036 %
  JVM init            :    0.086 s
  Parsing             :   49.860 s,	 3376 MB, gc:  3.333 %
  Rewriter init       :  779.318 s,	12034 MB, gc: 53.029 %

Init+Execution time:     779.318 s
  query build time                 :    0.026 s,      #          8
  Z3 Function rule implication time:    0.114 s,      #          8
      sat           :       8

  Time and top-level event counts:
  resolveFunctionAndAnywhere time  :  779.077 s,      #        475
    evaluateFunction time            :  779.069 s,      #        100
      builtin evaluation               :           ,      #          9
      function rule                    :           ,      #         16
      no rule applicable               :           ,      #         75
    applyAnywhereRules time          :    0.001 s,      #        152
      no anywhere rules                :           ,      #        152
    remaining time & # cached        :    0.007 s,      #        223
  impliesSMT time                  :    0.144 s,      #          8

  Recursive event counts:
  resolveFunctionAndAnywhere time  :           ,      #   90904896
    evaluateFunction time            :           ,      #   45459868
      builtin evaluation               :           ,      #      73075
      function rule                    :           ,      #   45386699
      no rule applicable               :           ,      #         26
    applyAnywhereRules time          :           ,      #       9803
      no anywhere rules                :           ,      #       9803
    # cached                         :           ,      #   45435225
==================================

../../resources/kprove.mak:239: recipe for target '/mnt/data0/jon/verified-smart-contracts/specs/java/erc20/buf/RMPL_0xe17f017475a709de58e976081eb916081ff4c9d5/transferFrom-success-2-spec.k.test' failed
make: *** [/mnt/data0/jon/verified-smart-contracts/specs/java/erc20/buf/RMPL_0xe17f017475a709de58e976081eb916081ff4c9d5/transferFrom-success-2-spec.k.test] Terminated
make: Entering directory '/mnt/data0/jon/verified-smart-contracts/erc20/RMPL_0xe17f017475a709de58e976081eb916081ff4c9d5'
/mnt/data0/jon/verified-smart-contracts/.build/k/k-distribution/target/release/k/bin/kprove -v --debug -d /mnt/data0/jon/verified-smart-contracts/erc20/.build/evm-semantics/.build/defn/java -m VERIFICATION --z3-impl-timeout 500 --shutdown-wait-time 5s  --concrete-rules EDSL.#ceil32,EDSL.keccakIntList,EVM-TYPES.#signed.positive,EVM-TYPES.#signed.negative,EVM-TYPES.#unsigned.positive,EVM-TYPES.#unsigned.negative,EVM-TYPES.powmod.nonzero,EVM-TYPES.powmod.zero,EVM-TYPES.signextend.invalid,EVM-TYPES.signextend.negative,EVM-TYPES.signextend.positive,SERIALIZATION.keccak,EVM-TYPES.#take.zero-pad,EVM-TYPES.#asWord.recursive,EVM-TYPES.#asByteStack,EVM-TYPES.#asByteStackAux.recursive,EVM-TYPES.#padToWidth,EVM-TYPES.#padRightToWidth,SERIALIZATION.#newAddr,SERIALIZATION.#newAddrCreate2,EVM-TYPES.mapWriteBytes.recursive,EVM-TYPES.#range,EVM-TYPES.#lookup.some,EVM-TYPES.#lookup.none,EVM.#memoryUsageUpdate.some,EVM.Cgascap,EVM.Csstore.new,EVM.Csstore.old,EVM.Rsstore.new,EVM.Rsstore.old,EVM.Cextra,EVM.Cmem, --no-exc-wrap --no-alpha-renaming --deterministic-functions --cache-func-optimized --format-failures --boundary-cells k,pc --log-cells k,output,statusCode,localMem,pc,gas,wordStack,callData,accounts,memoryUsed,#pc,#result --smt-prelude /mnt/data0/jon/verified-smart-contracts/resources/evm.smt2  /mnt/data0/jon/verified-smart-contracts/specs/java/erc20/buf/RMPL_0xe17f017475a709de58e976081eb916081ff4c9d5/transferFrom-failure-1-spec.k
Picked up _JAVA_OPTIONS: -Xmx16g -Xms1g
Parse command line options                                   =  0.031s
Importing: Source(/mnt/data0/jon/verified-smart-contracts/specs/java/erc20/buf/RMPL_0xe17f017475a709de58e976081eb916081ff4c9d5/transferFrom-failure-1-spec.k)
Importing: Source(/mnt/data0/jon/verified-smart-contracts/specs/java/erc20/buf/RMPL_0xe17f017475a709de58e976081eb916081ff4c9d5/abstract-semantics-segmented-gas.k)
Importing: Source(/mnt/data0/jon/verified-smart-contracts/specs/java/erc20/buf/RMPL_0xe17f017475a709de58e976081eb916081ff4c9d5/evm-symbolic.k)
Importing: Source(/mnt/data0/jon/verified-smart-contracts/erc20/.build/evm-semantics/.build/defn/java/edsl.k)
Importing: Source(/mnt/data0/jon/verified-smart-contracts/erc20/.build/evm-semantics/.build/defn/java/evm.k)
Importing: Source(/mnt/data0/jon/verified-smart-contracts/erc20/.build/evm-semantics/.build/defn/java/data.k)
Importing: Source(/mnt/data0/jon/verified-smart-contracts/erc20/.build/evm-semantics/.build/defn/java/krypto.k)
Importing: Source(/mnt/data0/jon/verified-smart-contracts/erc20/.build/evm-semantics/.build/defn/java/evm-types.k)
Importing: Source(/mnt/data0/jon/verified-smart-contracts/erc20/.build/evm-semantics/.build/defn/java/json.k)
Importing: Source(/mnt/data0/jon/verified-smart-contracts/erc20/.build/evm-semantics/.build/defn/java/serialization.k)
Importing: Source(/mnt/data0/jon/verified-smart-contracts/erc20/.build/evm-semantics/.build/defn/java/network.k)
Importing: Source(/mnt/data0/jon/verified-smart-contracts/specs/java/erc20/buf/RMPL_0xe17f017475a709de58e976081eb916081ff4c9d5/verification.k)
Importing: Source(/mnt/data0/jon/verified-smart-contracts/specs/java/erc20/buf/RMPL_0xe17f017475a709de58e976081eb916081ff4c9d5/evm-data-map-symbolic.k)
Importing: Source(/mnt/data0/jon/verified-smart-contracts/specs/java/erc20/buf/lemmas-buf.k)
Parse spec modules [0/1256 rules]                            = 24.266s

Parsing finished:   55.110 s

Initialization finished
==================================
Stats for each phase, time, used memory, implicit main GC time percentage:
Total init            :  817.561 s,	12242 MB, gc: 50.514 %
  JVM init            :    0.081 s
  Parsing             :   55.110 s,	 1466 MB, gc:  4.930 %
  Rewriter init       :  762.369 s,	12242 MB, gc: 53.814 %

Init+Execution time:     762.369 s
  query build time                 :    0.022 s,      #          8
  Z3 Function rule implication time:    0.105 s,      #          8
      sat           :       8

  Time and top-level event counts:
  resolveFunctionAndAnywhere time  :  762.136 s,      #        358
    evaluateFunction time            :  762.129 s,      #        120
      builtin evaluation               :           ,      #          9
      function rule                    :           ,      #         20
      no rule applicable               :           ,      #         91
    applyAnywhereRules time          :    0.000 s,      #        154
      no anywhere rules                :           ,      #        154
    remaining time & # cached        :    0.007 s,      #         84
  impliesSMT time                  :    0.129 s,      #          8

  Recursive event counts:
  resolveFunctionAndAnywhere time  :           ,      #   90895176
    evaluateFunction time            :           ,      #   45459840
      builtin evaluation               :           ,      #      73068
      function rule                    :           ,      #   45386669
      no rule applicable               :           ,      #         35
    applyAnywhereRules time          :           ,      #       9772
      no anywhere rules                :           ,      #       9772
    # cached                         :           ,      #   45425564
==================================

../../resources/kprove.mak:239: recipe for target '/mnt/data0/jon/verified-smart-contracts/specs/java/erc20/buf/RMPL_0xe17f017475a709de58e976081eb916081ff4c9d5/transferFrom-failure-1-spec.k.test' failed
make: *** [/mnt/data0/jon/verified-smart-contracts/specs/java/erc20/buf/RMPL_0xe17f017475a709de58e976081eb916081ff4c9d5/transferFrom-failure-1-spec.k.test] Terminated
make: Entering directory '/mnt/data0/jon/verified-smart-contracts/erc20/RMPL_0xe17f017475a709de58e976081eb916081ff4c9d5'
/mnt/data0/jon/verified-smart-contracts/.build/k/k-distribution/target/release/k/bin/kprove -v --debug -d /mnt/data0/jon/verified-smart-contracts/erc20/.build/evm-semantics/.build/defn/java -m VERIFICATION --z3-impl-timeout 500 --shutdown-wait-time 5s  --concrete-rules EDSL.#ceil32,EDSL.keccakIntList,EVM-TYPES.#signed.positive,EVM-TYPES.#signed.negative,EVM-TYPES.#unsigned.positive,EVM-TYPES.#unsigned.negative,EVM-TYPES.powmod.nonzero,EVM-TYPES.powmod.zero,EVM-TYPES.signextend.invalid,EVM-TYPES.signextend.negative,EVM-TYPES.signextend.positive,SERIALIZATION.keccak,EVM-TYPES.#take.zero-pad,EVM-TYPES.#asWord.recursive,EVM-TYPES.#asByteStack,EVM-TYPES.#asByteStackAux.recursive,EVM-TYPES.#padToWidth,EVM-TYPES.#padRightToWidth,SERIALIZATION.#newAddr,SERIALIZATION.#newAddrCreate2,EVM-TYPES.mapWriteBytes.recursive,EVM-TYPES.#range,EVM-TYPES.#lookup.some,EVM-TYPES.#lookup.none,EVM.#memoryUsageUpdate.some,EVM.Cgascap,EVM.Csstore.new,EVM.Csstore.old,EVM.Rsstore.new,EVM.Rsstore.old,EVM.Cextra,EVM.Cmem, --no-exc-wrap --no-alpha-renaming --deterministic-functions --cache-func-optimized --format-failures --boundary-cells k,pc --log-cells k,output,statusCode,localMem,pc,gas,wordStack,callData,accounts,memoryUsed,#pc,#result --smt-prelude /mnt/data0/jon/verified-smart-contracts/resources/evm.smt2  /mnt/data0/jon/verified-smart-contracts/specs/java/erc20/buf/RMPL_0xe17f017475a709de58e976081eb916081ff4c9d5/transferFrom-failure-2-spec.k
Picked up _JAVA_OPTIONS: -Xmx16g -Xms1g
Parse command line options                                   =  0.033s
Importing: Source(/mnt/data0/jon/verified-smart-contracts/specs/java/erc20/buf/RMPL_0xe17f017475a709de58e976081eb916081ff4c9d5/transferFrom-failure-2-spec.k)
Importing: Source(/mnt/data0/jon/verified-smart-contracts/specs/java/erc20/buf/RMPL_0xe17f017475a709de58e976081eb916081ff4c9d5/abstract-semantics-segmented-gas.k)
Importing: Source(/mnt/data0/jon/verified-smart-contracts/specs/java/erc20/buf/RMPL_0xe17f017475a709de58e976081eb916081ff4c9d5/evm-symbolic.k)
Importing: Source(/mnt/data0/jon/verified-smart-contracts/erc20/.build/evm-semantics/.build/defn/java/edsl.k)
Importing: Source(/mnt/data0/jon/verified-smart-contracts/erc20/.build/evm-semantics/.build/defn/java/evm.k)
Importing: Source(/mnt/data0/jon/verified-smart-contracts/erc20/.build/evm-semantics/.build/defn/java/data.k)
Importing: Source(/mnt/data0/jon/verified-smart-contracts/erc20/.build/evm-semantics/.build/defn/java/krypto.k)
Importing: Source(/mnt/data0/jon/verified-smart-contracts/erc20/.build/evm-semantics/.build/defn/java/evm-types.k)
Importing: Source(/mnt/data0/jon/verified-smart-contracts/erc20/.build/evm-semantics/.build/defn/java/json.k)
Importing: Source(/mnt/data0/jon/verified-smart-contracts/erc20/.build/evm-semantics/.build/defn/java/serialization.k)
Importing: Source(/mnt/data0/jon/verified-smart-contracts/erc20/.build/evm-semantics/.build/defn/java/network.k)
Importing: Source(/mnt/data0/jon/verified-smart-contracts/specs/java/erc20/buf/RMPL_0xe17f017475a709de58e976081eb916081ff4c9d5/verification.k)
Importing: Source(/mnt/data0/jon/verified-smart-contracts/specs/java/erc20/buf/RMPL_0xe17f017475a709de58e976081eb916081ff4c9d5/evm-data-map-symbolic.k)
Importing: Source(/mnt/data0/jon/verified-smart-contracts/specs/java/erc20/buf/lemmas-buf.k)
Parse spec modules [0/1256 rules]                            = 24.206s

Parsing finished:   51.835 s

Initialization finished
==================================
Stats for each phase, time, used memory, implicit main GC time percentage:
Total init            :  750.046 s,	12051 MB, gc: 45.791 %
  JVM init            :    0.061 s
  Parsing             :   51.835 s,	 3768 MB, gc:  2.942 %
  Rewriter init       :  698.150 s,	12051 MB, gc: 48.976 %

Init+Execution time:     698.150 s
  query build time                 :    0.020 s,      #          8
  Z3 Function rule implication time:    0.082 s,      #          8
      sat           :       8

  Time and top-level event counts:
  resolveFunctionAndAnywhere time  :  697.873 s,      #        444
    evaluateFunction time            :  697.865 s,      #        102
      builtin evaluation               :           ,      #          9
      function rule                    :           ,      #         17
      no rule applicable               :           ,      #         76
    applyAnywhereRules time          :    0.000 s,      #        152
      no anywhere rules                :           ,      #        152
    remaining time & # cached        :    0.007 s,      #        190
  impliesSMT time                  :    0.105 s,      #          8

  Recursive event counts:
  resolveFunctionAndAnywhere time  :           ,      #   90904681
    evaluateFunction time            :           ,      #   45459821
      builtin evaluation               :           ,      #      73065
      function rule                    :           ,      #   45386660
      no rule applicable               :           ,      #         28
    applyAnywhereRules time          :           ,      #       9771
      no anywhere rules                :           ,      #       9771
    # cached                         :           ,      #   45435089
==================================

../../resources/kprove.mak:239: recipe for target '/mnt/data0/jon/verified-smart-contracts/specs/java/erc20/buf/RMPL_0xe17f017475a709de58e976081eb916081ff4c9d5/transferFrom-failure-2-spec.k.test' failed
make: *** [/mnt/data0/jon/verified-smart-contracts/specs/java/erc20/buf/RMPL_0xe17f017475a709de58e976081eb916081ff4c9d5/transferFrom-failure-2-spec.k.test] Terminated
