make: Entering directory '/mnt/data0/jon/verified-smart-contracts/erc20/THECASH_0xcd475371e39c0d94e82fccc9dd0ea710d0dc0c0b'
/mnt/data0/jon/verified-smart-contracts/.build/k/k-distribution/target/release/k/bin/kprove -v --debug -d /mnt/data0/jon/verified-smart-contracts/erc20/.build/evm-semantics/.build/defn/java -m VERIFICATION --z3-impl-timeout 500 --shutdown-wait-time 5s  --concrete-rules EDSL.#ceil32,EDSL.keccakIntList,EVM-TYPES.#signed.positive,EVM-TYPES.#signed.negative,EVM-TYPES.#unsigned.positive,EVM-TYPES.#unsigned.negative,EVM-TYPES.powmod.nonzero,EVM-TYPES.powmod.zero,EVM-TYPES.signextend.invalid,EVM-TYPES.signextend.negative,EVM-TYPES.signextend.positive,SERIALIZATION.keccak,EVM-TYPES.#take.zero-pad,EVM-TYPES.#asWord.recursive,EVM-TYPES.#asByteStack,EVM-TYPES.#asByteStackAux.recursive,EVM-TYPES.#padToWidth,EVM-TYPES.#padRightToWidth,SERIALIZATION.#newAddr,SERIALIZATION.#newAddrCreate2,EVM-TYPES.mapWriteBytes.recursive,EVM-TYPES.#range,EVM-TYPES.#lookup.some,EVM-TYPES.#lookup.none,EVM.#memoryUsageUpdate.some,EVM.Cgascap,EVM.Csstore.new,EVM.Csstore.old,EVM.Rsstore.new,EVM.Rsstore.old,EVM.Cextra,EVM.Cmem, --no-exc-wrap --no-alpha-renaming --deterministic-functions --cache-func-optimized --format-failures --boundary-cells k,pc --log-cells k,output,statusCode,localMem,pc,gas,wordStack,callData,accounts,memoryUsed,#pc,#result --smt-prelude /mnt/data0/jon/verified-smart-contracts/resources/evm.smt2  /mnt/data0/jon/verified-smart-contracts/specs/java/erc20/buf/THECASH_0xcd475371e39c0d94e82fccc9dd0ea710d0dc0c0b/totalSupply-spec.k
Picked up _JAVA_OPTIONS: -Xmx16g -Xms1g
Parse command line options                                   =  0.030s
Importing: Source(/mnt/data0/jon/verified-smart-contracts/specs/java/erc20/buf/THECASH_0xcd475371e39c0d94e82fccc9dd0ea710d0dc0c0b/totalSupply-spec.k)
Importing: Source(/mnt/data0/jon/verified-smart-contracts/specs/java/erc20/buf/THECASH_0xcd475371e39c0d94e82fccc9dd0ea710d0dc0c0b/abstract-semantics-segmented-gas.k)
Importing: Source(/mnt/data0/jon/verified-smart-contracts/specs/java/erc20/buf/THECASH_0xcd475371e39c0d94e82fccc9dd0ea710d0dc0c0b/evm-symbolic.k)
Importing: Source(/mnt/data0/jon/verified-smart-contracts/erc20/.build/evm-semantics/.build/defn/java/edsl.k)
Importing: Source(/mnt/data0/jon/verified-smart-contracts/erc20/.build/evm-semantics/.build/defn/java/evm.k)
Importing: Source(/mnt/data0/jon/verified-smart-contracts/erc20/.build/evm-semantics/.build/defn/java/data.k)
Importing: Source(/mnt/data0/jon/verified-smart-contracts/erc20/.build/evm-semantics/.build/defn/java/krypto.k)
Importing: Source(/mnt/data0/jon/verified-smart-contracts/erc20/.build/evm-semantics/.build/defn/java/evm-types.k)
Importing: Source(/mnt/data0/jon/verified-smart-contracts/erc20/.build/evm-semantics/.build/defn/java/json.k)
Importing: Source(/mnt/data0/jon/verified-smart-contracts/erc20/.build/evm-semantics/.build/defn/java/serialization.k)
Importing: Source(/mnt/data0/jon/verified-smart-contracts/erc20/.build/evm-semantics/.build/defn/java/network.k)
Importing: Source(/mnt/data0/jon/verified-smart-contracts/specs/java/erc20/buf/THECASH_0xcd475371e39c0d94e82fccc9dd0ea710d0dc0c0b/verification.k)
Importing: Source(/mnt/data0/jon/verified-smart-contracts/specs/java/erc20/buf/THECASH_0xcd475371e39c0d94e82fccc9dd0ea710d0dc0c0b/evm-data-map-symbolic.k)
Importing: Source(/mnt/data0/jon/verified-smart-contracts/specs/java/erc20/buf/lemmas-buf.k)
Parse spec modules [0/1256 rules]                            = 23.469s

Parsing finished:   55.386 s
../../resources/kprove.mak:239: recipe for target '/mnt/data0/jon/verified-smart-contracts/specs/java/erc20/buf/THECASH_0xcd475371e39c0d94e82fccc9dd0ea710d0dc0c0b/totalSupply-spec.k.test' failed
make: *** [/mnt/data0/jon/verified-smart-contracts/specs/java/erc20/buf/THECASH_0xcd475371e39c0d94e82fccc9dd0ea710d0dc0c0b/totalSupply-spec.k.test] Terminated
make: Entering directory '/mnt/data0/jon/verified-smart-contracts/erc20/THECASH_0xcd475371e39c0d94e82fccc9dd0ea710d0dc0c0b'
/mnt/data0/jon/verified-smart-contracts/.build/k/k-distribution/target/release/k/bin/kprove -v --debug -d /mnt/data0/jon/verified-smart-contracts/erc20/.build/evm-semantics/.build/defn/java -m VERIFICATION --z3-impl-timeout 500 --shutdown-wait-time 5s  --concrete-rules EDSL.#ceil32,EDSL.keccakIntList,EVM-TYPES.#signed.positive,EVM-TYPES.#signed.negative,EVM-TYPES.#unsigned.positive,EVM-TYPES.#unsigned.negative,EVM-TYPES.powmod.nonzero,EVM-TYPES.powmod.zero,EVM-TYPES.signextend.invalid,EVM-TYPES.signextend.negative,EVM-TYPES.signextend.positive,SERIALIZATION.keccak,EVM-TYPES.#take.zero-pad,EVM-TYPES.#asWord.recursive,EVM-TYPES.#asByteStack,EVM-TYPES.#asByteStackAux.recursive,EVM-TYPES.#padToWidth,EVM-TYPES.#padRightToWidth,SERIALIZATION.#newAddr,SERIALIZATION.#newAddrCreate2,EVM-TYPES.mapWriteBytes.recursive,EVM-TYPES.#range,EVM-TYPES.#lookup.some,EVM-TYPES.#lookup.none,EVM.#memoryUsageUpdate.some,EVM.Cgascap,EVM.Csstore.new,EVM.Csstore.old,EVM.Rsstore.new,EVM.Rsstore.old,EVM.Cextra,EVM.Cmem, --no-exc-wrap --no-alpha-renaming --deterministic-functions --cache-func-optimized --format-failures --boundary-cells k,pc --log-cells k,output,statusCode,localMem,pc,gas,wordStack,callData,accounts,memoryUsed,#pc,#result --smt-prelude /mnt/data0/jon/verified-smart-contracts/resources/evm.smt2  /mnt/data0/jon/verified-smart-contracts/specs/java/erc20/buf/THECASH_0xcd475371e39c0d94e82fccc9dd0ea710d0dc0c0b/balanceOf-spec.k
Picked up _JAVA_OPTIONS: -Xmx16g -Xms1g
Parse command line options                                   =  0.030s
Importing: Source(/mnt/data0/jon/verified-smart-contracts/specs/java/erc20/buf/THECASH_0xcd475371e39c0d94e82fccc9dd0ea710d0dc0c0b/balanceOf-spec.k)
Importing: Source(/mnt/data0/jon/verified-smart-contracts/specs/java/erc20/buf/THECASH_0xcd475371e39c0d94e82fccc9dd0ea710d0dc0c0b/abstract-semantics-segmented-gas.k)
Importing: Source(/mnt/data0/jon/verified-smart-contracts/specs/java/erc20/buf/THECASH_0xcd475371e39c0d94e82fccc9dd0ea710d0dc0c0b/evm-symbolic.k)
Importing: Source(/mnt/data0/jon/verified-smart-contracts/erc20/.build/evm-semantics/.build/defn/java/edsl.k)
Importing: Source(/mnt/data0/jon/verified-smart-contracts/erc20/.build/evm-semantics/.build/defn/java/evm.k)
Importing: Source(/mnt/data0/jon/verified-smart-contracts/erc20/.build/evm-semantics/.build/defn/java/data.k)
Importing: Source(/mnt/data0/jon/verified-smart-contracts/erc20/.build/evm-semantics/.build/defn/java/krypto.k)
Importing: Source(/mnt/data0/jon/verified-smart-contracts/erc20/.build/evm-semantics/.build/defn/java/evm-types.k)
Importing: Source(/mnt/data0/jon/verified-smart-contracts/erc20/.build/evm-semantics/.build/defn/java/json.k)
Importing: Source(/mnt/data0/jon/verified-smart-contracts/erc20/.build/evm-semantics/.build/defn/java/serialization.k)
Importing: Source(/mnt/data0/jon/verified-smart-contracts/erc20/.build/evm-semantics/.build/defn/java/network.k)
Importing: Source(/mnt/data0/jon/verified-smart-contracts/specs/java/erc20/buf/THECASH_0xcd475371e39c0d94e82fccc9dd0ea710d0dc0c0b/verification.k)
Importing: Source(/mnt/data0/jon/verified-smart-contracts/specs/java/erc20/buf/THECASH_0xcd475371e39c0d94e82fccc9dd0ea710d0dc0c0b/evm-data-map-symbolic.k)
Importing: Source(/mnt/data0/jon/verified-smart-contracts/specs/java/erc20/buf/lemmas-buf.k)
Parse spec modules [0/1256 rules]                            = 30.261s

Parsing finished:   58.057 s
../../resources/kprove.mak:239: recipe for target '/mnt/data0/jon/verified-smart-contracts/specs/java/erc20/buf/THECASH_0xcd475371e39c0d94e82fccc9dd0ea710d0dc0c0b/balanceOf-spec.k.test' failed
make: *** [/mnt/data0/jon/verified-smart-contracts/specs/java/erc20/buf/THECASH_0xcd475371e39c0d94e82fccc9dd0ea710d0dc0c0b/balanceOf-spec.k.test] Terminated
make: Entering directory '/mnt/data0/jon/verified-smart-contracts/erc20/THECASH_0xcd475371e39c0d94e82fccc9dd0ea710d0dc0c0b'
/mnt/data0/jon/verified-smart-contracts/.build/k/k-distribution/target/release/k/bin/kprove -v --debug -d /mnt/data0/jon/verified-smart-contracts/erc20/.build/evm-semantics/.build/defn/java -m VERIFICATION --z3-impl-timeout 500 --shutdown-wait-time 5s  --concrete-rules EDSL.#ceil32,EDSL.keccakIntList,EVM-TYPES.#signed.positive,EVM-TYPES.#signed.negative,EVM-TYPES.#unsigned.positive,EVM-TYPES.#unsigned.negative,EVM-TYPES.powmod.nonzero,EVM-TYPES.powmod.zero,EVM-TYPES.signextend.invalid,EVM-TYPES.signextend.negative,EVM-TYPES.signextend.positive,SERIALIZATION.keccak,EVM-TYPES.#take.zero-pad,EVM-TYPES.#asWord.recursive,EVM-TYPES.#asByteStack,EVM-TYPES.#asByteStackAux.recursive,EVM-TYPES.#padToWidth,EVM-TYPES.#padRightToWidth,SERIALIZATION.#newAddr,SERIALIZATION.#newAddrCreate2,EVM-TYPES.mapWriteBytes.recursive,EVM-TYPES.#range,EVM-TYPES.#lookup.some,EVM-TYPES.#lookup.none,EVM.#memoryUsageUpdate.some,EVM.Cgascap,EVM.Csstore.new,EVM.Csstore.old,EVM.Rsstore.new,EVM.Rsstore.old,EVM.Cextra,EVM.Cmem, --no-exc-wrap --no-alpha-renaming --deterministic-functions --cache-func-optimized --format-failures --boundary-cells k,pc --log-cells k,output,statusCode,localMem,pc,gas,wordStack,callData,accounts,memoryUsed,#pc,#result --smt-prelude /mnt/data0/jon/verified-smart-contracts/resources/evm.smt2  /mnt/data0/jon/verified-smart-contracts/specs/java/erc20/buf/THECASH_0xcd475371e39c0d94e82fccc9dd0ea710d0dc0c0b/allowance-spec.k
Picked up _JAVA_OPTIONS: -Xmx16g -Xms1g
Parse command line options                                   =  0.030s
Importing: Source(/mnt/data0/jon/verified-smart-contracts/specs/java/erc20/buf/THECASH_0xcd475371e39c0d94e82fccc9dd0ea710d0dc0c0b/allowance-spec.k)
Importing: Source(/mnt/data0/jon/verified-smart-contracts/specs/java/erc20/buf/THECASH_0xcd475371e39c0d94e82fccc9dd0ea710d0dc0c0b/abstract-semantics-segmented-gas.k)
Importing: Source(/mnt/data0/jon/verified-smart-contracts/specs/java/erc20/buf/THECASH_0xcd475371e39c0d94e82fccc9dd0ea710d0dc0c0b/evm-symbolic.k)
Importing: Source(/mnt/data0/jon/verified-smart-contracts/erc20/.build/evm-semantics/.build/defn/java/edsl.k)
Importing: Source(/mnt/data0/jon/verified-smart-contracts/erc20/.build/evm-semantics/.build/defn/java/evm.k)
Importing: Source(/mnt/data0/jon/verified-smart-contracts/erc20/.build/evm-semantics/.build/defn/java/data.k)
Importing: Source(/mnt/data0/jon/verified-smart-contracts/erc20/.build/evm-semantics/.build/defn/java/krypto.k)
Importing: Source(/mnt/data0/jon/verified-smart-contracts/erc20/.build/evm-semantics/.build/defn/java/evm-types.k)
Importing: Source(/mnt/data0/jon/verified-smart-contracts/erc20/.build/evm-semantics/.build/defn/java/json.k)
Importing: Source(/mnt/data0/jon/verified-smart-contracts/erc20/.build/evm-semantics/.build/defn/java/serialization.k)
Importing: Source(/mnt/data0/jon/verified-smart-contracts/erc20/.build/evm-semantics/.build/defn/java/network.k)
Importing: Source(/mnt/data0/jon/verified-smart-contracts/specs/java/erc20/buf/THECASH_0xcd475371e39c0d94e82fccc9dd0ea710d0dc0c0b/verification.k)
Importing: Source(/mnt/data0/jon/verified-smart-contracts/specs/java/erc20/buf/THECASH_0xcd475371e39c0d94e82fccc9dd0ea710d0dc0c0b/evm-data-map-symbolic.k)
Importing: Source(/mnt/data0/jon/verified-smart-contracts/specs/java/erc20/buf/lemmas-buf.k)
Parse spec modules [1/1256 rules]                            = 33.987s

Parsing finished:   65.546 s
../../resources/kprove.mak:239: recipe for target '/mnt/data0/jon/verified-smart-contracts/specs/java/erc20/buf/THECASH_0xcd475371e39c0d94e82fccc9dd0ea710d0dc0c0b/allowance-spec.k.test' failed
make: *** [/mnt/data0/jon/verified-smart-contracts/specs/java/erc20/buf/THECASH_0xcd475371e39c0d94e82fccc9dd0ea710d0dc0c0b/allowance-spec.k.test] Terminated
make: Entering directory '/mnt/data0/jon/verified-smart-contracts/erc20/THECASH_0xcd475371e39c0d94e82fccc9dd0ea710d0dc0c0b'
/mnt/data0/jon/verified-smart-contracts/.build/k/k-distribution/target/release/k/bin/kprove -v --debug -d /mnt/data0/jon/verified-smart-contracts/erc20/.build/evm-semantics/.build/defn/java -m VERIFICATION --z3-impl-timeout 500 --shutdown-wait-time 5s  --concrete-rules EDSL.#ceil32,EDSL.keccakIntList,EVM-TYPES.#signed.positive,EVM-TYPES.#signed.negative,EVM-TYPES.#unsigned.positive,EVM-TYPES.#unsigned.negative,EVM-TYPES.powmod.nonzero,EVM-TYPES.powmod.zero,EVM-TYPES.signextend.invalid,EVM-TYPES.signextend.negative,EVM-TYPES.signextend.positive,SERIALIZATION.keccak,EVM-TYPES.#take.zero-pad,EVM-TYPES.#asWord.recursive,EVM-TYPES.#asByteStack,EVM-TYPES.#asByteStackAux.recursive,EVM-TYPES.#padToWidth,EVM-TYPES.#padRightToWidth,SERIALIZATION.#newAddr,SERIALIZATION.#newAddrCreate2,EVM-TYPES.mapWriteBytes.recursive,EVM-TYPES.#range,EVM-TYPES.#lookup.some,EVM-TYPES.#lookup.none,EVM.#memoryUsageUpdate.some,EVM.Cgascap,EVM.Csstore.new,EVM.Csstore.old,EVM.Rsstore.new,EVM.Rsstore.old,EVM.Cextra,EVM.Cmem, --no-exc-wrap --no-alpha-renaming --deterministic-functions --cache-func-optimized --format-failures --boundary-cells k,pc --log-cells k,output,statusCode,localMem,pc,gas,wordStack,callData,accounts,memoryUsed,#pc,#result --smt-prelude /mnt/data0/jon/verified-smart-contracts/resources/evm.smt2  /mnt/data0/jon/verified-smart-contracts/specs/java/erc20/buf/THECASH_0xcd475371e39c0d94e82fccc9dd0ea710d0dc0c0b/approve-spec.k
Picked up _JAVA_OPTIONS: -Xmx16g -Xms1g
Parse command line options                                   =  0.038s
Importing: Source(/mnt/data0/jon/verified-smart-contracts/specs/java/erc20/buf/THECASH_0xcd475371e39c0d94e82fccc9dd0ea710d0dc0c0b/approve-spec.k)
Importing: Source(/mnt/data0/jon/verified-smart-contracts/specs/java/erc20/buf/THECASH_0xcd475371e39c0d94e82fccc9dd0ea710d0dc0c0b/abstract-semantics-segmented-gas.k)
Importing: Source(/mnt/data0/jon/verified-smart-contracts/specs/java/erc20/buf/THECASH_0xcd475371e39c0d94e82fccc9dd0ea710d0dc0c0b/evm-symbolic.k)
Importing: Source(/mnt/data0/jon/verified-smart-contracts/erc20/.build/evm-semantics/.build/defn/java/edsl.k)
Importing: Source(/mnt/data0/jon/verified-smart-contracts/erc20/.build/evm-semantics/.build/defn/java/evm.k)
Importing: Source(/mnt/data0/jon/verified-smart-contracts/erc20/.build/evm-semantics/.build/defn/java/data.k)
Importing: Source(/mnt/data0/jon/verified-smart-contracts/erc20/.build/evm-semantics/.build/defn/java/krypto.k)
Importing: Source(/mnt/data0/jon/verified-smart-contracts/erc20/.build/evm-semantics/.build/defn/java/evm-types.k)
Importing: Source(/mnt/data0/jon/verified-smart-contracts/erc20/.build/evm-semantics/.build/defn/java/json.k)
Importing: Source(/mnt/data0/jon/verified-smart-contracts/erc20/.build/evm-semantics/.build/defn/java/serialization.k)
Importing: Source(/mnt/data0/jon/verified-smart-contracts/erc20/.build/evm-semantics/.build/defn/java/network.k)
Importing: Source(/mnt/data0/jon/verified-smart-contracts/specs/java/erc20/buf/THECASH_0xcd475371e39c0d94e82fccc9dd0ea710d0dc0c0b/verification.k)
Importing: Source(/mnt/data0/jon/verified-smart-contracts/specs/java/erc20/buf/THECASH_0xcd475371e39c0d94e82fccc9dd0ea710d0dc0c0b/evm-data-map-symbolic.k)
Importing: Source(/mnt/data0/jon/verified-smart-contracts/specs/java/erc20/buf/lemmas-buf.k)
Parse spec modules [0/1256 rules]                            = 31.772s

Parsing finished:   60.883 s
../../resources/kprove.mak:239: recipe for target '/mnt/data0/jon/verified-smart-contracts/specs/java/erc20/buf/THECASH_0xcd475371e39c0d94e82fccc9dd0ea710d0dc0c0b/approve-spec.k.test' failed
make: *** [/mnt/data0/jon/verified-smart-contracts/specs/java/erc20/buf/THECASH_0xcd475371e39c0d94e82fccc9dd0ea710d0dc0c0b/approve-spec.k.test] Terminated
make: Entering directory '/mnt/data0/jon/verified-smart-contracts/erc20/THECASH_0xcd475371e39c0d94e82fccc9dd0ea710d0dc0c0b'
/mnt/data0/jon/verified-smart-contracts/.build/k/k-distribution/target/release/k/bin/kprove -v --debug -d /mnt/data0/jon/verified-smart-contracts/erc20/.build/evm-semantics/.build/defn/java -m VERIFICATION --z3-impl-timeout 500 --shutdown-wait-time 5s  --concrete-rules EDSL.#ceil32,EDSL.keccakIntList,EVM-TYPES.#signed.positive,EVM-TYPES.#signed.negative,EVM-TYPES.#unsigned.positive,EVM-TYPES.#unsigned.negative,EVM-TYPES.powmod.nonzero,EVM-TYPES.powmod.zero,EVM-TYPES.signextend.invalid,EVM-TYPES.signextend.negative,EVM-TYPES.signextend.positive,SERIALIZATION.keccak,EVM-TYPES.#take.zero-pad,EVM-TYPES.#asWord.recursive,EVM-TYPES.#asByteStack,EVM-TYPES.#asByteStackAux.recursive,EVM-TYPES.#padToWidth,EVM-TYPES.#padRightToWidth,SERIALIZATION.#newAddr,SERIALIZATION.#newAddrCreate2,EVM-TYPES.mapWriteBytes.recursive,EVM-TYPES.#range,EVM-TYPES.#lookup.some,EVM-TYPES.#lookup.none,EVM.#memoryUsageUpdate.some,EVM.Cgascap,EVM.Csstore.new,EVM.Csstore.old,EVM.Rsstore.new,EVM.Rsstore.old,EVM.Cextra,EVM.Cmem, --no-exc-wrap --no-alpha-renaming --deterministic-functions --cache-func-optimized --format-failures --boundary-cells k,pc --log-cells k,output,statusCode,localMem,pc,gas,wordStack,callData,accounts,memoryUsed,#pc,#result --smt-prelude /mnt/data0/jon/verified-smart-contracts/resources/evm.smt2  /mnt/data0/jon/verified-smart-contracts/specs/java/erc20/buf/THECASH_0xcd475371e39c0d94e82fccc9dd0ea710d0dc0c0b/transfer-success-1-spec.k
Picked up _JAVA_OPTIONS: -Xmx16g -Xms1g
Parse command line options                                   =  0.030s
Importing: Source(/mnt/data0/jon/verified-smart-contracts/specs/java/erc20/buf/THECASH_0xcd475371e39c0d94e82fccc9dd0ea710d0dc0c0b/transfer-success-1-spec.k)
Importing: Source(/mnt/data0/jon/verified-smart-contracts/specs/java/erc20/buf/THECASH_0xcd475371e39c0d94e82fccc9dd0ea710d0dc0c0b/abstract-semantics-segmented-gas.k)
Importing: Source(/mnt/data0/jon/verified-smart-contracts/specs/java/erc20/buf/THECASH_0xcd475371e39c0d94e82fccc9dd0ea710d0dc0c0b/evm-symbolic.k)
Importing: Source(/mnt/data0/jon/verified-smart-contracts/erc20/.build/evm-semantics/.build/defn/java/edsl.k)
Importing: Source(/mnt/data0/jon/verified-smart-contracts/erc20/.build/evm-semantics/.build/defn/java/evm.k)
Importing: Source(/mnt/data0/jon/verified-smart-contracts/erc20/.build/evm-semantics/.build/defn/java/data.k)
Importing: Source(/mnt/data0/jon/verified-smart-contracts/erc20/.build/evm-semantics/.build/defn/java/krypto.k)
Importing: Source(/mnt/data0/jon/verified-smart-contracts/erc20/.build/evm-semantics/.build/defn/java/evm-types.k)
Importing: Source(/mnt/data0/jon/verified-smart-contracts/erc20/.build/evm-semantics/.build/defn/java/json.k)
Importing: Source(/mnt/data0/jon/verified-smart-contracts/erc20/.build/evm-semantics/.build/defn/java/serialization.k)
Importing: Source(/mnt/data0/jon/verified-smart-contracts/erc20/.build/evm-semantics/.build/defn/java/network.k)
Importing: Source(/mnt/data0/jon/verified-smart-contracts/specs/java/erc20/buf/THECASH_0xcd475371e39c0d94e82fccc9dd0ea710d0dc0c0b/verification.k)
Importing: Source(/mnt/data0/jon/verified-smart-contracts/specs/java/erc20/buf/THECASH_0xcd475371e39c0d94e82fccc9dd0ea710d0dc0c0b/evm-data-map-symbolic.k)
Importing: Source(/mnt/data0/jon/verified-smart-contracts/specs/java/erc20/buf/lemmas-buf.k)
Parse spec modules [0/1256 rules]                            = 28.366s

Parsing finished:   65.156 s
../../resources/kprove.mak:239: recipe for target '/mnt/data0/jon/verified-smart-contracts/specs/java/erc20/buf/THECASH_0xcd475371e39c0d94e82fccc9dd0ea710d0dc0c0b/transfer-success-1-spec.k.test' failed
make: *** [/mnt/data0/jon/verified-smart-contracts/specs/java/erc20/buf/THECASH_0xcd475371e39c0d94e82fccc9dd0ea710d0dc0c0b/transfer-success-1-spec.k.test] Terminated
make: Entering directory '/mnt/data0/jon/verified-smart-contracts/erc20/THECASH_0xcd475371e39c0d94e82fccc9dd0ea710d0dc0c0b'
/mnt/data0/jon/verified-smart-contracts/.build/k/k-distribution/target/release/k/bin/kprove -v --debug -d /mnt/data0/jon/verified-smart-contracts/erc20/.build/evm-semantics/.build/defn/java -m VERIFICATION --z3-impl-timeout 500 --shutdown-wait-time 5s  --concrete-rules EDSL.#ceil32,EDSL.keccakIntList,EVM-TYPES.#signed.positive,EVM-TYPES.#signed.negative,EVM-TYPES.#unsigned.positive,EVM-TYPES.#unsigned.negative,EVM-TYPES.powmod.nonzero,EVM-TYPES.powmod.zero,EVM-TYPES.signextend.invalid,EVM-TYPES.signextend.negative,EVM-TYPES.signextend.positive,SERIALIZATION.keccak,EVM-TYPES.#take.zero-pad,EVM-TYPES.#asWord.recursive,EVM-TYPES.#asByteStack,EVM-TYPES.#asByteStackAux.recursive,EVM-TYPES.#padToWidth,EVM-TYPES.#padRightToWidth,SERIALIZATION.#newAddr,SERIALIZATION.#newAddrCreate2,EVM-TYPES.mapWriteBytes.recursive,EVM-TYPES.#range,EVM-TYPES.#lookup.some,EVM-TYPES.#lookup.none,EVM.#memoryUsageUpdate.some,EVM.Cgascap,EVM.Csstore.new,EVM.Csstore.old,EVM.Rsstore.new,EVM.Rsstore.old,EVM.Cextra,EVM.Cmem, --no-exc-wrap --no-alpha-renaming --deterministic-functions --cache-func-optimized --format-failures --boundary-cells k,pc --log-cells k,output,statusCode,localMem,pc,gas,wordStack,callData,accounts,memoryUsed,#pc,#result --smt-prelude /mnt/data0/jon/verified-smart-contracts/resources/evm.smt2  /mnt/data0/jon/verified-smart-contracts/specs/java/erc20/buf/THECASH_0xcd475371e39c0d94e82fccc9dd0ea710d0dc0c0b/transfer-success-2-spec.k
Picked up _JAVA_OPTIONS: -Xmx16g -Xms1g
Parse command line options                                   =  0.030s
Importing: Source(/mnt/data0/jon/verified-smart-contracts/specs/java/erc20/buf/THECASH_0xcd475371e39c0d94e82fccc9dd0ea710d0dc0c0b/transfer-success-2-spec.k)
Importing: Source(/mnt/data0/jon/verified-smart-contracts/specs/java/erc20/buf/THECASH_0xcd475371e39c0d94e82fccc9dd0ea710d0dc0c0b/abstract-semantics-segmented-gas.k)
Importing: Source(/mnt/data0/jon/verified-smart-contracts/specs/java/erc20/buf/THECASH_0xcd475371e39c0d94e82fccc9dd0ea710d0dc0c0b/evm-symbolic.k)
Importing: Source(/mnt/data0/jon/verified-smart-contracts/erc20/.build/evm-semantics/.build/defn/java/edsl.k)
Importing: Source(/mnt/data0/jon/verified-smart-contracts/erc20/.build/evm-semantics/.build/defn/java/evm.k)
Importing: Source(/mnt/data0/jon/verified-smart-contracts/erc20/.build/evm-semantics/.build/defn/java/data.k)
Importing: Source(/mnt/data0/jon/verified-smart-contracts/erc20/.build/evm-semantics/.build/defn/java/krypto.k)
Importing: Source(/mnt/data0/jon/verified-smart-contracts/erc20/.build/evm-semantics/.build/defn/java/evm-types.k)
Importing: Source(/mnt/data0/jon/verified-smart-contracts/erc20/.build/evm-semantics/.build/defn/java/json.k)
Importing: Source(/mnt/data0/jon/verified-smart-contracts/erc20/.build/evm-semantics/.build/defn/java/serialization.k)
Importing: Source(/mnt/data0/jon/verified-smart-contracts/erc20/.build/evm-semantics/.build/defn/java/network.k)
Importing: Source(/mnt/data0/jon/verified-smart-contracts/specs/java/erc20/buf/THECASH_0xcd475371e39c0d94e82fccc9dd0ea710d0dc0c0b/verification.k)
Importing: Source(/mnt/data0/jon/verified-smart-contracts/specs/java/erc20/buf/THECASH_0xcd475371e39c0d94e82fccc9dd0ea710d0dc0c0b/evm-data-map-symbolic.k)
Importing: Source(/mnt/data0/jon/verified-smart-contracts/specs/java/erc20/buf/lemmas-buf.k)
Parse spec modules [1/1256 rules]                            = 32.709s

Parsing finished:   61.472 s
../../resources/kprove.mak:239: recipe for target '/mnt/data0/jon/verified-smart-contracts/specs/java/erc20/buf/THECASH_0xcd475371e39c0d94e82fccc9dd0ea710d0dc0c0b/transfer-success-2-spec.k.test' failed
make: *** [/mnt/data0/jon/verified-smart-contracts/specs/java/erc20/buf/THECASH_0xcd475371e39c0d94e82fccc9dd0ea710d0dc0c0b/transfer-success-2-spec.k.test] Terminated
make: Entering directory '/mnt/data0/jon/verified-smart-contracts/erc20/THECASH_0xcd475371e39c0d94e82fccc9dd0ea710d0dc0c0b'
/mnt/data0/jon/verified-smart-contracts/.build/k/k-distribution/target/release/k/bin/kprove -v --debug -d /mnt/data0/jon/verified-smart-contracts/erc20/.build/evm-semantics/.build/defn/java -m VERIFICATION --z3-impl-timeout 500 --shutdown-wait-time 5s  --concrete-rules EDSL.#ceil32,EDSL.keccakIntList,EVM-TYPES.#signed.positive,EVM-TYPES.#signed.negative,EVM-TYPES.#unsigned.positive,EVM-TYPES.#unsigned.negative,EVM-TYPES.powmod.nonzero,EVM-TYPES.powmod.zero,EVM-TYPES.signextend.invalid,EVM-TYPES.signextend.negative,EVM-TYPES.signextend.positive,SERIALIZATION.keccak,EVM-TYPES.#take.zero-pad,EVM-TYPES.#asWord.recursive,EVM-TYPES.#asByteStack,EVM-TYPES.#asByteStackAux.recursive,EVM-TYPES.#padToWidth,EVM-TYPES.#padRightToWidth,SERIALIZATION.#newAddr,SERIALIZATION.#newAddrCreate2,EVM-TYPES.mapWriteBytes.recursive,EVM-TYPES.#range,EVM-TYPES.#lookup.some,EVM-TYPES.#lookup.none,EVM.#memoryUsageUpdate.some,EVM.Cgascap,EVM.Csstore.new,EVM.Csstore.old,EVM.Rsstore.new,EVM.Rsstore.old,EVM.Cextra,EVM.Cmem, --no-exc-wrap --no-alpha-renaming --deterministic-functions --cache-func-optimized --format-failures --boundary-cells k,pc --log-cells k,output,statusCode,localMem,pc,gas,wordStack,callData,accounts,memoryUsed,#pc,#result --smt-prelude /mnt/data0/jon/verified-smart-contracts/resources/evm.smt2  /mnt/data0/jon/verified-smart-contracts/specs/java/erc20/buf/THECASH_0xcd475371e39c0d94e82fccc9dd0ea710d0dc0c0b/transfer-failure-1-spec.k
Picked up _JAVA_OPTIONS: -Xmx16g -Xms1g
Parse command line options                                   =  0.030s
Importing: Source(/mnt/data0/jon/verified-smart-contracts/specs/java/erc20/buf/THECASH_0xcd475371e39c0d94e82fccc9dd0ea710d0dc0c0b/transfer-failure-1-spec.k)
Importing: Source(/mnt/data0/jon/verified-smart-contracts/specs/java/erc20/buf/THECASH_0xcd475371e39c0d94e82fccc9dd0ea710d0dc0c0b/abstract-semantics-segmented-gas.k)
Importing: Source(/mnt/data0/jon/verified-smart-contracts/specs/java/erc20/buf/THECASH_0xcd475371e39c0d94e82fccc9dd0ea710d0dc0c0b/evm-symbolic.k)
Importing: Source(/mnt/data0/jon/verified-smart-contracts/erc20/.build/evm-semantics/.build/defn/java/edsl.k)
Importing: Source(/mnt/data0/jon/verified-smart-contracts/erc20/.build/evm-semantics/.build/defn/java/evm.k)
Importing: Source(/mnt/data0/jon/verified-smart-contracts/erc20/.build/evm-semantics/.build/defn/java/data.k)
Importing: Source(/mnt/data0/jon/verified-smart-contracts/erc20/.build/evm-semantics/.build/defn/java/krypto.k)
Importing: Source(/mnt/data0/jon/verified-smart-contracts/erc20/.build/evm-semantics/.build/defn/java/evm-types.k)
Importing: Source(/mnt/data0/jon/verified-smart-contracts/erc20/.build/evm-semantics/.build/defn/java/json.k)
Importing: Source(/mnt/data0/jon/verified-smart-contracts/erc20/.build/evm-semantics/.build/defn/java/serialization.k)
Importing: Source(/mnt/data0/jon/verified-smart-contracts/erc20/.build/evm-semantics/.build/defn/java/network.k)
Importing: Source(/mnt/data0/jon/verified-smart-contracts/specs/java/erc20/buf/THECASH_0xcd475371e39c0d94e82fccc9dd0ea710d0dc0c0b/verification.k)
Importing: Source(/mnt/data0/jon/verified-smart-contracts/specs/java/erc20/buf/THECASH_0xcd475371e39c0d94e82fccc9dd0ea710d0dc0c0b/evm-data-map-symbolic.k)
Importing: Source(/mnt/data0/jon/verified-smart-contracts/specs/java/erc20/buf/lemmas-buf.k)
Parse spec modules [0/1256 rules]                            = 33.249s

Parsing finished:   69.726 s
../../resources/kprove.mak:239: recipe for target '/mnt/data0/jon/verified-smart-contracts/specs/java/erc20/buf/THECASH_0xcd475371e39c0d94e82fccc9dd0ea710d0dc0c0b/transfer-failure-1-spec.k.test' failed
make: *** [/mnt/data0/jon/verified-smart-contracts/specs/java/erc20/buf/THECASH_0xcd475371e39c0d94e82fccc9dd0ea710d0dc0c0b/transfer-failure-1-spec.k.test] Terminated
make: Entering directory '/mnt/data0/jon/verified-smart-contracts/erc20/THECASH_0xcd475371e39c0d94e82fccc9dd0ea710d0dc0c0b'
/mnt/data0/jon/verified-smart-contracts/.build/k/k-distribution/target/release/k/bin/kprove -v --debug -d /mnt/data0/jon/verified-smart-contracts/erc20/.build/evm-semantics/.build/defn/java -m VERIFICATION --z3-impl-timeout 500 --shutdown-wait-time 5s  --concrete-rules EDSL.#ceil32,EDSL.keccakIntList,EVM-TYPES.#signed.positive,EVM-TYPES.#signed.negative,EVM-TYPES.#unsigned.positive,EVM-TYPES.#unsigned.negative,EVM-TYPES.powmod.nonzero,EVM-TYPES.powmod.zero,EVM-TYPES.signextend.invalid,EVM-TYPES.signextend.negative,EVM-TYPES.signextend.positive,SERIALIZATION.keccak,EVM-TYPES.#take.zero-pad,EVM-TYPES.#asWord.recursive,EVM-TYPES.#asByteStack,EVM-TYPES.#asByteStackAux.recursive,EVM-TYPES.#padToWidth,EVM-TYPES.#padRightToWidth,SERIALIZATION.#newAddr,SERIALIZATION.#newAddrCreate2,EVM-TYPES.mapWriteBytes.recursive,EVM-TYPES.#range,EVM-TYPES.#lookup.some,EVM-TYPES.#lookup.none,EVM.#memoryUsageUpdate.some,EVM.Cgascap,EVM.Csstore.new,EVM.Csstore.old,EVM.Rsstore.new,EVM.Rsstore.old,EVM.Cextra,EVM.Cmem, --no-exc-wrap --no-alpha-renaming --deterministic-functions --cache-func-optimized --format-failures --boundary-cells k,pc --log-cells k,output,statusCode,localMem,pc,gas,wordStack,callData,accounts,memoryUsed,#pc,#result --smt-prelude /mnt/data0/jon/verified-smart-contracts/resources/evm.smt2  /mnt/data0/jon/verified-smart-contracts/specs/java/erc20/buf/THECASH_0xcd475371e39c0d94e82fccc9dd0ea710d0dc0c0b/transfer-failure-2-spec.k
Picked up _JAVA_OPTIONS: -Xmx16g -Xms1g
Parse command line options                                   =  0.030s
Importing: Source(/mnt/data0/jon/verified-smart-contracts/specs/java/erc20/buf/THECASH_0xcd475371e39c0d94e82fccc9dd0ea710d0dc0c0b/transfer-failure-2-spec.k)
Importing: Source(/mnt/data0/jon/verified-smart-contracts/specs/java/erc20/buf/THECASH_0xcd475371e39c0d94e82fccc9dd0ea710d0dc0c0b/abstract-semantics-segmented-gas.k)
Importing: Source(/mnt/data0/jon/verified-smart-contracts/specs/java/erc20/buf/THECASH_0xcd475371e39c0d94e82fccc9dd0ea710d0dc0c0b/evm-symbolic.k)
Importing: Source(/mnt/data0/jon/verified-smart-contracts/erc20/.build/evm-semantics/.build/defn/java/edsl.k)
Importing: Source(/mnt/data0/jon/verified-smart-contracts/erc20/.build/evm-semantics/.build/defn/java/evm.k)
Importing: Source(/mnt/data0/jon/verified-smart-contracts/erc20/.build/evm-semantics/.build/defn/java/data.k)
Importing: Source(/mnt/data0/jon/verified-smart-contracts/erc20/.build/evm-semantics/.build/defn/java/krypto.k)
Importing: Source(/mnt/data0/jon/verified-smart-contracts/erc20/.build/evm-semantics/.build/defn/java/evm-types.k)
Importing: Source(/mnt/data0/jon/verified-smart-contracts/erc20/.build/evm-semantics/.build/defn/java/json.k)
Importing: Source(/mnt/data0/jon/verified-smart-contracts/erc20/.build/evm-semantics/.build/defn/java/serialization.k)
Importing: Source(/mnt/data0/jon/verified-smart-contracts/erc20/.build/evm-semantics/.build/defn/java/network.k)
Importing: Source(/mnt/data0/jon/verified-smart-contracts/specs/java/erc20/buf/THECASH_0xcd475371e39c0d94e82fccc9dd0ea710d0dc0c0b/verification.k)
Importing: Source(/mnt/data0/jon/verified-smart-contracts/specs/java/erc20/buf/THECASH_0xcd475371e39c0d94e82fccc9dd0ea710d0dc0c0b/evm-data-map-symbolic.k)
Importing: Source(/mnt/data0/jon/verified-smart-contracts/specs/java/erc20/buf/lemmas-buf.k)
Parse spec modules [1/1256 rules]                            = 41.514s

Parsing finished:   68.063 s
../../resources/kprove.mak:239: recipe for target '/mnt/data0/jon/verified-smart-contracts/specs/java/erc20/buf/THECASH_0xcd475371e39c0d94e82fccc9dd0ea710d0dc0c0b/transfer-failure-2-spec.k.test' failed
make: *** [/mnt/data0/jon/verified-smart-contracts/specs/java/erc20/buf/THECASH_0xcd475371e39c0d94e82fccc9dd0ea710d0dc0c0b/transfer-failure-2-spec.k.test] Terminated
make: Entering directory '/mnt/data0/jon/verified-smart-contracts/erc20/THECASH_0xcd475371e39c0d94e82fccc9dd0ea710d0dc0c0b'
/mnt/data0/jon/verified-smart-contracts/.build/k/k-distribution/target/release/k/bin/kprove -v --debug -d /mnt/data0/jon/verified-smart-contracts/erc20/.build/evm-semantics/.build/defn/java -m VERIFICATION --z3-impl-timeout 500 --shutdown-wait-time 5s  --concrete-rules EDSL.#ceil32,EDSL.keccakIntList,EVM-TYPES.#signed.positive,EVM-TYPES.#signed.negative,EVM-TYPES.#unsigned.positive,EVM-TYPES.#unsigned.negative,EVM-TYPES.powmod.nonzero,EVM-TYPES.powmod.zero,EVM-TYPES.signextend.invalid,EVM-TYPES.signextend.negative,EVM-TYPES.signextend.positive,SERIALIZATION.keccak,EVM-TYPES.#take.zero-pad,EVM-TYPES.#asWord.recursive,EVM-TYPES.#asByteStack,EVM-TYPES.#asByteStackAux.recursive,EVM-TYPES.#padToWidth,EVM-TYPES.#padRightToWidth,SERIALIZATION.#newAddr,SERIALIZATION.#newAddrCreate2,EVM-TYPES.mapWriteBytes.recursive,EVM-TYPES.#range,EVM-TYPES.#lookup.some,EVM-TYPES.#lookup.none,EVM.#memoryUsageUpdate.some,EVM.Cgascap,EVM.Csstore.new,EVM.Csstore.old,EVM.Rsstore.new,EVM.Rsstore.old,EVM.Cextra,EVM.Cmem, --no-exc-wrap --no-alpha-renaming --deterministic-functions --cache-func-optimized --format-failures --boundary-cells k,pc --log-cells k,output,statusCode,localMem,pc,gas,wordStack,callData,accounts,memoryUsed,#pc,#result --smt-prelude /mnt/data0/jon/verified-smart-contracts/resources/evm.smt2  /mnt/data0/jon/verified-smart-contracts/specs/java/erc20/buf/THECASH_0xcd475371e39c0d94e82fccc9dd0ea710d0dc0c0b/transferFrom-success-1-spec.k
Picked up _JAVA_OPTIONS: -Xmx16g -Xms1g
Parse command line options                                   =  0.029s
Importing: Source(/mnt/data0/jon/verified-smart-contracts/specs/java/erc20/buf/THECASH_0xcd475371e39c0d94e82fccc9dd0ea710d0dc0c0b/transferFrom-success-1-spec.k)
Importing: Source(/mnt/data0/jon/verified-smart-contracts/specs/java/erc20/buf/THECASH_0xcd475371e39c0d94e82fccc9dd0ea710d0dc0c0b/abstract-semantics-segmented-gas.k)
Importing: Source(/mnt/data0/jon/verified-smart-contracts/specs/java/erc20/buf/THECASH_0xcd475371e39c0d94e82fccc9dd0ea710d0dc0c0b/evm-symbolic.k)
Importing: Source(/mnt/data0/jon/verified-smart-contracts/erc20/.build/evm-semantics/.build/defn/java/edsl.k)
Importing: Source(/mnt/data0/jon/verified-smart-contracts/erc20/.build/evm-semantics/.build/defn/java/evm.k)
Importing: Source(/mnt/data0/jon/verified-smart-contracts/erc20/.build/evm-semantics/.build/defn/java/data.k)
Importing: Source(/mnt/data0/jon/verified-smart-contracts/erc20/.build/evm-semantics/.build/defn/java/krypto.k)
Importing: Source(/mnt/data0/jon/verified-smart-contracts/erc20/.build/evm-semantics/.build/defn/java/evm-types.k)
Importing: Source(/mnt/data0/jon/verified-smart-contracts/erc20/.build/evm-semantics/.build/defn/java/json.k)
Importing: Source(/mnt/data0/jon/verified-smart-contracts/erc20/.build/evm-semantics/.build/defn/java/serialization.k)
Importing: Source(/mnt/data0/jon/verified-smart-contracts/erc20/.build/evm-semantics/.build/defn/java/network.k)
Importing: Source(/mnt/data0/jon/verified-smart-contracts/specs/java/erc20/buf/THECASH_0xcd475371e39c0d94e82fccc9dd0ea710d0dc0c0b/verification.k)
Importing: Source(/mnt/data0/jon/verified-smart-contracts/specs/java/erc20/buf/THECASH_0xcd475371e39c0d94e82fccc9dd0ea710d0dc0c0b/evm-data-map-symbolic.k)
Importing: Source(/mnt/data0/jon/verified-smart-contracts/specs/java/erc20/buf/lemmas-buf.k)
Parse spec modules [0/1256 rules]                            = 33.532s

Parsing finished:   67.406 s
../../resources/kprove.mak:239: recipe for target '/mnt/data0/jon/verified-smart-contracts/specs/java/erc20/buf/THECASH_0xcd475371e39c0d94e82fccc9dd0ea710d0dc0c0b/transferFrom-success-1-spec.k.test' failed
make: *** [/mnt/data0/jon/verified-smart-contracts/specs/java/erc20/buf/THECASH_0xcd475371e39c0d94e82fccc9dd0ea710d0dc0c0b/transferFrom-success-1-spec.k.test] Terminated
make: Entering directory '/mnt/data0/jon/verified-smart-contracts/erc20/THECASH_0xcd475371e39c0d94e82fccc9dd0ea710d0dc0c0b'
/mnt/data0/jon/verified-smart-contracts/.build/k/k-distribution/target/release/k/bin/kprove -v --debug -d /mnt/data0/jon/verified-smart-contracts/erc20/.build/evm-semantics/.build/defn/java -m VERIFICATION --z3-impl-timeout 500 --shutdown-wait-time 5s  --concrete-rules EDSL.#ceil32,EDSL.keccakIntList,EVM-TYPES.#signed.positive,EVM-TYPES.#signed.negative,EVM-TYPES.#unsigned.positive,EVM-TYPES.#unsigned.negative,EVM-TYPES.powmod.nonzero,EVM-TYPES.powmod.zero,EVM-TYPES.signextend.invalid,EVM-TYPES.signextend.negative,EVM-TYPES.signextend.positive,SERIALIZATION.keccak,EVM-TYPES.#take.zero-pad,EVM-TYPES.#asWord.recursive,EVM-TYPES.#asByteStack,EVM-TYPES.#asByteStackAux.recursive,EVM-TYPES.#padToWidth,EVM-TYPES.#padRightToWidth,SERIALIZATION.#newAddr,SERIALIZATION.#newAddrCreate2,EVM-TYPES.mapWriteBytes.recursive,EVM-TYPES.#range,EVM-TYPES.#lookup.some,EVM-TYPES.#lookup.none,EVM.#memoryUsageUpdate.some,EVM.Cgascap,EVM.Csstore.new,EVM.Csstore.old,EVM.Rsstore.new,EVM.Rsstore.old,EVM.Cextra,EVM.Cmem, --no-exc-wrap --no-alpha-renaming --deterministic-functions --cache-func-optimized --format-failures --boundary-cells k,pc --log-cells k,output,statusCode,localMem,pc,gas,wordStack,callData,accounts,memoryUsed,#pc,#result --smt-prelude /mnt/data0/jon/verified-smart-contracts/resources/evm.smt2  /mnt/data0/jon/verified-smart-contracts/specs/java/erc20/buf/THECASH_0xcd475371e39c0d94e82fccc9dd0ea710d0dc0c0b/transferFrom-success-2-spec.k
Picked up _JAVA_OPTIONS: -Xmx16g -Xms1g
Parse command line options                                   =  0.027s
Importing: Source(/mnt/data0/jon/verified-smart-contracts/specs/java/erc20/buf/THECASH_0xcd475371e39c0d94e82fccc9dd0ea710d0dc0c0b/transferFrom-success-2-spec.k)
Importing: Source(/mnt/data0/jon/verified-smart-contracts/specs/java/erc20/buf/THECASH_0xcd475371e39c0d94e82fccc9dd0ea710d0dc0c0b/abstract-semantics-segmented-gas.k)
Importing: Source(/mnt/data0/jon/verified-smart-contracts/specs/java/erc20/buf/THECASH_0xcd475371e39c0d94e82fccc9dd0ea710d0dc0c0b/evm-symbolic.k)
Importing: Source(/mnt/data0/jon/verified-smart-contracts/erc20/.build/evm-semantics/.build/defn/java/edsl.k)
Importing: Source(/mnt/data0/jon/verified-smart-contracts/erc20/.build/evm-semantics/.build/defn/java/evm.k)
Importing: Source(/mnt/data0/jon/verified-smart-contracts/erc20/.build/evm-semantics/.build/defn/java/data.k)
Importing: Source(/mnt/data0/jon/verified-smart-contracts/erc20/.build/evm-semantics/.build/defn/java/krypto.k)
Importing: Source(/mnt/data0/jon/verified-smart-contracts/erc20/.build/evm-semantics/.build/defn/java/evm-types.k)
Importing: Source(/mnt/data0/jon/verified-smart-contracts/erc20/.build/evm-semantics/.build/defn/java/json.k)
Importing: Source(/mnt/data0/jon/verified-smart-contracts/erc20/.build/evm-semantics/.build/defn/java/serialization.k)
Importing: Source(/mnt/data0/jon/verified-smart-contracts/erc20/.build/evm-semantics/.build/defn/java/network.k)
Importing: Source(/mnt/data0/jon/verified-smart-contracts/specs/java/erc20/buf/THECASH_0xcd475371e39c0d94e82fccc9dd0ea710d0dc0c0b/verification.k)
Importing: Source(/mnt/data0/jon/verified-smart-contracts/specs/java/erc20/buf/THECASH_0xcd475371e39c0d94e82fccc9dd0ea710d0dc0c0b/evm-data-map-symbolic.k)
Importing: Source(/mnt/data0/jon/verified-smart-contracts/specs/java/erc20/buf/lemmas-buf.k)
Parse spec modules [0/1256 rules]                            = 31.168s

Parsing finished:   58.672 s
../../resources/kprove.mak:239: recipe for target '/mnt/data0/jon/verified-smart-contracts/specs/java/erc20/buf/THECASH_0xcd475371e39c0d94e82fccc9dd0ea710d0dc0c0b/transferFrom-success-2-spec.k.test' failed
make: *** [/mnt/data0/jon/verified-smart-contracts/specs/java/erc20/buf/THECASH_0xcd475371e39c0d94e82fccc9dd0ea710d0dc0c0b/transferFrom-success-2-spec.k.test] Terminated
make: Entering directory '/mnt/data0/jon/verified-smart-contracts/erc20/THECASH_0xcd475371e39c0d94e82fccc9dd0ea710d0dc0c0b'
/mnt/data0/jon/verified-smart-contracts/.build/k/k-distribution/target/release/k/bin/kprove -v --debug -d /mnt/data0/jon/verified-smart-contracts/erc20/.build/evm-semantics/.build/defn/java -m VERIFICATION --z3-impl-timeout 500 --shutdown-wait-time 5s  --concrete-rules EDSL.#ceil32,EDSL.keccakIntList,EVM-TYPES.#signed.positive,EVM-TYPES.#signed.negative,EVM-TYPES.#unsigned.positive,EVM-TYPES.#unsigned.negative,EVM-TYPES.powmod.nonzero,EVM-TYPES.powmod.zero,EVM-TYPES.signextend.invalid,EVM-TYPES.signextend.negative,EVM-TYPES.signextend.positive,SERIALIZATION.keccak,EVM-TYPES.#take.zero-pad,EVM-TYPES.#asWord.recursive,EVM-TYPES.#asByteStack,EVM-TYPES.#asByteStackAux.recursive,EVM-TYPES.#padToWidth,EVM-TYPES.#padRightToWidth,SERIALIZATION.#newAddr,SERIALIZATION.#newAddrCreate2,EVM-TYPES.mapWriteBytes.recursive,EVM-TYPES.#range,EVM-TYPES.#lookup.some,EVM-TYPES.#lookup.none,EVM.#memoryUsageUpdate.some,EVM.Cgascap,EVM.Csstore.new,EVM.Csstore.old,EVM.Rsstore.new,EVM.Rsstore.old,EVM.Cextra,EVM.Cmem, --no-exc-wrap --no-alpha-renaming --deterministic-functions --cache-func-optimized --format-failures --boundary-cells k,pc --log-cells k,output,statusCode,localMem,pc,gas,wordStack,callData,accounts,memoryUsed,#pc,#result --smt-prelude /mnt/data0/jon/verified-smart-contracts/resources/evm.smt2  /mnt/data0/jon/verified-smart-contracts/specs/java/erc20/buf/THECASH_0xcd475371e39c0d94e82fccc9dd0ea710d0dc0c0b/transferFrom-failure-1-spec.k
Picked up _JAVA_OPTIONS: -Xmx16g -Xms1g
Parse command line options                                   =  0.030s
Importing: Source(/mnt/data0/jon/verified-smart-contracts/specs/java/erc20/buf/THECASH_0xcd475371e39c0d94e82fccc9dd0ea710d0dc0c0b/transferFrom-failure-1-spec.k)
Importing: Source(/mnt/data0/jon/verified-smart-contracts/specs/java/erc20/buf/THECASH_0xcd475371e39c0d94e82fccc9dd0ea710d0dc0c0b/abstract-semantics-segmented-gas.k)
Importing: Source(/mnt/data0/jon/verified-smart-contracts/specs/java/erc20/buf/THECASH_0xcd475371e39c0d94e82fccc9dd0ea710d0dc0c0b/evm-symbolic.k)
Importing: Source(/mnt/data0/jon/verified-smart-contracts/erc20/.build/evm-semantics/.build/defn/java/edsl.k)
Importing: Source(/mnt/data0/jon/verified-smart-contracts/erc20/.build/evm-semantics/.build/defn/java/evm.k)
Importing: Source(/mnt/data0/jon/verified-smart-contracts/erc20/.build/evm-semantics/.build/defn/java/data.k)
Importing: Source(/mnt/data0/jon/verified-smart-contracts/erc20/.build/evm-semantics/.build/defn/java/krypto.k)
Importing: Source(/mnt/data0/jon/verified-smart-contracts/erc20/.build/evm-semantics/.build/defn/java/evm-types.k)
Importing: Source(/mnt/data0/jon/verified-smart-contracts/erc20/.build/evm-semantics/.build/defn/java/json.k)
Importing: Source(/mnt/data0/jon/verified-smart-contracts/erc20/.build/evm-semantics/.build/defn/java/serialization.k)
Importing: Source(/mnt/data0/jon/verified-smart-contracts/erc20/.build/evm-semantics/.build/defn/java/network.k)
Importing: Source(/mnt/data0/jon/verified-smart-contracts/specs/java/erc20/buf/THECASH_0xcd475371e39c0d94e82fccc9dd0ea710d0dc0c0b/verification.k)
Importing: Source(/mnt/data0/jon/verified-smart-contracts/specs/java/erc20/buf/THECASH_0xcd475371e39c0d94e82fccc9dd0ea710d0dc0c0b/evm-data-map-symbolic.k)
Importing: Source(/mnt/data0/jon/verified-smart-contracts/specs/java/erc20/buf/lemmas-buf.k)
Parse spec modules [0/1256 rules]                            = 31.805s

Parsing finished:   60.840 s
../../resources/kprove.mak:239: recipe for target '/mnt/data0/jon/verified-smart-contracts/specs/java/erc20/buf/THECASH_0xcd475371e39c0d94e82fccc9dd0ea710d0dc0c0b/transferFrom-failure-1-spec.k.test' failed
make: *** [/mnt/data0/jon/verified-smart-contracts/specs/java/erc20/buf/THECASH_0xcd475371e39c0d94e82fccc9dd0ea710d0dc0c0b/transferFrom-failure-1-spec.k.test] Terminated
make: Entering directory '/mnt/data0/jon/verified-smart-contracts/erc20/THECASH_0xcd475371e39c0d94e82fccc9dd0ea710d0dc0c0b'
/mnt/data0/jon/verified-smart-contracts/.build/k/k-distribution/target/release/k/bin/kprove -v --debug -d /mnt/data0/jon/verified-smart-contracts/erc20/.build/evm-semantics/.build/defn/java -m VERIFICATION --z3-impl-timeout 500 --shutdown-wait-time 5s  --concrete-rules EDSL.#ceil32,EDSL.keccakIntList,EVM-TYPES.#signed.positive,EVM-TYPES.#signed.negative,EVM-TYPES.#unsigned.positive,EVM-TYPES.#unsigned.negative,EVM-TYPES.powmod.nonzero,EVM-TYPES.powmod.zero,EVM-TYPES.signextend.invalid,EVM-TYPES.signextend.negative,EVM-TYPES.signextend.positive,SERIALIZATION.keccak,EVM-TYPES.#take.zero-pad,EVM-TYPES.#asWord.recursive,EVM-TYPES.#asByteStack,EVM-TYPES.#asByteStackAux.recursive,EVM-TYPES.#padToWidth,EVM-TYPES.#padRightToWidth,SERIALIZATION.#newAddr,SERIALIZATION.#newAddrCreate2,EVM-TYPES.mapWriteBytes.recursive,EVM-TYPES.#range,EVM-TYPES.#lookup.some,EVM-TYPES.#lookup.none,EVM.#memoryUsageUpdate.some,EVM.Cgascap,EVM.Csstore.new,EVM.Csstore.old,EVM.Rsstore.new,EVM.Rsstore.old,EVM.Cextra,EVM.Cmem, --no-exc-wrap --no-alpha-renaming --deterministic-functions --cache-func-optimized --format-failures --boundary-cells k,pc --log-cells k,output,statusCode,localMem,pc,gas,wordStack,callData,accounts,memoryUsed,#pc,#result --smt-prelude /mnt/data0/jon/verified-smart-contracts/resources/evm.smt2  /mnt/data0/jon/verified-smart-contracts/specs/java/erc20/buf/THECASH_0xcd475371e39c0d94e82fccc9dd0ea710d0dc0c0b/transferFrom-failure-2-spec.k
Picked up _JAVA_OPTIONS: -Xmx16g -Xms1g
Parse command line options                                   =  0.030s
Importing: Source(/mnt/data0/jon/verified-smart-contracts/specs/java/erc20/buf/THECASH_0xcd475371e39c0d94e82fccc9dd0ea710d0dc0c0b/transferFrom-failure-2-spec.k)
Importing: Source(/mnt/data0/jon/verified-smart-contracts/specs/java/erc20/buf/THECASH_0xcd475371e39c0d94e82fccc9dd0ea710d0dc0c0b/abstract-semantics-segmented-gas.k)
Importing: Source(/mnt/data0/jon/verified-smart-contracts/specs/java/erc20/buf/THECASH_0xcd475371e39c0d94e82fccc9dd0ea710d0dc0c0b/evm-symbolic.k)
Importing: Source(/mnt/data0/jon/verified-smart-contracts/erc20/.build/evm-semantics/.build/defn/java/edsl.k)
Importing: Source(/mnt/data0/jon/verified-smart-contracts/erc20/.build/evm-semantics/.build/defn/java/evm.k)
Importing: Source(/mnt/data0/jon/verified-smart-contracts/erc20/.build/evm-semantics/.build/defn/java/data.k)
Importing: Source(/mnt/data0/jon/verified-smart-contracts/erc20/.build/evm-semantics/.build/defn/java/krypto.k)
Importing: Source(/mnt/data0/jon/verified-smart-contracts/erc20/.build/evm-semantics/.build/defn/java/evm-types.k)
Importing: Source(/mnt/data0/jon/verified-smart-contracts/erc20/.build/evm-semantics/.build/defn/java/json.k)
Importing: Source(/mnt/data0/jon/verified-smart-contracts/erc20/.build/evm-semantics/.build/defn/java/serialization.k)
Importing: Source(/mnt/data0/jon/verified-smart-contracts/erc20/.build/evm-semantics/.build/defn/java/network.k)
Importing: Source(/mnt/data0/jon/verified-smart-contracts/specs/java/erc20/buf/THECASH_0xcd475371e39c0d94e82fccc9dd0ea710d0dc0c0b/verification.k)
Importing: Source(/mnt/data0/jon/verified-smart-contracts/specs/java/erc20/buf/THECASH_0xcd475371e39c0d94e82fccc9dd0ea710d0dc0c0b/evm-data-map-symbolic.k)
Importing: Source(/mnt/data0/jon/verified-smart-contracts/specs/java/erc20/buf/lemmas-buf.k)
Parse spec modules [0/1256 rules]                            = 31.143s

Parsing finished:   59.823 s
../../resources/kprove.mak:239: recipe for target '/mnt/data0/jon/verified-smart-contracts/specs/java/erc20/buf/THECASH_0xcd475371e39c0d94e82fccc9dd0ea710d0dc0c0b/transferFrom-failure-2-spec.k.test' failed
make: *** [/mnt/data0/jon/verified-smart-contracts/specs/java/erc20/buf/THECASH_0xcd475371e39c0d94e82fccc9dd0ea710d0dc0c0b/transferFrom-failure-2-spec.k.test] Terminated
