make: Entering directory '/mnt/data0/jon/verified-smart-contracts/erc20/Wafl_0x3Fee076a0f0218899B89fE7e3F54dd2dC18917E0'
/mnt/data0/jon/verified-smart-contracts/.build/k/k-distribution/target/release/k/bin/kprove -v --debug -d /mnt/data0/jon/verified-smart-contracts/erc20/.build/evm-semantics/.build/defn/java -m VERIFICATION --z3-impl-timeout 500 --shutdown-wait-time 5s  --concrete-rules EDSL.#ceil32,EDSL.keccakIntList,EVM-TYPES.#signed.positive,EVM-TYPES.#signed.negative,EVM-TYPES.#unsigned.positive,EVM-TYPES.#unsigned.negative,EVM-TYPES.powmod.nonzero,EVM-TYPES.powmod.zero,EVM-TYPES.signextend.invalid,EVM-TYPES.signextend.negative,EVM-TYPES.signextend.positive,SERIALIZATION.keccak,EVM-TYPES.#take.zero-pad,EVM-TYPES.#asWord.recursive,EVM-TYPES.#asByteStack,EVM-TYPES.#asByteStackAux.recursive,EVM-TYPES.#padToWidth,EVM-TYPES.#padRightToWidth,SERIALIZATION.#newAddr,SERIALIZATION.#newAddrCreate2,EVM-TYPES.mapWriteBytes.recursive,EVM-TYPES.#range,EVM-TYPES.#lookup.some,EVM-TYPES.#lookup.none,EVM.#memoryUsageUpdate.some,EVM.Cgascap,EVM.Csstore.new,EVM.Csstore.old,EVM.Rsstore.new,EVM.Rsstore.old,EVM.Cextra,EVM.Cmem, --no-exc-wrap --no-alpha-renaming --deterministic-functions --cache-func-optimized --format-failures --boundary-cells k,pc --log-cells k,output,statusCode,localMem,pc,gas,wordStack,callData,accounts,memoryUsed,#pc,#result --smt-prelude /mnt/data0/jon/verified-smart-contracts/resources/evm.smt2  /mnt/data0/jon/verified-smart-contracts/specs/java/erc20/buf/Wafl_0x3Fee076a0f0218899B89fE7e3F54dd2dC18917E0/totalSupply-spec.k
Picked up _JAVA_OPTIONS: -Xmx16g -Xms1g
Parse command line options                                   =  0.023s
Importing: Source(/mnt/data0/jon/verified-smart-contracts/specs/java/erc20/buf/Wafl_0x3Fee076a0f0218899B89fE7e3F54dd2dC18917E0/totalSupply-spec.k)
Importing: Source(/mnt/data0/jon/verified-smart-contracts/specs/java/erc20/buf/Wafl_0x3Fee076a0f0218899B89fE7e3F54dd2dC18917E0/abstract-semantics-segmented-gas.k)
Importing: Source(/mnt/data0/jon/verified-smart-contracts/specs/java/erc20/buf/Wafl_0x3Fee076a0f0218899B89fE7e3F54dd2dC18917E0/evm-symbolic.k)
Importing: Source(/mnt/data0/jon/verified-smart-contracts/erc20/.build/evm-semantics/.build/defn/java/edsl.k)
Importing: Source(/mnt/data0/jon/verified-smart-contracts/erc20/.build/evm-semantics/.build/defn/java/evm.k)
Importing: Source(/mnt/data0/jon/verified-smart-contracts/erc20/.build/evm-semantics/.build/defn/java/data.k)
Importing: Source(/mnt/data0/jon/verified-smart-contracts/erc20/.build/evm-semantics/.build/defn/java/krypto.k)
Importing: Source(/mnt/data0/jon/verified-smart-contracts/erc20/.build/evm-semantics/.build/defn/java/evm-types.k)
Importing: Source(/mnt/data0/jon/verified-smart-contracts/erc20/.build/evm-semantics/.build/defn/java/json.k)
Importing: Source(/mnt/data0/jon/verified-smart-contracts/erc20/.build/evm-semantics/.build/defn/java/serialization.k)
Importing: Source(/mnt/data0/jon/verified-smart-contracts/erc20/.build/evm-semantics/.build/defn/java/network.k)
Importing: Source(/mnt/data0/jon/verified-smart-contracts/specs/java/erc20/buf/Wafl_0x3Fee076a0f0218899B89fE7e3F54dd2dC18917E0/verification.k)
Importing: Source(/mnt/data0/jon/verified-smart-contracts/specs/java/erc20/buf/Wafl_0x3Fee076a0f0218899B89fE7e3F54dd2dC18917E0/evm-data-map-symbolic.k)
Importing: Source(/mnt/data0/jon/verified-smart-contracts/specs/java/erc20/buf/lemmas-buf.k)
Parse spec modules [1/1256 rules]                            = 25.604s

Parsing finished:   53.973 s

Initialization finished
==================================
Stats for each phase, time, used memory, implicit main GC time percentage:
Total init            :  784.094 s,	12153 MB, gc: 47.165 %
  JVM init            :    0.073 s
  Parsing             :   53.973 s,	 3864 MB, gc:  2.748 %
  Rewriter init       :  730.048 s,	12153 MB, gc: 50.454 %

Init+Execution time:     730.048 s
  query build time                 :   30.572 s,      #          8
  Z3 Function rule implication time:    0.109 s,      #          8
      sat           :       8

  Time and top-level event counts:
  resolveFunctionAndAnywhere time  :  729.793 s,      #        286
    evaluateFunction time            :  729.786 s,      #         48
      builtin evaluation               :           ,      #          6
      function rule                    :           ,      #         11
      no rule applicable               :           ,      #         31
    applyAnywhereRules time          :    0.000 s,      #        138
      no anywhere rules                :           ,      #        138
    remaining time & # cached        :    0.007 s,      #        100
  impliesSMT time                  :   30.684 s,      #          8

  Recursive event counts:
  resolveFunctionAndAnywhere time  :           ,      #   92910369
    evaluateFunction time            :           ,      #   46467212
      builtin evaluation               :           ,      #      74606
      function rule                    :           ,      #   46392547
      no rule applicable               :           ,      #         11
    applyAnywhereRules time          :           ,      #       9843
      no anywhere rules                :           ,      #       9843
    # cached                         :           ,      #   46433314
==================================

../../resources/kprove.mak:239: recipe for target '/mnt/data0/jon/verified-smart-contracts/specs/java/erc20/buf/Wafl_0x3Fee076a0f0218899B89fE7e3F54dd2dC18917E0/totalSupply-spec.k.test' failed
make: *** [/mnt/data0/jon/verified-smart-contracts/specs/java/erc20/buf/Wafl_0x3Fee076a0f0218899B89fE7e3F54dd2dC18917E0/totalSupply-spec.k.test] Terminated
make: Entering directory '/mnt/data0/jon/verified-smart-contracts/erc20/Wafl_0x3Fee076a0f0218899B89fE7e3F54dd2dC18917E0'
/mnt/data0/jon/verified-smart-contracts/.build/k/k-distribution/target/release/k/bin/kprove -v --debug -d /mnt/data0/jon/verified-smart-contracts/erc20/.build/evm-semantics/.build/defn/java -m VERIFICATION --z3-impl-timeout 500 --shutdown-wait-time 5s  --concrete-rules EDSL.#ceil32,EDSL.keccakIntList,EVM-TYPES.#signed.positive,EVM-TYPES.#signed.negative,EVM-TYPES.#unsigned.positive,EVM-TYPES.#unsigned.negative,EVM-TYPES.powmod.nonzero,EVM-TYPES.powmod.zero,EVM-TYPES.signextend.invalid,EVM-TYPES.signextend.negative,EVM-TYPES.signextend.positive,SERIALIZATION.keccak,EVM-TYPES.#take.zero-pad,EVM-TYPES.#asWord.recursive,EVM-TYPES.#asByteStack,EVM-TYPES.#asByteStackAux.recursive,EVM-TYPES.#padToWidth,EVM-TYPES.#padRightToWidth,SERIALIZATION.#newAddr,SERIALIZATION.#newAddrCreate2,EVM-TYPES.mapWriteBytes.recursive,EVM-TYPES.#range,EVM-TYPES.#lookup.some,EVM-TYPES.#lookup.none,EVM.#memoryUsageUpdate.some,EVM.Cgascap,EVM.Csstore.new,EVM.Csstore.old,EVM.Rsstore.new,EVM.Rsstore.old,EVM.Cextra,EVM.Cmem, --no-exc-wrap --no-alpha-renaming --deterministic-functions --cache-func-optimized --format-failures --boundary-cells k,pc --log-cells k,output,statusCode,localMem,pc,gas,wordStack,callData,accounts,memoryUsed,#pc,#result --smt-prelude /mnt/data0/jon/verified-smart-contracts/resources/evm.smt2  /mnt/data0/jon/verified-smart-contracts/specs/java/erc20/buf/Wafl_0x3Fee076a0f0218899B89fE7e3F54dd2dC18917E0/balanceOf-spec.k
Picked up _JAVA_OPTIONS: -Xmx16g -Xms1g
Parse command line options                                   =  0.030s
Importing: Source(/mnt/data0/jon/verified-smart-contracts/specs/java/erc20/buf/Wafl_0x3Fee076a0f0218899B89fE7e3F54dd2dC18917E0/balanceOf-spec.k)
Importing: Source(/mnt/data0/jon/verified-smart-contracts/specs/java/erc20/buf/Wafl_0x3Fee076a0f0218899B89fE7e3F54dd2dC18917E0/abstract-semantics-segmented-gas.k)
Importing: Source(/mnt/data0/jon/verified-smart-contracts/specs/java/erc20/buf/Wafl_0x3Fee076a0f0218899B89fE7e3F54dd2dC18917E0/evm-symbolic.k)
Importing: Source(/mnt/data0/jon/verified-smart-contracts/erc20/.build/evm-semantics/.build/defn/java/edsl.k)
Importing: Source(/mnt/data0/jon/verified-smart-contracts/erc20/.build/evm-semantics/.build/defn/java/evm.k)
Importing: Source(/mnt/data0/jon/verified-smart-contracts/erc20/.build/evm-semantics/.build/defn/java/data.k)
Importing: Source(/mnt/data0/jon/verified-smart-contracts/erc20/.build/evm-semantics/.build/defn/java/krypto.k)
Importing: Source(/mnt/data0/jon/verified-smart-contracts/erc20/.build/evm-semantics/.build/defn/java/evm-types.k)
Importing: Source(/mnt/data0/jon/verified-smart-contracts/erc20/.build/evm-semantics/.build/defn/java/json.k)
Importing: Source(/mnt/data0/jon/verified-smart-contracts/erc20/.build/evm-semantics/.build/defn/java/serialization.k)
Importing: Source(/mnt/data0/jon/verified-smart-contracts/erc20/.build/evm-semantics/.build/defn/java/network.k)
Importing: Source(/mnt/data0/jon/verified-smart-contracts/specs/java/erc20/buf/Wafl_0x3Fee076a0f0218899B89fE7e3F54dd2dC18917E0/verification.k)
Importing: Source(/mnt/data0/jon/verified-smart-contracts/specs/java/erc20/buf/Wafl_0x3Fee076a0f0218899B89fE7e3F54dd2dC18917E0/evm-data-map-symbolic.k)
Importing: Source(/mnt/data0/jon/verified-smart-contracts/specs/java/erc20/buf/lemmas-buf.k)
Parse spec modules [0/1256 rules]                            = 27.331s

Parsing finished:   55.243 s

Initialization finished
==================================
Stats for each phase, time, used memory, implicit main GC time percentage:
Total init            :  886.129 s,	12677 MB, gc: 52.702 %
  JVM init            :    0.081 s
  Parsing             :   55.243 s,	 3450 MB, gc:  3.807 %
  Rewriter init       :  830.805 s,	12677 MB, gc: 55.958 %

Init+Execution time:     830.805 s
  query build time                 :    0.021 s,      #          8
  Z3 Function rule implication time:    0.073 s,      #          8
      sat           :       8

  Time and top-level event counts:
  resolveFunctionAndAnywhere time  :  830.581 s,      #        303
    evaluateFunction time            :  830.574 s,      #         56
      builtin evaluation               :           ,      #          7
      function rule                    :           ,      #         11
      no rule applicable               :           ,      #         38
    applyAnywhereRules time          :    0.000 s,      #        141
      no anywhere rules                :           ,      #        141
    remaining time & # cached        :    0.007 s,      #        106
  impliesSMT time                  :    0.096 s,      #          8

  Recursive event counts:
  resolveFunctionAndAnywhere time  :           ,      #   92910390
    evaluateFunction time            :           ,      #   46467228
      builtin evaluation               :           ,      #      74607
      function rule                    :           ,      #   46392558
      no rule applicable               :           ,      #         15
    applyAnywhereRules time          :           ,      #       9849
      no anywhere rules                :           ,      #       9849
    # cached                         :           ,      #   46433313
==================================

../../resources/kprove.mak:239: recipe for target '/mnt/data0/jon/verified-smart-contracts/specs/java/erc20/buf/Wafl_0x3Fee076a0f0218899B89fE7e3F54dd2dC18917E0/balanceOf-spec.k.test' failed
make: *** [/mnt/data0/jon/verified-smart-contracts/specs/java/erc20/buf/Wafl_0x3Fee076a0f0218899B89fE7e3F54dd2dC18917E0/balanceOf-spec.k.test] Terminated
make: Entering directory '/mnt/data0/jon/verified-smart-contracts/erc20/Wafl_0x3Fee076a0f0218899B89fE7e3F54dd2dC18917E0'
/mnt/data0/jon/verified-smart-contracts/.build/k/k-distribution/target/release/k/bin/kprove -v --debug -d /mnt/data0/jon/verified-smart-contracts/erc20/.build/evm-semantics/.build/defn/java -m VERIFICATION --z3-impl-timeout 500 --shutdown-wait-time 5s  --concrete-rules EDSL.#ceil32,EDSL.keccakIntList,EVM-TYPES.#signed.positive,EVM-TYPES.#signed.negative,EVM-TYPES.#unsigned.positive,EVM-TYPES.#unsigned.negative,EVM-TYPES.powmod.nonzero,EVM-TYPES.powmod.zero,EVM-TYPES.signextend.invalid,EVM-TYPES.signextend.negative,EVM-TYPES.signextend.positive,SERIALIZATION.keccak,EVM-TYPES.#take.zero-pad,EVM-TYPES.#asWord.recursive,EVM-TYPES.#asByteStack,EVM-TYPES.#asByteStackAux.recursive,EVM-TYPES.#padToWidth,EVM-TYPES.#padRightToWidth,SERIALIZATION.#newAddr,SERIALIZATION.#newAddrCreate2,EVM-TYPES.mapWriteBytes.recursive,EVM-TYPES.#range,EVM-TYPES.#lookup.some,EVM-TYPES.#lookup.none,EVM.#memoryUsageUpdate.some,EVM.Cgascap,EVM.Csstore.new,EVM.Csstore.old,EVM.Rsstore.new,EVM.Rsstore.old,EVM.Cextra,EVM.Cmem, --no-exc-wrap --no-alpha-renaming --deterministic-functions --cache-func-optimized --format-failures --boundary-cells k,pc --log-cells k,output,statusCode,localMem,pc,gas,wordStack,callData,accounts,memoryUsed,#pc,#result --smt-prelude /mnt/data0/jon/verified-smart-contracts/resources/evm.smt2  /mnt/data0/jon/verified-smart-contracts/specs/java/erc20/buf/Wafl_0x3Fee076a0f0218899B89fE7e3F54dd2dC18917E0/allowance-spec.k
Picked up _JAVA_OPTIONS: -Xmx16g -Xms1g
Parse command line options                                   =  0.025s
Importing: Source(/mnt/data0/jon/verified-smart-contracts/specs/java/erc20/buf/Wafl_0x3Fee076a0f0218899B89fE7e3F54dd2dC18917E0/allowance-spec.k)
Importing: Source(/mnt/data0/jon/verified-smart-contracts/specs/java/erc20/buf/Wafl_0x3Fee076a0f0218899B89fE7e3F54dd2dC18917E0/abstract-semantics-segmented-gas.k)
Importing: Source(/mnt/data0/jon/verified-smart-contracts/specs/java/erc20/buf/Wafl_0x3Fee076a0f0218899B89fE7e3F54dd2dC18917E0/evm-symbolic.k)
Importing: Source(/mnt/data0/jon/verified-smart-contracts/erc20/.build/evm-semantics/.build/defn/java/edsl.k)
Importing: Source(/mnt/data0/jon/verified-smart-contracts/erc20/.build/evm-semantics/.build/defn/java/evm.k)
Importing: Source(/mnt/data0/jon/verified-smart-contracts/erc20/.build/evm-semantics/.build/defn/java/data.k)
Importing: Source(/mnt/data0/jon/verified-smart-contracts/erc20/.build/evm-semantics/.build/defn/java/krypto.k)
Importing: Source(/mnt/data0/jon/verified-smart-contracts/erc20/.build/evm-semantics/.build/defn/java/evm-types.k)
Importing: Source(/mnt/data0/jon/verified-smart-contracts/erc20/.build/evm-semantics/.build/defn/java/json.k)
Importing: Source(/mnt/data0/jon/verified-smart-contracts/erc20/.build/evm-semantics/.build/defn/java/serialization.k)
Importing: Source(/mnt/data0/jon/verified-smart-contracts/erc20/.build/evm-semantics/.build/defn/java/network.k)
Importing: Source(/mnt/data0/jon/verified-smart-contracts/specs/java/erc20/buf/Wafl_0x3Fee076a0f0218899B89fE7e3F54dd2dC18917E0/verification.k)
Importing: Source(/mnt/data0/jon/verified-smart-contracts/specs/java/erc20/buf/Wafl_0x3Fee076a0f0218899B89fE7e3F54dd2dC18917E0/evm-data-map-symbolic.k)
Importing: Source(/mnt/data0/jon/verified-smart-contracts/specs/java/erc20/buf/lemmas-buf.k)
Parse spec modules [0/1256 rules]                            = 22.953s

Parsing finished:   51.905 s
../../resources/kprove.mak:239: recipe for target '/mnt/data0/jon/verified-smart-contracts/specs/java/erc20/buf/Wafl_0x3Fee076a0f0218899B89fE7e3F54dd2dC18917E0/allowance-spec.k.test' failed
make: *** [/mnt/data0/jon/verified-smart-contracts/specs/java/erc20/buf/Wafl_0x3Fee076a0f0218899B89fE7e3F54dd2dC18917E0/allowance-spec.k.test] Terminated
make: Entering directory '/mnt/data0/jon/verified-smart-contracts/erc20/Wafl_0x3Fee076a0f0218899B89fE7e3F54dd2dC18917E0'
/mnt/data0/jon/verified-smart-contracts/.build/k/k-distribution/target/release/k/bin/kprove -v --debug -d /mnt/data0/jon/verified-smart-contracts/erc20/.build/evm-semantics/.build/defn/java -m VERIFICATION --z3-impl-timeout 500 --shutdown-wait-time 5s  --concrete-rules EDSL.#ceil32,EDSL.keccakIntList,EVM-TYPES.#signed.positive,EVM-TYPES.#signed.negative,EVM-TYPES.#unsigned.positive,EVM-TYPES.#unsigned.negative,EVM-TYPES.powmod.nonzero,EVM-TYPES.powmod.zero,EVM-TYPES.signextend.invalid,EVM-TYPES.signextend.negative,EVM-TYPES.signextend.positive,SERIALIZATION.keccak,EVM-TYPES.#take.zero-pad,EVM-TYPES.#asWord.recursive,EVM-TYPES.#asByteStack,EVM-TYPES.#asByteStackAux.recursive,EVM-TYPES.#padToWidth,EVM-TYPES.#padRightToWidth,SERIALIZATION.#newAddr,SERIALIZATION.#newAddrCreate2,EVM-TYPES.mapWriteBytes.recursive,EVM-TYPES.#range,EVM-TYPES.#lookup.some,EVM-TYPES.#lookup.none,EVM.#memoryUsageUpdate.some,EVM.Cgascap,EVM.Csstore.new,EVM.Csstore.old,EVM.Rsstore.new,EVM.Rsstore.old,EVM.Cextra,EVM.Cmem, --no-exc-wrap --no-alpha-renaming --deterministic-functions --cache-func-optimized --format-failures --boundary-cells k,pc --log-cells k,output,statusCode,localMem,pc,gas,wordStack,callData,accounts,memoryUsed,#pc,#result --smt-prelude /mnt/data0/jon/verified-smart-contracts/resources/evm.smt2  /mnt/data0/jon/verified-smart-contracts/specs/java/erc20/buf/Wafl_0x3Fee076a0f0218899B89fE7e3F54dd2dC18917E0/approve-spec.k
Picked up _JAVA_OPTIONS: -Xmx16g -Xms1g
Parse command line options                                   =  0.030s
Importing: Source(/mnt/data0/jon/verified-smart-contracts/specs/java/erc20/buf/Wafl_0x3Fee076a0f0218899B89fE7e3F54dd2dC18917E0/approve-spec.k)
Importing: Source(/mnt/data0/jon/verified-smart-contracts/specs/java/erc20/buf/Wafl_0x3Fee076a0f0218899B89fE7e3F54dd2dC18917E0/abstract-semantics-segmented-gas.k)
Importing: Source(/mnt/data0/jon/verified-smart-contracts/specs/java/erc20/buf/Wafl_0x3Fee076a0f0218899B89fE7e3F54dd2dC18917E0/evm-symbolic.k)
Importing: Source(/mnt/data0/jon/verified-smart-contracts/erc20/.build/evm-semantics/.build/defn/java/edsl.k)
Importing: Source(/mnt/data0/jon/verified-smart-contracts/erc20/.build/evm-semantics/.build/defn/java/evm.k)
Importing: Source(/mnt/data0/jon/verified-smart-contracts/erc20/.build/evm-semantics/.build/defn/java/data.k)
Importing: Source(/mnt/data0/jon/verified-smart-contracts/erc20/.build/evm-semantics/.build/defn/java/krypto.k)
Importing: Source(/mnt/data0/jon/verified-smart-contracts/erc20/.build/evm-semantics/.build/defn/java/evm-types.k)
Importing: Source(/mnt/data0/jon/verified-smart-contracts/erc20/.build/evm-semantics/.build/defn/java/json.k)
Importing: Source(/mnt/data0/jon/verified-smart-contracts/erc20/.build/evm-semantics/.build/defn/java/serialization.k)
Importing: Source(/mnt/data0/jon/verified-smart-contracts/erc20/.build/evm-semantics/.build/defn/java/network.k)
Importing: Source(/mnt/data0/jon/verified-smart-contracts/specs/java/erc20/buf/Wafl_0x3Fee076a0f0218899B89fE7e3F54dd2dC18917E0/verification.k)
Importing: Source(/mnt/data0/jon/verified-smart-contracts/specs/java/erc20/buf/Wafl_0x3Fee076a0f0218899B89fE7e3F54dd2dC18917E0/evm-data-map-symbolic.k)
Importing: Source(/mnt/data0/jon/verified-smart-contracts/specs/java/erc20/buf/lemmas-buf.k)
Parse spec modules [0/1256 rules]                            = 30.919s

Parsing finished:   60.146 s

Initialization finished
==================================
Stats for each phase, time, used memory, implicit main GC time percentage:
Total init            :  880.557 s,	14611 MB, gc: 52.963 %
  JVM init            :    0.080 s
  Parsing             :   60.146 s,	 3128 MB, gc:  3.377 %
  Rewriter init       :  820.331 s,	14611 MB, gc: 56.603 %

Init+Execution time:     820.331 s
  query build time                 :    0.021 s,      #          8
  Z3 Function rule implication time:    0.102 s,      #          8
      sat           :       8

  Time and top-level event counts:
  resolveFunctionAndAnywhere time  :  820.112 s,      #        271
    evaluateFunction time            :  820.104 s,      #         47
      builtin evaluation               :           ,      #          9
      function rule                    :           ,      #         10
      no rule applicable               :           ,      #         28
    applyAnywhereRules time          :    0.001 s,      #        147
      no anywhere rules                :           ,      #        147
    remaining time & # cached        :    0.008 s,      #         77
  impliesSMT time                  :    0.126 s,      #          8

  Recursive event counts:
  resolveFunctionAndAnywhere time  :           ,      #   92910635
    evaluateFunction time            :           ,      #   46467290
      builtin evaluation               :           ,      #      74620
      function rule                    :           ,      #   46392605
      no rule applicable               :           ,      #         17
    applyAnywhereRules time          :           ,      #       9879
      no anywhere rules                :           ,      #       9879
    # cached                         :           ,      #   46433466
==================================

../../resources/kprove.mak:239: recipe for target '/mnt/data0/jon/verified-smart-contracts/specs/java/erc20/buf/Wafl_0x3Fee076a0f0218899B89fE7e3F54dd2dC18917E0/approve-spec.k.test' failed
make: *** [/mnt/data0/jon/verified-smart-contracts/specs/java/erc20/buf/Wafl_0x3Fee076a0f0218899B89fE7e3F54dd2dC18917E0/approve-spec.k.test] Terminated
make: Entering directory '/mnt/data0/jon/verified-smart-contracts/erc20/Wafl_0x3Fee076a0f0218899B89fE7e3F54dd2dC18917E0'
/mnt/data0/jon/verified-smart-contracts/.build/k/k-distribution/target/release/k/bin/kprove -v --debug -d /mnt/data0/jon/verified-smart-contracts/erc20/.build/evm-semantics/.build/defn/java -m VERIFICATION --z3-impl-timeout 500 --shutdown-wait-time 5s  --concrete-rules EDSL.#ceil32,EDSL.keccakIntList,EVM-TYPES.#signed.positive,EVM-TYPES.#signed.negative,EVM-TYPES.#unsigned.positive,EVM-TYPES.#unsigned.negative,EVM-TYPES.powmod.nonzero,EVM-TYPES.powmod.zero,EVM-TYPES.signextend.invalid,EVM-TYPES.signextend.negative,EVM-TYPES.signextend.positive,SERIALIZATION.keccak,EVM-TYPES.#take.zero-pad,EVM-TYPES.#asWord.recursive,EVM-TYPES.#asByteStack,EVM-TYPES.#asByteStackAux.recursive,EVM-TYPES.#padToWidth,EVM-TYPES.#padRightToWidth,SERIALIZATION.#newAddr,SERIALIZATION.#newAddrCreate2,EVM-TYPES.mapWriteBytes.recursive,EVM-TYPES.#range,EVM-TYPES.#lookup.some,EVM-TYPES.#lookup.none,EVM.#memoryUsageUpdate.some,EVM.Cgascap,EVM.Csstore.new,EVM.Csstore.old,EVM.Rsstore.new,EVM.Rsstore.old,EVM.Cextra,EVM.Cmem, --no-exc-wrap --no-alpha-renaming --deterministic-functions --cache-func-optimized --format-failures --boundary-cells k,pc --log-cells k,output,statusCode,localMem,pc,gas,wordStack,callData,accounts,memoryUsed,#pc,#result --smt-prelude /mnt/data0/jon/verified-smart-contracts/resources/evm.smt2  /mnt/data0/jon/verified-smart-contracts/specs/java/erc20/buf/Wafl_0x3Fee076a0f0218899B89fE7e3F54dd2dC18917E0/transfer-success-1-spec.k
Picked up _JAVA_OPTIONS: -Xmx16g -Xms1g
Parse command line options                                   =  0.022s
Importing: Source(/mnt/data0/jon/verified-smart-contracts/specs/java/erc20/buf/Wafl_0x3Fee076a0f0218899B89fE7e3F54dd2dC18917E0/transfer-success-1-spec.k)
Importing: Source(/mnt/data0/jon/verified-smart-contracts/specs/java/erc20/buf/Wafl_0x3Fee076a0f0218899B89fE7e3F54dd2dC18917E0/abstract-semantics-segmented-gas.k)
Importing: Source(/mnt/data0/jon/verified-smart-contracts/specs/java/erc20/buf/Wafl_0x3Fee076a0f0218899B89fE7e3F54dd2dC18917E0/evm-symbolic.k)
Importing: Source(/mnt/data0/jon/verified-smart-contracts/erc20/.build/evm-semantics/.build/defn/java/edsl.k)
Importing: Source(/mnt/data0/jon/verified-smart-contracts/erc20/.build/evm-semantics/.build/defn/java/evm.k)
Importing: Source(/mnt/data0/jon/verified-smart-contracts/erc20/.build/evm-semantics/.build/defn/java/data.k)
Importing: Source(/mnt/data0/jon/verified-smart-contracts/erc20/.build/evm-semantics/.build/defn/java/krypto.k)
Importing: Source(/mnt/data0/jon/verified-smart-contracts/erc20/.build/evm-semantics/.build/defn/java/evm-types.k)
Importing: Source(/mnt/data0/jon/verified-smart-contracts/erc20/.build/evm-semantics/.build/defn/java/json.k)
Importing: Source(/mnt/data0/jon/verified-smart-contracts/erc20/.build/evm-semantics/.build/defn/java/serialization.k)
Importing: Source(/mnt/data0/jon/verified-smart-contracts/erc20/.build/evm-semantics/.build/defn/java/network.k)
Importing: Source(/mnt/data0/jon/verified-smart-contracts/specs/java/erc20/buf/Wafl_0x3Fee076a0f0218899B89fE7e3F54dd2dC18917E0/verification.k)
Importing: Source(/mnt/data0/jon/verified-smart-contracts/specs/java/erc20/buf/Wafl_0x3Fee076a0f0218899B89fE7e3F54dd2dC18917E0/evm-data-map-symbolic.k)
Importing: Source(/mnt/data0/jon/verified-smart-contracts/specs/java/erc20/buf/lemmas-buf.k)
Parse spec modules [0/1256 rules]                            = 23.405s

Parsing finished:   55.216 s

Initialization finished
==================================
Stats for each phase, time, used memory, implicit main GC time percentage:
Total init            :  863.683 s,	14259 MB, gc: 51.880 %
  JVM init            :    0.074 s
  Parsing             :   55.216 s,	 3335 MB, gc:  3.189 %
  Rewriter init       :  808.393 s,	14259 MB, gc: 55.211 %

Init+Execution time:     808.393 s
  query build time                 :    0.022 s,      #          8
  Z3 Function rule implication time:    0.126 s,      #          8
      sat           :       8

  Time and top-level event counts:
  resolveFunctionAndAnywhere time  :  808.172 s,      #        320
    evaluateFunction time            :  808.163 s,      #         90
      builtin evaluation               :           ,      #          9
      function rule                    :           ,      #         16
      no rule applicable               :           ,      #         65
    applyAnywhereRules time          :    0.001 s,      #        150
      no anywhere rules                :           ,      #        150
    remaining time & # cached        :    0.008 s,      #         80
  impliesSMT time                  :    0.151 s,      #          8

  Recursive event counts:
  resolveFunctionAndAnywhere time  :           ,      #   92910656
    evaluateFunction time            :           ,      #   46467307
      builtin evaluation               :           ,      #      74623
      function rule                    :           ,      #   46392611
      no rule applicable               :           ,      #         25
    applyAnywhereRules time          :           ,      #       9882
      no anywhere rules                :           ,      #       9882
    # cached                         :           ,      #   46433467
==================================

../../resources/kprove.mak:239: recipe for target '/mnt/data0/jon/verified-smart-contracts/specs/java/erc20/buf/Wafl_0x3Fee076a0f0218899B89fE7e3F54dd2dC18917E0/transfer-success-1-spec.k.test' failed
make: *** [/mnt/data0/jon/verified-smart-contracts/specs/java/erc20/buf/Wafl_0x3Fee076a0f0218899B89fE7e3F54dd2dC18917E0/transfer-success-1-spec.k.test] Terminated
make: Entering directory '/mnt/data0/jon/verified-smart-contracts/erc20/Wafl_0x3Fee076a0f0218899B89fE7e3F54dd2dC18917E0'
/mnt/data0/jon/verified-smart-contracts/.build/k/k-distribution/target/release/k/bin/kprove -v --debug -d /mnt/data0/jon/verified-smart-contracts/erc20/.build/evm-semantics/.build/defn/java -m VERIFICATION --z3-impl-timeout 500 --shutdown-wait-time 5s  --concrete-rules EDSL.#ceil32,EDSL.keccakIntList,EVM-TYPES.#signed.positive,EVM-TYPES.#signed.negative,EVM-TYPES.#unsigned.positive,EVM-TYPES.#unsigned.negative,EVM-TYPES.powmod.nonzero,EVM-TYPES.powmod.zero,EVM-TYPES.signextend.invalid,EVM-TYPES.signextend.negative,EVM-TYPES.signextend.positive,SERIALIZATION.keccak,EVM-TYPES.#take.zero-pad,EVM-TYPES.#asWord.recursive,EVM-TYPES.#asByteStack,EVM-TYPES.#asByteStackAux.recursive,EVM-TYPES.#padToWidth,EVM-TYPES.#padRightToWidth,SERIALIZATION.#newAddr,SERIALIZATION.#newAddrCreate2,EVM-TYPES.mapWriteBytes.recursive,EVM-TYPES.#range,EVM-TYPES.#lookup.some,EVM-TYPES.#lookup.none,EVM.#memoryUsageUpdate.some,EVM.Cgascap,EVM.Csstore.new,EVM.Csstore.old,EVM.Rsstore.new,EVM.Rsstore.old,EVM.Cextra,EVM.Cmem, --no-exc-wrap --no-alpha-renaming --deterministic-functions --cache-func-optimized --format-failures --boundary-cells k,pc --log-cells k,output,statusCode,localMem,pc,gas,wordStack,callData,accounts,memoryUsed,#pc,#result --smt-prelude /mnt/data0/jon/verified-smart-contracts/resources/evm.smt2  /mnt/data0/jon/verified-smart-contracts/specs/java/erc20/buf/Wafl_0x3Fee076a0f0218899B89fE7e3F54dd2dC18917E0/transfer-success-2-spec.k
Picked up _JAVA_OPTIONS: -Xmx16g -Xms1g
Parse command line options                                   =  0.021s
Importing: Source(/mnt/data0/jon/verified-smart-contracts/specs/java/erc20/buf/Wafl_0x3Fee076a0f0218899B89fE7e3F54dd2dC18917E0/transfer-success-2-spec.k)
Importing: Source(/mnt/data0/jon/verified-smart-contracts/specs/java/erc20/buf/Wafl_0x3Fee076a0f0218899B89fE7e3F54dd2dC18917E0/abstract-semantics-segmented-gas.k)
Importing: Source(/mnt/data0/jon/verified-smart-contracts/specs/java/erc20/buf/Wafl_0x3Fee076a0f0218899B89fE7e3F54dd2dC18917E0/evm-symbolic.k)
Importing: Source(/mnt/data0/jon/verified-smart-contracts/erc20/.build/evm-semantics/.build/defn/java/edsl.k)
Importing: Source(/mnt/data0/jon/verified-smart-contracts/erc20/.build/evm-semantics/.build/defn/java/evm.k)
Importing: Source(/mnt/data0/jon/verified-smart-contracts/erc20/.build/evm-semantics/.build/defn/java/data.k)
Importing: Source(/mnt/data0/jon/verified-smart-contracts/erc20/.build/evm-semantics/.build/defn/java/krypto.k)
Importing: Source(/mnt/data0/jon/verified-smart-contracts/erc20/.build/evm-semantics/.build/defn/java/evm-types.k)
Importing: Source(/mnt/data0/jon/verified-smart-contracts/erc20/.build/evm-semantics/.build/defn/java/json.k)
Importing: Source(/mnt/data0/jon/verified-smart-contracts/erc20/.build/evm-semantics/.build/defn/java/serialization.k)
Importing: Source(/mnt/data0/jon/verified-smart-contracts/erc20/.build/evm-semantics/.build/defn/java/network.k)
Importing: Source(/mnt/data0/jon/verified-smart-contracts/specs/java/erc20/buf/Wafl_0x3Fee076a0f0218899B89fE7e3F54dd2dC18917E0/verification.k)
Importing: Source(/mnt/data0/jon/verified-smart-contracts/specs/java/erc20/buf/Wafl_0x3Fee076a0f0218899B89fE7e3F54dd2dC18917E0/evm-data-map-symbolic.k)
Importing: Source(/mnt/data0/jon/verified-smart-contracts/specs/java/erc20/buf/lemmas-buf.k)
Parse spec modules [0/1256 rules]                            = 24.556s

Parsing finished:   51.344 s
../../resources/kprove.mak:239: recipe for target '/mnt/data0/jon/verified-smart-contracts/specs/java/erc20/buf/Wafl_0x3Fee076a0f0218899B89fE7e3F54dd2dC18917E0/transfer-success-2-spec.k.test' failed
make: *** [/mnt/data0/jon/verified-smart-contracts/specs/java/erc20/buf/Wafl_0x3Fee076a0f0218899B89fE7e3F54dd2dC18917E0/transfer-success-2-spec.k.test] Terminated
make: Entering directory '/mnt/data0/jon/verified-smart-contracts/erc20/Wafl_0x3Fee076a0f0218899B89fE7e3F54dd2dC18917E0'
/mnt/data0/jon/verified-smart-contracts/.build/k/k-distribution/target/release/k/bin/kprove -v --debug -d /mnt/data0/jon/verified-smart-contracts/erc20/.build/evm-semantics/.build/defn/java -m VERIFICATION --z3-impl-timeout 500 --shutdown-wait-time 5s  --concrete-rules EDSL.#ceil32,EDSL.keccakIntList,EVM-TYPES.#signed.positive,EVM-TYPES.#signed.negative,EVM-TYPES.#unsigned.positive,EVM-TYPES.#unsigned.negative,EVM-TYPES.powmod.nonzero,EVM-TYPES.powmod.zero,EVM-TYPES.signextend.invalid,EVM-TYPES.signextend.negative,EVM-TYPES.signextend.positive,SERIALIZATION.keccak,EVM-TYPES.#take.zero-pad,EVM-TYPES.#asWord.recursive,EVM-TYPES.#asByteStack,EVM-TYPES.#asByteStackAux.recursive,EVM-TYPES.#padToWidth,EVM-TYPES.#padRightToWidth,SERIALIZATION.#newAddr,SERIALIZATION.#newAddrCreate2,EVM-TYPES.mapWriteBytes.recursive,EVM-TYPES.#range,EVM-TYPES.#lookup.some,EVM-TYPES.#lookup.none,EVM.#memoryUsageUpdate.some,EVM.Cgascap,EVM.Csstore.new,EVM.Csstore.old,EVM.Rsstore.new,EVM.Rsstore.old,EVM.Cextra,EVM.Cmem, --no-exc-wrap --no-alpha-renaming --deterministic-functions --cache-func-optimized --format-failures --boundary-cells k,pc --log-cells k,output,statusCode,localMem,pc,gas,wordStack,callData,accounts,memoryUsed,#pc,#result --smt-prelude /mnt/data0/jon/verified-smart-contracts/resources/evm.smt2  /mnt/data0/jon/verified-smart-contracts/specs/java/erc20/buf/Wafl_0x3Fee076a0f0218899B89fE7e3F54dd2dC18917E0/transfer-failure-1-spec.k
Picked up _JAVA_OPTIONS: -Xmx16g -Xms1g
Parse command line options                                   =  0.030s
Importing: Source(/mnt/data0/jon/verified-smart-contracts/specs/java/erc20/buf/Wafl_0x3Fee076a0f0218899B89fE7e3F54dd2dC18917E0/transfer-failure-1-spec.k)
Importing: Source(/mnt/data0/jon/verified-smart-contracts/specs/java/erc20/buf/Wafl_0x3Fee076a0f0218899B89fE7e3F54dd2dC18917E0/abstract-semantics-segmented-gas.k)
Importing: Source(/mnt/data0/jon/verified-smart-contracts/specs/java/erc20/buf/Wafl_0x3Fee076a0f0218899B89fE7e3F54dd2dC18917E0/evm-symbolic.k)
Importing: Source(/mnt/data0/jon/verified-smart-contracts/erc20/.build/evm-semantics/.build/defn/java/edsl.k)
Importing: Source(/mnt/data0/jon/verified-smart-contracts/erc20/.build/evm-semantics/.build/defn/java/evm.k)
Importing: Source(/mnt/data0/jon/verified-smart-contracts/erc20/.build/evm-semantics/.build/defn/java/data.k)
Importing: Source(/mnt/data0/jon/verified-smart-contracts/erc20/.build/evm-semantics/.build/defn/java/krypto.k)
Importing: Source(/mnt/data0/jon/verified-smart-contracts/erc20/.build/evm-semantics/.build/defn/java/evm-types.k)
Importing: Source(/mnt/data0/jon/verified-smart-contracts/erc20/.build/evm-semantics/.build/defn/java/json.k)
Importing: Source(/mnt/data0/jon/verified-smart-contracts/erc20/.build/evm-semantics/.build/defn/java/serialization.k)
Importing: Source(/mnt/data0/jon/verified-smart-contracts/erc20/.build/evm-semantics/.build/defn/java/network.k)
Importing: Source(/mnt/data0/jon/verified-smart-contracts/specs/java/erc20/buf/Wafl_0x3Fee076a0f0218899B89fE7e3F54dd2dC18917E0/verification.k)
Importing: Source(/mnt/data0/jon/verified-smart-contracts/specs/java/erc20/buf/Wafl_0x3Fee076a0f0218899B89fE7e3F54dd2dC18917E0/evm-data-map-symbolic.k)
Importing: Source(/mnt/data0/jon/verified-smart-contracts/specs/java/erc20/buf/lemmas-buf.k)

Initialization finished
==================================
Stats for each phase, time, used memory, implicit main GC time percentage:
Total init            :  925.819 s,	13980 MB, gc: 55.629 %
  JVM init            :    0.086 s
  Parsing             :   51.344 s,	 2974 MB, gc:  3.354 %
  Rewriter init       :  874.389 s,	13980 MB, gc: 58.704 %

Init+Execution time:     874.389 s
  query build time                 :    0.025 s,      #          8
  Z3 Function rule implication time:    0.110 s,      #          8
      sat           :       8

  Time and top-level event counts:
  resolveFunctionAndAnywhere time  :  874.129 s,      #        437
    evaluateFunction time            :  874.122 s,      #         72
      builtin evaluation               :           ,      #          7
      function rule                    :           ,      #         14
      no rule applicable               :           ,      #         51
    applyAnywhereRules time          :    0.001 s,      #        145
      no anywhere rules                :           ,      #        145
    remaining time & # cached        :    0.006 s,      #        220
  impliesSMT time                  :    0.140 s,      #          8

  Recursive event counts:
  resolveFunctionAndAnywhere time  :           ,      #   92920259
    evaluateFunction time            :           ,      #   46467298
      builtin evaluation               :           ,      #      74620
      function rule                    :           ,      #   46392608
      no rule applicable               :           ,      #         22
    applyAnywhereRules time          :           ,      #       9881
      no anywhere rules                :           ,      #       9881
    # cached                         :           ,      #   46443080
==================================

Parse spec modules [0/1256 rules]                            = 30.048s

Parsing finished:   58.544 s

Initialization finished
==================================
Stats for each phase, time, used memory, implicit main GC time percentage:
Total init            :  851.672 s,	13432 MB, gc: 50.571 %
  JVM init            :    0.087 s
  Parsing             :   58.544 s,	 2604 MB, gc:  4.626 %
  Rewriter init       :  793.041 s,	13432 MB, gc: 53.968 %

Init+Execution time:     793.041 s
  query build time                 :    0.027 s,      #          8
  Z3 Function rule implication time:    0.136 s,      #          8
      sat           :       8

  Time and top-level event counts:
  resolveFunctionAndAnywhere time  :  792.819 s,      #        322
    evaluateFunction time            :  792.811 s,      #         92
      builtin evaluation               :           ,      #          9
      function rule                    :           ,      #         17
      no rule applicable               :           ,      #         66
    applyAnywhereRules time          :    0.001 s,      #        150
      no anywhere rules                :           ,      #        150
    remaining time & # cached        :    0.007 s,      #         80
  impliesSMT time                  :    0.167 s,      #          8

  Recursive event counts:
  resolveFunctionAndAnywhere time  :           ,      #   92910441
    evaluateFunction time            :           ,      #   46467260
      builtin evaluation               :           ,      #      74613
      function rule                    :           ,      #   46392572
      no rule applicable               :           ,      #         27
    applyAnywhereRules time          :           ,      #       9850
      no anywhere rules                :           ,      #       9850
    # cached                         :           ,      #   46433331
==================================

../../resources/kprove.mak:239: recipe for target '/mnt/data0/jon/verified-smart-contracts/specs/java/erc20/buf/Wafl_0x3Fee076a0f0218899B89fE7e3F54dd2dC18917E0/transfer-failure-1-spec.k.test' failed
make: *** [/mnt/data0/jon/verified-smart-contracts/specs/java/erc20/buf/Wafl_0x3Fee076a0f0218899B89fE7e3F54dd2dC18917E0/transfer-failure-1-spec.k.test] Terminated
make: Entering directory '/mnt/data0/jon/verified-smart-contracts/erc20/Wafl_0x3Fee076a0f0218899B89fE7e3F54dd2dC18917E0'
/mnt/data0/jon/verified-smart-contracts/.build/k/k-distribution/target/release/k/bin/kprove -v --debug -d /mnt/data0/jon/verified-smart-contracts/erc20/.build/evm-semantics/.build/defn/java -m VERIFICATION --z3-impl-timeout 500 --shutdown-wait-time 5s  --concrete-rules EDSL.#ceil32,EDSL.keccakIntList,EVM-TYPES.#signed.positive,EVM-TYPES.#signed.negative,EVM-TYPES.#unsigned.positive,EVM-TYPES.#unsigned.negative,EVM-TYPES.powmod.nonzero,EVM-TYPES.powmod.zero,EVM-TYPES.signextend.invalid,EVM-TYPES.signextend.negative,EVM-TYPES.signextend.positive,SERIALIZATION.keccak,EVM-TYPES.#take.zero-pad,EVM-TYPES.#asWord.recursive,EVM-TYPES.#asByteStack,EVM-TYPES.#asByteStackAux.recursive,EVM-TYPES.#padToWidth,EVM-TYPES.#padRightToWidth,SERIALIZATION.#newAddr,SERIALIZATION.#newAddrCreate2,EVM-TYPES.mapWriteBytes.recursive,EVM-TYPES.#range,EVM-TYPES.#lookup.some,EVM-TYPES.#lookup.none,EVM.#memoryUsageUpdate.some,EVM.Cgascap,EVM.Csstore.new,EVM.Csstore.old,EVM.Rsstore.new,EVM.Rsstore.old,EVM.Cextra,EVM.Cmem, --no-exc-wrap --no-alpha-renaming --deterministic-functions --cache-func-optimized --format-failures --boundary-cells k,pc --log-cells k,output,statusCode,localMem,pc,gas,wordStack,callData,accounts,memoryUsed,#pc,#result --smt-prelude /mnt/data0/jon/verified-smart-contracts/resources/evm.smt2  /mnt/data0/jon/verified-smart-contracts/specs/java/erc20/buf/Wafl_0x3Fee076a0f0218899B89fE7e3F54dd2dC18917E0/transfer-failure-2-spec.k
Picked up _JAVA_OPTIONS: -Xmx16g -Xms1g
Parse command line options                                   =  0.022s
Importing: Source(/mnt/data0/jon/verified-smart-contracts/specs/java/erc20/buf/Wafl_0x3Fee076a0f0218899B89fE7e3F54dd2dC18917E0/transfer-failure-2-spec.k)
Importing: Source(/mnt/data0/jon/verified-smart-contracts/specs/java/erc20/buf/Wafl_0x3Fee076a0f0218899B89fE7e3F54dd2dC18917E0/abstract-semantics-segmented-gas.k)
Importing: Source(/mnt/data0/jon/verified-smart-contracts/specs/java/erc20/buf/Wafl_0x3Fee076a0f0218899B89fE7e3F54dd2dC18917E0/evm-symbolic.k)
Importing: Source(/mnt/data0/jon/verified-smart-contracts/erc20/.build/evm-semantics/.build/defn/java/edsl.k)
Importing: Source(/mnt/data0/jon/verified-smart-contracts/erc20/.build/evm-semantics/.build/defn/java/evm.k)
Importing: Source(/mnt/data0/jon/verified-smart-contracts/erc20/.build/evm-semantics/.build/defn/java/data.k)
Importing: Source(/mnt/data0/jon/verified-smart-contracts/erc20/.build/evm-semantics/.build/defn/java/krypto.k)
Importing: Source(/mnt/data0/jon/verified-smart-contracts/erc20/.build/evm-semantics/.build/defn/java/evm-types.k)
Importing: Source(/mnt/data0/jon/verified-smart-contracts/erc20/.build/evm-semantics/.build/defn/java/json.k)
Importing: Source(/mnt/data0/jon/verified-smart-contracts/erc20/.build/evm-semantics/.build/defn/java/serialization.k)
Importing: Source(/mnt/data0/jon/verified-smart-contracts/erc20/.build/evm-semantics/.build/defn/java/network.k)
Importing: Source(/mnt/data0/jon/verified-smart-contracts/specs/java/erc20/buf/Wafl_0x3Fee076a0f0218899B89fE7e3F54dd2dC18917E0/verification.k)
Importing: Source(/mnt/data0/jon/verified-smart-contracts/specs/java/erc20/buf/Wafl_0x3Fee076a0f0218899B89fE7e3F54dd2dC18917E0/evm-data-map-symbolic.k)
Importing: Source(/mnt/data0/jon/verified-smart-contracts/specs/java/erc20/buf/lemmas-buf.k)
Parse spec modules [0/1256 rules]                            = 23.773s

Parsing finished:   51.642 s
../../resources/kprove.mak:239: recipe for target '/mnt/data0/jon/verified-smart-contracts/specs/java/erc20/buf/Wafl_0x3Fee076a0f0218899B89fE7e3F54dd2dC18917E0/transfer-failure-2-spec.k.test' failed
make: *** [/mnt/data0/jon/verified-smart-contracts/specs/java/erc20/buf/Wafl_0x3Fee076a0f0218899B89fE7e3F54dd2dC18917E0/transfer-failure-2-spec.k.test] Terminated
make: Entering directory '/mnt/data0/jon/verified-smart-contracts/erc20/Wafl_0x3Fee076a0f0218899B89fE7e3F54dd2dC18917E0'
/mnt/data0/jon/verified-smart-contracts/.build/k/k-distribution/target/release/k/bin/kprove -v --debug -d /mnt/data0/jon/verified-smart-contracts/erc20/.build/evm-semantics/.build/defn/java -m VERIFICATION --z3-impl-timeout 500 --shutdown-wait-time 5s  --concrete-rules EDSL.#ceil32,EDSL.keccakIntList,EVM-TYPES.#signed.positive,EVM-TYPES.#signed.negative,EVM-TYPES.#unsigned.positive,EVM-TYPES.#unsigned.negative,EVM-TYPES.powmod.nonzero,EVM-TYPES.powmod.zero,EVM-TYPES.signextend.invalid,EVM-TYPES.signextend.negative,EVM-TYPES.signextend.positive,SERIALIZATION.keccak,EVM-TYPES.#take.zero-pad,EVM-TYPES.#asWord.recursive,EVM-TYPES.#asByteStack,EVM-TYPES.#asByteStackAux.recursive,EVM-TYPES.#padToWidth,EVM-TYPES.#padRightToWidth,SERIALIZATION.#newAddr,SERIALIZATION.#newAddrCreate2,EVM-TYPES.mapWriteBytes.recursive,EVM-TYPES.#range,EVM-TYPES.#lookup.some,EVM-TYPES.#lookup.none,EVM.#memoryUsageUpdate.some,EVM.Cgascap,EVM.Csstore.new,EVM.Csstore.old,EVM.Rsstore.new,EVM.Rsstore.old,EVM.Cextra,EVM.Cmem, --no-exc-wrap --no-alpha-renaming --deterministic-functions --cache-func-optimized --format-failures --boundary-cells k,pc --log-cells k,output,statusCode,localMem,pc,gas,wordStack,callData,accounts,memoryUsed,#pc,#result --smt-prelude /mnt/data0/jon/verified-smart-contracts/resources/evm.smt2  /mnt/data0/jon/verified-smart-contracts/specs/java/erc20/buf/Wafl_0x3Fee076a0f0218899B89fE7e3F54dd2dC18917E0/transferFrom-success-1-spec.k
Picked up _JAVA_OPTIONS: -Xmx16g -Xms1g
Parse command line options                                   =  0.024s
Importing: Source(/mnt/data0/jon/verified-smart-contracts/specs/java/erc20/buf/Wafl_0x3Fee076a0f0218899B89fE7e3F54dd2dC18917E0/transferFrom-success-1-spec.k)
Importing: Source(/mnt/data0/jon/verified-smart-contracts/specs/java/erc20/buf/Wafl_0x3Fee076a0f0218899B89fE7e3F54dd2dC18917E0/abstract-semantics-segmented-gas.k)
Importing: Source(/mnt/data0/jon/verified-smart-contracts/specs/java/erc20/buf/Wafl_0x3Fee076a0f0218899B89fE7e3F54dd2dC18917E0/evm-symbolic.k)
Importing: Source(/mnt/data0/jon/verified-smart-contracts/erc20/.build/evm-semantics/.build/defn/java/edsl.k)
Importing: Source(/mnt/data0/jon/verified-smart-contracts/erc20/.build/evm-semantics/.build/defn/java/evm.k)
Importing: Source(/mnt/data0/jon/verified-smart-contracts/erc20/.build/evm-semantics/.build/defn/java/data.k)
Importing: Source(/mnt/data0/jon/verified-smart-contracts/erc20/.build/evm-semantics/.build/defn/java/krypto.k)
Importing: Source(/mnt/data0/jon/verified-smart-contracts/erc20/.build/evm-semantics/.build/defn/java/evm-types.k)
Importing: Source(/mnt/data0/jon/verified-smart-contracts/erc20/.build/evm-semantics/.build/defn/java/json.k)
Importing: Source(/mnt/data0/jon/verified-smart-contracts/erc20/.build/evm-semantics/.build/defn/java/serialization.k)
Importing: Source(/mnt/data0/jon/verified-smart-contracts/erc20/.build/evm-semantics/.build/defn/java/network.k)
Importing: Source(/mnt/data0/jon/verified-smart-contracts/specs/java/erc20/buf/Wafl_0x3Fee076a0f0218899B89fE7e3F54dd2dC18917E0/verification.k)
Importing: Source(/mnt/data0/jon/verified-smart-contracts/specs/java/erc20/buf/Wafl_0x3Fee076a0f0218899B89fE7e3F54dd2dC18917E0/evm-data-map-symbolic.k)
Importing: Source(/mnt/data0/jon/verified-smart-contracts/specs/java/erc20/buf/lemmas-buf.k)

Initialization finished
==================================
Stats for each phase, time, used memory, implicit main GC time percentage:
Total init            :  906.328 s,	14656 MB, gc: 54.655 %
  JVM init            :    0.065 s
  Parsing             :   51.642 s,	 2501 MB, gc:  3.518 %
  Rewriter init       :  854.622 s,	14656 MB, gc: 57.749 %

Init+Execution time:     854.622 s
  query build time                 :    0.027 s,      #          8
  Z3 Function rule implication time:    0.127 s,      #          8
      sat           :       8

  Time and top-level event counts:
  resolveFunctionAndAnywhere time  :  854.355 s,      #        405
    evaluateFunction time            :  854.345 s,      #         73
      builtin evaluation               :           ,      #          9
      function rule                    :           ,      #         14
      no rule applicable               :           ,      #         50
    applyAnywhereRules time          :    0.001 s,      #        149
      no anywhere rules                :           ,      #        149
    remaining time & # cached        :    0.009 s,      #        183
  impliesSMT time                  :    0.157 s,      #          8

  Recursive event counts:
  resolveFunctionAndAnywhere time  :           ,      #   92920057
    evaluateFunction time            :           ,      #   46467250
      builtin evaluation               :           ,      #      74610
      function rule                    :           ,      #   46392569
      no rule applicable               :           ,      #         23
    applyAnywhereRules time          :           ,      #       9849
      no anywhere rules                :           ,      #       9849
    # cached                         :           ,      #   46442958
==================================

Parse spec modules [0/1256 rules]                            = 23.795s

Parsing finished:   52.351 s

Initialization finished
==================================
Stats for each phase, time, used memory, implicit main GC time percentage:
Total init            :  836.211 s,	13917 MB, gc: 51.038 %
  JVM init            :    0.080 s
  Parsing             :   52.351 s,	 2789 MB, gc:  3.347 %
  Rewriter init       :  783.781 s,	13917 MB, gc: 54.229 %

Init+Execution time:     783.781 s
  query build time                 :    0.021 s,      #          8
  Z3 Function rule implication time:    0.100 s,      #          8
      sat           :       8

  Time and top-level event counts:
  resolveFunctionAndAnywhere time  :  783.468 s,      #        359
    evaluateFunction time            :  783.461 s,      #        117
      builtin evaluation               :           ,      #          9
      function rule                    :           ,      #         20
      no rule applicable               :           ,      #         88
    applyAnywhereRules time          :    0.000 s,      #        154
      no anywhere rules                :           ,      #        154
    remaining time & # cached        :    0.007 s,      #         88
  impliesSMT time                  :    0.125 s,      #          8

  Recursive event counts:
  resolveFunctionAndAnywhere time  :           ,      #   92910714
    evaluateFunction time            :           ,      #   46467354
      builtin evaluation               :           ,      #      74630
      function rule                    :           ,      #   46392637
      no rule applicable               :           ,      #         39
    applyAnywhereRules time          :           ,      #       9886
      no anywhere rules                :           ,      #       9886
    # cached                         :           ,      #   46433474
==================================

../../resources/kprove.mak:239: recipe for target '/mnt/data0/jon/verified-smart-contracts/specs/java/erc20/buf/Wafl_0x3Fee076a0f0218899B89fE7e3F54dd2dC18917E0/transferFrom-success-1-spec.k.test' failed
make: *** [/mnt/data0/jon/verified-smart-contracts/specs/java/erc20/buf/Wafl_0x3Fee076a0f0218899B89fE7e3F54dd2dC18917E0/transferFrom-success-1-spec.k.test] Terminated
make: Entering directory '/mnt/data0/jon/verified-smart-contracts/erc20/Wafl_0x3Fee076a0f0218899B89fE7e3F54dd2dC18917E0'
/mnt/data0/jon/verified-smart-contracts/.build/k/k-distribution/target/release/k/bin/kprove -v --debug -d /mnt/data0/jon/verified-smart-contracts/erc20/.build/evm-semantics/.build/defn/java -m VERIFICATION --z3-impl-timeout 500 --shutdown-wait-time 5s  --concrete-rules EDSL.#ceil32,EDSL.keccakIntList,EVM-TYPES.#signed.positive,EVM-TYPES.#signed.negative,EVM-TYPES.#unsigned.positive,EVM-TYPES.#unsigned.negative,EVM-TYPES.powmod.nonzero,EVM-TYPES.powmod.zero,EVM-TYPES.signextend.invalid,EVM-TYPES.signextend.negative,EVM-TYPES.signextend.positive,SERIALIZATION.keccak,EVM-TYPES.#take.zero-pad,EVM-TYPES.#asWord.recursive,EVM-TYPES.#asByteStack,EVM-TYPES.#asByteStackAux.recursive,EVM-TYPES.#padToWidth,EVM-TYPES.#padRightToWidth,SERIALIZATION.#newAddr,SERIALIZATION.#newAddrCreate2,EVM-TYPES.mapWriteBytes.recursive,EVM-TYPES.#range,EVM-TYPES.#lookup.some,EVM-TYPES.#lookup.none,EVM.#memoryUsageUpdate.some,EVM.Cgascap,EVM.Csstore.new,EVM.Csstore.old,EVM.Rsstore.new,EVM.Rsstore.old,EVM.Cextra,EVM.Cmem, --no-exc-wrap --no-alpha-renaming --deterministic-functions --cache-func-optimized --format-failures --boundary-cells k,pc --log-cells k,output,statusCode,localMem,pc,gas,wordStack,callData,accounts,memoryUsed,#pc,#result --smt-prelude /mnt/data0/jon/verified-smart-contracts/resources/evm.smt2  /mnt/data0/jon/verified-smart-contracts/specs/java/erc20/buf/Wafl_0x3Fee076a0f0218899B89fE7e3F54dd2dC18917E0/transferFrom-success-2-spec.k
Picked up _JAVA_OPTIONS: -Xmx16g -Xms1g
Parse command line options                                   =  0.029s
Importing: Source(/mnt/data0/jon/verified-smart-contracts/specs/java/erc20/buf/Wafl_0x3Fee076a0f0218899B89fE7e3F54dd2dC18917E0/transferFrom-success-2-spec.k)
Importing: Source(/mnt/data0/jon/verified-smart-contracts/specs/java/erc20/buf/Wafl_0x3Fee076a0f0218899B89fE7e3F54dd2dC18917E0/abstract-semantics-segmented-gas.k)
Importing: Source(/mnt/data0/jon/verified-smart-contracts/specs/java/erc20/buf/Wafl_0x3Fee076a0f0218899B89fE7e3F54dd2dC18917E0/evm-symbolic.k)
Importing: Source(/mnt/data0/jon/verified-smart-contracts/erc20/.build/evm-semantics/.build/defn/java/edsl.k)
Importing: Source(/mnt/data0/jon/verified-smart-contracts/erc20/.build/evm-semantics/.build/defn/java/evm.k)
Importing: Source(/mnt/data0/jon/verified-smart-contracts/erc20/.build/evm-semantics/.build/defn/java/data.k)
Importing: Source(/mnt/data0/jon/verified-smart-contracts/erc20/.build/evm-semantics/.build/defn/java/krypto.k)
Importing: Source(/mnt/data0/jon/verified-smart-contracts/erc20/.build/evm-semantics/.build/defn/java/evm-types.k)
Importing: Source(/mnt/data0/jon/verified-smart-contracts/erc20/.build/evm-semantics/.build/defn/java/json.k)
Importing: Source(/mnt/data0/jon/verified-smart-contracts/erc20/.build/evm-semantics/.build/defn/java/serialization.k)
Importing: Source(/mnt/data0/jon/verified-smart-contracts/erc20/.build/evm-semantics/.build/defn/java/network.k)
Importing: Source(/mnt/data0/jon/verified-smart-contracts/specs/java/erc20/buf/Wafl_0x3Fee076a0f0218899B89fE7e3F54dd2dC18917E0/verification.k)
Importing: Source(/mnt/data0/jon/verified-smart-contracts/specs/java/erc20/buf/Wafl_0x3Fee076a0f0218899B89fE7e3F54dd2dC18917E0/evm-data-map-symbolic.k)
Importing: Source(/mnt/data0/jon/verified-smart-contracts/specs/java/erc20/buf/lemmas-buf.k)
Parse spec modules [0/1256 rules]                            = 25.077s

Parsing finished:   53.179 s

Initialization finished
==================================
Stats for each phase, time, used memory, implicit main GC time percentage:
Total init            :  847.402 s,	13544 MB, gc: 52.573 %
  JVM init            :    0.333 s
  Parsing             :   53.179 s,	 3509 MB, gc:  3.347 %
  Rewriter init       :  793.890 s,	13544 MB, gc: 55.892 %

Init+Execution time:     793.890 s
  query build time                 :    0.022 s,      #          8
  Z3 Function rule implication time:    0.121 s,      #          8
      sat           :       8

  Time and top-level event counts:
  resolveFunctionAndAnywhere time  :  793.599 s,      #        475
    evaluateFunction time            :  793.591 s,      #        100
      builtin evaluation               :           ,      #          9
      function rule                    :           ,      #         16
      no rule applicable               :           ,      #         75
    applyAnywhereRules time          :    0.001 s,      #        152
      no anywhere rules                :           ,      #        152
    remaining time & # cached        :    0.007 s,      #        223
  impliesSMT time                  :    0.147 s,      #          8

  Recursive event counts:
  resolveFunctionAndAnywhere time  :           ,      #   92920298
    evaluateFunction time            :           ,      #   46467311
      builtin evaluation               :           ,      #      74622
      function rule                    :           ,      #   46392615
      no rule applicable               :           ,      #         26
    applyAnywhereRules time          :           ,      #       9885
      no anywhere rules                :           ,      #       9885
    # cached                         :           ,      #   46443102
==================================

../../resources/kprove.mak:239: recipe for target '/mnt/data0/jon/verified-smart-contracts/specs/java/erc20/buf/Wafl_0x3Fee076a0f0218899B89fE7e3F54dd2dC18917E0/transferFrom-success-2-spec.k.test' failed
make: *** [/mnt/data0/jon/verified-smart-contracts/specs/java/erc20/buf/Wafl_0x3Fee076a0f0218899B89fE7e3F54dd2dC18917E0/transferFrom-success-2-spec.k.test] Terminated
make: Entering directory '/mnt/data0/jon/verified-smart-contracts/erc20/Wafl_0x3Fee076a0f0218899B89fE7e3F54dd2dC18917E0'
/mnt/data0/jon/verified-smart-contracts/.build/k/k-distribution/target/release/k/bin/kprove -v --debug -d /mnt/data0/jon/verified-smart-contracts/erc20/.build/evm-semantics/.build/defn/java -m VERIFICATION --z3-impl-timeout 500 --shutdown-wait-time 5s  --concrete-rules EDSL.#ceil32,EDSL.keccakIntList,EVM-TYPES.#signed.positive,EVM-TYPES.#signed.negative,EVM-TYPES.#unsigned.positive,EVM-TYPES.#unsigned.negative,EVM-TYPES.powmod.nonzero,EVM-TYPES.powmod.zero,EVM-TYPES.signextend.invalid,EVM-TYPES.signextend.negative,EVM-TYPES.signextend.positive,SERIALIZATION.keccak,EVM-TYPES.#take.zero-pad,EVM-TYPES.#asWord.recursive,EVM-TYPES.#asByteStack,EVM-TYPES.#asByteStackAux.recursive,EVM-TYPES.#padToWidth,EVM-TYPES.#padRightToWidth,SERIALIZATION.#newAddr,SERIALIZATION.#newAddrCreate2,EVM-TYPES.mapWriteBytes.recursive,EVM-TYPES.#range,EVM-TYPES.#lookup.some,EVM-TYPES.#lookup.none,EVM.#memoryUsageUpdate.some,EVM.Cgascap,EVM.Csstore.new,EVM.Csstore.old,EVM.Rsstore.new,EVM.Rsstore.old,EVM.Cextra,EVM.Cmem, --no-exc-wrap --no-alpha-renaming --deterministic-functions --cache-func-optimized --format-failures --boundary-cells k,pc --log-cells k,output,statusCode,localMem,pc,gas,wordStack,callData,accounts,memoryUsed,#pc,#result --smt-prelude /mnt/data0/jon/verified-smart-contracts/resources/evm.smt2  /mnt/data0/jon/verified-smart-contracts/specs/java/erc20/buf/Wafl_0x3Fee076a0f0218899B89fE7e3F54dd2dC18917E0/transferFrom-failure-1-spec.k
Picked up _JAVA_OPTIONS: -Xmx16g -Xms1g
Parse command line options                                   =  0.033s
Importing: Source(/mnt/data0/jon/verified-smart-contracts/specs/java/erc20/buf/Wafl_0x3Fee076a0f0218899B89fE7e3F54dd2dC18917E0/transferFrom-failure-1-spec.k)
Importing: Source(/mnt/data0/jon/verified-smart-contracts/specs/java/erc20/buf/Wafl_0x3Fee076a0f0218899B89fE7e3F54dd2dC18917E0/abstract-semantics-segmented-gas.k)
Importing: Source(/mnt/data0/jon/verified-smart-contracts/specs/java/erc20/buf/Wafl_0x3Fee076a0f0218899B89fE7e3F54dd2dC18917E0/evm-symbolic.k)
Importing: Source(/mnt/data0/jon/verified-smart-contracts/erc20/.build/evm-semantics/.build/defn/java/edsl.k)
Importing: Source(/mnt/data0/jon/verified-smart-contracts/erc20/.build/evm-semantics/.build/defn/java/evm.k)
Importing: Source(/mnt/data0/jon/verified-smart-contracts/erc20/.build/evm-semantics/.build/defn/java/data.k)
Importing: Source(/mnt/data0/jon/verified-smart-contracts/erc20/.build/evm-semantics/.build/defn/java/krypto.k)
Importing: Source(/mnt/data0/jon/verified-smart-contracts/erc20/.build/evm-semantics/.build/defn/java/evm-types.k)
Importing: Source(/mnt/data0/jon/verified-smart-contracts/erc20/.build/evm-semantics/.build/defn/java/json.k)
Importing: Source(/mnt/data0/jon/verified-smart-contracts/erc20/.build/evm-semantics/.build/defn/java/serialization.k)
Importing: Source(/mnt/data0/jon/verified-smart-contracts/erc20/.build/evm-semantics/.build/defn/java/network.k)
Importing: Source(/mnt/data0/jon/verified-smart-contracts/specs/java/erc20/buf/Wafl_0x3Fee076a0f0218899B89fE7e3F54dd2dC18917E0/verification.k)
Importing: Source(/mnt/data0/jon/verified-smart-contracts/specs/java/erc20/buf/Wafl_0x3Fee076a0f0218899B89fE7e3F54dd2dC18917E0/evm-data-map-symbolic.k)
Importing: Source(/mnt/data0/jon/verified-smart-contracts/specs/java/erc20/buf/lemmas-buf.k)
Parse spec modules [0/1256 rules]                            = 24.924s

Parsing finished:   55.795 s

Initialization finished
==================================
Stats for each phase, time, used memory, implicit main GC time percentage:
Total init            :  855.950 s,	12265 MB, gc: 51.904 %
  JVM init            :    0.062 s
  Parsing             :   55.795 s,	 2896 MB, gc:  3.518 %
  Rewriter init       :  800.094 s,	12265 MB, gc: 55.283 %

Init+Execution time:     800.094 s
  query build time                 :    0.021 s,      #          8
  Z3 Function rule implication time:    0.119 s,      #          8
      sat           :       8

  Time and top-level event counts:
  resolveFunctionAndAnywhere time  :  799.860 s,      #        358
    evaluateFunction time            :  799.853 s,      #        120
      builtin evaluation               :           ,      #          9
      function rule                    :           ,      #         20
      no rule applicable               :           ,      #         91
    applyAnywhereRules time          :    0.000 s,      #        154
      no anywhere rules                :           ,      #        154
    remaining time & # cached        :    0.006 s,      #         84
  impliesSMT time                  :    0.143 s,      #          8

  Recursive event counts:
  resolveFunctionAndAnywhere time  :           ,      #   92910473
    evaluateFunction time            :           ,      #   46467283
      builtin evaluation               :           ,      #      74615
      function rule                    :           ,      #   46392585
      no rule applicable               :           ,      #         35
    applyAnywhereRules time          :           ,      #       9854
      no anywhere rules                :           ,      #       9854
    # cached                         :           ,      #   46433336
==================================

../../resources/kprove.mak:239: recipe for target '/mnt/data0/jon/verified-smart-contracts/specs/java/erc20/buf/Wafl_0x3Fee076a0f0218899B89fE7e3F54dd2dC18917E0/transferFrom-failure-1-spec.k.test' failed
make: *** [/mnt/data0/jon/verified-smart-contracts/specs/java/erc20/buf/Wafl_0x3Fee076a0f0218899B89fE7e3F54dd2dC18917E0/transferFrom-failure-1-spec.k.test] Terminated
make: Entering directory '/mnt/data0/jon/verified-smart-contracts/erc20/Wafl_0x3Fee076a0f0218899B89fE7e3F54dd2dC18917E0'
/mnt/data0/jon/verified-smart-contracts/.build/k/k-distribution/target/release/k/bin/kprove -v --debug -d /mnt/data0/jon/verified-smart-contracts/erc20/.build/evm-semantics/.build/defn/java -m VERIFICATION --z3-impl-timeout 500 --shutdown-wait-time 5s  --concrete-rules EDSL.#ceil32,EDSL.keccakIntList,EVM-TYPES.#signed.positive,EVM-TYPES.#signed.negative,EVM-TYPES.#unsigned.positive,EVM-TYPES.#unsigned.negative,EVM-TYPES.powmod.nonzero,EVM-TYPES.powmod.zero,EVM-TYPES.signextend.invalid,EVM-TYPES.signextend.negative,EVM-TYPES.signextend.positive,SERIALIZATION.keccak,EVM-TYPES.#take.zero-pad,EVM-TYPES.#asWord.recursive,EVM-TYPES.#asByteStack,EVM-TYPES.#asByteStackAux.recursive,EVM-TYPES.#padToWidth,EVM-TYPES.#padRightToWidth,SERIALIZATION.#newAddr,SERIALIZATION.#newAddrCreate2,EVM-TYPES.mapWriteBytes.recursive,EVM-TYPES.#range,EVM-TYPES.#lookup.some,EVM-TYPES.#lookup.none,EVM.#memoryUsageUpdate.some,EVM.Cgascap,EVM.Csstore.new,EVM.Csstore.old,EVM.Rsstore.new,EVM.Rsstore.old,EVM.Cextra,EVM.Cmem, --no-exc-wrap --no-alpha-renaming --deterministic-functions --cache-func-optimized --format-failures --boundary-cells k,pc --log-cells k,output,statusCode,localMem,pc,gas,wordStack,callData,accounts,memoryUsed,#pc,#result --smt-prelude /mnt/data0/jon/verified-smart-contracts/resources/evm.smt2  /mnt/data0/jon/verified-smart-contracts/specs/java/erc20/buf/Wafl_0x3Fee076a0f0218899B89fE7e3F54dd2dC18917E0/transferFrom-failure-2-spec.k
Picked up _JAVA_OPTIONS: -Xmx16g -Xms1g
Parse command line options                                   =  0.025s
Importing: Source(/mnt/data0/jon/verified-smart-contracts/specs/java/erc20/buf/Wafl_0x3Fee076a0f0218899B89fE7e3F54dd2dC18917E0/transferFrom-failure-2-spec.k)
Importing: Source(/mnt/data0/jon/verified-smart-contracts/specs/java/erc20/buf/Wafl_0x3Fee076a0f0218899B89fE7e3F54dd2dC18917E0/abstract-semantics-segmented-gas.k)
Importing: Source(/mnt/data0/jon/verified-smart-contracts/specs/java/erc20/buf/Wafl_0x3Fee076a0f0218899B89fE7e3F54dd2dC18917E0/evm-symbolic.k)
Importing: Source(/mnt/data0/jon/verified-smart-contracts/erc20/.build/evm-semantics/.build/defn/java/edsl.k)
Importing: Source(/mnt/data0/jon/verified-smart-contracts/erc20/.build/evm-semantics/.build/defn/java/evm.k)
Importing: Source(/mnt/data0/jon/verified-smart-contracts/erc20/.build/evm-semantics/.build/defn/java/data.k)
Importing: Source(/mnt/data0/jon/verified-smart-contracts/erc20/.build/evm-semantics/.build/defn/java/krypto.k)
Importing: Source(/mnt/data0/jon/verified-smart-contracts/erc20/.build/evm-semantics/.build/defn/java/evm-types.k)
Importing: Source(/mnt/data0/jon/verified-smart-contracts/erc20/.build/evm-semantics/.build/defn/java/json.k)
Importing: Source(/mnt/data0/jon/verified-smart-contracts/erc20/.build/evm-semantics/.build/defn/java/serialization.k)
Importing: Source(/mnt/data0/jon/verified-smart-contracts/erc20/.build/evm-semantics/.build/defn/java/network.k)
Importing: Source(/mnt/data0/jon/verified-smart-contracts/specs/java/erc20/buf/Wafl_0x3Fee076a0f0218899B89fE7e3F54dd2dC18917E0/verification.k)
Importing: Source(/mnt/data0/jon/verified-smart-contracts/specs/java/erc20/buf/Wafl_0x3Fee076a0f0218899B89fE7e3F54dd2dC18917E0/evm-data-map-symbolic.k)
Importing: Source(/mnt/data0/jon/verified-smart-contracts/specs/java/erc20/buf/lemmas-buf.k)
Parse spec modules [0/1256 rules]                            = 23.018s

Parsing finished:   53.064 s

Initialization finished
==================================
Stats for each phase, time, used memory, implicit main GC time percentage:
Total init            :  849.869 s,	13052 MB, gc: 51.219 %
  JVM init            :    0.094 s
  Parsing             :   53.064 s,	 3688 MB, gc:  3.249 %
  Rewriter init       :  796.711 s,	13052 MB, gc: 54.420 %

Init+Execution time:     796.711 s
  query build time                 :    0.026 s,      #          8
  Z3 Function rule implication time:    0.107 s,      #          8
      sat           :       8

  Time and top-level event counts:
  resolveFunctionAndAnywhere time  :  796.414 s,      #        444
    evaluateFunction time            :  796.405 s,      #        102
      builtin evaluation               :           ,      #          9
      function rule                    :           ,      #         17
      no rule applicable               :           ,      #         76
    applyAnywhereRules time          :    0.001 s,      #        152
      no anywhere rules                :           ,      #        152
    remaining time & # cached        :    0.008 s,      #        190
  impliesSMT time                  :    0.136 s,      #          8

  Recursive event counts:
  resolveFunctionAndAnywhere time  :           ,      #   92920083
    evaluateFunction time            :           ,      #   46467264
      builtin evaluation               :           ,      #      74612
      function rule                    :           ,      #   46392576
      no rule applicable               :           ,      #         28
    applyAnywhereRules time          :           ,      #       9853
      no anywhere rules                :           ,      #       9853
    # cached                         :           ,      #   46442966
==================================

../../resources/kprove.mak:239: recipe for target '/mnt/data0/jon/verified-smart-contracts/specs/java/erc20/buf/Wafl_0x3Fee076a0f0218899B89fE7e3F54dd2dC18917E0/transferFrom-failure-2-spec.k.test' failed
make: *** [/mnt/data0/jon/verified-smart-contracts/specs/java/erc20/buf/Wafl_0x3Fee076a0f0218899B89fE7e3F54dd2dC18917E0/transferFrom-failure-2-spec.k.test] Terminated
