benchmarks/ERC201//_0x_0x71e4b8de109428f999391eb3424d2cc87192e8ba.sol
SpecFilesDir = /mnt/data0/jon/SmartPulseTool/benchmarks/ERC201
... running Solc on /mnt/data0/jon/SmartPulseTool/benchmarks/ERC201//_0x_0x71e4b8de109428f999391eb3424d2cc87192e8ba.sol
/home/jon/.dotnet/tools/solc
... running SolToBoogie to translate Solidity to Boogie
Warning: constant expression contains large constant(s);
if the large constant is an operand in a power operation,
modulo arithmetic check will not work correctly
Warning!!: Invoking base constructor ERC20Interface_ERC20Interface that is not explicitly in inheritance list of _0x...
Warning!!: Invoking base constructor Owned_Owned that is not explicitly in inheritance list of _0x...
Property totalsupply counterexample -- 35.27 s
Property balanceof verified -- 6.50 s
Property allowance verified -- 6.29 s
Property approve verified -- 11.65 s
Property transfer-normal verified -- 26.50 s
Property transfer-self timed-out -- 900s
Property transfer-fail verified -- 12.63 s
Property transfer-self-fail verified -- 7.36 s
Property transferfrom-normal verified -- 49.50 s
Property transferfrom-self verified -- 56.23 s
Property transferfrom-fail verified -- 19.22 s
Property transferfrom-self-fail verified -- 10.81 s
Verified 10 out of 12 properties
1 counterexamples
0 exceptions
1 timed out
benchmarks/ERC201//_0x_0x8e9c3d1f30904e91764b7b8bbfda3a429b886874.sol
SpecFilesDir = /mnt/data0/jon/SmartPulseTool/benchmarks/ERC201
... running Solc on /mnt/data0/jon/SmartPulseTool/benchmarks/ERC201//_0x_0x8e9c3d1f30904e91764b7b8bbfda3a429b886874.sol
/home/jon/.dotnet/tools/solc
... running SolToBoogie to translate Solidity to Boogie
Warning: constant expression contains large constant(s);
if the large constant is an operand in a power operation,
modulo arithmetic check will not work correctly
Warning!!: Invoking base constructor ERC20Interface_ERC20Interface that is not explicitly in inheritance list of _0x...
Warning!!: Invoking base constructor Owned_Owned that is not explicitly in inheritance list of _0x...
Property totalsupply counterexample -- 35.07 s
Property balanceof verified -- 6.73 s
Property allowance verified -- 6.15 s
Property approve verified -- 11.18 s
Property transfer-normal verified -- 28.24 s
Property transfer-self verified -- 31.15 s
Property transfer-fail verified -- 13.33 s
Property transfer-self-fail verified -- 6.70 s
Property transferfrom-normal verified -- 48.89 s
Property transferfrom-self verified -- 53.10 s
Property transferfrom-fail verified -- 21.05 s
Property transferfrom-self-fail verified -- 11.06 s
Verified 11 out of 12 properties
1 counterexamples
0 exceptions
0 timed out
benchmarks/ERC201//_0x_0x91f5f9c36b093907b0f99d1dbcf41aaf1db28916.sol
SpecFilesDir = /mnt/data0/jon/SmartPulseTool/benchmarks/ERC201
... running Solc on /mnt/data0/jon/SmartPulseTool/benchmarks/ERC201//_0x_0x91f5f9c36b093907b0f99d1dbcf41aaf1db28916.sol
/home/jon/.dotnet/tools/solc
... running SolToBoogie to translate Solidity to Boogie
Warning: constant expression contains large constant(s);
if the large constant is an operand in a power operation,
modulo arithmetic check will not work correctly
Warning!!: Invoking base constructor ERC20Interface_ERC20Interface that is not explicitly in inheritance list of _0x...
Warning!!: Invoking base constructor Owned_Owned that is not explicitly in inheritance list of _0x...
Property totalsupply counterexample -- 35.35 s
Property balanceof verified -- 6.12 s
Property allowance verified -- 6.44 s
Property approve verified -- 10.98 s
Property transfer-normal verified -- 27.05 s
Property transfer-self verified -- 31.15 s
Property transfer-fail verified -- 12.71 s
Property transfer-self-fail verified -- 6.57 s
Property transferfrom-normal verified -- 49.42 s
Property transferfrom-self verified -- 54.34 s
Property transferfrom-fail verified -- 21.54 s
Property transferfrom-self-fail verified -- 10.19 s
Verified 11 out of 12 properties
1 counterexamples
0 exceptions
0 timed out
benchmarks/ERC201//_0x_0xac8491258d2d93228e8b49aac2e332a96f04e56c.sol
SpecFilesDir = /mnt/data0/jon/SmartPulseTool/benchmarks/ERC201
... running Solc on /mnt/data0/jon/SmartPulseTool/benchmarks/ERC201//_0x_0xac8491258d2d93228e8b49aac2e332a96f04e56c.sol
/home/jon/.dotnet/tools/solc
... running SolToBoogie to translate Solidity to Boogie
Warning: constant expression contains large constant(s);
if the large constant is an operand in a power operation,
modulo arithmetic check will not work correctly
Warning!!: Invoking base constructor ERC20Interface_ERC20Interface that is not explicitly in inheritance list of _0x...
Warning!!: Invoking base constructor Owned_Owned that is not explicitly in inheritance list of _0x...
Property totalsupply counterexample -- 33.96 s
Property balanceof verified -- 6.22 s
Property allowance verified -- 6.25 s
Property approve verified -- 10.91 s
Property transfer-normal verified -- 27.38 s
Property transfer-self verified -- 30.81 s
Property transfer-fail verified -- 12.64 s
Property transfer-self-fail verified -- 6.36 s
Property transferfrom-normal verified -- 50.83 s
Property transferfrom-self verified -- 54.91 s
Property transferfrom-fail verified -- 20.65 s
Property transferfrom-self-fail verified -- 10.40 s
Verified 11 out of 12 properties
1 counterexamples
0 exceptions
0 timed out
benchmarks/ERC201//_0xEthereumToken_0x716523231368d43bdfe1f06afe1c62930731ab13.sol
SpecFilesDir = /mnt/data0/jon/SmartPulseTool/benchmarks/ERC201
... running Solc on /mnt/data0/jon/SmartPulseTool/benchmarks/ERC201//_0xEthereumToken_0x716523231368d43bdfe1f06afe1c62930731ab13.sol
/home/jon/.dotnet/tools/solc
... running SolToBoogie to translate Solidity to Boogie
Warning!!: Invoking base constructor ERC20Interface_ERC20Interface that is not explicitly in inheritance list of _0xEthereumToken...
Warning!!: Invoking base constructor Owned_Owned that is not explicitly in inheritance list of _0xEthereumToken...
Property totalsupply counterexample -- 34.67 s
Property balanceof verified -- 6.32 s
Property allowance verified -- 6.45 s
Property approve verified -- 10.96 s
Property transfer-normal verified -- 41.39 s
Property transfer-self timed-out -- 900s
Property transfer-fail verified -- 12.36 s
Property transfer-self-fail verified -- 6.72 s
Property transferfrom-normal verified -- 157.63 s
Property transferfrom-self timed-out -- 900s
Property transferfrom-fail verified -- 21.50 s
Property transferfrom-self-fail verified -- 10.66 s
Verified 9 out of 12 properties
1 counterexamples
0 exceptions
2 timed out
benchmarks/ERC201//_0xMoneroToken_0x035df12e0f3ac6671126525f1015e47d79dfeddf.bak.sol
SpecFilesDir = /mnt/data0/jon/SmartPulseTool/benchmarks/ERC201
... running Solc on /mnt/data0/jon/SmartPulseTool/benchmarks/ERC201//_0xMoneroToken_0x035df12e0f3ac6671126525f1015e47d79dfeddf.bak.sol
/home/jon/.dotnet/tools/solc
... running SolToBoogie to translate Solidity to Boogie
Warning: constant expression contains large constant(s);
if the large constant is an operand in a power operation,
modulo arithmetic check will not work correctly
VeriSol translation error: Nullable object must have a value.
mv: cannot stat '__SolToBoogieTest_out.bpl': No such file or directory
cat: benchmarks/ERC201//_0xMoneroToken_0x035df12e0f3ac6671126525f1015e47d79dfeddf.bak.bpl: No such file or directory
Property totalsupply exception -- .05 s
cat: benchmarks/ERC201//_0xMoneroToken_0x035df12e0f3ac6671126525f1015e47d79dfeddf.bak.bpl: No such file or directory
Property balanceof exception -- .05 s
cat: benchmarks/ERC201//_0xMoneroToken_0x035df12e0f3ac6671126525f1015e47d79dfeddf.bak.bpl: No such file or directory
Property allowance exception -- .05 s
cat: benchmarks/ERC201//_0xMoneroToken_0x035df12e0f3ac6671126525f1015e47d79dfeddf.bak.bpl: No such file or directory
Property approve exception -- .05 s
cat: benchmarks/ERC201//_0xMoneroToken_0x035df12e0f3ac6671126525f1015e47d79dfeddf.bak.bpl: No such file or directory
Property transfer-normal exception -- .05 s
cat: benchmarks/ERC201//_0xMoneroToken_0x035df12e0f3ac6671126525f1015e47d79dfeddf.bak.bpl: No such file or directory
Property transfer-self exception -- .04 s
cat: benchmarks/ERC201//_0xMoneroToken_0x035df12e0f3ac6671126525f1015e47d79dfeddf.bak.bpl: No such file or directory
Property transfer-fail exception -- .05 s
cat: benchmarks/ERC201//_0xMoneroToken_0x035df12e0f3ac6671126525f1015e47d79dfeddf.bak.bpl: No such file or directory
Property transfer-self-fail exception -- .05 s
cat: benchmarks/ERC201//_0xMoneroToken_0x035df12e0f3ac6671126525f1015e47d79dfeddf.bak.bpl: No such file or directory
Property transferfrom-normal exception -- .05 s
cat: benchmarks/ERC201//_0xMoneroToken_0x035df12e0f3ac6671126525f1015e47d79dfeddf.bak.bpl: No such file or directory
Property transferfrom-self exception -- .05 s
cat: benchmarks/ERC201//_0xMoneroToken_0x035df12e0f3ac6671126525f1015e47d79dfeddf.bak.bpl: No such file or directory
Property transferfrom-fail exception -- .05 s
cat: benchmarks/ERC201//_0xMoneroToken_0x035df12e0f3ac6671126525f1015e47d79dfeddf.bak.bpl: No such file or directory
Property transferfrom-self-fail exception -- .05 s
Verified 0 out of 12 properties
0 counterexamples
12 exceptions
0 timed out
benchmarks/ERC201//_0xMoneroToken_0x035df12e0f3ac6671126525f1015e47d79dfeddf.sol
SpecFilesDir = /mnt/data0/jon/SmartPulseTool/benchmarks/ERC201
... running Solc on /mnt/data0/jon/SmartPulseTool/benchmarks/ERC201//_0xMoneroToken_0x035df12e0f3ac6671126525f1015e47d79dfeddf.sol
/home/jon/.dotnet/tools/solc
... running SolToBoogie to translate Solidity to Boogie
Warning: constant expression contains large constant(s);
if the large constant is an operand in a power operation,
modulo arithmetic check will not work correctly
VeriSol translation error: Nullable object must have a value.
mv: cannot stat '__SolToBoogieTest_out.bpl': No such file or directory
cat: benchmarks/ERC201//_0xMoneroToken_0x035df12e0f3ac6671126525f1015e47d79dfeddf.bpl: No such file or directory
Property totalsupply exception -- .06 s
cat: benchmarks/ERC201//_0xMoneroToken_0x035df12e0f3ac6671126525f1015e47d79dfeddf.bpl: No such file or directory
Property balanceof exception -- .05 s
cat: benchmarks/ERC201//_0xMoneroToken_0x035df12e0f3ac6671126525f1015e47d79dfeddf.bpl: No such file or directory
Property allowance exception -- .05 s
cat: benchmarks/ERC201//_0xMoneroToken_0x035df12e0f3ac6671126525f1015e47d79dfeddf.bpl: No such file or directory
Property approve exception -- .05 s
cat: benchmarks/ERC201//_0xMoneroToken_0x035df12e0f3ac6671126525f1015e47d79dfeddf.bpl: No such file or directory
Property transfer-normal exception -- .06 s
cat: benchmarks/ERC201//_0xMoneroToken_0x035df12e0f3ac6671126525f1015e47d79dfeddf.bpl: No such file or directory
Property transfer-self exception -- .05 s
cat: benchmarks/ERC201//_0xMoneroToken_0x035df12e0f3ac6671126525f1015e47d79dfeddf.bpl: No such file or directory
Property transfer-fail exception -- .05 s
cat: benchmarks/ERC201//_0xMoneroToken_0x035df12e0f3ac6671126525f1015e47d79dfeddf.bpl: No such file or directory
Property transfer-self-fail exception -- .05 s
cat: benchmarks/ERC201//_0xMoneroToken_0x035df12e0f3ac6671126525f1015e47d79dfeddf.bpl: No such file or directory
Property transferfrom-normal exception -- .05 s
cat: benchmarks/ERC201//_0xMoneroToken_0x035df12e0f3ac6671126525f1015e47d79dfeddf.bpl: No such file or directory
Property transferfrom-self exception -- .05 s
cat: benchmarks/ERC201//_0xMoneroToken_0x035df12e0f3ac6671126525f1015e47d79dfeddf.bpl: No such file or directory
Property transferfrom-fail exception -- .05 s
cat: benchmarks/ERC201//_0xMoneroToken_0x035df12e0f3ac6671126525f1015e47d79dfeddf.bpl: No such file or directory
Property transferfrom-self-fail exception -- .06 s
Verified 0 out of 12 properties
0 counterexamples
12 exceptions
0 timed out
benchmarks/ERC201//AirBasicToken_0xd1ccc390f181a38faab2c818d19c5a68ba9251b7.sol
SpecFilesDir = /mnt/data0/jon/SmartPulseTool/benchmarks/ERC201
... running Solc on /mnt/data0/jon/SmartPulseTool/benchmarks/ERC201//AirBasicToken_0xd1ccc390f181a38faab2c818d19c5a68ba9251b7.sol
/home/jon/.dotnet/tools/solc
... running SolToBoogie to translate Solidity to Boogie
Warning!!: Invoking base constructor ERC20Basic_ERC20Basic that is not explicitly in inheritance list of BurnableToken...
Warning!!: Invoking base constructor ERC20Basic_ERC20Basic that is not explicitly in inheritance list of StandardToken...
Warning!!: Invoking base constructor ERC20Basic_ERC20Basic that is not explicitly called in the inheritance/modifier list specified in AirBasicToken...
Warning!!: Invoking base constructor ERC20_ERC20 that is not explicitly called in the inheritance/modifier list specified in AirBasicToken...
Warning!!: Invoking base constructor BasicToken_BasicToken that is not explicitly called in the inheritance/modifier list specified in AirBasicToken...
Property totalsupply verified -- 5.92 s
Property balanceof verified -- 5.88 s
Property allowance verified -- 5.88 s
Property approve verified -- 9.02 s
Property transfer-normal counterexample -- 16.62 s
Property transfer-self counterexample -- 47.27 s
Property transfer-fail verified -- 11.40 s
Property transfer-self-fail verified -- 5.99 s
Property transferfrom-normal counterexample -- 24.63 s
Property transferfrom-self counterexample -- 25.44 s
Property transferfrom-fail verified -- 16.83 s
Property transferfrom-self-fail verified -- 9.06 s
Verified 8 out of 12 properties
4 counterexamples
0 exceptions
0 timed out
benchmarks/ERC201//ALFA_0xfacd9086c6647c589e6c39dddfecf9cea40d92aa.sol
SpecFilesDir = /mnt/data0/jon/SmartPulseTool/benchmarks/ERC201
... running Solc on /mnt/data0/jon/SmartPulseTool/benchmarks/ERC201//ALFA_0xfacd9086c6647c589e6c39dddfecf9cea40d92aa.sol
/home/jon/.dotnet/tools/solc
... running SolToBoogie to translate Solidity to Boogie
Warning in IsUintConst: constant expression is neither Literal nor BinaryOperation with Literal operands; hint: use temps for subexpressions
Warning in IsUintConst: constant expression is neither Literal nor BinaryOperation with Literal operands; hint: use temps for subexpressions
Warning in IsUintConst: constant expression is neither Literal nor BinaryOperation with Literal operands; hint: use temps for subexpressions
Warning in IsUintConst: constant expression is neither Literal nor BinaryOperation with Literal operands; hint: use temps for subexpressions
Warning in IsUintConst: constant expression is neither Literal nor BinaryOperation with Literal operands; hint: use temps for subexpressions
Warning in IsUintConst: constant expression is neither Literal nor BinaryOperation with Literal operands; hint: use temps for subexpressions
Warning in IsUintConst: constant expression is neither Literal nor BinaryOperation with Literal operands; hint: use temps for subexpressions
Warning in IsUintConst: constant expression is neither Literal nor BinaryOperation with Literal operands; hint: use temps for subexpressions
Warning in IsUintConst: constant expression is neither Literal nor BinaryOperation with Literal operands; hint: use temps for subexpressions
Warning in IsUintConst: constant expression is neither Literal nor BinaryOperation with Literal operands; hint: use temps for subexpressions
Warning in IsUintConst: constant expression is neither Literal nor BinaryOperation with Literal operands; hint: use temps for subexpressions
Warning in IsUintConst: constant expression is neither Literal nor BinaryOperation with Literal operands; hint: use temps for subexpressions
Warning in IsUintConst: constant expression is neither Literal nor BinaryOperation with Literal operands; hint: use temps for subexpressions
Warning in IsUintConst: constant expression is neither Literal nor BinaryOperation with Literal operands; hint: use temps for subexpressions
Warning in IsUintConst: constant expression is neither Literal nor BinaryOperation with Literal operands; hint: use temps for subexpressions
VeriSol translation error: File , Line -1, Contract ALFA, Function FallbackMethod:: Unknown member for msg: msg.data....
mv: cannot stat '__SolToBoogieTest_out.bpl': No such file or directory
cat: benchmarks/ERC201//ALFA_0xfacd9086c6647c589e6c39dddfecf9cea40d92aa.bpl: No such file or directory
Property totalsupply exception -- .05 s
cat: benchmarks/ERC201//ALFA_0xfacd9086c6647c589e6c39dddfecf9cea40d92aa.bpl: No such file or directory
Property balanceof exception -- .05 s
cat: benchmarks/ERC201//ALFA_0xfacd9086c6647c589e6c39dddfecf9cea40d92aa.bpl: No such file or directory
Property allowance exception -- .05 s
cat: benchmarks/ERC201//ALFA_0xfacd9086c6647c589e6c39dddfecf9cea40d92aa.bpl: No such file or directory
Property approve exception -- .05 s
cat: benchmarks/ERC201//ALFA_0xfacd9086c6647c589e6c39dddfecf9cea40d92aa.bpl: No such file or directory
Property transfer-normal exception -- .05 s
cat: benchmarks/ERC201//ALFA_0xfacd9086c6647c589e6c39dddfecf9cea40d92aa.bpl: No such file or directory
Property transfer-self exception -- .05 s
cat: benchmarks/ERC201//ALFA_0xfacd9086c6647c589e6c39dddfecf9cea40d92aa.bpl: No such file or directory
Property transfer-fail exception -- .05 s
cat: benchmarks/ERC201//ALFA_0xfacd9086c6647c589e6c39dddfecf9cea40d92aa.bpl: No such file or directory
Property transfer-self-fail exception -- .05 s
cat: benchmarks/ERC201//ALFA_0xfacd9086c6647c589e6c39dddfecf9cea40d92aa.bpl: No such file or directory
Property transferfrom-normal exception -- .05 s
cat: benchmarks/ERC201//ALFA_0xfacd9086c6647c589e6c39dddfecf9cea40d92aa.bpl: No such file or directory
Property transferfrom-self exception -- .05 s
cat: benchmarks/ERC201//ALFA_0xfacd9086c6647c589e6c39dddfecf9cea40d92aa.bpl: No such file or directory
Property transferfrom-fail exception -- .04 s
cat: benchmarks/ERC201//ALFA_0xfacd9086c6647c589e6c39dddfecf9cea40d92aa.bpl: No such file or directory
Property transferfrom-self-fail exception -- .05 s
Verified 0 out of 12 properties
0 counterexamples
12 exceptions
0 timed out
benchmarks/ERC201//AlitaToken_0x7f509e1a5114073adcab062ef26a199511926071.sol
SpecFilesDir = /mnt/data0/jon/SmartPulseTool/benchmarks/ERC201
... running Solc on /mnt/data0/jon/SmartPulseTool/benchmarks/ERC201//AlitaToken_0x7f509e1a5114073adcab062ef26a199511926071.sol
/home/jon/.dotnet/tools/solc
... running SolToBoogie to translate Solidity to Boogie
Warning!!: Invoking base constructor ERC20Basic_ERC20Basic that is not explicitly in inheritance list of StandardToken...
Warning!!: Invoking base constructor ERC20Basic_ERC20Basic that is not explicitly in inheritance list of UpgradedStandardToken...
Warning!!: Invoking base constructor ERC20_ERC20 that is not explicitly in inheritance list of UpgradedStandardToken...
Warning!!: Invoking base constructor BasicToken_BasicToken that is not explicitly in inheritance list of UpgradedStandardToken...
Warning!!: Invoking base constructor ERC20Basic_ERC20Basic that is not explicitly in inheritance list of BlackList...
Warning in IsUintConst: constant expression is neither Literal nor BinaryOperation with Literal operands; hint: use temps for subexpressions
Warning!!: Invoking base constructor Ownable_Ownable that is not explicitly called in the inheritance/modifier list specified in AlitaToken...
Warning!!: Invoking base constructor ERC20Basic_ERC20Basic that is not explicitly called in the inheritance/modifier list specified in AlitaToken...
Warning!!: Invoking base constructor ERC20_ERC20 that is not explicitly called in the inheritance/modifier list specified in AlitaToken...
Warning!!: Invoking base constructor BasicToken_BasicToken that is not explicitly called in the inheritance/modifier list specified in AlitaToken...
Property totalsupply verified -- 6.52 s
Property balanceof verified -- 8.04 s
Property allowance counterexample -- 16.14 s
Property approve counterexample -- 32.80 s
Property transfer-normal counterexample -- 26.40 s
Property transfer-self counterexample -- 35.12 s
Property transfer-fail counterexample -- 24.12 s
Property transfer-self-fail counterexample -- 18.11 s
Property transferfrom-normal counterexample -- 36.38 s
Property transferfrom-self counterexample -- 33.45 s
Property transferfrom-fail counterexample -- 31.29 s
Property transferfrom-self-fail counterexample -- 29.28 s
Verified 2 out of 12 properties
10 counterexamples
0 exceptions
0 timed out
benchmarks/ERC201//AssembleToken_0x2565ae0385659badcada1031db704442e1b69982.sol
SpecFilesDir = /mnt/data0/jon/SmartPulseTool/benchmarks/ERC201
... running Solc on /mnt/data0/jon/SmartPulseTool/benchmarks/ERC201//AssembleToken_0x2565ae0385659badcada1031db704442e1b69982.sol
/home/jon/.dotnet/tools/solc
... running SolToBoogie to translate Solidity to Boogie
VeriSol translation error: File , Line -1, Contract AssembleToken, Function close:: Cannot find a function with signature: selfdestruct(address)....
mv: cannot stat '__SolToBoogieTest_out.bpl': No such file or directory
cat: benchmarks/ERC201//AssembleToken_0x2565ae0385659badcada1031db704442e1b69982.bpl: No such file or directory
Property totalsupply exception -- .04 s
cat: benchmarks/ERC201//AssembleToken_0x2565ae0385659badcada1031db704442e1b69982.bpl: No such file or directory
Property balanceof exception -- .05 s
cat: benchmarks/ERC201//AssembleToken_0x2565ae0385659badcada1031db704442e1b69982.bpl: No such file or directory
Property allowance exception -- .05 s
cat: benchmarks/ERC201//AssembleToken_0x2565ae0385659badcada1031db704442e1b69982.bpl: No such file or directory
Property approve exception -- .05 s
cat: benchmarks/ERC201//AssembleToken_0x2565ae0385659badcada1031db704442e1b69982.bpl: No such file or directory
Property transfer-normal exception -- .05 s
cat: benchmarks/ERC201//AssembleToken_0x2565ae0385659badcada1031db704442e1b69982.bpl: No such file or directory
Property transfer-self exception -- .05 s
cat: benchmarks/ERC201//AssembleToken_0x2565ae0385659badcada1031db704442e1b69982.bpl: No such file or directory
Property transfer-fail exception -- .05 s
cat: benchmarks/ERC201//AssembleToken_0x2565ae0385659badcada1031db704442e1b69982.bpl: No such file or directory
Property transfer-self-fail exception -- .05 s
cat: benchmarks/ERC201//AssembleToken_0x2565ae0385659badcada1031db704442e1b69982.bpl: No such file or directory
Property transferfrom-normal exception -- .05 s
cat: benchmarks/ERC201//AssembleToken_0x2565ae0385659badcada1031db704442e1b69982.bpl: No such file or directory
Property transferfrom-self exception -- .05 s
cat: benchmarks/ERC201//AssembleToken_0x2565ae0385659badcada1031db704442e1b69982.bpl: No such file or directory
Property transferfrom-fail exception -- .05 s
cat: benchmarks/ERC201//AssembleToken_0x2565ae0385659badcada1031db704442e1b69982.bpl: No such file or directory
Property transferfrom-self-fail exception -- .04 s
Verified 0 out of 12 properties
0 counterexamples
12 exceptions
0 timed out
benchmarks/ERC201//BATG_0xff759254e578bc7f725428cecb612a502e604f42.sol
SpecFilesDir = /mnt/data0/jon/SmartPulseTool/benchmarks/ERC201
... running Solc on /mnt/data0/jon/SmartPulseTool/benchmarks/ERC201//BATG_0xff759254e578bc7f725428cecb612a502e604f42.sol
/home/jon/.dotnet/tools/solc
... running SolToBoogie to translate Solidity to Boogie
Warning!!: Invoking base constructor ERC20Interface_ERC20Interface that is not explicitly in inheritance list of BATG...
Warning!!: Invoking base constructor Owned_Owned that is not explicitly in inheritance list of BATG...
Property totalsupply counterexample -- 32.20 s
Property balanceof verified -- 6.28 s
Property allowance verified -- 6.17 s
Property approve verified -- 11.51 s
Property transfer-normal timed-out -- 900s
Property transfer-self verified -- 34.13 s
Property transfer-fail verified -- 12.78 s
Property transfer-self-fail verified -- 6.96 s
Property transferfrom-normal verified -- 59.81 s
Property transferfrom-self verified -- 203.45 s
Property transferfrom-fail verified -- 19.61 s
Property transferfrom-self-fail verified -- 10.65 s
Verified 10 out of 12 properties
1 counterexamples
0 exceptions
1 timed out
benchmarks/ERC201//BazToken_0xb020ed54651831878e5c967e0953a900786178f9.sol
SpecFilesDir = /mnt/data0/jon/SmartPulseTool/benchmarks/ERC201
... running Solc on /mnt/data0/jon/SmartPulseTool/benchmarks/ERC201//BazToken_0xb020ed54651831878e5c967e0953a900786178f9.sol
/home/jon/.dotnet/tools/solc
... running SolToBoogie to translate Solidity to Boogie
Property totalsupply counterexample -- 14.76 s
Property balanceof verified -- 4.07 s
Property allowance verified -- 4.45 s
Property approve verified -- 6.52 s
Property transfer-normal verified -- 8.66 s
Property transfer-self verified -- 37.89 s
Property transfer-fail verified -- 7.08 s
Property transfer-self-fail verified -- 4.85 s
Property transferfrom-normal verified -- 27.63 s
Property transferfrom-self timed-out -- 900s
Property transferfrom-fail verified -- 30.05 s
Property transferfrom-self-fail verified -- 6.29 s
Verified 10 out of 12 properties
1 counterexamples
0 exceptions
1 timed out
benchmarks/ERC201//BDCoin_0x37c888dabf0c1bebbe917e890b054ae7739fc8c4.sol
SpecFilesDir = /mnt/data0/jon/SmartPulseTool/benchmarks/ERC201
... running Solc on /mnt/data0/jon/SmartPulseTool/benchmarks/ERC201//BDCoin_0x37c888dabf0c1bebbe917e890b054ae7739fc8c4.sol
/home/jon/.dotnet/tools/solc
... running SolToBoogie to translate Solidity to Boogie
VeriSol translation error: File , Line -1, Contract Context, Function _msgData:: Unknown member for msg: msg.data....
mv: cannot stat '__SolToBoogieTest_out.bpl': No such file or directory
cat: benchmarks/ERC201//BDCoin_0x37c888dabf0c1bebbe917e890b054ae7739fc8c4.bpl: No such file or directory
Property totalsupply exception -- .04 s
cat: benchmarks/ERC201//BDCoin_0x37c888dabf0c1bebbe917e890b054ae7739fc8c4.bpl: No such file or directory
Property balanceof exception -- .05 s
cat: benchmarks/ERC201//BDCoin_0x37c888dabf0c1bebbe917e890b054ae7739fc8c4.bpl: No such file or directory
Property allowance exception -- .04 s
cat: benchmarks/ERC201//BDCoin_0x37c888dabf0c1bebbe917e890b054ae7739fc8c4.bpl: No such file or directory
Property approve exception -- .05 s
cat: benchmarks/ERC201//BDCoin_0x37c888dabf0c1bebbe917e890b054ae7739fc8c4.bpl: No such file or directory
Property transfer-normal exception -- .05 s
cat: benchmarks/ERC201//BDCoin_0x37c888dabf0c1bebbe917e890b054ae7739fc8c4.bpl: No such file or directory
Property transfer-self exception -- .04 s
cat: benchmarks/ERC201//BDCoin_0x37c888dabf0c1bebbe917e890b054ae7739fc8c4.bpl: No such file or directory
Property transfer-fail exception -- .05 s
cat: benchmarks/ERC201//BDCoin_0x37c888dabf0c1bebbe917e890b054ae7739fc8c4.bpl: No such file or directory
Property transfer-self-fail exception -- .05 s
cat: benchmarks/ERC201//BDCoin_0x37c888dabf0c1bebbe917e890b054ae7739fc8c4.bpl: No such file or directory
Property transferfrom-normal exception -- .05 s
cat: benchmarks/ERC201//BDCoin_0x37c888dabf0c1bebbe917e890b054ae7739fc8c4.bpl: No such file or directory
Property transferfrom-self exception -- .05 s
cat: benchmarks/ERC201//BDCoin_0x37c888dabf0c1bebbe917e890b054ae7739fc8c4.bpl: No such file or directory
Property transferfrom-fail exception -- .05 s
cat: benchmarks/ERC201//BDCoin_0x37c888dabf0c1bebbe917e890b054ae7739fc8c4.bpl: No such file or directory
Property transferfrom-self-fail exception -- .05 s
Verified 0 out of 12 properties
0 counterexamples
12 exceptions
0 timed out
benchmarks/ERC201//BLY_0xf8aD7dFe656188A23e89da09506Adf7ad9290D5d.sol
SpecFilesDir = /mnt/data0/jon/SmartPulseTool/benchmarks/ERC201
... running Solc on /mnt/data0/jon/SmartPulseTool/benchmarks/ERC201//BLY_0xf8aD7dFe656188A23e89da09506Adf7ad9290D5d.sol
/home/jon/.dotnet/tools/solc
... running SolToBoogie to translate Solidity to Boogie
Warning!!: Invoking base constructor HxOwnable_HxOwnable that is not explicitly called in the inheritance/modifier list specified in Pausable...
Warning!!: Invoking base constructor IERC20_IERC20 that is not explicitly in inheritance list of ERC20Pausable...
Warning!!: Invoking base constructor HxOwnable_HxOwnable that is not explicitly in inheritance list of ERC20Pausable...
Warning!!: Invoking base constructor PauserRole_PauserRole that is not explicitly in inheritance list of ERC20Pausable...
Warning: A mapping with nested array timelockList of valuetype LockInfo[]
Warning!!: Invoking base constructor IERC20_IERC20 that is not explicitly called in the inheritance/modifier list specified in BLY...
Warning!!: Invoking base constructor HxERC20_HxERC20 that is not explicitly called in the inheritance/modifier list specified in BLY...
Warning!!: Invoking base constructor HxOwnable_HxOwnable that is not explicitly called in the inheritance/modifier list specified in BLY...
Warning!!: Invoking base constructor PauserRole_PauserRole that is not explicitly called in the inheritance/modifier list specified in BLY...
Warning!!: Invoking base constructor Pausable_Pausable that is not explicitly called in the inheritance/modifier list specified in BLY...
Warning!!: Only handle delete for scalars and arrays, found struct BLY.LockInfo storage ref
Property totalsupply verified -- 12.95 s
Property balanceof timed-out -- 900s
Property allowance verified -- 16.54 s
Property approve counterexample -- 42.64 s
Property transfer-normal counterexample -- 63.88 s
Property transfer-self counterexample -- 666.87 s
Property transfer-fail counterexample -- 141.26 s
Property transfer-self-fail counterexample -- 165.45 s
Property transferfrom-normal counterexample -- 103.98 s
Property transferfrom-self counterexample -- 77.70 s
Property transferfrom-fail counterexample -- 201.76 s
Property transferfrom-self-fail counterexample -- 170.77 s
Verified 2 out of 12 properties
9 counterexamples
0 exceptions
1 timed out
benchmarks/ERC201//BNS_0x695106ad73f506f9d0a9650a78019a93149ae07c.sol
SpecFilesDir = /mnt/data0/jon/SmartPulseTool/benchmarks/ERC201
... running Solc on /mnt/data0/jon/SmartPulseTool/benchmarks/ERC201//BNS_0x695106ad73f506f9d0a9650a78019a93149ae07c.sol
/home/jon/.dotnet/tools/solc
... running SolToBoogie to translate Solidity to Boogie
Warning!!: Invoking base constructor IERC20_IERC20 that is not explicitly in inheritance list of ERC20Burnable...
Warning!!: Invoking base constructor IERC20_IERC20 that is not explicitly called in the inheritance/modifier list specified in BNS...
Property totalsupply verified -- 4.56 s
Property balanceof verified -- 4.50 s
Property allowance verified -- 4.26 s
Property approve counterexample -- 11.33 s
Property transfer-normal counterexample -- 7.96 s
Property transfer-self verified -- 36.96 s
Property transfer-fail verified -- 8.54 s
Property transfer-self-fail verified -- 4.69 s
Property transferfrom-normal counterexample -- 13.07 s
Property transferfrom-self counterexample -- 11.93 s
Property transferfrom-fail verified -- 15.74 s
Property transferfrom-self-fail verified -- 6.71 s
Verified 8 out of 12 properties
4 counterexamples
0 exceptions
0 timed out
benchmarks/ERC201//BoltToken_0xd5930c307d7395ff807f2921f12c5eb82131a789.sol
SpecFilesDir = /mnt/data0/jon/SmartPulseTool/benchmarks/ERC201
... running Solc on /mnt/data0/jon/SmartPulseTool/benchmarks/ERC201//BoltToken_0xd5930c307d7395ff807f2921f12c5eb82131a789.sol
/home/jon/.dotnet/tools/solc
... running SolToBoogie to translate Solidity to Boogie
VeriSol translation error: File , Line -1, Contract Context, Function _msgData:: Unknown member for msg: msg.data....
mv: cannot stat '__SolToBoogieTest_out.bpl': No such file or directory
cat: benchmarks/ERC201//BoltToken_0xd5930c307d7395ff807f2921f12c5eb82131a789.bpl: No such file or directory
Property totalsupply exception -- .05 s
cat: benchmarks/ERC201//BoltToken_0xd5930c307d7395ff807f2921f12c5eb82131a789.bpl: No such file or directory
Property balanceof exception -- .05 s
cat: benchmarks/ERC201//BoltToken_0xd5930c307d7395ff807f2921f12c5eb82131a789.bpl: No such file or directory
Property allowance exception -- .05 s
cat: benchmarks/ERC201//BoltToken_0xd5930c307d7395ff807f2921f12c5eb82131a789.bpl: No such file or directory
Property approve exception -- .05 s
cat: benchmarks/ERC201//BoltToken_0xd5930c307d7395ff807f2921f12c5eb82131a789.bpl: No such file or directory
Property transfer-normal exception -- .05 s
cat: benchmarks/ERC201//BoltToken_0xd5930c307d7395ff807f2921f12c5eb82131a789.bpl: No such file or directory
Property transfer-self exception -- .05 s
cat: benchmarks/ERC201//BoltToken_0xd5930c307d7395ff807f2921f12c5eb82131a789.bpl: No such file or directory
Property transfer-fail exception -- .05 s
cat: benchmarks/ERC201//BoltToken_0xd5930c307d7395ff807f2921f12c5eb82131a789.bpl: No such file or directory
Property transfer-self-fail exception -- .05 s
cat: benchmarks/ERC201//BoltToken_0xd5930c307d7395ff807f2921f12c5eb82131a789.bpl: No such file or directory
Property transferfrom-normal exception -- .05 s
cat: benchmarks/ERC201//BoltToken_0xd5930c307d7395ff807f2921f12c5eb82131a789.bpl: No such file or directory
Property transferfrom-self exception -- .05 s
cat: benchmarks/ERC201//BoltToken_0xd5930c307d7395ff807f2921f12c5eb82131a789.bpl: No such file or directory
Property transferfrom-fail exception -- .05 s
cat: benchmarks/ERC201//BoltToken_0xd5930c307d7395ff807f2921f12c5eb82131a789.bpl: No such file or directory
Property transferfrom-self-fail exception -- .05 s
Verified 0 out of 12 properties
0 counterexamples
12 exceptions
0 timed out
benchmarks/ERC201//BT_0xBC52a198619553fc1A0F925bB5B2E6EfaA9e45F1.sol
SpecFilesDir = /mnt/data0/jon/SmartPulseTool/benchmarks/ERC201
... running Solc on /mnt/data0/jon/SmartPulseTool/benchmarks/ERC201//BT_0xBC52a198619553fc1A0F925bB5B2E6EfaA9e45F1.sol
/home/jon/.dotnet/tools/solc
... running SolToBoogie to translate Solidity to Boogie
Warning!!: Invoking base constructor IERC20_IERC20 that is not explicitly called in the inheritance/modifier list specified in BT...
Property totalsupply verified -- 4.03 s
Property balanceof verified -- 3.69 s
Property allowance verified -- 3.67 s
Property approve counterexample -- 13.35 s
Property transfer-normal counterexample -- 8.76 s
Property transfer-self timed-out -- 900s
Property transfer-fail verified -- 7.11 s
Property transfer-self-fail verified -- 3.82 s
Property transferfrom-normal counterexample -- 16.49 s
Property transferfrom-self counterexample -- 14.74 s
Property transferfrom-fail verified -- 11.79 s
Property transferfrom-self-fail verified -- 5.17 s
Verified 7 out of 12 properties
4 counterexamples
0 exceptions
1 timed out
