benchmarks/ERC20//JUSToken_0x14ca41eecd7d81d5d13098586c0d2314eba285be.sol
SpecFilesDir = /mnt/data0/jon/SmartPulseTool/benchmarks/ERC20
... running Solc on /mnt/data0/jon/SmartPulseTool/benchmarks/ERC20//JUSToken_0x14ca41eecd7d81d5d13098586c0d2314eba285be.sol
/home/jon/.dotnet/tools/solc
... running SolToBoogie to translate Solidity to Boogie
Property totalsupply verified -- 2.04 s
Property balanceof verified -- 2.03 s
Property allowance verified -- 1.91 s
Property approve verified -- 2.10 s
Property transfer-normal exception -- .11 s
Property transfer-self exception -- .10 s
Property transfer-fail verified -- 2.12 s
Property transfer-self-fail verified -- 2.23 s
Property transferfrom-normal counterexample -- 25.10 s
Property transferfrom-self counterexample -- 12.23 s
Property transferfrom-fail verified -- 2.27 s
Property transferfrom-self-fail verified -- 2.16 s
Verified 8 out of 12 properties
2 counterexamples
2 exceptions
0 timed out
benchmarks/ERC20//KardiachainToken_0xbd6467a31899590474ce1e84f70594c53d628e46.sol
SpecFilesDir = /mnt/data0/jon/SmartPulseTool/benchmarks/ERC20
... running Solc on /mnt/data0/jon/SmartPulseTool/benchmarks/ERC20//KardiachainToken_0xbd6467a31899590474ce1e84f70594c53d628e46.sol
/home/jon/.dotnet/tools/solc
... running SolToBoogie to translate Solidity to Boogie
Property totalsupply verified -- 2.62 s
Property balanceof verified -- 2.68 s
Property allowance verified -- 2.71 s
Property approve counterexample -- 4.90 s
Property transfer-normal counterexample -- 4.51 s
Property transfer-self counterexample -- 4.41 s
Property transfer-fail verified -- 3.16 s
Property transfer-self-fail verified -- 2.68 s
Property transferfrom-normal counterexample -- 9.60 s
Property transferfrom-self counterexample -- 8.10 s
Property transferfrom-fail verified -- 3.15 s
Property transferfrom-self-fail verified -- 2.80 s
Verified 7 out of 12 properties
5 counterexamples
0 exceptions
0 timed out
benchmarks/ERC20//KECToken_0x7825adf319ed717f8402b439c41c7f7e4f061d14.sol
SpecFilesDir = /mnt/data0/jon/SmartPulseTool/benchmarks/ERC20
... running Solc on /mnt/data0/jon/SmartPulseTool/benchmarks/ERC20//KECToken_0x7825adf319ed717f8402b439c41c7f7e4f061d14.sol
/home/jon/.dotnet/tools/solc
... running SolToBoogie to translate Solidity to Boogie
Property totalsupply verified -- 2.16 s
Property balanceof verified -- 2.08 s
Property allowance verified -- 2.16 s
Property approve counterexample -- 4.26 s
Property transfer-normal counterexample -- 4.22 s
Property transfer-self counterexample -- 4.05 s
Property transfer-fail verified -- 2.42 s
Property transfer-self-fail verified -- 2.26 s
Property transferfrom-normal counterexample -- 7.58 s
Property transferfrom-self counterexample -- 6.44 s
Property transferfrom-fail verified -- 2.53 s
Property transferfrom-self-fail verified -- 2.25 s
Verified 7 out of 12 properties
5 counterexamples
0 exceptions
0 timed out
benchmarks/ERC20//KeepToken_0x85Eee30c52B0b379b046Fb0F85F4f3Dc3009aFEC.sol
SpecFilesDir = /mnt/data0/jon/SmartPulseTool/benchmarks/ERC20
... running Solc on /mnt/data0/jon/SmartPulseTool/benchmarks/ERC20//KeepToken_0x85Eee30c52B0b379b046Fb0F85F4f3Dc3009aFEC.sol
/home/jon/.dotnet/tools/solc
... running SolToBoogie to translate Solidity to Boogie
Property totalsupply verified -- 2.78 s
Property balanceof verified -- 2.69 s
Property allowance verified -- 2.68 s
Property approve counterexample -- 5.41 s
Property transfer-normal counterexample -- 4.82 s
Property transfer-self verified -- 4.50 s
Property transfer-fail verified -- 3.00 s
Property transfer-self-fail verified -- 2.75 s
Property transferfrom-normal counterexample -- 7.02 s
Property transferfrom-self counterexample -- 6.91 s
Property transferfrom-fail verified -- 3.62 s
Property transferfrom-self-fail verified -- 3.11 s
Verified 8 out of 12 properties
4 counterexamples
0 exceptions
0 timed out
benchmarks/ERC20//KOCToken_0xfae2b2f57ce6dce9a089b746e32ede3941b2208b.sol
SpecFilesDir = /mnt/data0/jon/SmartPulseTool/benchmarks/ERC20
... running Solc on /mnt/data0/jon/SmartPulseTool/benchmarks/ERC20//KOCToken_0xfae2b2f57ce6dce9a089b746e32ede3941b2208b.sol
/home/jon/.dotnet/tools/solc
... running SolToBoogie to translate Solidity to Boogie
Property totalsupply verified -- 3.14 s
Property balanceof verified -- 3.04 s
Property allowance verified -- 3.10 s
Property approve counterexample -- 5.87 s
Property transfer-normal counterexample -- 5.29 s
Property transfer-self verified -- 4.56 s
Property transfer-fail verified -- 3.66 s
Property transfer-self-fail verified -- 3.30 s
Property transferfrom-normal counterexample -- 9.28 s
Property transferfrom-self counterexample -- 8.86 s
Property transferfrom-fail verified -- 3.81 s
Property transferfrom-self-fail verified -- 3.41 s
Verified 8 out of 12 properties
4 counterexamples
0 exceptions
0 timed out
benchmarks/ERC20//KriosToken_0x42566cfefc853c232117eba4413e45782a72715d.sol
SpecFilesDir = /mnt/data0/jon/SmartPulseTool/benchmarks/ERC20
... running Solc on /mnt/data0/jon/SmartPulseTool/benchmarks/ERC20//KriosToken_0x42566cfefc853c232117eba4413e45782a72715d.sol
/home/jon/.dotnet/tools/solc
... running SolToBoogie to translate Solidity to Boogie
Property totalsupply verified -- 2.33 s
Property balanceof verified -- 2.43 s
Property allowance verified -- 2.48 s
Property approve verified -- 2.60 s
Property transfer-normal counterexample -- 6.61 s
Property transfer-self counterexample -- 4.33 s
Property transfer-fail verified -- 2.77 s
Property transfer-self-fail verified -- 2.56 s
Property transferfrom-normal timed-out -- 900s
Property transferfrom-self counterexample -- 29.25 s
Property transferfrom-fail verified -- 3.01 s
Property transferfrom-self-fail verified -- 2.59 s
Verified 8 out of 12 properties
3 counterexamples
0 exceptions
1 timed out
benchmarks/ERC20//Litecoin_SV_0xee059f0ca1507e4e20c689b20cff71b5e924f7bd.sol
SpecFilesDir = /mnt/data0/jon/SmartPulseTool/benchmarks/ERC20
... running Solc on /mnt/data0/jon/SmartPulseTool/benchmarks/ERC20//Litecoin_SV_0xee059f0ca1507e4e20c689b20cff71b5e924f7bd.sol
/home/jon/.dotnet/tools/solc
... running SolToBoogie to translate Solidity to Boogie
Property totalsupply counterexample -- 3.51 s
Property balanceof verified -- 2.19 s
Property allowance verified -- 2.42 s
Property approve verified -- 2.77 s
Property transfer-normal verified -- 3.25 s
Property transfer-self verified -- 3.46 s
Property transfer-fail verified -- 2.52 s
Property transfer-self-fail verified -- 2.36 s
Property transferfrom-normal verified -- 4.02 s
Property transferfrom-self verified -- 3.66 s
Property transferfrom-fail verified -- 2.76 s
Property transferfrom-self-fail verified -- 2.44 s
Verified 11 out of 12 properties
1 counterexamples
0 exceptions
0 timed out
benchmarks/ERC20//LUCKYToken_0xE478d4F4a87D4D641AF97ca0b5Cc3dB61e266357.sol
SpecFilesDir = /mnt/data0/jon/SmartPulseTool/benchmarks/ERC20
... running Solc on /mnt/data0/jon/SmartPulseTool/benchmarks/ERC20//LUCKYToken_0xE478d4F4a87D4D641AF97ca0b5Cc3dB61e266357.sol
/home/jon/.dotnet/tools/solc
... running SolToBoogie to translate Solidity to Boogie
Property totalsupply verified -- 2.86 s
Property balanceof verified -- 2.87 s
Property allowance verified -- 2.75 s
Property approve counterexample -- 5.10 s
Property transfer-normal counterexample -- 4.68 s
Property transfer-self counterexample -- 4.87 s
Property transfer-fail verified -- 3.12 s
Property transfer-self-fail verified -- 2.98 s
Property transferfrom-normal counterexample -- 8.06 s
Property transferfrom-self counterexample -- 7.91 s
Property transferfrom-fail verified -- 3.68 s
Property transferfrom-self-fail verified -- 3.31 s
Verified 7 out of 12 properties
5 counterexamples
0 exceptions
0 timed out
benchmarks/ERC20//MainToken_0x062f90480551379791FBe2ED74C1fe69821b30d3.sol
SpecFilesDir = /mnt/data0/jon/SmartPulseTool/benchmarks/ERC20
... running Solc on /mnt/data0/jon/SmartPulseTool/benchmarks/ERC20//MainToken_0x062f90480551379791FBe2ED74C1fe69821b30d3.sol
/home/jon/.dotnet/tools/solc
... running SolToBoogie to translate Solidity to Boogie
Property totalsupply verified -- 3.79 s
Property balanceof counterexample -- 5.77 s
Property allowance verified -- 3.90 s
Property approve verified -- 4.01 s
Property transfer-normal counterexample -- 6.99 s
Property transfer-self counterexample -- 6.50 s
Property transfer-fail verified -- 4.32 s
Property transfer-self-fail verified -- 3.44 s
Property transferfrom-normal counterexample -- 12.21 s
Property transferfrom-self counterexample -- 11.80 s
Property transferfrom-fail verified -- 4.15 s
Property transferfrom-self-fail verified -- 4.03 s
Verified 7 out of 12 properties
5 counterexamples
0 exceptions
0 timed out
benchmarks/ERC20//MainToken_0x0eF3b2024ae079e6dBC2b37435cE30d2731F0101.sol
SpecFilesDir = /mnt/data0/jon/SmartPulseTool/benchmarks/ERC20
... running Solc on /mnt/data0/jon/SmartPulseTool/benchmarks/ERC20//MainToken_0x0eF3b2024ae079e6dBC2b37435cE30d2731F0101.sol
/home/jon/.dotnet/tools/solc
... running SolToBoogie to translate Solidity to Boogie
Property totalsupply verified -- 3.87 s
Property balanceof counterexample -- 5.56 s
Property allowance verified -- 3.61 s
Property approve verified -- 4.03 s
Property transfer-normal counterexample -- 6.53 s
Property transfer-self counterexample -- 6.66 s
Property transfer-fail verified -- 4.15 s
Property transfer-self-fail verified -- 4.08 s
Property transferfrom-normal counterexample -- 11.70 s
Property transferfrom-self counterexample -- 11.37 s
Property transferfrom-fail verified -- 4.30 s
Property transferfrom-self-fail verified -- 3.96 s
Verified 7 out of 12 properties
5 counterexamples
0 exceptions
0 timed out
benchmarks/ERC20//MainToken_0x1b980e05943de3db3a459c72325338d327b6f5a9.sol
SpecFilesDir = /mnt/data0/jon/SmartPulseTool/benchmarks/ERC20
... running Solc on /mnt/data0/jon/SmartPulseTool/benchmarks/ERC20//MainToken_0x1b980e05943de3db3a459c72325338d327b6f5a9.sol
/home/jon/.dotnet/tools/solc
... running SolToBoogie to translate Solidity to Boogie
Property totalsupply verified -- 4.00 s
Property balanceof counterexample -- 5.46 s
Property allowance verified -- 3.86 s
Property approve verified -- 3.89 s
Property transfer-normal counterexample -- 7.01 s
Property transfer-self counterexample -- 6.47 s
Property transfer-fail verified -- 4.07 s
Property transfer-self-fail verified -- 4.05 s
Property transferfrom-normal counterexample -- 12.17 s
Property transferfrom-self counterexample -- 11.80 s
Property transferfrom-fail verified -- 4.37 s
Property transferfrom-self-fail verified -- 3.86 s
Verified 7 out of 12 properties
5 counterexamples
0 exceptions
0 timed out
benchmarks/ERC20//MainToken_0x1d37986f252d0e349522ea6c3b98cb935495e63e.sol
SpecFilesDir = /mnt/data0/jon/SmartPulseTool/benchmarks/ERC20
... running Solc on /mnt/data0/jon/SmartPulseTool/benchmarks/ERC20//MainToken_0x1d37986f252d0e349522ea6c3b98cb935495e63e.sol
/home/jon/.dotnet/tools/solc
... running SolToBoogie to translate Solidity to Boogie
Property totalsupply verified -- 3.75 s
Property balanceof counterexample -- 5.25 s
Property allowance verified -- 3.83 s
Property approve verified -- 3.62 s
Property transfer-normal counterexample -- 6.57 s
Property transfer-self counterexample -- 6.25 s
Property transfer-fail verified -- 4.06 s
Property transfer-self-fail verified -- 4.12 s
Property transferfrom-normal counterexample -- 14.60 s
Property transferfrom-self counterexample -- 10.99 s
Property transferfrom-fail verified -- 4.18 s
Property transferfrom-self-fail verified -- 3.97 s
Verified 7 out of 12 properties
5 counterexamples
0 exceptions
0 timed out
benchmarks/ERC20//MainToken_0xa2d0e29a9627e20FD886a8106DD0AE429403a57d.sol
SpecFilesDir = /mnt/data0/jon/SmartPulseTool/benchmarks/ERC20
... running Solc on /mnt/data0/jon/SmartPulseTool/benchmarks/ERC20//MainToken_0xa2d0e29a9627e20FD886a8106DD0AE429403a57d.sol
/home/jon/.dotnet/tools/solc
... running SolToBoogie to translate Solidity to Boogie
Property totalsupply verified -- 4.18 s
Property balanceof counterexample -- 5.65 s
Property allowance verified -- 3.79 s
Property approve verified -- 3.68 s
Property transfer-normal counterexample -- 6.54 s
Property transfer-self counterexample -- 6.14 s
Property transfer-fail verified -- 4.02 s
Property transfer-self-fail verified -- 3.82 s
Property transferfrom-normal counterexample -- 11.71 s
Property transferfrom-self counterexample -- 11.47 s
Property transferfrom-fail verified -- 4.38 s
Property transferfrom-self-fail verified -- 3.93 s
Verified 7 out of 12 properties
5 counterexamples
0 exceptions
0 timed out
benchmarks/ERC20//MainToken_0xabe580e7ee158da464b51ee1a83ac0289622e6be.sol
SpecFilesDir = /mnt/data0/jon/SmartPulseTool/benchmarks/ERC20
... running Solc on /mnt/data0/jon/SmartPulseTool/benchmarks/ERC20//MainToken_0xabe580e7ee158da464b51ee1a83ac0289622e6be.sol
/home/jon/.dotnet/tools/solc
... running SolToBoogie to translate Solidity to Boogie
Property totalsupply verified -- 3.87 s
Property balanceof counterexample -- 5.49 s
Property allowance verified -- 3.62 s
Property approve verified -- 3.99 s
Property transfer-normal counterexample -- 6.77 s
Property transfer-self counterexample -- 6.41 s
Property transfer-fail verified -- 4.30 s
Property transfer-self-fail verified -- 3.93 s
Property transferfrom-normal counterexample -- 12.11 s
Property transferfrom-self counterexample -- 11.72 s
Property transferfrom-fail verified -- 4.32 s
Property transferfrom-self-fail verified -- 3.71 s
Verified 7 out of 12 properties
5 counterexamples
0 exceptions
0 timed out
benchmarks/ERC20//MetaToken_0xa3bed4e1c75d00fa6f4e5e6922db7261b5e9acd2.sol
SpecFilesDir = /mnt/data0/jon/SmartPulseTool/benchmarks/ERC20
... running Solc on /mnt/data0/jon/SmartPulseTool/benchmarks/ERC20//MetaToken_0xa3bed4e1c75d00fa6f4e5e6922db7261b5e9acd2.sol
/home/jon/.dotnet/tools/solc
... running SolToBoogie to translate Solidity to Boogie
Property totalsupply verified -- 2.90 s
Property balanceof verified -- 3.21 s
Property allowance verified -- 3.32 s
Property approve counterexample -- 7.10 s
Property transfer-normal counterexample -- 6.96 s
Property transfer-self verified -- 4.46 s
Property transfer-fail verified -- 3.73 s
Property transfer-self-fail verified -- 3.21 s
Property transferfrom-normal counterexample -- 10.13 s
Property transferfrom-self counterexample -- 9.22 s
Property transferfrom-fail verified -- 4.16 s
Property transferfrom-self-fail verified -- 3.76 s
Verified 8 out of 12 properties
4 counterexamples
0 exceptions
0 timed out
benchmarks/ERC20//MintAndBurnToken_0x6b01c3170ae1efebee1a3159172cb3f7a5ecf9e5.sol
SpecFilesDir = /mnt/data0/jon/SmartPulseTool/benchmarks/ERC20
... running Solc on /mnt/data0/jon/SmartPulseTool/benchmarks/ERC20//MintAndBurnToken_0x6b01c3170ae1efebee1a3159172cb3f7a5ecf9e5.sol
/home/jon/.dotnet/tools/solc
... running SolToBoogie to translate Solidity to Boogie
Property totalsupply verified -- 2.40 s
Property balanceof verified -- 2.51 s
Property allowance verified -- 2.59 s
Property approve verified -- 2.47 s
Property transfer-normal verified -- 3.58 s
Property transfer-self verified -- 2.90 s
Property transfer-fail counterexample -- 5.48 s
Property transfer-self-fail verified -- 2.61 s
Property transferfrom-normal verified -- 3.18 s
Property transferfrom-self verified -- 2.98 s
Property transferfrom-fail counterexample -- 6.70 s
Property transferfrom-self-fail verified -- 2.70 s
Verified 10 out of 12 properties
2 counterexamples
0 exceptions
0 timed out
benchmarks/ERC20//MMM_0xf453ac18fa17b9ec9a76fbf219ba9fe4612edd0a.sol
SpecFilesDir = /mnt/data0/jon/SmartPulseTool/benchmarks/ERC20
... running Solc on /mnt/data0/jon/SmartPulseTool/benchmarks/ERC20//MMM_0xf453ac18fa17b9ec9a76fbf219ba9fe4612edd0a.sol
/home/jon/.dotnet/tools/solc
... running SolToBoogie to translate Solidity to Boogie
Property totalsupply verified -- 2.74 s
Property balanceof verified -- 2.84 s
Property allowance verified -- 2.79 s
Property approve counterexample -- 6.76 s
Property transfer-normal counterexample -- 5.34 s
Property transfer-self verified -- 4.23 s
Property transfer-fail verified -- 3.09 s
Property transfer-self-fail verified -- 2.77 s
Property transferfrom-normal counterexample -- 10.84 s
Property transferfrom-self counterexample -- 8.76 s
Property transferfrom-fail verified -- 3.18 s
Property transferfrom-self-fail verified -- 3.06 s
Verified 8 out of 12 properties
4 counterexamples
0 exceptions
0 timed out
